#
# A fatal error has been detected by the Java Runtime Environment:
#
#  Internal Error (0xc000000d), pid=6132, tid=0x000000000000148c
#
# JRE version: Java(TM) SE Runtime Environment (8.0_101-b13) (build 1.8.0_101-b13)
# Java VM: Java HotSpot(TM) 64-Bit Server VM (25.101-b13 mixed mode windows-amd64 compressed oops)
# Problematic frame:
# C  [ntdll.dll+0xfe5bc]
#
# Failed to write core dump. Minidumps are not enabled by default on client versions of Windows
#
# If you would like to submit a bug report, please visit:
#   http://bugreport.java.com/bugreport/crash.jsp
#

---------------  T H R E A D  ---------------

Current thread (0x0000000019077000):  VMThread [stack: 0x000000001a100000,0x000000001a200000] [id=5260]

siginfo: ExceptionCode=0xc000000d

Registers:
RAX=0x0000000000000000, RBX=0x00000000006e1370, RCX=0x0000000000000000, RDX=0x0000000000000000
RSP=0x000000001a1feef0, RBP=0x0000000000000000, RSI=0x000000001b6853a0, RDI=0x000000001b690110
R8 =0x0000000000000000, R9 =0x0000000000000000, R10=0x0000000000000000, R11=0x0000000000000000
R12=0x0000000000000000, R13=0x00000000ffffffff, R14=0x000000001b6724f0, R15=0x000000001b6853a0
RIP=0x00007ffe28bbe5bc, EFLAGS=0x0000000000000206

Top of Stack: (sp=0x000000001a1feef0)
0x000000001a1feef0:   0000000000000057 00000000006e1370
0x000000001a1fef00:   000000001b6853a0 000000001b690110
0x000000001a1fef10:   00000000c000000d 0000000000000000
0x000000001a1fef20:   00007ffe28bbe5bc 0000000000000000
0x000000001a1fef30:   0000000000000000 0000000000000000
0x000000001a1fef40:   0000000000000000 0000000000000000
0x000000001a1fef50:   0000000000000000 0000000000000000
0x000000001a1fef60:   0000000000000000 0000000000000000
0x000000001a1fef70:   0000000000000000 0000000000000000
0x000000001a1fef80:   0000000000000000 0000000000000000
0x000000001a1fef90:   0000000000000000 0000000000000000
0x000000001a1fefa0:   0000000000000000 00007ffe28afc468
0x000000001a1fefb0:   00002081cb1cf711 0000000000000000
0x000000001a1fefc0:   0000000000000e8c 00007ffe28b809fb
0x000000001a1fefd0:   000000001a1ff031 00007ffe08b3e8db
0x000000001a1fefe0:   0000000000000000 0000000002000002 

Instructions: (pc=0x00007ffe28bbe5bc)
0x00007ffe28bbe59c:   d1 fa ff c7 44 24 20 0d 00 00 c0 b9 57 00 00 00
0x00007ffe28bbe5ac:   e8 cf 0f f6 ff 90 48 8d 4c 24 20 e8 54 bb f4 ff
0x00007ffe28bbe5bc:   eb 00 48 8b 8c 24 c0 00 00 00 48 33 cc e8 82 70
0x00007ffe28bbe5cc:   f9 ff 48 81 c4 d8 00 00 00 c3 40 55 48 83 ec 20 


Register to memory mapping:

RAX=0x0000000000000000 is an unknown value
RBX=0x00000000006e1370 is an unknown value
RCX=0x0000000000000000 is an unknown value
RDX=0x0000000000000000 is an unknown value
RSP=0x000000001a1feef0 is an unknown value
RBP=0x0000000000000000 is an unknown value
RSI=0x000000001b6853a0 is an unknown value
RDI=0x000000001b690110 is an unknown value
R8 =0x0000000000000000 is an unknown value
R9 =0x0000000000000000 is an unknown value
R10=0x0000000000000000 is an unknown value
R11=0x0000000000000000 is an unknown value
R12=0x0000000000000000 is an unknown value
R13=0x00000000ffffffff is an unknown value
R14=0x000000001b6724f0 is an unknown value
R15=0x000000001b6853a0 is an unknown value


Stack: [0x000000001a100000,0x000000001a200000],  sp=0x000000001a1feef0,  free space=1019k
Native frames: (J=compiled Java code, j=interpreted, Vv=VM code, C=native code)

VM_Operation (0x000000002263ce70): Exit, mode: safepoint, requested by thread 0x000000001adea800


---------------  P R O C E S S  ---------------

Java Threads: ( => current thread )
  0x000000001adea800 JavaThread "AWT-EventQueue-0" [_thread_blocked, id=6884, stack(0x0000000022540000,0x0000000022640000)]
  0x000000001adcf800 JavaThread "AWT-Shutdown" [_thread_blocked, id=764, stack(0x0000000021440000,0x0000000021540000)]
  0x000000001adce800 JavaThread "Java2D Disposer" daemon [_thread_blocked, id=6788, stack(0x0000000021340000,0x0000000021440000)]
  0x000000001910e000 JavaThread "Service Thread" daemon [_thread_blocked, id=6640, stack(0x000000001adf0000,0x000000001aef0000)]
  0x00000000190b8800 JavaThread "C1 CompilerThread2" daemon [_thread_blocked, id=5100, stack(0x000000001a8f0000,0x000000001a9f0000)]
  0x00000000190b2000 JavaThread "C2 CompilerThread1" daemon [_thread_blocked, id=4596, stack(0x000000001a7f0000,0x000000001a8f0000)]
  0x00000000190ac800 JavaThread "C2 CompilerThread0" daemon [_thread_blocked, id=1604, stack(0x000000001a6f0000,0x000000001a7f0000)]
  0x00000000190ab000 JavaThread "Attach Listener" daemon [_thread_blocked, id=6288, stack(0x000000001a5f0000,0x000000001a6f0000)]
  0x00000000190aa000 JavaThread "Signal Dispatcher" daemon [_thread_blocked, id=2172, stack(0x000000001a4f0000,0x000000001a5f0000)]
  0x000000000244d000 JavaThread "Finalizer" daemon [_thread_blocked, id=7388, stack(0x000000001a300000,0x000000001a400000)]
  0x0000000002442000 JavaThread "Reference Handler" daemon [_thread_blocked, id=8012, stack(0x000000001a200000,0x000000001a300000)]
  0x0000000002350800 JavaThread "main" [_thread_in_native, id=4968, stack(0x0000000002150000,0x0000000002250000)]

Other Threads:
=>0x0000000019077000 VMThread [stack: 0x000000001a100000,0x000000001a200000] [id=5260]

VM state:at safepoint (shutting down)

VM Mutex/Monitor currently owned by a thread:  ([mutex/lock_event])
[0x000000000227bf40] Threads_lock - owner thread: 0x0000000019077000

Heap:
 PSYoungGen      total 54784K, used 14152K [0x0000000782f00000, 0x0000000786c00000, 0x00000007c0000000)
  eden space 47104K, 25% used [0x0000000782f00000,0x0000000783a9c4e8,0x0000000785d00000)
  from space 7680K, 29% used [0x0000000786480000,0x00000007866b5d10,0x0000000786c00000)
  to   space 7680K, 0% used [0x0000000785d00000,0x0000000785d00000,0x0000000786480000)
 ParOldGen       total 125952K, used 24K [0x0000000708c00000, 0x0000000710700000, 0x0000000782f00000)
  object space 125952K, 0% used [0x0000000708c00000,0x0000000708c06000,0x0000000710700000)
 Metaspace       used 12332K, capacity 12544K, committed 12928K, reserved 1060864K
  class space    used 1516K, capacity 1615K, committed 1664K, reserved 1048576K

Card table byte_map: [0x0000000011810000,0x0000000011dd0000] byte_map_base: 0x000000000dfca000

Marking Bits: (ParMarkBitMap*) 0x000000006d55a6d0
 Begin Bits: [0x00000000125b0000, 0x0000000015380000)
 End Bits:   [0x0000000015380000, 0x0000000018150000)

Polling page: 0x0000000002250000

CodeCache: size=245760Kb used=4271Kb max_used=4282Kb free=241488Kb
 bounds [0x0000000002450000, 0x0000000002890000, 0x0000000011450000]
 total_blobs=1925 nmethods=1323 adapters=515
 compilation: enabled

Compilation events (10 events):
Event: 15.754 Thread 0x00000000190b8800 1319   !   3       sun.reflect.GeneratedMethodAccessor1::invoke (65 bytes)
Event: 15.755 Thread 0x00000000190b8800 nmethod 1319 0x000000000287b690 code [0x000000000287b880, 0x000000000287bff8]
Event: 15.814 Thread 0x00000000190b8800 1320       3       javax.swing.plaf.metal.MetalLookAndFeel$FontActiveValue::createValue (109 bytes)
Event: 15.815 Thread 0x00000000190b8800 nmethod 1320 0x000000000287c4d0 code [0x000000000287c6a0, 0x000000000287cd58]
Event: 15.815 Thread 0x00000000190b8800 1321       3       javax.swing.plaf.metal.DefaultMetalTheme::getFont (9 bytes)
Event: 15.815 Thread 0x00000000190b2000 1322       4       java.util.IdentityHashMap$IdentityHashMapIterator::hasNext (50 bytes)
Event: 15.815 Thread 0x00000000190b8800 nmethod 1321 0x000000000287cf50 code [0x000000000287d0c0, 0x000000000287d268]
Event: 15.817 Thread 0x00000000190b8800 1323       3       sun.java2d.pipe.RenderQueue::addReference (12 bytes)
Event: 15.818 Thread 0x00000000190b8800 nmethod 1323 0x000000000287d350 code [0x000000000287d4c0, 0x000000000287d6e8]
Event: 15.819 Thread 0x00000000190b2000 nmethod 1322 0x0000000002880550 code [0x0000000002880680, 0x0000000002880818]

GC Heap History (4 events):
Event: 7.859 GC heap before
{Heap before GC invocations=1 (full 0):
 PSYoungGen      total 54784K, used 46902K [0x0000000782f00000, 0x0000000786c00000, 0x00000007c0000000)
  eden space 47104K, 99% used [0x0000000782f00000,0x0000000785ccd8c0,0x0000000785d00000)
  from space 7680K, 0% used [0x0000000786480000,0x0000000786480000,0x0000000786c00000)
  to   space 7680K, 0% used [0x0000000785d00000,0x0000000785d00000,0x0000000786480000)
 ParOldGen       total 125952K, used 0K [0x0000000708c00000, 0x0000000710700000, 0x0000000782f00000)
  object space 125952K, 0% used [0x0000000708c00000,0x0000000708c00000,0x0000000710700000)
 Metaspace       used 12101K, capacity 12288K, committed 12672K, reserved 1060864K
  class space    used 1514K, capacity 1615K, committed 1664K, reserved 1048576K
Event: 7.867 GC heap after
Heap after GC invocations=1 (full 0):
 PSYoungGen      total 54784K, used 2304K [0x0000000782f00000, 0x0000000786c00000, 0x00000007c0000000)
  eden space 47104K, 0% used [0x0000000782f00000,0x0000000782f00000,0x0000000785d00000)
  from space 7680K, 30% used [0x0000000785d00000,0x0000000785f400c0,0x0000000786480000)
  to   space 7680K, 0% used [0x0000000786480000,0x0000000786480000,0x0000000786c00000)
 ParOldGen       total 125952K, used 16K [0x0000000708c00000, 0x0000000710700000, 0x0000000782f00000)
  object space 125952K, 0% used [0x0000000708c00000,0x0000000708c04000,0x0000000710700000)
 Metaspace       used 12101K, capacity 12288K, committed 12672K, reserved 1060864K
  class space    used 1514K, capacity 1615K, committed 1664K, reserved 1048576K
}
Event: 14.674 GC heap before
{Heap before GC invocations=2 (full 0):
 PSYoungGen      total 54784K, used 49241K [0x0000000782f00000, 0x0000000786c00000, 0x00000007c0000000)
  eden space 47104K, 99% used [0x0000000782f00000,0x0000000785cd6690,0x0000000785d00000)
  from space 7680K, 30% used [0x0000000785d00000,0x0000000785f400c0,0x0000000786480000)
  to   space 7680K, 0% used [0x0000000786480000,0x0000000786480000,0x0000000786c00000)
 ParOldGen       total 125952K, used 16K [0x0000000708c00000, 0x0000000710700000, 0x0000000782f00000)
  object space 125952K, 0% used [0x0000000708c00000,0x0000000708c04000,0x0000000710700000)
 Metaspace       used 12290K, capacity 12480K, committed 12672K, reserved 1060864K
  class space    used 1514K, capacity 1615K, committed 1664K, reserved 1048576K
Event: 14.681 GC heap after
Heap after GC invocations=2 (full 0):
 PSYoungGen      total 54784K, used 2263K [0x0000000782f00000, 0x0000000786c00000, 0x00000007c0000000)
  eden space 47104K, 0% used [0x0000000782f00000,0x0000000782f00000,0x0000000785d00000)
  from space 7680K, 29% used [0x0000000786480000,0x00000007866b5d10,0x0000000786c00000)
  to   space 7680K, 0% used [0x0000000785d00000,0x0000000785d00000,0x0000000786480000)
 ParOldGen       total 125952K, used 24K [0x0000000708c00000, 0x0000000710700000, 0x0000000782f00000)
  object space 125952K, 0% used [0x0000000708c00000,0x0000000708c06000,0x0000000710700000)
 Metaspace       used 12290K, capacity 12480K, committed 12672K, reserved 1060864K
  class space    used 1514K, capacity 1615K, committed 1664K, reserved 1048576K
}

Deoptimization events (1 events):
Event: 15.934 Thread 0x000000001ab7a000 Uncommon trap: reason=unstable_if action=reinterpret pc=0x0000000002806890 method=javax.imageio.stream.ImageInputStreamImpl.checkClosed()V @ 4

Internal exceptions (10 events):
Event: 0.048 Thread 0x0000000002350800 Exception <a 'java/lang/NoSuchMethodError': Method sun.misc.Unsafe.prefetchRead(Ljava/lang/Object;J)V name or signature does not match> (0x0000000782f07fa8) thrown at [C:\re\workspace\8-2-build-windows-amd64-cygwin\jdk8u101\7261\hotspot\src\share\vm\prims\˝ècë¨?
Event: 1.042 Thread 0x0000000002350800 Exception <a 'java/security/PrivilegedActionException'> (0x0000000782fdb188) thrown at [C:\re\workspace\8-2-build-windows-amd64-cygwin\jdk8u101\7261\hotspot\src\share\vm\prims\jvm.cpp, line 1386]
Event: 1.042 Thread 0x0000000002350800 Exception <a 'java/security/PrivilegedActionException'> (0x0000000782fdb398) thrown at [C:\re\workspace\8-2-build-windows-amd64-cygwin\jdk8u101\7261\hotspot\src\share\vm\prims\jvm.cpp, line 1386]
Event: 1.044 Thread 0x0000000002350800 Exception <a 'java/security/PrivilegedActionException'> (0x0000000782fdefe0) thrown at [C:\re\workspace\8-2-build-windows-amd64-cygwin\jdk8u101\7261\hotspot\src\share\vm\prims\jvm.cpp, line 1386]
Event: 1.044 Thread 0x0000000002350800 Exception <a 'java/security/PrivilegedActionException'> (0x0000000782fdf1f0) thrown at [C:\re\workspace\8-2-build-windows-amd64-cygwin\jdk8u101\7261\hotspot\src\share\vm\prims\jvm.cpp, line 1386]
Event: 1.052 Thread 0x0000000002350800 Exception <a 'java/io/FileNotFoundException'> (0x0000000782fe1610) thrown at [C:\re\workspace\8-2-build-windows-amd64-cygwin\jdk8u101\7261\hotspot\src\share\vm\prims\jni.cpp, line 709]
Event: 1.156 Thread 0x0000000002350800 Exception <a 'java/lang/NoSuchFieldError': method resolution failed> (0x000000078319a388) thrown at [C:\re\workspace\8-2-build-windows-amd64-cygwin\jdk8u101\7261\hotspot\src\share\vm\prims\methodHandles.cpp, line 1146]
Event: 1.160 Thread 0x0000000002350800 Exception <a 'java/lang/NoSuchFieldError': method resolution failed> (0x00000007831a7758) thrown at [C:\re\workspace\8-2-build-windows-amd64-cygwin\jdk8u101\7261\hotspot\src\share\vm\prims\methodHandles.cpp, line 1146]
Event: 1.240 Thread 0x0000000002350800 Exception <a 'java/io/FileNotFoundException'> (0x000000078323b5f0) thrown at [C:\re\workspace\8-2-build-windows-amd64-cygwin\jdk8u101\7261\hotspot\src\share\vm\prims\jni.cpp, line 709]
Event: 1.996 Thread 0x0000000021e9a000 Exception <a 'java/lang/ClassCastException': java.lang.Integer cannot be cast to java.lang.Double> (0x0000000783a01468) thrown at [C:\re\workspace\8-2-build-windows-amd64-cygwin\jdk8u101\7261\hotspot\src\share\vm\interpreter\interpreterRuntime.cpp, line 38î£0òØR®?

Events (10 events):
Event: 15.934 Thread 0x000000001ab7a000 Uncommon trap: trap_request=0xffffff65 fr.pc=0x0000000002806890
Event: 15.934 Thread 0x000000001ab7a000 DEOPT PACKING pc=0x0000000002806890 sp=0x0000000025a8f640
Event: 15.934 Thread 0x000000001ab7a000 DEOPT UNPACKING pc=0x000000000249582a sp=0x0000000025a8f5d8 mode 2
Event: 15.934 Thread 0x0000000021dee000 Thread exited: 0x0000000021dee000
Event: 15.934 Thread 0x000000001ab7a000 Thread exited: 0x000000001ab7a000
Event: 15.934 loading class sun/java2d/pipe/hw/AccelDeviceEventNotifier
Event: 15.935 loading class sun/java2d/pipe/hw/AccelDeviceEventNotifier done
Event: 15.996 Thread 0x000000001add2000 Thread exited: 0x000000001add2000
Event: 16.035 Thread 0x00000000190e5000 Thread exited: 0x00000000190e5000
Event: 16.035 Executing VM operation: Exit


Dynamic libraries:
0x00007ff7a9280000 - 0x00007ff7a92b7000 	C:\Program Files\Java\jre1.8.0_101\bin\javaw.exe
0x00007ffe28ac0000 - 0x00007ffe28c91000 	C:\WINDOWS\SYSTEM32\ntdll.dll
0x00007ffe28800000 - 0x00007ffe288ab000 	C:\WINDOWS\System32\KERNEL32.DLL
0x00007ffe252f0000 - 0x00007ffe2550d000 	C:\WINDOWS\System32\KERNELBASE.dll
0x00007ffe26620000 - 0x00007ffe266c2000 	C:\WINDOWS\System32\ADVAPI32.dll
0x00007ffe267b0000 - 0x00007ffe2684e000 	C:\WINDOWS\System32\msvcrt.dll
0x00007ffe28630000 - 0x00007ffe28689000 	C:\WINDOWS\System32\sechost.dll
0x00007ffe26850000 - 0x00007ffe26971000 	C:\WINDOWS\System32\RPCRT4.dll
0x00007ffe28950000 - 0x00007ffe28ab5000 	C:\WINDOWS\System32\USER32.dll
0x00007ffe25ed0000 - 0x00007ffe25eee000 	C:\WINDOWS\System32\win32u.dll
0x00007ffe270c0000 - 0x00007ffe270f4000 	C:\WINDOWS\System32\GDI32.dll
0x00007ffe250b0000 - 0x00007ffe25232000 	C:\WINDOWS\System32\gdi32full.dll
0x00007ffe1ca70000 - 0x00007ffe1cce9000 	C:\WINDOWS\WinSxS\amd64_microsoft.windows.common-controls_6595b64144ccf1df_6.0.14393.0_none_2d0f50fcbdb171b8\COMCTL32.dll
0x00007ffe26170000 - 0x00007ffe26437000 	C:\WINDOWS\System32\combase.dll
0x00007ffe24fb0000 - 0x00007ffe250a5000 	C:\WINDOWS\System32\ucrtbase.dll
0x00007ffe255b0000 - 0x00007ffe2561a000 	C:\WINDOWS\System32\bcryptPrimitives.dll
0x00007ffe26f50000 - 0x00007ffe26f7e000 	C:\WINDOWS\System32\IMM32.DLL
0x000000006c210000 - 0x000000006c2e2000 	C:\Program Files\Java\jre1.8.0_101\bin\msvcr100.dll
0x000000006cd40000 - 0x000000006d5da000 	C:\Program Files\Java\jre1.8.0_101\bin\server\jvm.dll
0x00007ffe26150000 - 0x00007ffe26158000 	C:\WINDOWS\System32\PSAPI.DLL
0x00007ffe18cb0000 - 0x00007ffe18cb9000 	C:\WINDOWS\SYSTEM32\WSOCK32.dll
0x00007ffe22470000 - 0x00007ffe22493000 	C:\WINDOWS\SYSTEM32\WINMM.dll
0x00007ffe266d0000 - 0x00007ffe2673a000 	C:\WINDOWS\System32\WS2_32.dll
0x00007ffe20300000 - 0x00007ffe2030a000 	C:\WINDOWS\SYSTEM32\VERSION.dll
0x00007ffe22350000 - 0x00007ffe2237b000 	C:\WINDOWS\SYSTEM32\WINMMBASE.dll
0x00007ffe252a0000 - 0x00007ffe252e2000 	C:\WINDOWS\System32\cfgmgr32.dll
0x000000006cd30000 - 0x000000006cd3f000 	C:\Program Files\Java\jre1.8.0_101\bin\verify.dll
0x000000006cd00000 - 0x000000006cd29000 	C:\Program Files\Java\jre1.8.0_101\bin\java.dll
0x000000006cce0000 - 0x000000006ccf6000 	C:\Program Files\Java\jre1.8.0_101\bin\zip.dll
0x00007ffe27120000 - 0x00007ffe28628000 	C:\WINDOWS\System32\SHELL32.dll
0x00007ffe25620000 - 0x00007ffe25cfa000 	C:\WINDOWS\System32\windows.storage.dll
0x00007ffe24f20000 - 0x00007ffe24f6c000 	C:\WINDOWS\System32\powrprof.dll
0x00007ffe265c0000 - 0x00007ffe26612000 	C:\WINDOWS\System32\shlwapi.dll
0x00007ffe24f70000 - 0x00007ffe24f7f000 	C:\WINDOWS\System32\kernel.appcore.dll
0x00007ffe25fa0000 - 0x00007ffe26049000 	C:\WINDOWS\System32\shcore.dll
0x00007ffe24f80000 - 0x00007ffe24f94000 	C:\WINDOWS\System32\profapi.dll
0x00007ffe0a3c0000 - 0x00007ffe0ad95000 	C:\Program Files\Java\jre1.8.0_101\bin\opencv_java2413.dll
0x00007ffe26f80000 - 0x00007ffe270b7000 	C:\WINDOWS\System32\ole32.dll
0x00007ffe17dd0000 - 0x00007ffe17df0000 	C:\WINDOWS\SYSTEM32\AVIFIL32.dll
0x00007ffe264a0000 - 0x00007ffe2655f000 	C:\WINDOWS\System32\OLEAUT32.dll
0x00007ffe25510000 - 0x00007ffe255ac000 	C:\WINDOWS\System32\msvcp_win.dll
0x00007ffe0f430000 - 0x00007ffe0f459000 	C:\WINDOWS\SYSTEM32\MSVFW32.dll
0x00007ffe0f410000 - 0x00007ffe0f428000 	C:\WINDOWS\SYSTEM32\AVICAP32.dll
0x00007ffe0f2a0000 - 0x00007ffe0f2bc000 	C:\WINDOWS\SYSTEM32\MSACM32.dll
0x00007ffe236b0000 - 0x00007ffe23745000 	C:\WINDOWS\system32\uxtheme.dll
0x00007ffe115d0000 - 0x00007ffe11668000 	C:\Program Files\Common Files\microsoft shared\ink\tiptsf.dll
0x00007ffe288b0000 - 0x00007ffe2894f000 	C:\WINDOWS\System32\clbcatq.dll
0x00007ffe0f3f0000 - 0x00007ffe0f408000 	C:\Windows\System32\devenum.dll
0x00007ffe26b20000 - 0x00007ffe26f49000 	C:\WINDOWS\System32\setupapi.dll
0x00007ffe242d0000 - 0x00007ffe24302000 	C:\WINDOWS\SYSTEM32\ntmarta.dll
0x00007ffe23b40000 - 0x00007ffe23b68000 	C:\WINDOWS\SYSTEM32\DEVOBJ.dll
0x00007ffe25240000 - 0x00007ffe25295000 	C:\WINDOWS\System32\WINTRUST.dll
0x00007ffe24fa0000 - 0x00007ffe24fb0000 	C:\WINDOWS\System32\MSASN1.dll
0x00007ffe25d00000 - 0x00007ffe25ec8000 	C:\WINDOWS\System32\CRYPT32.dll
0x00007ffe1d5d0000 - 0x00007ffe1d5da000 	C:\WINDOWS\SYSTEM32\msdmo.dll
0x00007ffe0f3b0000 - 0x00007ffe0f3e3000 	C:\Windows\System32\qcap.dll
0x00007ffe0c100000 - 0x00007ffe0c2c3000 	C:\Windows\System32\quartz.dll
0x00007ffe24dc0000 - 0x00007ffe24deb000 	C:\Windows\System32\bcrypt.dll
0x00007ffe286a0000 - 0x00007ffe287fb000 	C:\WINDOWS\System32\MSCTF.dll
0x00007ffe226a0000 - 0x00007ffe226c6000 	C:\WINDOWS\system32\dwmapi.dll
0x00007ffe0dfe0000 - 0x00007ffe0e028000 	C:\Windows\System32\mfksproxy.dll
0x00007ffe14da0000 - 0x00007ffe14dbc000 	C:\Windows\System32\ATL.DLL
0x00007ffe22130000 - 0x00007ffe22298000 	C:\Windows\System32\MFPlat.DLL
0x00007ffe21fe0000 - 0x00007ffe2200e000 	C:\Windows\System32\RTWorkQ.DLL
0x00007ffe0b050000 - 0x00007ffe0b43b000 	C:\Windows\System32\MFCORE.dll
0x00007ffe10140000 - 0x00007ffe10149000 	C:\Windows\System32\ksuser.dll
0x00007ffe24990000 - 0x00007ffe2499b000 	C:\Windows\System32\CRYPTBASE.DLL
0x00007ffe0df80000 - 0x00007ffe0dfd3000 	C:\Windows\System32\FSClient.dll
0x00007ffe0f250000 - 0x00007ffe0f29d000 	C:\Windows\System32\MFSENSORGROUP.dll
0x00007ffe21b50000 - 0x00007ffe21b5b000 	C:\Windows\System32\AVRT.dll
0x00007ffe1c040000 - 0x00007ffe1c04d000 	C:\Windows\System32\vidcap.ax
0x00007ffe0f380000 - 0x00007ffe0f3a5000 	C:\Windows\System32\kswdmcap.ax
0x00007ffe09fe0000 - 0x00007ffe0a143000 	C:\Windows\System32\MFC42.dll
0x00007ffe0ae50000 - 0x00007ffe0aeff000 	C:\Windows\System32\ODBC32.dll
0x00007ffe24810000 - 0x00007ffe2481a000 	C:\Windows\System32\DPAPI.dll
0x00007ffe1b300000 - 0x00007ffe1b343000 	C:\WINDOWS\SYSTEM32\policymanager.dll
0x00007ffe238e0000 - 0x00007ffe23971000 	C:\Windows\System32\msvcp110_win.dll
0x00007ffe08b20000 - 0x00007ffe08bf4000 	C:\Windows\System32\MFReadWrite.dll
0x00007ffe09f30000 - 0x00007ffe09fd3000 	C:\Windows\System32\qedit.dll
0x00007ffe26050000 - 0x00007ffe2614a000 	C:\WINDOWS\System32\COMDLG32.dll
0x00007ffe1c8d0000 - 0x00007ffe1ca69000 	C:\WINDOWS\WinSxS\amd64_microsoft.windows.gdiplus_6595b64144ccf1df_1.1.14393.187_none_730402f52114ff50\gdiplus.dll
0x00007ffe09db0000 - 0x00007ffe09ea7000 	C:\Windows\System32\DDRAW.dll
0x00007ffe15b70000 - 0x00007ffe15b78000 	C:\Windows\System32\DCIMAN32.dll
0x00007ffe12700000 - 0x00007ffe1270c000 	C:\WINDOWS\SYSTEM32\msyuv.dll
0x000000006d5f0000 - 0x000000006d788000 	C:\Program Files\Java\jre1.8.0_101\bin\awt.dll
0x00007ffe233c0000 - 0x00007ffe2343a000 	C:\WINDOWS\SYSTEM32\apphelp.dll
0x00007ffe1ec00000 - 0x00007ffe1edab000 	C:\Windows\System32\uiautomationcore.dll
0x00007ffe24870000 - 0x00007ffe2488f000 	C:\Windows\System32\USERENV.dll
0x00007ffe24df0000 - 0x00007ffe24e88000 	C:\WINDOWS\SYSTEM32\sxs.dll
0x000000006c340000 - 0x000000006c387000 	C:\Program Files\Java\jre1.8.0_101\bin\fontmanager.dll
0x000000006ccc0000 - 0x000000006ccda000 	C:\Program Files\Java\jre1.8.0_101\bin\net.dll
0x00007ffe24590000 - 0x00007ffe245ec000 	C:\WINDOWS\system32\mswsock.dll
0x000000006cca0000 - 0x000000006ccb1000 	C:\Program Files\Java\jre1.8.0_101\bin\nio.dll
0x000000006c2f0000 - 0x000000006c332000 	C:\Program Files\Java\jre1.8.0_101\bin\t2k.dll
0x00007ffe21510000 - 0x00007ffe216b8000 	C:\WINDOWS\SYSTEM32\WindowsCodecs.dll
0x00007ffe0f4d0000 - 0x00007ffe0f519000 	C:\WINDOWS\system32\dataexchange.dll
0x00007ffe22da0000 - 0x00007ffe22ef1000 	C:\WINDOWS\system32\dcomp.dll
0x00007ffe22ae0000 - 0x00007ffe22d96000 	C:\WINDOWS\system32\d3d11.dll
0x00007ffe23f60000 - 0x00007ffe23fff000 	C:\WINDOWS\system32\dxgi.dll
0x00007ffe23980000 - 0x00007ffe23a9c000 	C:\WINDOWS\system32\twinapi.appcore.dll
0x00007ffe249a0000 - 0x00007ffe249b7000 	C:\WINDOWS\SYSTEM32\CRYPTSP.dll
0x00007ffe247d0000 - 0x00007ffe24803000 	C:\WINDOWS\system32\rsaenh.dll
0x00007ffe24340000 - 0x00007ffe24378000 	C:\WINDOWS\SYSTEM32\IPHLPAPI.DLL
0x00007ffe28690000 - 0x00007ffe28698000 	C:\WINDOWS\System32\NSI.dll
0x00007ffe21410000 - 0x00007ffe21426000 	C:\WINDOWS\SYSTEM32\dhcpcsvc6.DLL
0x00007ffe21ab0000 - 0x00007ffe21aca000 	C:\WINDOWS\SYSTEM32\dhcpcsvc.DLL
0x000000006c1d0000 - 0x000000006c201000 	C:\Program Files\Java\jre1.8.0_101\bin\jpeg.dll
0x00007ffe15970000 - 0x00007ffe15b02000 	C:\WINDOWS\SYSTEM32\dbghelp.dll

VM Arguments:
jvm_args: -Dfile.encoding=Cp1252 
java_command: Test
java_class_path (initial): C:\Users\Ryan McGee\workspace\OpenCV_Test\bin;C:\OpenCV\opencv\build\java\opencv-2413.jar
Launcher Type: SUN_STANDARD

Environment Variables:
PATH=C:/Program Files/Java/jre1.8.0_101/bin/server;C:/Program Files/Java/jre1.8.0_101/bin;C:/Program Files/Java/jre1.8.0_101/lib/amd64;C:\ProgramData\Oracle\Java\javapath;C:\WINDOWS\system32;C:\WINDOWS;C:\WINDOWS\System32\Wbem;C:\WINDOWS\System32\WindowsPowerShell\v1.0\;C:\OpenCV\opencv\build\x64\vc12\bin;C:\Users\Ryan McGee\AppData\Local\Microsoft\WindowsApps;;C:\Users\Ryan McGee\Desktop\backup\eclipse-java-mars-2-win32-x86_64\eclipse;
USERNAME=Ryan McGee
OS=Windows_NT
PROCESSOR_IDENTIFIER=AMD64 Family 21 Model 96 Stepping 1, AuthenticAMD



---------------  S Y S T E M  ---------------

OS: Windows 10.0 , 64 bit Build 14393 (10.0.14393.0)

CPU:total 4 (4 cores per cpu, 1 threads per core) family 21 model 96 stepping 1, cmov, cx8, fxsr, mmx, sse, sse2, sse3, ssse3, sse4.1, sse4.2, popcnt, avx, avx2, aes, clmul, mmxext, 3dnowpref, lzcnt, sse4a, tsc, tscinvbit, tscinv, bmi1

Memory: 4k page, physical 12005976k(8259692k free), swap 13840984k(9416764k free)

vm_info: Java HotSpot(TM) 64-Bit Server VM (25.101-b13) for windows-amd64 JRE (1.8.0_101-b13), built on Jun 22 2016 01:21:29 by "java_re" with MS VC++ 10.0 (VS2010)

time: Fri Sep 30 18:45:46 2016
elapsed time: 16 seconds (0d 0h 0m 16s)

