#
# A fatal error has been detected by the Java Runtime Environment:
#
#  Internal Error (0xc000000d), pid=4508, tid=0x0000000000000fdc
#
# JRE version: Java(TM) SE Runtime Environment (8.0_101-b13) (build 1.8.0_101-b13)
# Java VM: Java HotSpot(TM) 64-Bit Server VM (25.101-b13 mixed mode windows-amd64 compressed oops)
# Problematic frame:
# C  [ntdll.dll+0xfe5bc]
#
# Failed to write core dump. Minidumps are not enabled by default on client versions of Windows
#
# If you would like to submit a bug report, please visit:
#   http://bugreport.java.com/bugreport/crash.jsp
#

---------------  T H R E A D  ---------------

Current thread (0x00000000196c7000):  VMThread [stack: 0x000000001a760000,0x000000001a860000] [id=4060]

siginfo: ExceptionCode=0xc000000d

Registers:
RAX=0x0000000000000000, RBX=0x0000000000cfc3d0, RCX=0x0000000000000000, RDX=0x0000000000000000
RSP=0x000000001a85ea40, RBP=0x0000000000000000, RSI=0x000000000121eb10, RDI=0x000000001bcdbf20
R8 =0x0000000000000000, R9 =0x0000000000000000, R10=0x0000000000000000, R11=0x0000000000000000
R12=0x0000000000000000, R13=0x00000000ffffffff, R14=0x000000001bcc24f0, R15=0x000000000121eb10
RIP=0x00007ffe0e2de5bc, EFLAGS=0x0000000000000206

Top of Stack: (sp=0x000000001a85ea40)
0x000000001a85ea40:   0000000000000057 0000000000cfc3d0
0x000000001a85ea50:   000000000121eb10 000000001bcdbf20
0x000000001a85ea60:   00000000c000000d 0000000000000000
0x000000001a85ea70:   00007ffe0e2de5bc 0000000000000000
0x000000001a85ea80:   0000000000000000 0000000000000000
0x000000001a85ea90:   0000000000000000 0000000000000000
0x000000001a85eaa0:   0000000000000000 0000000000000000
0x000000001a85eab0:   0000000000000000 0000000000000000
0x000000001a85eac0:   0000000000000000 0000000000000000
0x000000001a85ead0:   0000000000000000 0000000000000000
0x000000001a85eae0:   0000000000000000 0000000000000000
0x000000001a85eaf0:   0000000000000000 00007ffe0e21c468
0x000000001a85eb00:   000036b0a4cad9ca 0000000000000000
0x000000001a85eb10:   000036b0a4cad91a 00007ffe0e2a09fb
0x000000001a85eb20:   0000000000000001 00007ffde8bce8db
0x000000001a85eb30:   0000000000c93020 000000001a85ec40 

Instructions: (pc=0x00007ffe0e2de5bc)
0x00007ffe0e2de59c:   d1 fa ff c7 44 24 20 0d 00 00 c0 b9 57 00 00 00
0x00007ffe0e2de5ac:   e8 cf 0f f6 ff 90 48 8d 4c 24 20 e8 54 bb f4 ff
0x00007ffe0e2de5bc:   eb 00 48 8b 8c 24 c0 00 00 00 48 33 cc e8 82 70
0x00007ffe0e2de5cc:   f9 ff 48 81 c4 d8 00 00 00 c3 40 55 48 83 ec 20 


Register to memory mapping:

RAX=0x0000000000000000 is an unknown value
RBX=0x0000000000cfc3d0 is an unknown value
RCX=0x0000000000000000 is an unknown value
RDX=0x0000000000000000 is an unknown value
RSP=0x000000001a85ea40 is an unknown value
RBP=0x0000000000000000 is an unknown value
RSI=0x000000000121eb10 is an unknown value
RDI=0x000000001bcdbf20 is an unknown value
R8 =0x0000000000000000 is an unknown value
R9 =0x0000000000000000 is an unknown value
R10=0x0000000000000000 is an unknown value
R11=0x0000000000000000 is an unknown value
R12=0x0000000000000000 is an unknown value
R13=0x00000000ffffffff is an unknown value
R14=0x000000001bcc24f0 is an unknown value
R15=0x000000000121eb10 is an unknown value


Stack: [0x000000001a760000,0x000000001a860000],  sp=0x000000001a85ea40,  free space=1018k
Native frames: (J=compiled Java code, j=interpreted, Vv=VM code, C=native code)

VM_Operation (0x00000000218ccdc0): Exit, mode: safepoint, requested by thread 0x0000000020302800


---------------  P R O C E S S  ---------------

Java Threads: ( => current thread )
  0x00000000029a0800 JavaThread "DestroyJavaVM" [_thread_blocked, id=9876, stack(0x0000000002890000,0x0000000002990000)]
  0x0000000020302800 JavaThread "AWT-EventQueue-0" [_thread_blocked, id=5312, stack(0x00000000217d0000,0x00000000218d0000)]
  0x000000001b445000 JavaThread "AWT-Shutdown" [_thread_blocked, id=940, stack(0x00000000200e0000,0x00000000201e0000)]
  0x000000001b443800 JavaThread "Java2D Disposer" daemon [_thread_blocked, id=5700, stack(0x000000001ffe0000,0x00000000200e0000)]
  0x000000001b055000 JavaThread "Service Thread" daemon [_thread_blocked, id=9892, stack(0x000000001b450000,0x000000001b550000)]
  0x000000001975d800 JavaThread "C1 CompilerThread2" daemon [_thread_blocked, id=5480, stack(0x000000001af50000,0x000000001b050000)]
  0x000000001975a800 JavaThread "C2 CompilerThread1" daemon [_thread_blocked, id=1960, stack(0x000000001ae50000,0x000000001af50000)]
  0x00000000196fb800 JavaThread "C2 CompilerThread0" daemon [_thread_blocked, id=3060, stack(0x000000001ad50000,0x000000001ae50000)]
  0x00000000196fa000 JavaThread "Attach Listener" daemon [_thread_blocked, id=6988, stack(0x000000001ac50000,0x000000001ad50000)]
  0x00000000196e9800 JavaThread "Finalizer" daemon [_thread_blocked, id=1032, stack(0x000000001a960000,0x000000001aa60000)]
  0x0000000002a90000 JavaThread "Reference Handler" daemon [_thread_blocked, id=6800, stack(0x000000001a860000,0x000000001a960000)]

Other Threads:
=>0x00000000196c7000 VMThread [stack: 0x000000001a760000,0x000000001a860000] [id=4060]

VM state:at safepoint (shutting down)

VM Mutex/Monitor currently owned by a thread:  ([mutex/lock_event])
[0x000000000299b1c0] Threads_lock - owner thread: 0x00000000196c7000

Heap:
 PSYoungGen      total 54784K, used 9427K [0x0000000782f00000, 0x0000000786c00000, 0x00000007c0000000)
  eden space 47104K, 20% used [0x0000000782f00000,0x0000000783834c78,0x0000000785d00000)
  from space 7680K, 0% used [0x0000000786480000,0x0000000786480000,0x0000000786c00000)
  to   space 7680K, 0% used [0x0000000785d00000,0x0000000785d00000,0x0000000786480000)
 ParOldGen       total 125952K, used 0K [0x0000000708c00000, 0x0000000710700000, 0x0000000782f00000)
  object space 125952K, 0% used [0x0000000708c00000,0x0000000708c00000,0x0000000710700000)
 Metaspace       used 8377K, capacity 8596K, committed 8832K, reserved 1056768K
  class space    used 1004K, capacity 1099K, committed 1152K, reserved 1048576K

Card table byte_map: [0x0000000011e60000,0x0000000012420000] byte_map_base: 0x000000000e61a000

Marking Bits: (ParMarkBitMap*) 0x0000000075eda6d0
 Begin Bits: [0x0000000012c00000, 0x00000000159d0000)
 End Bits:   [0x00000000159d0000, 0x00000000187a0000)

Polling page: 0x0000000000c50000

CodeCache: size=245760Kb used=1820Kb max_used=1820Kb free=243939Kb
 bounds [0x0000000002aa0000, 0x0000000002d10000, 0x0000000011aa0000]
 total_blobs=931 nmethods=327 adapters=518
 compilation: enabled

Compilation events (10 events):
Event: 56.408 Thread 0x000000001975d800  323       1       java.beans.PropertyChangeEvent::getNewValue (5 bytes)
Event: 56.408 Thread 0x000000001975d800 nmethod 323 0x0000000002c66190 code [0x0000000002c662e0, 0x0000000002c663f0]
Event: 56.409 Thread 0x000000001975d800  324       1       java.util.EventObject::getSource (5 bytes)
Event: 56.410 Thread 0x000000001975d800 nmethod 324 0x0000000002c66450 code [0x0000000002c665a0, 0x0000000002c666b0]
Event: 56.412 Thread 0x000000001975d800  325       3       java.util.ArrayList::get (11 bytes)
Event: 56.413 Thread 0x000000001975d800 nmethod 325 0x0000000002c66710 code [0x0000000002c668a0, 0x0000000002c66bf8]
Event: 56.413 Thread 0x000000001975d800  326       1       java.util.concurrent.locks.AbstractQueuedSynchronizer::getState (5 bytes)
Event: 56.413 Thread 0x000000001975d800 nmethod 326 0x0000000002c66e10 code [0x0000000002c66f60, 0x0000000002c67070]
Event: 58.472 Thread 0x000000001975d800  327       3       sun.awt.AWTAutoShutdown::getInstance (4 bytes)
Event: 58.472 Thread 0x000000001975d800 nmethod 327 0x0000000002c670d0 code [0x0000000002c67220, 0x0000000002c67350]

GC Heap History (0 events):
No events

Deoptimization events (0 events):
No events

Internal exceptions (10 events):
Event: 0.078 Thread 0x00000000029a0800 Exception <a 'java/lang/NoSuchMethodError': Method sun.misc.Unsafe.defineClass(Ljava/lang/String;[BII)Ljava/lang/Class; name or signature does not match> (0x0000000782f07cc0) thrown at [C:\re\workspace\8-2-build-windows-amd64-cygwin\jdk8u101\7261\hotspot\sÒ€bŒ ¥?
Event: 0.079 Thread 0x00000000029a0800 Exception <a 'java/lang/NoSuchMethodError': Method sun.misc.Unsafe.prefetchRead(Ljava/lang/Object;J)V name or signature does not match> (0x0000000782f07fa8) thrown at [C:\re\workspace\8-2-build-windows-amd64-cygwin\jdk8u101\7261\hotspot\src\share\vm\prims\Á7÷∫oèÛ?
Event: 1.223 Thread 0x00000000029a0800 Exception <a 'java/security/PrivilegedActionException'> (0x0000000782fdbd10) thrown at [C:\re\workspace\8-2-build-windows-amd64-cygwin\jdk8u101\7261\hotspot\src\share\vm\prims\jvm.cpp, line 1386]
Event: 1.223 Thread 0x00000000029a0800 Exception <a 'java/security/PrivilegedActionException'> (0x0000000782fdbf20) thrown at [C:\re\workspace\8-2-build-windows-amd64-cygwin\jdk8u101\7261\hotspot\src\share\vm\prims\jvm.cpp, line 1386]
Event: 1.224 Thread 0x00000000029a0800 Exception <a 'java/security/PrivilegedActionException'> (0x0000000782fdfb68) thrown at [C:\re\workspace\8-2-build-windows-amd64-cygwin\jdk8u101\7261\hotspot\src\share\vm\prims\jvm.cpp, line 1386]
Event: 1.224 Thread 0x00000000029a0800 Exception <a 'java/security/PrivilegedActionException'> (0x0000000782fdfd78) thrown at [C:\re\workspace\8-2-build-windows-amd64-cygwin\jdk8u101\7261\hotspot\src\share\vm\prims\jvm.cpp, line 1386]
Event: 1.234 Thread 0x00000000029a0800 Exception <a 'java/io/FileNotFoundException'> (0x0000000782fe2198) thrown at [C:\re\workspace\8-2-build-windows-amd64-cygwin\jdk8u101\7261\hotspot\src\share\vm\prims\jni.cpp, line 709]
Event: 1.334 Thread 0x00000000029a0800 Exception <a 'java/lang/NoSuchFieldError': method resolution failed> (0x000000078319b0e8) thrown at [C:\re\workspace\8-2-build-windows-amd64-cygwin\jdk8u101\7261\hotspot\src\share\vm\prims\methodHandles.cpp, line 1146]
Event: 1.339 Thread 0x00000000029a0800 Exception <a 'java/lang/NoSuchFieldError': method resolution failed> (0x00000007831a84b8) thrown at [C:\re\workspace\8-2-build-windows-amd64-cygwin\jdk8u101\7261\hotspot\src\share\vm\prims\methodHandles.cpp, line 1146]
Event: 1.445 Thread 0x00000000029a0800 Exception <a 'java/io/FileNotFoundException'> (0x000000078323c018) thrown at [C:\re\workspace\8-2-build-windows-amd64-cygwin\jdk8u101\7261\hotspot\src\share\vm\prims\jni.cpp, line 709]

Events (10 events):
Event: 58.615 Thread 0x0000000019722800 Thread added: 0x0000000019722800
Event: 58.615 Thread 0x0000000019725800 Thread added: 0x0000000019725800
Event: 58.616 Thread 0x0000000019725800 Thread exited: 0x0000000019725800
Event: 58.616 Thread 0x0000000020361800 Thread exited: 0x0000000020361800
Event: 58.616 loading class sun/java2d/pipe/hw/AccelDeviceEventNotifier
Event: 58.617 loading class sun/java2d/pipe/hw/AccelDeviceEventNotifier done
Event: 58.673 Thread 0x000000001b447800 Thread exited: 0x000000001b447800
Event: 58.717 Thread 0x0000000019722800 Thread exited: 0x0000000019722800
Event: 58.718 Thread 0x00000000196f9000 Thread exited: 0x00000000196f9000
Event: 58.718 Executing VM operation: Exit


Dynamic libraries:
0x00007ff6a25a0000 - 0x00007ff6a25d7000 	C:\Program Files\Java\jre1.8.0_101\bin\javaw.exe
0x00007ffe0e1e0000 - 0x00007ffe0e3b1000 	C:\WINDOWS\SYSTEM32\ntdll.dll
0x00007ffe0e030000 - 0x00007ffe0e0db000 	C:\WINDOWS\System32\KERNEL32.DLL
0x00007ffe0b370000 - 0x00007ffe0b58d000 	C:\WINDOWS\System32\KERNELBASE.dll
0x00007ffe0b7d0000 - 0x00007ffe0b872000 	C:\WINDOWS\System32\ADVAPI32.dll
0x00007ffe0bc10000 - 0x00007ffe0bcae000 	C:\WINDOWS\System32\msvcrt.dll
0x00007ffe0e170000 - 0x00007ffe0e1c9000 	C:\WINDOWS\System32\sechost.dll
0x00007ffe0bd20000 - 0x00007ffe0be41000 	C:\WINDOWS\System32\RPCRT4.dll
0x00007ffe0c030000 - 0x00007ffe0c195000 	C:\WINDOWS\System32\USER32.dll
0x00007ffe0a8f0000 - 0x00007ffe0a90e000 	C:\WINDOWS\System32\win32u.dll
0x00007ffe0bff0000 - 0x00007ffe0c024000 	C:\WINDOWS\System32\GDI32.dll
0x00007ffe0b5e0000 - 0x00007ffe0b762000 	C:\WINDOWS\System32\gdi32full.dll
0x00007ffe01dc0000 - 0x00007ffe02039000 	C:\WINDOWS\WinSxS\amd64_microsoft.windows.common-controls_6595b64144ccf1df_6.0.14393.0_none_2d0f50fcbdb171b8\COMCTL32.dll
0x00007ffe0b940000 - 0x00007ffe0bc07000 	C:\WINDOWS\System32\combase.dll
0x00007ffe0a7f0000 - 0x00007ffe0a8e5000 	C:\WINDOWS\System32\ucrtbase.dll
0x00007ffe0a6d0000 - 0x00007ffe0a73a000 	C:\WINDOWS\System32\bcryptPrimitives.dll
0x00007ffe0e140000 - 0x00007ffe0e16e000 	C:\WINDOWS\System32\IMM32.DLL
0x00000000766c0000 - 0x0000000076792000 	C:\Program Files\Java\jre1.8.0_101\bin\msvcr100.dll
0x00000000756c0000 - 0x0000000075f5a000 	C:\Program Files\Java\jre1.8.0_101\bin\server\jvm.dll
0x00007ffe0c1a0000 - 0x00007ffe0c1a8000 	C:\WINDOWS\System32\PSAPI.DLL
0x00007ffdfd520000 - 0x00007ffdfd529000 	C:\WINDOWS\SYSTEM32\WSOCK32.dll
0x00007ffe088b0000 - 0x00007ffe088d3000 	C:\WINDOWS\SYSTEM32\WINMM.dll
0x00007ffe0bcb0000 - 0x00007ffe0bd1a000 	C:\WINDOWS\System32\WS2_32.dll
0x00007ffe05500000 - 0x00007ffe0550a000 	C:\WINDOWS\SYSTEM32\VERSION.dll
0x00007ffe08850000 - 0x00007ffe0887b000 	C:\WINDOWS\SYSTEM32\WINMMBASE.dll
0x00007ffe0b590000 - 0x00007ffe0b5d2000 	C:\WINDOWS\System32\cfgmgr32.dll
0x00000000765f0000 - 0x00000000765ff000 	C:\Program Files\Java\jre1.8.0_101\bin\verify.dll
0x00000000765c0000 - 0x00000000765e9000 	C:\Program Files\Java\jre1.8.0_101\bin\java.dll
0x00000000765a0000 - 0x00000000765b6000 	C:\Program Files\Java\jre1.8.0_101\bin\zip.dll
0x00007ffe0c430000 - 0x00007ffe0d938000 	C:\WINDOWS\System32\SHELL32.dll
0x00007ffe0a910000 - 0x00007ffe0afea000 	C:\WINDOWS\System32\windows.storage.dll
0x00007ffe0a650000 - 0x00007ffe0a69c000 	C:\WINDOWS\System32\powrprof.dll
0x00007ffe0e0e0000 - 0x00007ffe0e132000 	C:\WINDOWS\System32\shlwapi.dll
0x00007ffe0a6c0000 - 0x00007ffe0a6cf000 	C:\WINDOWS\System32\kernel.appcore.dll
0x00007ffe0a740000 - 0x00007ffe0a7e9000 	C:\WINDOWS\System32\shcore.dll
0x00007ffe0a6a0000 - 0x00007ffe0a6b4000 	C:\WINDOWS\System32\profapi.dll
0x00007ffde3d90000 - 0x00007ffde4765000 	C:\Program Files\Java\jre1.8.0_101\bin\opencv_java2413.dll
0x00007ffe0da60000 - 0x00007ffe0db97000 	C:\WINDOWS\System32\ole32.dll
0x00007ffe02c40000 - 0x00007ffe02c69000 	C:\WINDOWS\SYSTEM32\MSVFW32.dll
0x00007ffe05860000 - 0x00007ffe05880000 	C:\WINDOWS\SYSTEM32\AVIFIL32.dll
0x00007ffe0b880000 - 0x00007ffe0b93f000 	C:\WINDOWS\System32\OLEAUT32.dll
0x00007ffe0aff0000 - 0x00007ffe0b08c000 	C:\WINDOWS\System32\msvcp_win.dll
0x00007ffe03670000 - 0x00007ffe0368c000 	C:\WINDOWS\SYSTEM32\MSACM32.dll
0x00007ffe047c0000 - 0x00007ffe047d8000 	C:\WINDOWS\SYSTEM32\AVICAP32.dll
0x00007ffe08dd0000 - 0x00007ffe08e65000 	C:\WINDOWS\system32\uxtheme.dll
0x00007ffdff740000 - 0x00007ffdff7d8000 	C:\Program Files\Common Files\microsoft shared\ink\tiptsf.dll
0x00007ffe0d950000 - 0x00007ffe0d9ef000 	C:\WINDOWS\System32\clbcatq.dll
0x00007ffe03920000 - 0x00007ffe03938000 	C:\Windows\System32\devenum.dll
0x00007ffe0dba0000 - 0x00007ffe0dfc9000 	C:\WINDOWS\System32\setupapi.dll
0x00007ffe099f0000 - 0x00007ffe09a22000 	C:\WINDOWS\SYSTEM32\ntmarta.dll
0x00007ffe09280000 - 0x00007ffe092a8000 	C:\WINDOWS\SYSTEM32\DEVOBJ.dll
0x00007ffe0b090000 - 0x00007ffe0b0e5000 	C:\WINDOWS\System32\WINTRUST.dll
0x00007ffe0a640000 - 0x00007ffe0a650000 	C:\WINDOWS\System32\MSASN1.dll
0x00007ffe0b1a0000 - 0x00007ffe0b368000 	C:\WINDOWS\System32\CRYPT32.dll
0x00007ffe03bc0000 - 0x00007ffe03bca000 	C:\WINDOWS\SYSTEM32\msdmo.dll
0x00007ffe01410000 - 0x00007ffe01443000 	C:\Windows\System32\qcap.dll
0x00007ffdeccd0000 - 0x00007ffdece93000 	C:\Windows\System32\quartz.dll
0x00007ffe0a590000 - 0x00007ffe0a5bb000 	C:\Windows\System32\bcrypt.dll
0x00007ffe0c2d0000 - 0x00007ffe0c42b000 	C:\WINDOWS\System32\MSCTF.dll
0x00007ffe07c60000 - 0x00007ffe07c86000 	C:\WINDOWS\system32\dwmapi.dll
0x00007ffe013c0000 - 0x00007ffe01408000 	C:\Windows\System32\mfksproxy.dll
0x00007ffdfb4e0000 - 0x00007ffdfb4fc000 	C:\Windows\System32\ATL.DLL
0x00007ffe00ec0000 - 0x00007ffe01028000 	C:\Windows\System32\MFPlat.DLL
0x00007ffe02100000 - 0x00007ffe0212e000 	C:\Windows\System32\RTWorkQ.DLL
0x00007ffde5040000 - 0x00007ffde542b000 	C:\Windows\System32\MFCORE.dll
0x00007ffe071e0000 - 0x00007ffe071e9000 	C:\Windows\System32\ksuser.dll
0x00007ffe0a0d0000 - 0x00007ffe0a0db000 	C:\Windows\System32\CRYPTBASE.DLL
0x00007ffe01360000 - 0x00007ffe013b3000 	C:\Windows\System32\FSClient.dll
0x00007ffdff2e0000 - 0x00007ffdff32d000 	C:\Windows\System32\MFSENSORGROUP.dll
0x00007ffe06f70000 - 0x00007ffe06f7b000 	C:\Windows\System32\AVRT.dll
0x00007ffe03400000 - 0x00007ffe0340d000 	C:\Windows\System32\vidcap.ax
0x00007ffe00d30000 - 0x00007ffe00d55000 	C:\Windows\System32\kswdmcap.ax
0x00007ffde8c90000 - 0x00007ffde8df3000 	C:\Windows\System32\MFC42.dll
0x00007ffde9bd0000 - 0x00007ffde9c7f000 	C:\Windows\System32\ODBC32.dll
0x00007ffe09f30000 - 0x00007ffe09f3a000 	C:\Windows\System32\DPAPI.dll
0x00007ffe08800000 - 0x00007ffe08843000 	C:\WINDOWS\SYSTEM32\policymanager.dll
0x00007ffe09150000 - 0x00007ffe091e1000 	C:\Windows\System32\msvcp110_win.dll
0x00007ffde8bb0000 - 0x00007ffde8c84000 	C:\Windows\System32\MFReadWrite.dll
0x00007ffde87e0000 - 0x00007ffde8883000 	C:\Windows\System32\qedit.dll
0x00007ffe0c1b0000 - 0x00007ffe0c2aa000 	C:\WINDOWS\System32\COMDLG32.dll
0x00007ffe01b80000 - 0x00007ffe01d19000 	C:\WINDOWS\WinSxS\amd64_microsoft.windows.gdiplus_6595b64144ccf1df_1.1.14393.187_none_730402f52114ff50\gdiplus.dll
0x00007ffde4f40000 - 0x00007ffde5037000 	C:\Windows\System32\DDRAW.dll
0x00007ffdff2d0000 - 0x00007ffdff2d8000 	C:\Windows\System32\DCIMAN32.dll
0x00007ffdff2c0000 - 0x00007ffdff2cc000 	C:\WINDOWS\SYSTEM32\msyuv.dll
0x0000000075520000 - 0x00000000756b8000 	C:\Program Files\Java\jre1.8.0_101\bin\awt.dll
0x00007ffe08b90000 - 0x00007ffe08c0a000 	C:\WINDOWS\SYSTEM32\apphelp.dll
0x0000000076670000 - 0x00000000766b7000 	C:\Program Files\Java\jre1.8.0_101\bin\fontmanager.dll
0x00007ffdfae50000 - 0x00007ffdfaffb000 	C:\Windows\System32\uiautomationcore.dll
0x00007ffe09f90000 - 0x00007ffe09faf000 	C:\Windows\System32\USERENV.dll
0x00007ffe0a480000 - 0x00007ffe0a518000 	C:\WINDOWS\SYSTEM32\sxs.dll
0x00007ffe002d0000 - 0x00007ffe00335000 	C:\Windows\System32\OLEACC.dll
0x00007ffe00c00000 - 0x00007ffe00c7d000 	C:\WINDOWS\SYSTEM32\twinapi.dll
0x00007ffe08fd0000 - 0x00007ffe090ec000 	C:\WINDOWS\SYSTEM32\twinapi.appcore.dll
0x00007ffdfa150000 - 0x00007ffdfa2e2000 	C:\WINDOWS\SYSTEM32\dbghelp.dll

VM Arguments:
jvm_args: -Dfile.encoding=Cp1252 
java_command: Test
java_class_path (initial): C:\Users\Ryan McGee\workspace\OpenCV_Test\bin;C:\OpenCV\opencv\build\java\opencv-2413.jar
Launcher Type: SUN_STANDARD

Environment Variables:
PATH=C:/Program Files/Java/jre1.8.0_101/bin/server;C:/Program Files/Java/jre1.8.0_101/bin;C:/Program Files/Java/jre1.8.0_101/lib/amd64;C:\ProgramData\Oracle\Java\javapath;C:\WINDOWS\system32;C:\WINDOWS;C:\WINDOWS\System32\Wbem;C:\WINDOWS\System32\WindowsPowerShell\v1.0\;C:\OpenCV\opencv\build\x64\vc12\bin;C:\Users\Ryan McGee\AppData\Local\Microsoft\WindowsApps;;C:\Users\Ryan McGee\Desktop\backup\eclipse-java-mars-2-win32-x86_64\eclipse;
USERNAME=Ryan McGee
OS=Windows_NT
PROCESSOR_IDENTIFIER=AMD64 Family 21 Model 96 Stepping 1, AuthenticAMD



---------------  S Y S T E M  ---------------

OS: Windows 10.0 , 64 bit Build 14393 (10.0.14393.0)

CPU:total 4 (4 cores per cpu, 1 threads per core) family 21 model 96 stepping 1, cmov, cx8, fxsr, mmx, sse, sse2, sse3, ssse3, sse4.1, sse4.2, popcnt, avx, avx2, aes, clmul, mmxext, 3dnowpref, lzcnt, sse4a, tsc, tscinvbit, tscinv, bmi1

Memory: 4k page, physical 12005976k(9245424k free), swap 13840984k(10269412k free)

vm_info: Java HotSpot(TM) 64-Bit Server VM (25.101-b13) for windows-amd64 JRE (1.8.0_101-b13), built on Jun 22 2016 01:21:29 by "java_re" with MS VC++ 10.0 (VS2010)

time: Sat Sep 24 17:05:39 2016
elapsed time: 59 seconds (0d 0h 0m 59s)

