#
# A fatal error has been detected by the Java Runtime Environment:
#
#  Internal Error (0xc000000d), pid=8124, tid=0x0000000000001674
#
# JRE version: Java(TM) SE Runtime Environment (8.0_101-b13) (build 1.8.0_101-b13)
# Java VM: Java HotSpot(TM) 64-Bit Server VM (25.101-b13 mixed mode windows-amd64 compressed oops)
# Problematic frame:
# C  [ntdll.dll+0xfe5bc]
#
# Failed to write core dump. Minidumps are not enabled by default on client versions of Windows
#
# If you would like to submit a bug report, please visit:
#   http://bugreport.java.com/bugreport/crash.jsp
#

---------------  T H R E A D  ---------------

Current thread (0x0000000019d27000):  VMThread [stack: 0x000000001adc0000,0x000000001aec0000] [id=5748]

siginfo: ExceptionCode=0xc000000d

Registers:
RAX=0x0000000000000000, RBX=0x000000000123a3a0, RCX=0x0000000000000000, RDX=0x0000000000000000
RSP=0x000000001aebf000, RBP=0x0000000000000000, RSI=0x000000001c2a53a0, RDI=0x000000000174eb10
R8 =0x0000000000000000, R9 =0x0000000000000000, R10=0x0000000000000000, R11=0x0000000000000000
R12=0x0000000000000000, R13=0x00000000ffffffff, R14=0x000000001c2924f0, R15=0x000000001c2a53a0
RIP=0x00007ffe28bbe5bc, EFLAGS=0x0000000000000202

Top of Stack: (sp=0x000000001aebf000)
0x000000001aebf000:   0000000000000057 000000000123a3a0
0x000000001aebf010:   000000001c2a53a0 000000000174eb10
0x000000001aebf020:   00000000c000000d 0000000000000000
0x000000001aebf030:   00007ffe28bbe5bc 0000000000000000
0x000000001aebf040:   0000000000000000 0000000000000000
0x000000001aebf050:   0000000000000000 0000000000000000
0x000000001aebf060:   0000000000000000 0000000000000000
0x000000001aebf070:   0000000000000000 0000000000000000
0x000000001aebf080:   0000000000000000 0000000000000000
0x000000001aebf090:   0000000000000000 0000000000000000
0x000000001aebf0a0:   0000000000000000 0000000000000000
0x000000001aebf0b0:   0000000000000000 00007ffe28afc468
0x000000001aebf0c0:   00000c0629ee84a0 0000000000000000
0x000000001aebf0d0:   00000c0629ee84f0 00007ffe28b809fb
0x000000001aebf0e0:   0000000000000001 00007ffe08b3e8db
0x000000001aebf0f0:   00000000011eb8b0 000000001aebf200 

Instructions: (pc=0x00007ffe28bbe5bc)
0x00007ffe28bbe59c:   d1 fa ff c7 44 24 20 0d 00 00 c0 b9 57 00 00 00
0x00007ffe28bbe5ac:   e8 cf 0f f6 ff 90 48 8d 4c 24 20 e8 54 bb f4 ff
0x00007ffe28bbe5bc:   eb 00 48 8b 8c 24 c0 00 00 00 48 33 cc e8 82 70
0x00007ffe28bbe5cc:   f9 ff 48 81 c4 d8 00 00 00 c3 40 55 48 83 ec 20 


Register to memory mapping:

RAX=0x0000000000000000 is an unknown value
RBX=0x000000000123a3a0 is an unknown value
RCX=0x0000000000000000 is an unknown value
RDX=0x0000000000000000 is an unknown value
RSP=0x000000001aebf000 is an unknown value
RBP=0x0000000000000000 is an unknown value
RSI=0x000000001c2a53a0 is an unknown value
RDI=0x000000000174eb10 is an unknown value
R8 =0x0000000000000000 is an unknown value
R9 =0x0000000000000000 is an unknown value
R10=0x0000000000000000 is an unknown value
R11=0x0000000000000000 is an unknown value
R12=0x0000000000000000 is an unknown value
R13=0x00000000ffffffff is an unknown value
R14=0x000000001c2924f0 is an unknown value
R15=0x000000001c2a53a0 is an unknown value


Stack: [0x000000001adc0000,0x000000001aec0000],  sp=0x000000001aebf000,  free space=1020k
Native frames: (J=compiled Java code, j=interpreted, Vv=VM code, C=native code)

VM_Operation (0x0000000002ffee20): Exit, mode: safepoint, requested by thread 0x0000000003000800


---------------  P R O C E S S  ---------------

Java Threads: ( => current thread )
  0x0000000022bc5000 JavaThread "TimerQueue" daemon [_thread_blocked, id=4348, stack(0x0000000023c60000,0x0000000023d60000)]
  0x0000000022a64800 JavaThread "AWT-EventQueue-0" [_thread_blocked, id=3568, stack(0x0000000023250000,0x0000000023350000)]
  0x000000001ba98800 JavaThread "AWT-Shutdown" [_thread_blocked, id=6052, stack(0x0000000022070000,0x0000000022170000)]
  0x000000001ba97800 JavaThread "Java2D Disposer" daemon [_thread_blocked, id=6872, stack(0x0000000021f70000,0x0000000022070000)]
  0x000000001b6e8800 JavaThread "Service Thread" daemon [_thread_blocked, id=7328, stack(0x000000001bab0000,0x000000001bbb0000)]
  0x0000000019d67000 JavaThread "C1 CompilerThread2" daemon [_thread_blocked, id=1636, stack(0x000000001b5b0000,0x000000001b6b0000)]
  0x0000000019d62800 JavaThread "C2 CompilerThread1" daemon [_thread_blocked, id=7964, stack(0x000000001b4b0000,0x000000001b5b0000)]
  0x0000000019d5d000 JavaThread "C2 CompilerThread0" daemon [_thread_blocked, id=7400, stack(0x000000001b3b0000,0x000000001b4b0000)]
  0x0000000019d5c000 JavaThread "Attach Listener" daemon [_thread_blocked, id=7556, stack(0x000000001b2b0000,0x000000001b3b0000)]
  0x0000000019d59000 JavaThread "Signal Dispatcher" daemon [_thread_blocked, id=5880, stack(0x000000001b1b0000,0x000000001b2b0000)]
  0x0000000019d49800 JavaThread "Finalizer" daemon [_thread_blocked, id=632, stack(0x000000001afc0000,0x000000001b0c0000)]
  0x00000000030f0000 JavaThread "Reference Handler" daemon [_thread_blocked, id=4024, stack(0x000000001aec0000,0x000000001afc0000)]
  0x0000000003000800 JavaThread "main" [_thread_blocked, id=32, stack(0x0000000002f00000,0x0000000003000000)]

Other Threads:
=>0x0000000019d27000 VMThread [stack: 0x000000001adc0000,0x000000001aec0000] [id=5748]

VM state:at safepoint (shutting down)

VM Mutex/Monitor currently owned by a thread:  ([mutex/lock_event])
[0x0000000002efb240] Threads_lock - owner thread: 0x0000000019d27000

Heap:
 PSYoungGen      total 54784K, used 13154K [0x0000000782f00000, 0x0000000786c00000, 0x00000007c0000000)
  eden space 47104K, 27% used [0x0000000782f00000,0x0000000783bd8820,0x0000000785d00000)
  from space 7680K, 0% used [0x0000000786480000,0x0000000786480000,0x0000000786c00000)
  to   space 7680K, 0% used [0x0000000785d00000,0x0000000785d00000,0x0000000786480000)
 ParOldGen       total 125952K, used 0K [0x0000000708c00000, 0x0000000710700000, 0x0000000782f00000)
  object space 125952K, 0% used [0x0000000708c00000,0x0000000708c00000,0x0000000710700000)
 Metaspace       used 11943K, capacity 12146K, committed 12416K, reserved 1060864K
  class space    used 1522K, capacity 1614K, committed 1664K, reserved 1048576K

Card table byte_map: [0x00000000124c0000,0x0000000012a80000] byte_map_base: 0x000000000ec7a000

Marking Bits: (ParMarkBitMap*) 0x000000006d55a6d0
 Begin Bits: [0x0000000013260000, 0x0000000016030000)
 End Bits:   [0x0000000016030000, 0x0000000018e00000)

Polling page: 0x0000000001160000

CodeCache: size=245760Kb used=2651Kb max_used=2651Kb free=243108Kb
 bounds [0x0000000003100000, 0x00000000033a0000, 0x0000000012100000]
 total_blobs=1306 nmethods=705 adapters=515
 compilation: enabled

Compilation events (10 events):
Event: 8.257 Thread 0x0000000019d67000  701       3       java.util.concurrent.locks.LockSupport::setBlocker (12 bytes)
Event: 8.257 Thread 0x0000000019d67000 nmethod 701 0x0000000003395f90 code [0x00000000033960e0, 0x0000000003396230]
Event: 8.792 Thread 0x0000000019d67000  702       3       sun.java2d.d3d.D3DSurfaceData$D3DWindowSurfaceData::isDirty (18 bytes)
Event: 8.792 Thread 0x0000000019d67000 nmethod 702 0x0000000003396290 code [0x0000000003396400, 0x0000000003396688]
Event: 8.945 Thread 0x0000000019d67000  703       1       javax.swing.RepaintManager::isDoubleBufferingEnabled (5 bytes)
Event: 8.946 Thread 0x0000000019d67000 nmethod 703 0x0000000003396750 code [0x00000000033968a0, 0x00000000033969b0]
Event: 11.354 Thread 0x0000000019d67000  704       3       java.util.ArrayList::toArray (60 bytes)
Event: 11.355 Thread 0x0000000019d67000 nmethod 704 0x0000000003396a10 code [0x0000000003396ba0, 0x0000000003397158]
Event: 12.087 Thread 0x0000000019d67000  705       3       java.util.AbstractSet::<init> (5 bytes)
Event: 12.088 Thread 0x0000000019d67000 nmethod 705 0x0000000003397290 code [0x0000000003397400, 0x0000000003397610]

GC Heap History (0 events):
No events

Deoptimization events (0 events):
No events

Internal exceptions (10 events):
Event: 0.059 Thread 0x0000000003000800 Exception <a 'java/lang/NoSuchMethodError': Method sun.misc.Unsafe.defineClass(Ljava/lang/String;[BII)Ljava/lang/Class; name or signature does not match> (0x0000000782f07cc0) thrown at [C:\re\workspace\8-2-build-windows-amd64-cygwin\jdk8u101\7261\hotspot\sš•tw®?
Event: 0.059 Thread 0x0000000003000800 Exception <a 'java/lang/NoSuchMethodError': Method sun.misc.Unsafe.prefetchRead(Ljava/lang/Object;J)V name or signature does not match> (0x0000000782f07fa8) thrown at [C:\re\workspace\8-2-build-windows-amd64-cygwin\jdk8u101\7261\hotspot\src\share\vm\prims\S1å9ñ?
Event: 1.077 Thread 0x0000000003000800 Exception <a 'java/security/PrivilegedActionException'> (0x0000000782fdb398) thrown at [C:\re\workspace\8-2-build-windows-amd64-cygwin\jdk8u101\7261\hotspot\src\share\vm\prims\jvm.cpp, line 1386]
Event: 1.077 Thread 0x0000000003000800 Exception <a 'java/security/PrivilegedActionException'> (0x0000000782fdb5a8) thrown at [C:\re\workspace\8-2-build-windows-amd64-cygwin\jdk8u101\7261\hotspot\src\share\vm\prims\jvm.cpp, line 1386]
Event: 1.079 Thread 0x0000000003000800 Exception <a 'java/security/PrivilegedActionException'> (0x0000000782fdf1f0) thrown at [C:\re\workspace\8-2-build-windows-amd64-cygwin\jdk8u101\7261\hotspot\src\share\vm\prims\jvm.cpp, line 1386]
Event: 1.079 Thread 0x0000000003000800 Exception <a 'java/security/PrivilegedActionException'> (0x0000000782fdf400) thrown at [C:\re\workspace\8-2-build-windows-amd64-cygwin\jdk8u101\7261\hotspot\src\share\vm\prims\jvm.cpp, line 1386]
Event: 1.091 Thread 0x0000000003000800 Exception <a 'java/io/FileNotFoundException'> (0x0000000782fe1820) thrown at [C:\re\workspace\8-2-build-windows-amd64-cygwin\jdk8u101\7261\hotspot\src\share\vm\prims\jni.cpp, line 709]
Event: 1.195 Thread 0x0000000003000800 Exception <a 'java/lang/NoSuchFieldError': method resolution failed> (0x000000078319a598) thrown at [C:\re\workspace\8-2-build-windows-amd64-cygwin\jdk8u101\7261\hotspot\src\share\vm\prims\methodHandles.cpp, line 1146]
Event: 1.198 Thread 0x0000000003000800 Exception <a 'java/lang/NoSuchFieldError': method resolution failed> (0x00000007831a7968) thrown at [C:\re\workspace\8-2-build-windows-amd64-cygwin\jdk8u101\7261\hotspot\src\share\vm\prims\methodHandles.cpp, line 1146]
Event: 1.289 Thread 0x0000000003000800 Exception <a 'java/io/FileNotFoundException'> (0x000000078323b800) thrown at [C:\re\workspace\8-2-build-windows-amd64-cygwin\jdk8u101\7261\hotspot\src\share\vm\prims\jni.cpp, line 709]

Events (10 events):
Event: 12.088 Thread 0x0000000022bcf800 Thread exited: 0x0000000022bcf800
Event: 12.088 loading class sun/java2d/pipe/hw/AccelDeviceEventNotifier
Event: 12.088 loading class sun/java2d/pipe/hw/AccelDeviceEventNotifier done
Event: 12.088 loading class java/util/WeakHashMap$HashIterator
Event: 12.089 loading class java/util/WeakHashMap$HashIterator done
Event: 12.089 loading class java/util/WeakHashMap$KeyIterator done
Event: 12.089 Thread 0x0000000022bcf000 Thread exited: 0x0000000022bcf000
Event: 12.134 Thread 0x000000001ba9d000 Thread exited: 0x000000001ba9d000
Event: 12.188 Thread 0x0000000022bce000 Thread exited: 0x0000000022bce000
Event: 12.188 Executing VM operation: Exit


Dynamic libraries:
0x00007ff7a9280000 - 0x00007ff7a92b7000 	C:\Program Files\Java\jre1.8.0_101\bin\javaw.exe
0x00007ffe28ac0000 - 0x00007ffe28c91000 	C:\WINDOWS\SYSTEM32\ntdll.dll
0x00007ffe28800000 - 0x00007ffe288ab000 	C:\WINDOWS\System32\KERNEL32.DLL
0x00007ffe252f0000 - 0x00007ffe2550d000 	C:\WINDOWS\System32\KERNELBASE.dll
0x00007ffe26620000 - 0x00007ffe266c2000 	C:\WINDOWS\System32\ADVAPI32.dll
0x00007ffe267b0000 - 0x00007ffe2684e000 	C:\WINDOWS\System32\msvcrt.dll
0x00007ffe28630000 - 0x00007ffe28689000 	C:\WINDOWS\System32\sechost.dll
0x00007ffe26850000 - 0x00007ffe26971000 	C:\WINDOWS\System32\RPCRT4.dll
0x00007ffe28950000 - 0x00007ffe28ab5000 	C:\WINDOWS\System32\USER32.dll
0x00007ffe25ed0000 - 0x00007ffe25eee000 	C:\WINDOWS\System32\win32u.dll
0x00007ffe270c0000 - 0x00007ffe270f4000 	C:\WINDOWS\System32\GDI32.dll
0x00007ffe250b0000 - 0x00007ffe25232000 	C:\WINDOWS\System32\gdi32full.dll
0x00007ffe1ca70000 - 0x00007ffe1cce9000 	C:\WINDOWS\WinSxS\amd64_microsoft.windows.common-controls_6595b64144ccf1df_6.0.14393.0_none_2d0f50fcbdb171b8\COMCTL32.dll
0x00007ffe26170000 - 0x00007ffe26437000 	C:\WINDOWS\System32\combase.dll
0x00007ffe24fb0000 - 0x00007ffe250a5000 	C:\WINDOWS\System32\ucrtbase.dll
0x00007ffe255b0000 - 0x00007ffe2561a000 	C:\WINDOWS\System32\bcryptPrimitives.dll
0x00007ffe26f50000 - 0x00007ffe26f7e000 	C:\WINDOWS\System32\IMM32.DLL
0x000000006c060000 - 0x000000006c132000 	C:\Program Files\Java\jre1.8.0_101\bin\msvcr100.dll
0x000000006cd40000 - 0x000000006d5da000 	C:\Program Files\Java\jre1.8.0_101\bin\server\jvm.dll
0x00007ffe26150000 - 0x00007ffe26158000 	C:\WINDOWS\System32\PSAPI.DLL
0x00007ffe18cb0000 - 0x00007ffe18cb9000 	C:\WINDOWS\SYSTEM32\WSOCK32.dll
0x00007ffe22470000 - 0x00007ffe22493000 	C:\WINDOWS\SYSTEM32\WINMM.dll
0x00007ffe266d0000 - 0x00007ffe2673a000 	C:\WINDOWS\System32\WS2_32.dll
0x00007ffe20300000 - 0x00007ffe2030a000 	C:\WINDOWS\SYSTEM32\VERSION.dll
0x00007ffe22350000 - 0x00007ffe2237b000 	C:\WINDOWS\SYSTEM32\WINMMBASE.dll
0x00007ffe252a0000 - 0x00007ffe252e2000 	C:\WINDOWS\System32\cfgmgr32.dll
0x000000006cd30000 - 0x000000006cd3f000 	C:\Program Files\Java\jre1.8.0_101\bin\verify.dll
0x000000006cd00000 - 0x000000006cd29000 	C:\Program Files\Java\jre1.8.0_101\bin\java.dll
0x000000006cce0000 - 0x000000006ccf6000 	C:\Program Files\Java\jre1.8.0_101\bin\zip.dll
0x00007ffe27120000 - 0x00007ffe28628000 	C:\WINDOWS\System32\SHELL32.dll
0x00007ffe25620000 - 0x00007ffe25cfa000 	C:\WINDOWS\System32\windows.storage.dll
0x00007ffe24f20000 - 0x00007ffe24f6c000 	C:\WINDOWS\System32\powrprof.dll
0x00007ffe265c0000 - 0x00007ffe26612000 	C:\WINDOWS\System32\shlwapi.dll
0x00007ffe24f70000 - 0x00007ffe24f7f000 	C:\WINDOWS\System32\kernel.appcore.dll
0x00007ffe25fa0000 - 0x00007ffe26049000 	C:\WINDOWS\System32\shcore.dll
0x00007ffe24f80000 - 0x00007ffe24f94000 	C:\WINDOWS\System32\profapi.dll
0x00007ffe08e00000 - 0x00007ffe097d5000 	C:\Program Files\Java\jre1.8.0_101\bin\opencv_java2413.dll
0x00007ffe26f80000 - 0x00007ffe270b7000 	C:\WINDOWS\System32\ole32.dll
0x00007ffe264a0000 - 0x00007ffe2655f000 	C:\WINDOWS\System32\OLEAUT32.dll
0x00007ffe25510000 - 0x00007ffe255ac000 	C:\WINDOWS\System32\msvcp_win.dll
0x00007ffe10020000 - 0x00007ffe10049000 	C:\WINDOWS\SYSTEM32\MSVFW32.dll
0x00007ffe1c1e0000 - 0x00007ffe1c1f8000 	C:\WINDOWS\SYSTEM32\AVICAP32.dll
0x00007ffe17dd0000 - 0x00007ffe17df0000 	C:\WINDOWS\SYSTEM32\AVIFIL32.dll
0x00007ffe0f2a0000 - 0x00007ffe0f2bc000 	C:\WINDOWS\SYSTEM32\MSACM32.dll
0x00007ffe236b0000 - 0x00007ffe23745000 	C:\WINDOWS\system32\uxtheme.dll
0x00007ffe115d0000 - 0x00007ffe11668000 	C:\Program Files\Common Files\microsoft shared\ink\tiptsf.dll
0x00007ffe288b0000 - 0x00007ffe2894f000 	C:\WINDOWS\System32\clbcatq.dll
0x00007ffe10000000 - 0x00007ffe10018000 	C:\Windows\System32\devenum.dll
0x00007ffe26b20000 - 0x00007ffe26f49000 	C:\WINDOWS\System32\setupapi.dll
0x00007ffe242d0000 - 0x00007ffe24302000 	C:\WINDOWS\SYSTEM32\ntmarta.dll
0x00007ffe23b40000 - 0x00007ffe23b68000 	C:\WINDOWS\SYSTEM32\DEVOBJ.dll
0x00007ffe25240000 - 0x00007ffe25295000 	C:\WINDOWS\System32\WINTRUST.dll
0x00007ffe24fa0000 - 0x00007ffe24fb0000 	C:\WINDOWS\System32\MSASN1.dll
0x00007ffe25d00000 - 0x00007ffe25ec8000 	C:\WINDOWS\System32\CRYPT32.dll
0x00007ffe1d5d0000 - 0x00007ffe1d5da000 	C:\WINDOWS\SYSTEM32\msdmo.dll
0x00007ffe0f450000 - 0x00007ffe0f483000 	C:\Windows\System32\qcap.dll
0x00007ffe0c7b0000 - 0x00007ffe0c973000 	C:\Windows\System32\quartz.dll
0x00007ffe24dc0000 - 0x00007ffe24deb000 	C:\Windows\System32\bcrypt.dll
0x00007ffe286a0000 - 0x00007ffe287fb000 	C:\WINDOWS\System32\MSCTF.dll
0x00007ffe226a0000 - 0x00007ffe226c6000 	C:\WINDOWS\system32\dwmapi.dll
0x00007ffe0f400000 - 0x00007ffe0f448000 	C:\Windows\System32\mfksproxy.dll
0x00007ffe14da0000 - 0x00007ffe14dbc000 	C:\Windows\System32\ATL.DLL
0x00007ffe22130000 - 0x00007ffe22298000 	C:\Windows\System32\MFPlat.DLL
0x00007ffe21fe0000 - 0x00007ffe2200e000 	C:\Windows\System32\RTWorkQ.DLL
0x00007ffe0b050000 - 0x00007ffe0b43b000 	C:\Windows\System32\MFCORE.dll
0x00007ffe10140000 - 0x00007ffe10149000 	C:\Windows\System32\ksuser.dll
0x00007ffe24990000 - 0x00007ffe2499b000 	C:\Windows\System32\CRYPTBASE.DLL
0x00007ffe0dfd0000 - 0x00007ffe0e023000 	C:\Windows\System32\FSClient.dll
0x00007ffe0f250000 - 0x00007ffe0f29d000 	C:\Windows\System32\MFSENSORGROUP.dll
0x00007ffe21b50000 - 0x00007ffe21b5b000 	C:\Windows\System32\AVRT.dll
0x00007ffe1d580000 - 0x00007ffe1d58d000 	C:\Windows\System32\vidcap.ax
0x00007ffe0fe40000 - 0x00007ffe0fe65000 	C:\Windows\System32\kswdmcap.ax
0x00007ffe0ac30000 - 0x00007ffe0ad93000 	C:\Windows\System32\MFC42.dll
0x00007ffe0afa0000 - 0x00007ffe0b04f000 	C:\Windows\System32\ODBC32.dll
0x00007ffe24810000 - 0x00007ffe2481a000 	C:\Windows\System32\DPAPI.dll
0x00007ffe1b300000 - 0x00007ffe1b343000 	C:\WINDOWS\SYSTEM32\policymanager.dll
0x00007ffe238e0000 - 0x00007ffe23971000 	C:\Windows\System32\msvcp110_win.dll
0x00007ffe08b20000 - 0x00007ffe08bf4000 	C:\Windows\System32\MFReadWrite.dll
0x00007ffe0ae50000 - 0x00007ffe0aef3000 	C:\Windows\System32\qedit.dll
0x00007ffe26050000 - 0x00007ffe2614a000 	C:\WINDOWS\System32\COMDLG32.dll
0x00007ffe1c8d0000 - 0x00007ffe1ca69000 	C:\WINDOWS\WinSxS\amd64_microsoft.windows.gdiplus_6595b64144ccf1df_1.1.14393.187_none_730402f52114ff50\gdiplus.dll
0x00007ffe0ab30000 - 0x00007ffe0ac27000 	C:\Windows\System32\DDRAW.dll
0x00007ffe1c040000 - 0x00007ffe1c048000 	C:\Windows\System32\DCIMAN32.dll
0x00007ffe11e00000 - 0x00007ffe11e0c000 	C:\WINDOWS\SYSTEM32\msyuv.dll
0x000000006d5f0000 - 0x000000006d788000 	C:\Program Files\Java\jre1.8.0_101\bin\awt.dll
0x00007ffe233c0000 - 0x00007ffe2343a000 	C:\WINDOWS\SYSTEM32\apphelp.dll
0x00007ffe1ec00000 - 0x00007ffe1edab000 	C:\Windows\System32\uiautomationcore.dll
0x00007ffe24870000 - 0x00007ffe2488f000 	C:\Windows\System32\USERENV.dll
0x00007ffe24df0000 - 0x00007ffe24e88000 	C:\WINDOWS\SYSTEM32\sxs.dll
0x000000006c340000 - 0x000000006c387000 	C:\Program Files\Java\jre1.8.0_101\bin\fontmanager.dll
0x000000006ccc0000 - 0x000000006ccda000 	C:\Program Files\Java\jre1.8.0_101\bin\net.dll
0x00007ffe24590000 - 0x00007ffe245ec000 	C:\WINDOWS\system32\mswsock.dll
0x000000006cca0000 - 0x000000006ccb1000 	C:\Program Files\Java\jre1.8.0_101\bin\nio.dll
0x000000006c2f0000 - 0x000000006c332000 	C:\Program Files\Java\jre1.8.0_101\bin\t2k.dll
0x00007ffe21510000 - 0x00007ffe216b8000 	C:\WINDOWS\SYSTEM32\WindowsCodecs.dll
0x00007ffe0f4d0000 - 0x00007ffe0f519000 	C:\WINDOWS\system32\dataexchange.dll
0x00007ffe22da0000 - 0x00007ffe22ef1000 	C:\WINDOWS\system32\dcomp.dll
0x00007ffe22ae0000 - 0x00007ffe22d96000 	C:\WINDOWS\system32\d3d11.dll
0x00007ffe23f60000 - 0x00007ffe23fff000 	C:\WINDOWS\system32\dxgi.dll
0x00007ffe23980000 - 0x00007ffe23a9c000 	C:\WINDOWS\system32\twinapi.appcore.dll
0x00007ffe249a0000 - 0x00007ffe249b7000 	C:\WINDOWS\SYSTEM32\CRYPTSP.dll
0x00007ffe247d0000 - 0x00007ffe24803000 	C:\WINDOWS\system32\rsaenh.dll
0x00007ffe24340000 - 0x00007ffe24378000 	C:\WINDOWS\SYSTEM32\IPHLPAPI.DLL
0x00007ffe28690000 - 0x00007ffe28698000 	C:\WINDOWS\System32\NSI.dll
0x00007ffe21410000 - 0x00007ffe21426000 	C:\WINDOWS\SYSTEM32\dhcpcsvc6.DLL
0x00007ffe21ab0000 - 0x00007ffe21aca000 	C:\WINDOWS\SYSTEM32\dhcpcsvc.DLL
0x000000006c020000 - 0x000000006c051000 	C:\Program Files\Java\jre1.8.0_101\bin\jpeg.dll
0x00007ffe1b710000 - 0x00007ffe1b775000 	C:\Windows\System32\OLEACC.dll
0x00007ffe118c0000 - 0x00007ffe1193d000 	C:\WINDOWS\SYSTEM32\twinapi.dll
0x00007ffe15970000 - 0x00007ffe15b02000 	C:\WINDOWS\SYSTEM32\dbghelp.dll

VM Arguments:
jvm_args: -Dfile.encoding=Cp1252 
java_command: Test
java_class_path (initial): C:\Users\Ryan McGee\workspace\OpenCV_Test\bin;C:\OpenCV\opencv\build\java\opencv-2413.jar
Launcher Type: SUN_STANDARD

Environment Variables:
PATH=C:/Program Files/Java/jre1.8.0_101/bin/server;C:/Program Files/Java/jre1.8.0_101/bin;C:/Program Files/Java/jre1.8.0_101/lib/amd64;C:\ProgramData\Oracle\Java\javapath;C:\WINDOWS\system32;C:\WINDOWS;C:\WINDOWS\System32\Wbem;C:\WINDOWS\System32\WindowsPowerShell\v1.0\;C:\OpenCV\opencv\build\x64\vc12\bin;C:\Users\Ryan McGee\AppData\Local\Microsoft\WindowsApps;;C:\Users\Ryan McGee\Desktop\backup\eclipse-java-mars-2-win32-x86_64\eclipse;
USERNAME=Ryan McGee
OS=Windows_NT
PROCESSOR_IDENTIFIER=AMD64 Family 21 Model 96 Stepping 1, AuthenticAMD



---------------  S Y S T E M  ---------------

OS: Windows 10.0 , 64 bit Build 14393 (10.0.14393.0)

CPU:total 4 (4 cores per cpu, 1 threads per core) family 21 model 96 stepping 1, cmov, cx8, fxsr, mmx, sse, sse2, sse3, ssse3, sse4.1, sse4.2, popcnt, avx, avx2, aes, clmul, mmxext, 3dnowpref, lzcnt, sse4a, tsc, tscinvbit, tscinv, bmi1

Memory: 4k page, physical 12005976k(8897896k free), swap 13840984k(10142624k free)

vm_info: Java HotSpot(TM) 64-Bit Server VM (25.101-b13) for windows-amd64 JRE (1.8.0_101-b13), built on Jun 22 2016 01:21:29 by "java_re" with MS VC++ 10.0 (VS2010)

time: Fri Sep 30 19:29:13 2016
elapsed time: 12 seconds (0d 0h 0m 12s)

