#
# A fatal error has been detected by the Java Runtime Environment:
#
#  Internal Error (0xc000000d), pid=7740, tid=0x0000000000000c4c
#
# JRE version: Java(TM) SE Runtime Environment (8.0_101-b13) (build 1.8.0_101-b13)
# Java VM: Java HotSpot(TM) 64-Bit Server VM (25.101-b13 mixed mode windows-amd64 compressed oops)
# Problematic frame:
# C  [ntdll.dll+0xfe5bc]
#
# Failed to write core dump. Minidumps are not enabled by default on client versions of Windows
#
# If you would like to submit a bug report, please visit:
#   http://bugreport.java.com/bugreport/crash.jsp
#

---------------  T H R E A D  ---------------

Current thread (0x0000000019c28000):  VMThread [stack: 0x000000001ace0000,0x000000001ade0000] [id=3148]

siginfo: ExceptionCode=0xc000000d

Registers:
RAX=0x0000000000000000, RBX=0x000000001f21d1c0, RCX=0x0000000000000000, RDX=0x0000000000000000
RSP=0x000000001addebc0, RBP=0x0000000000000000, RSI=0x000000001c3ea430, RDI=0x000000001c3fd480
R8 =0x0000000000000000, R9 =0x0000000000000000, R10=0x0000000000000000, R11=0x0000000000000000
R12=0x0000000000000000, R13=0x00000000ffffffff, R14=0x000000001c3e46d0, R15=0x000000001c3ea430
RIP=0x00007ffe0e2de5bc, EFLAGS=0x0000000000000202

Top of Stack: (sp=0x000000001addebc0)
0x000000001addebc0:   0000000000000057 000000001f21d1c0
0x000000001addebd0:   000000001c3ea430 000000001c3fd480
0x000000001addebe0:   00000000c000000d 0000000000000000
0x000000001addebf0:   00007ffe0e2de5bc 0000000000000000
0x000000001addec00:   0000000000000000 0000000000000000
0x000000001addec10:   0000000000000000 0000000000000000
0x000000001addec20:   0000000000000000 0000000000000000
0x000000001addec30:   0000000000000000 0000000000000000
0x000000001addec40:   0000000000000000 0000000000000000
0x000000001addec50:   0000000000000000 0000000000000000
0x000000001addec60:   0000000000000000 0000000000000000
0x000000001addec70:   0000000000000000 000000000121b600
0x000000001addec80:   000041b633721b98 0000000000000000
0x000000001addec90:   0000000100000008 00007ffe0e2a09fb
0x000000001addeca0:   0000000001150000 00007ffde8bce8db
0x000000001addecb0:   0000000000000008 0000000000000000 

Instructions: (pc=0x00007ffe0e2de5bc)
0x00007ffe0e2de59c:   d1 fa ff c7 44 24 20 0d 00 00 c0 b9 57 00 00 00
0x00007ffe0e2de5ac:   e8 cf 0f f6 ff 90 48 8d 4c 24 20 e8 54 bb f4 ff
0x00007ffe0e2de5bc:   eb 00 48 8b 8c 24 c0 00 00 00 48 33 cc e8 82 70
0x00007ffe0e2de5cc:   f9 ff 48 81 c4 d8 00 00 00 c3 40 55 48 83 ec 20 


Register to memory mapping:

RAX=0x0000000000000000 is an unknown value
RBX=0x000000001f21d1c0 is an unknown value
RCX=0x0000000000000000 is an unknown value
RDX=0x0000000000000000 is an unknown value
RSP=0x000000001addebc0 is an unknown value
RBP=0x0000000000000000 is an unknown value
RSI=0x000000001c3ea430 is an unknown value
RDI=0x000000001c3fd480 is an unknown value
R8 =0x0000000000000000 is an unknown value
R9 =0x0000000000000000 is an unknown value
R10=0x0000000000000000 is an unknown value
R11=0x0000000000000000 is an unknown value
R12=0x0000000000000000 is an unknown value
R13=0x00000000ffffffff is an unknown value
R14=0x000000001c3e46d0 is an unknown value
R15=0x000000001c3ea430 is an unknown value


Stack: [0x000000001ace0000,0x000000001ade0000],  sp=0x000000001addebc0,  free space=1018k
Native frames: (J=compiled Java code, j=interpreted, Vv=VM code, C=native code)

VM_Operation (0x0000000021d3d3c0): Exit, mode: safepoint, requested by thread 0x0000000021482800


---------------  P R O C E S S  ---------------

Java Threads: ( => current thread )
  0x0000000021482800 JavaThread "AWT-EventQueue-0" [_thread_blocked, id=6212, stack(0x0000000021c40000,0x0000000021d40000)]
  0x000000001bd9c800 JavaThread "AWT-Shutdown" [_thread_blocked, id=3736, stack(0x0000000020550000,0x0000000020650000)]
  0x000000001bd9b800 JavaThread "Java2D Disposer" daemon [_thread_blocked, id=9936, stack(0x0000000020450000,0x0000000020550000)]
  0x000000001ba39000 JavaThread "Service Thread" daemon [_thread_blocked, id=6180, stack(0x000000001c010000,0x000000001c110000)]
  0x000000001ba35000 JavaThread "C1 CompilerThread2" daemon [_thread_blocked, id=2252, stack(0x000000001bf10000,0x000000001c010000)]
  0x0000000019cbb800 JavaThread "C2 CompilerThread1" daemon [_thread_blocked, id=6608, stack(0x000000001be10000,0x000000001bf10000)]
  0x0000000019c83000 JavaThread "C2 CompilerThread0" daemon [_thread_blocked, id=9208, stack(0x000000001b910000,0x000000001ba10000)]
  0x0000000019c76000 JavaThread "JDWP Event Helper Thread" daemon [_thread_blocked, id=8068, stack(0x000000001b710000,0x000000001b810000)]
  0x0000000019c71800 JavaThread "JDWP Transport Listener: dt_socket" daemon [_thread_blocked, id=4480, stack(0x000000001b610000,0x000000001b710000)]
  0x0000000019c5c800 JavaThread "Attach Listener" daemon [_thread_blocked, id=6968, stack(0x000000001b1d0000,0x000000001b2d0000)]
  0x0000000019c5b800 JavaThread "Signal Dispatcher" daemon [_thread_blocked, id=9052, stack(0x000000001b0d0000,0x000000001b1d0000)]
  0x0000000019c4a800 JavaThread "Finalizer" daemon [_thread_blocked, id=8868, stack(0x000000001aee0000,0x000000001afe0000)]
  0x0000000019c29000 JavaThread "Reference Handler" daemon [_thread_blocked, id=8164, stack(0x000000001ade0000,0x000000001aee0000)]
  0x0000000002dfe000 JavaThread "main" [_thread_blocked, id=568, stack(0x0000000002e00000,0x0000000002f00000)]

Other Threads:
=>0x0000000019c28000 VMThread [stack: 0x000000001ace0000,0x000000001ade0000] [id=3148]

VM state:at safepoint (shutting down)

VM Mutex/Monitor currently owned by a thread:  ([mutex/lock_event])
[0x0000000002dfc670] Threads_lock - owner thread: 0x0000000019c28000

Heap:
 PSYoungGen      total 54784K, used 23439K [0x0000000782f00000, 0x0000000786c00000, 0x00000007c0000000)
  eden space 47104K, 49% used [0x0000000782f00000,0x00000007845e3f18,0x0000000785d00000)
  from space 7680K, 0% used [0x0000000786480000,0x0000000786480000,0x0000000786c00000)
  to   space 7680K, 0% used [0x0000000785d00000,0x0000000785d00000,0x0000000786480000)
 ParOldGen       total 125952K, used 0K [0x0000000708c00000, 0x0000000710700000, 0x0000000782f00000)
  object space 125952K, 0% used [0x0000000708c00000,0x0000000708c00000,0x0000000710700000)
 Metaspace       used 9886K, capacity 10040K, committed 10240K, reserved 1058816K
  class space    used 1167K, capacity 1259K, committed 1280K, reserved 1048576K

Card table byte_map: [0x00000000123c0000,0x0000000012980000] byte_map_base: 0x000000000eb7a000

Marking Bits: (ParMarkBitMap*) 0x0000000075eda6d0
 Begin Bits: [0x0000000013160000, 0x0000000015f30000)
 End Bits:   [0x0000000015f30000, 0x0000000018d00000)

Polling page: 0x0000000002cd0000

CodeCache: size=245760Kb used=2227Kb max_used=2227Kb free=243532Kb
 bounds [0x0000000003000000, 0x0000000003270000, 0x0000000012000000]
 total_blobs=1134 nmethods=491 adapters=565
 compilation: enabled

Compilation events (10 events):
Event: 7.033 Thread 0x000000001ba35000  487       3       java.lang.ref.Finalizer::<init> (23 bytes)
Event: 7.033 Thread 0x000000001ba35000 nmethod 487 0x000000000322ac50 code [0x000000000322ade0, 0x000000000322b188]
Event: 7.040 Thread 0x000000001ba35000  488       3       java.util.LinkedList::removeFirst (23 bytes)
Event: 7.040 Thread 0x000000001ba35000 nmethod 488 0x000000000322b2d0 code [0x000000000322b460, 0x000000000322b6b8]
Event: 7.040 Thread 0x000000001ba35000  489       3       java.util.LinkedList::unlinkFirst (64 bytes)
Event: 7.041 Thread 0x000000001ba35000 nmethod 489 0x000000000322b7d0 code [0x000000000322b920, 0x000000000322bb70]
Event: 7.042 Thread 0x000000001ba35000  490       3       javax.imageio.spi.PartialOrderIterator::next (97 bytes)
Event: 7.045 Thread 0x000000001ba35000 nmethod 490 0x000000000322bc50 code [0x000000000322bec0, 0x000000000322ccf8]
Event: 7.045 Thread 0x000000001ba35000  491       3       javax.imageio.spi.DigraphNode::getOutNodes (10 bytes)
Event: 7.046 Thread 0x000000001ba35000 nmethod 491 0x000000000322d390 code [0x000000000322d500, 0x000000000322d728]

GC Heap History (0 events):
No events

Deoptimization events (0 events):
No events

Internal exceptions (10 events):
Event: 0.075 Thread 0x0000000002dfe000 Exception <a 'java/lang/NoSuchMethodError': Method sun.misc.Unsafe.defineClass(Ljava/lang/String;[BII)Ljava/lang/Class; name or signature does not match> (0x0000000782f07cc0) thrown at [C:\re\workspace\8-2-build-windows-amd64-cygwin\jdk8u101\7261\hotspot\sÄ÷P‹&³?
Event: 0.075 Thread 0x0000000002dfe000 Exception <a 'java/lang/NoSuchMethodError': Method sun.misc.Unsafe.prefetchRead(Ljava/lang/Object;J)V name or signature does not match> (0x0000000782f07fa8) thrown at [C:\re\workspace\8-2-build-windows-amd64-cygwin\jdk8u101\7261\hotspot\src\share\vm\prims\UñJ5÷?
Event: 1.451 Thread 0x0000000002dfe000 Exception <a 'java/security/PrivilegedActionException'> (0x0000000782fddc18) thrown at [C:\re\workspace\8-2-build-windows-amd64-cygwin\jdk8u101\7261\hotspot\src\share\vm\prims\jvm.cpp, line 1386]
Event: 1.451 Thread 0x0000000002dfe000 Exception <a 'java/security/PrivilegedActionException'> (0x0000000782fdde28) thrown at [C:\re\workspace\8-2-build-windows-amd64-cygwin\jdk8u101\7261\hotspot\src\share\vm\prims\jvm.cpp, line 1386]
Event: 1.453 Thread 0x0000000002dfe000 Exception <a 'java/security/PrivilegedActionException'> (0x0000000782fe1a70) thrown at [C:\re\workspace\8-2-build-windows-amd64-cygwin\jdk8u101\7261\hotspot\src\share\vm\prims\jvm.cpp, line 1386]
Event: 1.453 Thread 0x0000000002dfe000 Exception <a 'java/security/PrivilegedActionException'> (0x0000000782fe1c80) thrown at [C:\re\workspace\8-2-build-windows-amd64-cygwin\jdk8u101\7261\hotspot\src\share\vm\prims\jvm.cpp, line 1386]
Event: 1.462 Thread 0x0000000002dfe000 Exception <a 'java/io/FileNotFoundException'> (0x0000000782fe40a0) thrown at [C:\re\workspace\8-2-build-windows-amd64-cygwin\jdk8u101\7261\hotspot\src\share\vm\prims\jni.cpp, line 709]
Event: 1.561 Thread 0x0000000002dfe000 Exception <a 'java/lang/NoSuchFieldError': method resolution failed> (0x00000007832887c8) thrown at [C:\re\workspace\8-2-build-windows-amd64-cygwin\jdk8u101\7261\hotspot\src\share\vm\prims\methodHandles.cpp, line 1146]
Event: 1.588 Thread 0x0000000002dfe000 Exception <a 'java/lang/NoSuchFieldError': method resolution failed> (0x0000000783295b98) thrown at [C:\re\workspace\8-2-build-windows-amd64-cygwin\jdk8u101\7261\hotspot\src\share\vm\prims\methodHandles.cpp, line 1146]
Event: 1.691 Thread 0x0000000002dfe000 Exception <a 'java/io/FileNotFoundException'> (0x0000000783329720) thrown at [C:\re\workspace\8-2-build-windows-amd64-cygwin\jdk8u101\7261\hotspot\src\share\vm\prims\jni.cpp, line 709]

Events (10 events):
Event: 6.970 loading class sun/java2d/pipe/hw/AccelDeviceEventNotifier
Event: 6.977 loading class java/util/WeakHashMap$HashIterator
Event: 6.977 loading class sun/java2d/pipe/hw/AccelDeviceEventNotifier done
Event: 6.977 loading class java/util/WeakHashMap$HashIterator done
Event: 6.977 loading class java/util/WeakHashMap$KeyIterator done
Event: 6.977 Thread 0x000000002155f000 Thread exited: 0x000000002155f000
Event: 7.028 Thread 0x000000001bd9f000 Thread exited: 0x000000001bd9f000
Event: 7.071 Thread 0x0000000021559800 Thread exited: 0x0000000021559800
Event: 7.075 Thread 0x0000000019c80800 Thread exited: 0x0000000019c80800
Event: 7.075 Executing VM operation: Exit


Dynamic libraries:
0x00007ff6a25a0000 - 0x00007ff6a25d7000 	C:\Program Files\Java\jre1.8.0_101\bin\javaw.exe
0x00007ffe0e1e0000 - 0x00007ffe0e3b1000 	C:\WINDOWS\SYSTEM32\ntdll.dll
0x00007ffe0e030000 - 0x00007ffe0e0db000 	C:\WINDOWS\System32\KERNEL32.DLL
0x00007ffe0b370000 - 0x00007ffe0b58d000 	C:\WINDOWS\System32\KERNELBASE.dll
0x00007ffe0b7d0000 - 0x00007ffe0b872000 	C:\WINDOWS\System32\ADVAPI32.dll
0x00007ffe0bc10000 - 0x00007ffe0bcae000 	C:\WINDOWS\System32\msvcrt.dll
0x00007ffe0e170000 - 0x00007ffe0e1c9000 	C:\WINDOWS\System32\sechost.dll
0x00007ffe0bd20000 - 0x00007ffe0be41000 	C:\WINDOWS\System32\RPCRT4.dll
0x00007ffe0c030000 - 0x00007ffe0c195000 	C:\WINDOWS\System32\USER32.dll
0x00007ffe0a8f0000 - 0x00007ffe0a90e000 	C:\WINDOWS\System32\win32u.dll
0x00007ffe0bff0000 - 0x00007ffe0c024000 	C:\WINDOWS\System32\GDI32.dll
0x00007ffe0b5e0000 - 0x00007ffe0b762000 	C:\WINDOWS\System32\gdi32full.dll
0x00007ffe01dc0000 - 0x00007ffe02039000 	C:\WINDOWS\WinSxS\amd64_microsoft.windows.common-controls_6595b64144ccf1df_6.0.14393.0_none_2d0f50fcbdb171b8\COMCTL32.dll
0x00007ffe0b940000 - 0x00007ffe0bc07000 	C:\WINDOWS\System32\combase.dll
0x00007ffe0a7f0000 - 0x00007ffe0a8e5000 	C:\WINDOWS\System32\ucrtbase.dll
0x00007ffe0a6d0000 - 0x00007ffe0a73a000 	C:\WINDOWS\System32\bcryptPrimitives.dll
0x00007ffe0e140000 - 0x00007ffe0e16e000 	C:\WINDOWS\System32\IMM32.DLL
0x00000000766c0000 - 0x0000000076792000 	C:\Program Files\Java\jre1.8.0_101\bin\msvcr100.dll
0x00000000756c0000 - 0x0000000075f5a000 	C:\Program Files\Java\jre1.8.0_101\bin\server\jvm.dll
0x00007ffe0c1a0000 - 0x00007ffe0c1a8000 	C:\WINDOWS\System32\PSAPI.DLL
0x00007ffe088b0000 - 0x00007ffe088d3000 	C:\WINDOWS\SYSTEM32\WINMM.dll
0x00007ffdfd520000 - 0x00007ffdfd529000 	C:\WINDOWS\SYSTEM32\WSOCK32.dll
0x00007ffe05500000 - 0x00007ffe0550a000 	C:\WINDOWS\SYSTEM32\VERSION.dll
0x00007ffe0bcb0000 - 0x00007ffe0bd1a000 	C:\WINDOWS\System32\WS2_32.dll
0x00007ffe08850000 - 0x00007ffe0887b000 	C:\WINDOWS\SYSTEM32\WINMMBASE.dll
0x00007ffe0b590000 - 0x00007ffe0b5d2000 	C:\WINDOWS\System32\cfgmgr32.dll
0x00000000765f0000 - 0x00000000765ff000 	C:\Program Files\Java\jre1.8.0_101\bin\verify.dll
0x00000000765c0000 - 0x00000000765e9000 	C:\Program Files\Java\jre1.8.0_101\bin\java.dll
0x0000000076680000 - 0x00000000766b5000 	C:\Program Files\Java\jre1.8.0_101\bin\jdwp.dll
0x0000000076670000 - 0x0000000076678000 	C:\Program Files\Java\jre1.8.0_101\bin\npt.dll
0x00000000765a0000 - 0x00000000765b6000 	C:\Program Files\Java\jre1.8.0_101\bin\zip.dll
0x00007ffe0c430000 - 0x00007ffe0d938000 	C:\WINDOWS\System32\SHELL32.dll
0x00007ffe0a910000 - 0x00007ffe0afea000 	C:\WINDOWS\System32\windows.storage.dll
0x00007ffe0a650000 - 0x00007ffe0a69c000 	C:\WINDOWS\System32\powrprof.dll
0x00007ffe0e0e0000 - 0x00007ffe0e132000 	C:\WINDOWS\System32\shlwapi.dll
0x00007ffe0a6c0000 - 0x00007ffe0a6cf000 	C:\WINDOWS\System32\kernel.appcore.dll
0x00007ffe0a740000 - 0x00007ffe0a7e9000 	C:\WINDOWS\System32\shcore.dll
0x00007ffe0a6a0000 - 0x00007ffe0a6b4000 	C:\WINDOWS\System32\profapi.dll
0x0000000076660000 - 0x0000000076669000 	C:\Program Files\Java\jre1.8.0_101\bin\dt_socket.dll
0x00007ffdf8aa0000 - 0x00007ffdf8ab6000 	C:\WINDOWS\system32\napinsp.dll
0x00007ffdf8ec0000 - 0x00007ffdf8eda000 	C:\WINDOWS\system32\pnrpnsp.dll
0x00007ffe088e0000 - 0x00007ffe088f8000 	C:\WINDOWS\system32\NLAapi.dll
0x00007ffe09cb0000 - 0x00007ffe09d0c000 	C:\WINDOWS\System32\mswsock.dll
0x00007ffe09aa0000 - 0x00007ffe09b40000 	C:\WINDOWS\SYSTEM32\DNSAPI.dll
0x00007ffe0e1d0000 - 0x00007ffe0e1d8000 	C:\WINDOWS\System32\NSI.dll
0x00007ffe09a60000 - 0x00007ffe09a98000 	C:\WINDOWS\SYSTEM32\IPHLPAPI.DLL
0x00007ffdf8ee0000 - 0x00007ffdf8eee000 	C:\WINDOWS\System32\winrnr.dll
0x00007ffdfb1b0000 - 0x00007ffdfb1c5000 	C:\WINDOWS\System32\wshbth.dll
0x0000000076840000 - 0x0000000076866000 	C:\Program Files\Bonjour\mdnsNSP.dll
0x00007ffe04500000 - 0x00007ffe0456a000 	C:\WINDOWS\System32\fwpuclnt.dll
0x00007ffe0a590000 - 0x00007ffe0a5bb000 	C:\WINDOWS\SYSTEM32\bcrypt.dll
0x00007ffe04600000 - 0x00007ffe0460a000 	C:\Windows\System32\rasadhlp.dll
0x00007ffde3d90000 - 0x00007ffde4765000 	C:\Program Files\Java\jre1.8.0_101\bin\opencv_java2413.dll
0x00007ffe0da60000 - 0x00007ffe0db97000 	C:\WINDOWS\System32\ole32.dll
0x00007ffe04840000 - 0x00007ffe04860000 	C:\WINDOWS\SYSTEM32\AVIFIL32.dll
0x00007ffe0b880000 - 0x00007ffe0b93f000 	C:\WINDOWS\System32\OLEAUT32.dll
0x00007ffe0aff0000 - 0x00007ffe0b08c000 	C:\WINDOWS\System32\msvcp_win.dll
0x00007ffe031b0000 - 0x00007ffe031d9000 	C:\WINDOWS\SYSTEM32\MSVFW32.dll
0x00007ffe047c0000 - 0x00007ffe047d8000 	C:\WINDOWS\SYSTEM32\AVICAP32.dll
0x00007ffe03670000 - 0x00007ffe0368c000 	C:\WINDOWS\SYSTEM32\MSACM32.dll
0x00007ffe08dd0000 - 0x00007ffe08e65000 	C:\WINDOWS\system32\uxtheme.dll
0x00007ffdff740000 - 0x00007ffdff7d8000 	C:\Program Files\Common Files\microsoft shared\ink\tiptsf.dll
0x00007ffe0d950000 - 0x00007ffe0d9ef000 	C:\WINDOWS\System32\clbcatq.dll
0x00007ffe03920000 - 0x00007ffe03938000 	C:\Windows\System32\devenum.dll
0x00007ffe0dba0000 - 0x00007ffe0dfc9000 	C:\WINDOWS\System32\setupapi.dll
0x00007ffe099f0000 - 0x00007ffe09a22000 	C:\WINDOWS\SYSTEM32\ntmarta.dll
0x00007ffe09280000 - 0x00007ffe092a8000 	C:\WINDOWS\SYSTEM32\DEVOBJ.dll
0x00007ffe0b090000 - 0x00007ffe0b0e5000 	C:\WINDOWS\System32\WINTRUST.dll
0x00007ffe0a640000 - 0x00007ffe0a650000 	C:\WINDOWS\System32\MSASN1.dll
0x00007ffe0b1a0000 - 0x00007ffe0b368000 	C:\WINDOWS\System32\CRYPT32.dll
0x00007ffe072b0000 - 0x00007ffe072ba000 	C:\WINDOWS\SYSTEM32\msdmo.dll
0x00007ffe02c30000 - 0x00007ffe02c63000 	C:\Windows\System32\qcap.dll
0x00007ffdeccd0000 - 0x00007ffdece93000 	C:\Windows\System32\quartz.dll
0x00007ffe0c2d0000 - 0x00007ffe0c42b000 	C:\WINDOWS\System32\MSCTF.dll
0x00007ffe07c60000 - 0x00007ffe07c86000 	C:\WINDOWS\system32\dwmapi.dll
0x00007ffe01400000 - 0x00007ffe01448000 	C:\Windows\System32\mfksproxy.dll
0x00007ffdfb4e0000 - 0x00007ffdfb4fc000 	C:\Windows\System32\ATL.DLL
0x00007ffe00ec0000 - 0x00007ffe01028000 	C:\Windows\System32\MFPlat.DLL
0x00007ffe02100000 - 0x00007ffe0212e000 	C:\Windows\System32\RTWorkQ.DLL
0x00007ffde5040000 - 0x00007ffde542b000 	C:\Windows\System32\MFCORE.dll
0x00007ffe071e0000 - 0x00007ffe071e9000 	C:\Windows\System32\ksuser.dll
0x00007ffe0a0d0000 - 0x00007ffe0a0db000 	C:\Windows\System32\CRYPTBASE.DLL
0x00007ffdff2d0000 - 0x00007ffdff323000 	C:\Windows\System32\FSClient.dll
0x00007ffe00d10000 - 0x00007ffe00d5d000 	C:\Windows\System32\MFSENSORGROUP.dll
0x00007ffe06f70000 - 0x00007ffe06f7b000 	C:\Windows\System32\AVRT.dll
0x00007ffe05860000 - 0x00007ffe0586d000 	C:\Windows\System32\vidcap.ax
0x00007ffe01730000 - 0x00007ffe01755000 	C:\Windows\System32\kswdmcap.ax
0x00007ffdea950000 - 0x00007ffdeaab3000 	C:\Windows\System32\MFC42.dll
0x00007ffded180000 - 0x00007ffded22f000 	C:\Windows\System32\ODBC32.dll
0x00007ffe09f30000 - 0x00007ffe09f3a000 	C:\Windows\System32\DPAPI.dll
0x00007ffe08800000 - 0x00007ffe08843000 	C:\WINDOWS\SYSTEM32\policymanager.dll
0x00007ffe09150000 - 0x00007ffe091e1000 	C:\Windows\System32\msvcp110_win.dll
0x00007ffde8bb0000 - 0x00007ffde8c84000 	C:\Windows\System32\MFReadWrite.dll
0x00007ffdea550000 - 0x00007ffdea5f3000 	C:\Windows\System32\qedit.dll
0x00007ffe0c1b0000 - 0x00007ffe0c2aa000 	C:\WINDOWS\System32\COMDLG32.dll
0x00007ffe01b80000 - 0x00007ffe01d19000 	C:\WINDOWS\WinSxS\amd64_microsoft.windows.gdiplus_6595b64144ccf1df_1.1.14393.187_none_730402f52114ff50\gdiplus.dll
0x00007ffdea450000 - 0x00007ffdea547000 	C:\Windows\System32\DDRAW.dll
0x00007ffe03ae0000 - 0x00007ffe03ae8000 	C:\Windows\System32\DCIMAN32.dll
0x00007ffe03400000 - 0x00007ffe0340c000 	C:\WINDOWS\SYSTEM32\msyuv.dll
0x0000000075520000 - 0x00000000756b8000 	C:\Program Files\Java\jre1.8.0_101\bin\awt.dll
0x00007ffe08b90000 - 0x00007ffe08c0a000 	C:\WINDOWS\SYSTEM32\apphelp.dll
0x0000000076610000 - 0x0000000076657000 	C:\Program Files\Java\jre1.8.0_101\bin\fontmanager.dll
0x00007ffdfae50000 - 0x00007ffdfaffb000 	C:\Windows\System32\uiautomationcore.dll
0x00007ffe09f90000 - 0x00007ffe09faf000 	C:\Windows\System32\USERENV.dll
0x00007ffe0a480000 - 0x00007ffe0a518000 	C:\WINDOWS\SYSTEM32\sxs.dll
0x00007ffe002d0000 - 0x00007ffe00335000 	C:\Windows\System32\OLEACC.dll
0x00007ffe00c00000 - 0x00007ffe00c7d000 	C:\WINDOWS\SYSTEM32\twinapi.dll
0x00007ffe08fd0000 - 0x00007ffe090ec000 	C:\WINDOWS\SYSTEM32\twinapi.appcore.dll
0x00007ffe0a0b0000 - 0x00007ffe0a0c7000 	C:\WINDOWS\SYSTEM32\CRYPTSP.dll
0x00007ffe09ef0000 - 0x00007ffe09f23000 	C:\WINDOWS\system32\rsaenh.dll
0x0000000076580000 - 0x000000007659a000 	C:\Program Files\Java\jre1.8.0_101\bin\net.dll
0x00007ffe06360000 - 0x00007ffe06376000 	C:\WINDOWS\SYSTEM32\dhcpcsvc6.DLL
0x00007ffe06340000 - 0x00007ffe0635a000 	C:\WINDOWS\SYSTEM32\dhcpcsvc.DLL
0x0000000076560000 - 0x0000000076571000 	C:\Program Files\Java\jre1.8.0_101\bin\nio.dll
0x00000000764f0000 - 0x0000000076521000 	C:\Program Files\Java\jre1.8.0_101\bin\jpeg.dll
0x00007ffdfa150000 - 0x00007ffdfa2e2000 	C:\WINDOWS\SYSTEM32\dbghelp.dll

VM Arguments:
jvm_args: -agentlib:jdwp=transport=dt_socket,suspend=y,address=localhost:63820 -Dfile.encoding=Cp1252 
java_command: Test
java_class_path (initial): C:\Users\Ryan McGee\workspace\OpenCV_Test\bin;C:\OpenCV\opencv\build\java\opencv-2413.jar
Launcher Type: SUN_STANDARD

Environment Variables:
PATH=C:/Program Files/Java/jre1.8.0_101/bin/server;C:/Program Files/Java/jre1.8.0_101/bin;C:/Program Files/Java/jre1.8.0_101/lib/amd64;C:\ProgramData\Oracle\Java\javapath;C:\WINDOWS\system32;C:\WINDOWS;C:\WINDOWS\System32\Wbem;C:\WINDOWS\System32\WindowsPowerShell\v1.0\;C:\OpenCV\opencv\build\x64\vc12\bin;C:\Users\Ryan McGee\AppData\Local\Microsoft\WindowsApps;;C:\Users\Ryan McGee\Desktop\backup\eclipse-java-mars-2-win32-x86_64\eclipse;
USERNAME=Ryan McGee
OS=Windows_NT
PROCESSOR_IDENTIFIER=AMD64 Family 21 Model 96 Stepping 1, AuthenticAMD



---------------  S Y S T E M  ---------------

OS: Windows 10.0 , 64 bit Build 14393 (10.0.14393.0)

CPU:total 4 (4 cores per cpu, 1 threads per core) family 21 model 96 stepping 1, cmov, cx8, fxsr, mmx, sse, sse2, sse3, ssse3, sse4.1, sse4.2, popcnt, avx, avx2, aes, clmul, mmxext, 3dnowpref, lzcnt, sse4a, tsc, tscinvbit, tscinv, bmi1

Memory: 4k page, physical 12005976k(9272220k free), swap 13840984k(10290444k free)

vm_info: Java HotSpot(TM) 64-Bit Server VM (25.101-b13) for windows-amd64 JRE (1.8.0_101-b13), built on Jun 22 2016 01:21:29 by "java_re" with MS VC++ 10.0 (VS2010)

time: Sat Sep 24 13:48:09 2016
elapsed time: 8 seconds (0d 0h 0m 8s)

