#
# A fatal error has been detected by the Java Runtime Environment:
#
#  Internal Error (0xc000000d), pid=6504, tid=0x0000000000001fc8
#
# JRE version: Java(TM) SE Runtime Environment (8.0_101-b13) (build 1.8.0_101-b13)
# Java VM: Java HotSpot(TM) 64-Bit Server VM (25.101-b13 mixed mode windows-amd64 compressed oops)
# Problematic frame:
# C  [ntdll.dll+0xfe5bc]
#
# Failed to write core dump. Minidumps are not enabled by default on client versions of Windows
#
# If you would like to submit a bug report, please visit:
#   http://bugreport.java.com/bugreport/crash.jsp
#

---------------  T H R E A D  ---------------

Current thread (0x0000000019126800):  VMThread [stack: 0x000000001a1c0000,0x000000001a2c0000] [id=8136]

siginfo: ExceptionCode=0xc000000d

Registers:
RAX=0x0000000000000000, RBX=0x00000000007807d0, RCX=0x0000000000000000, RDX=0x0000000000000000
RSP=0x000000001a2bec30, RBP=0x0000000000000000, RSI=0x0000000000adeb80, RDI=0x000000001b74b9b0
R8 =0x0000000000000000, R9 =0x0000000000000000, R10=0x0000000000000000, R11=0x0000000000000000
R12=0x0000000000000000, R13=0x00000000ffffffff, R14=0x000000001b7324f0, R15=0x0000000000adeb80
RIP=0x00007ffe28bbe5bc, EFLAGS=0x0000000000000206

Top of Stack: (sp=0x000000001a2bec30)
0x000000001a2bec30:   0000000000000057 00000000007807d0
0x000000001a2bec40:   0000000000adeb80 000000001b74b9b0
0x000000001a2bec50:   00000000c000000d 0000000000000000
0x000000001a2bec60:   00007ffe28bbe5bc 0000000000000000
0x000000001a2bec70:   0000000000000000 0000000000000000
0x000000001a2bec80:   0000000000000000 0000000000000000
0x000000001a2bec90:   0000000000000000 0000000000000000
0x000000001a2beca0:   0000000000000000 0000000000000000
0x000000001a2becb0:   0000000000000000 0000000000000000
0x000000001a2becc0:   0000000000000000 0000000000000000
0x000000001a2becd0:   0000000000000000 0000000000000000
0x000000001a2bece0:   0000000000000000 00007ffe28afc468
0x000000001a2becf0:   0000bc6be372e393 0000000000000000
0x000000001a2bed00:   0000000100000008 00007ffe28b809fb
0x000000001a2bed10:   0000000000000001 00007ffe08b3e8db
0x000000001a2bed20:   0000000000000008 0000000000000000 

Instructions: (pc=0x00007ffe28bbe5bc)
0x00007ffe28bbe59c:   d1 fa ff c7 44 24 20 0d 00 00 c0 b9 57 00 00 00
0x00007ffe28bbe5ac:   e8 cf 0f f6 ff 90 48 8d 4c 24 20 e8 54 bb f4 ff
0x00007ffe28bbe5bc:   eb 00 48 8b 8c 24 c0 00 00 00 48 33 cc e8 82 70
0x00007ffe28bbe5cc:   f9 ff 48 81 c4 d8 00 00 00 c3 40 55 48 83 ec 20 


Register to memory mapping:

RAX=0x0000000000000000 is an unknown value
RBX=0x00000000007807d0 is an unknown value
RCX=0x0000000000000000 is an unknown value
RDX=0x0000000000000000 is an unknown value
RSP=0x000000001a2bec30 is an unknown value
RBP=0x0000000000000000 is an unknown value
RSI=0x0000000000adeb80 is an unknown value
RDI=0x000000001b74b9b0 is an unknown value
R8 =0x0000000000000000 is an unknown value
R9 =0x0000000000000000 is an unknown value
R10=0x0000000000000000 is an unknown value
R11=0x0000000000000000 is an unknown value
R12=0x0000000000000000 is an unknown value
R13=0x00000000ffffffff is an unknown value
R14=0x000000001b7324f0 is an unknown value
R15=0x0000000000adeb80 is an unknown value


Stack: [0x000000001a1c0000,0x000000001a2c0000],  sp=0x000000001a2bec30,  free space=1019k
Native frames: (J=compiled Java code, j=interpreted, Vv=VM code, C=native code)

VM_Operation (0x000000002277d2d0): Exit, mode: safepoint, requested by thread 0x00000000215a8800


---------------  P R O C E S S  ---------------

Java Threads: ( => current thread )
  0x00000000217d5000 JavaThread "TimerQueue" daemon [_thread_blocked, id=7932, stack(0x0000000025dd0000,0x0000000025ed0000)]
  0x00000000216fb000 JavaThread "Thread-3" [_thread_blocked, id=2184, stack(0x0000000025290000,0x0000000025390000)]
  0x00000000215a8800 JavaThread "AWT-EventQueue-0" [_thread_blocked, id=4232, stack(0x0000000022680000,0x0000000022780000)]
  0x000000001aeae000 JavaThread "AWT-Shutdown" [_thread_blocked, id=8012, stack(0x0000000021d80000,0x0000000021e80000)]
  0x000000001aead800 JavaThread "Java2D Disposer" daemon [_thread_blocked, id=7528, stack(0x0000000021480000,0x0000000021580000)]
  0x000000001aad5000 JavaThread "Service Thread" daemon [_thread_blocked, id=1856, stack(0x000000001aeb0000,0x000000001afb0000)]
  0x0000000019168800 JavaThread "C1 CompilerThread2" daemon [_thread_blocked, id=6040, stack(0x000000001a9b0000,0x000000001aab0000)]
  0x0000000019162000 JavaThread "C2 CompilerThread1" daemon [_thread_blocked, id=6620, stack(0x000000001a8b0000,0x000000001a9b0000)]
  0x000000001915d800 JavaThread "C2 CompilerThread0" daemon [_thread_blocked, id=5324, stack(0x000000001a7b0000,0x000000001a8b0000)]
  0x000000001915c800 JavaThread "Attach Listener" daemon [_thread_blocked, id=2880, stack(0x000000001a6b0000,0x000000001a7b0000)]
  0x000000001915b000 JavaThread "Signal Dispatcher" daemon [_thread_blocked, id=4976, stack(0x000000001a5b0000,0x000000001a6b0000)]
  0x000000001914a800 JavaThread "Finalizer" daemon [_thread_blocked, id=2540, stack(0x000000001a3c0000,0x000000001a4c0000)]
  0x00000000024f0800 JavaThread "Reference Handler" daemon [_thread_blocked, id=3692, stack(0x000000001a2c0000,0x000000001a3c0000)]
  0x0000000002400800 JavaThread "main" [_thread_in_native, id=7544, stack(0x0000000002300000,0x0000000002400000)]

Other Threads:
=>0x0000000019126800 VMThread [stack: 0x000000001a1c0000,0x000000001a2c0000] [id=8136]

VM state:at safepoint (shutting down)

VM Mutex/Monitor currently owned by a thread:  ([mutex/lock_event])
[0x0000000000aabac0] Threads_lock - owner thread: 0x0000000019126800

Heap:
 PSYoungGen      total 40960K, used 34046K [0x0000000782f00000, 0x0000000785a80000, 0x00000007c0000000)
  eden space 38400K, 87% used [0x0000000782f00000,0x0000000784fccad8,0x0000000785480000)
  from space 2560K, 17% used [0x0000000785800000,0x0000000785873010,0x0000000785a80000)
  to   space 3072K, 0% used [0x0000000785480000,0x0000000785480000,0x0000000785780000)
 ParOldGen       total 125952K, used 2080K [0x0000000708c00000, 0x0000000710700000, 0x0000000782f00000)
  object space 125952K, 1% used [0x0000000708c00000,0x0000000708e08388,0x0000000710700000)
 Metaspace       used 13275K, capacity 13536K, committed 13696K, reserved 1060864K
  class space    used 1555K, capacity 1647K, committed 1664K, reserved 1048576K

Card table byte_map: [0x00000000118c0000,0x0000000011e80000] byte_map_base: 0x000000000e07a000

Marking Bits: (ParMarkBitMap*) 0x000000006d55a6d0
 Begin Bits: [0x0000000012660000, 0x0000000015430000)
 End Bits:   [0x0000000015430000, 0x0000000018200000)

Polling page: 0x00000000009c0000

CodeCache: size=245760Kb used=7599Kb max_used=7668Kb free=238160Kb
 bounds [0x0000000002500000, 0x0000000002c90000, 0x0000000011500000]
 total_blobs=2831 nmethods=2229 adapters=515
 compilation: enabled

Compilation events (10 events):
Event: 105.652 Thread 0x000000001915d800 2303   !   4       sun.java2d.Disposer::clearDeferredRecords (70 bytes)
Event: 105.653 Thread 0x000000001915d800 nmethod 2303 0x0000000002c2fcd0 code [0x0000000002c2fe00, 0x0000000002c2fe58]
Event: 107.257 Thread 0x0000000019168800 2304       3       javax.swing.JComponent::registerNextFocusableComponent (57 bytes)
Event: 107.258 Thread 0x0000000019168800 nmethod 2304 0x0000000002c5d890 code [0x0000000002c5da80, 0x0000000002c5e358]
Event: 108.611 Thread 0x0000000019162000 2305       4       javax.swing.JComponent::getInsets (23 bytes)
Event: 108.616 Thread 0x0000000019162000 nmethod 2305 0x0000000002c53590 code [0x0000000002c53700, 0x0000000002c53a28]
Event: 109.239 Thread 0x000000001915d800 2306       4       java.awt.Container::getInsets (5 bytes)
Event: 109.244 Thread 0x000000001915d800 nmethod 2306 0x0000000002696490 code [0x0000000002696600, 0x0000000002696908]
Event: 109.923 Thread 0x0000000019168800 2307       3       javax.swing.JComponent::deregisterNextFocusableComponent (53 bytes)
Event: 109.924 Thread 0x0000000019168800 nmethod 2307 0x00000000026b2110 code [0x00000000026b2300, 0x00000000026b2d68]

GC Heap History (10 events):
Event: 83.207 GC heap before
{Heap before GC invocations=12 (full 0):
 PSYoungGen      total 42496K, used 41911K [0x0000000782f00000, 0x0000000785e80000, 0x00000007c0000000)
  eden space 40960K, 99% used [0x0000000782f00000,0x00000007856dcc88,0x0000000785700000)
  from space 1536K, 71% used [0x0000000785980000,0x0000000785a91030,0x0000000785b00000)
  to   space 3072K, 0% used [0x0000000785b80000,0x0000000785b80000,0x0000000785e80000)
 ParOldGen       total 125952K, used 1944K [0x0000000708c00000, 0x0000000710700000, 0x0000000782f00000)
  object space 125952K, 1% used [0x0000000708c00000,0x0000000708de6388,0x0000000710700000)
 Metaspace       used 13121K, capacity 13376K, committed 13696K, reserved 1060864K
  class space    used 1528K, capacity 1615K, committed 1664K, reserved 1048576K
Event: 83.210 GC heap after
Heap after GC invocations=12 (full 0):
 PSYoungGen      total 41984K, used 1028K [0x0000000782f00000, 0x0000000785d00000, 0x00000007c0000000)
  eden space 40448K, 0% used [0x0000000782f00000,0x0000000782f00000,0x0000000785680000)
  from space 1536K, 66% used [0x0000000785b80000,0x0000000785c81030,0x0000000785d00000)
  to   space 3072K, 0% used [0x0000000785700000,0x0000000785700000,0x0000000785a00000)
 ParOldGen       total 125952K, used 1968K [0x0000000708c00000, 0x0000000710700000, 0x0000000782f00000)
  object space 125952K, 1% used [0x0000000708c00000,0x0000000708dec388,0x0000000710700000)
 Metaspace       used 13121K, capacity 13376K, committed 13696K, reserved 1060864K
  class space    used 1528K, capacity 1615K, committed 1664K, reserved 1048576K
}
Event: 88.900 GC heap before
{Heap before GC invocations=13 (full 0):
 PSYoungGen      total 41984K, used 41192K [0x0000000782f00000, 0x0000000785d00000, 0x00000007c0000000)
  eden space 40448K, 99% used [0x0000000782f00000,0x00000007856390c0,0x0000000785680000)
  from space 1536K, 66% used [0x0000000785b80000,0x0000000785c81030,0x0000000785d00000)
  to   space 3072K, 0% used [0x0000000785700000,0x0000000785700000,0x0000000785a00000)
 ParOldGen       total 125952K, used 1968K [0x0000000708c00000, 0x0000000710700000, 0x0000000782f00000)
  object space 125952K, 1% used [0x0000000708c00000,0x0000000708dec388,0x0000000710700000)
 Metaspace       used 13172K, capacity 13440K, committed 13696K, reserved 1060864K
  class space    used 1535K, capacity 1615K, committed 1664K, reserved 1048576K
Event: 88.902 GC heap after
Heap after GC invocations=13 (full 0):
 PSYoungGen      total 40448K, used 460K [0x0000000782f00000, 0x0000000785c00000, 0x00000007c0000000)
  eden space 39936K, 0% used [0x0000000782f00000,0x0000000782f00000,0x0000000785600000)
  from space 512K, 89% used [0x0000000785700000,0x0000000785773010,0x0000000785780000)
  to   space 3072K, 0% used [0x0000000785900000,0x0000000785900000,0x0000000785c00000)
 ParOldGen       total 125952K, used 1992K [0x0000000708c00000, 0x0000000710700000, 0x0000000782f00000)
  object space 125952K, 1% used [0x0000000708c00000,0x0000000708df2388,0x0000000710700000)
 Metaspace       used 13172K, capacity 13440K, committed 13696K, reserved 1060864K
  class space    used 1535K, capacity 1615K, committed 1664K, reserved 1048576K
}
Event: 94.536 GC heap before
{Heap before GC invocations=14 (full 0):
 PSYoungGen      total 40448K, used 40396K [0x0000000782f00000, 0x0000000785c00000, 0x00000007c0000000)
  eden space 39936K, 100% used [0x0000000782f00000,0x0000000785600000,0x0000000785600000)
  from space 512K, 89% used [0x0000000785700000,0x0000000785773010,0x0000000785780000)
  to   space 3072K, 0% used [0x0000000785900000,0x0000000785900000,0x0000000785c00000)
 ParOldGen       total 125952K, used 1992K [0x0000000708c00000, 0x0000000710700000, 0x0000000782f00000)
  object space 125952K, 1% used [0x0000000708c00000,0x0000000708df2388,0x0000000710700000)
 Metaspace       used 13184K, capacity 13440K, committed 13696K, reserved 1060864K
  class space    used 1536K, capacity 1615K, committed 1664K, reserved 1048576K
Event: 94.537 GC heap after
Heap after GC invocations=14 (full 0):
 PSYoungGen      total 41984K, used 460K [0x0000000782f00000, 0x0000000785b80000, 0x00000007c0000000)
  eden space 39424K, 0% used [0x0000000782f00000,0x0000000782f00000,0x0000000785580000)
  from space 2560K, 17% used [0x0000000785900000,0x0000000785973010,0x0000000785b80000)
  to   space 3072K, 0% used [0x0000000785580000,0x0000000785580000,0x0000000785880000)
 ParOldGen       total 125952K, used 2024K [0x0000000708c00000, 0x0000000710700000, 0x0000000782f00000)
  object space 125952K, 1% used [0x0000000708c00000,0x0000000708dfa388,0x0000000710700000)
 Metaspace       used 13184K, capacity 13440K, committed 13696K, reserved 1060864K
  class space    used 1536K, capacity 1615K, committed 1664K, reserved 1048576K
}
Event: 100.035 GC heap before
{Heap before GC invocations=15 (full 0):
 PSYoungGen      total 41984K, used 39884K [0x0000000782f00000, 0x0000000785b80000, 0x00000007c0000000)
  eden space 39424K, 100% used [0x0000000782f00000,0x0000000785580000,0x0000000785580000)
  from space 2560K, 17% used [0x0000000785900000,0x0000000785973010,0x0000000785b80000)
  to   space 3072K, 0% used [0x0000000785580000,0x0000000785580000,0x0000000785880000)
 ParOldGen       total 125952K, used 2024K [0x0000000708c00000, 0x0000000710700000, 0x0000000782f00000)
  object space 125952K, 1% used [0x0000000708c00000,0x0000000708dfa388,0x0000000710700000)
 Metaspace       used 13199K, capacity 13440K, committed 13696K, reserved 1060864K
  class space    used 1536K, capacity 1615K, committed 1664K, reserved 1048576K
Event: 100.036 GC heap after
Heap after GC invocations=15 (full 0):
 PSYoungGen      total 39424K, used 460K [0x0000000782f00000, 0x0000000785b00000, 0x00000007c0000000)
  eden space 38912K, 0% used [0x0000000782f00000,0x0000000782f00000,0x0000000785500000)
  from space 512K, 89% used [0x0000000785580000,0x00000007855f3010,0x0000000785600000)
  to   space 3072K, 0% used [0x0000000785800000,0x0000000785800000,0x0000000785b00000)
 ParOldGen       total 125952K, used 2056K [0x0000000708c00000, 0x0000000710700000, 0x0000000782f00000)
  object space 125952K, 1% used [0x0000000708c00000,0x0000000708e02388,0x0000000710700000)
 Metaspace       used 13199K, capacity 13440K, committed 13696K, reserved 1060864K
  class space    used 1536K, capacity 1615K, committed 1664K, reserved 1048576K
}
Event: 105.650 GC heap before
{Heap before GC invocations=16 (full 0):
 PSYoungGen      total 39424K, used 39312K [0x0000000782f00000, 0x0000000785b00000, 0x00000007c0000000)
  eden space 38912K, 99% used [0x0000000782f00000,0x00000007854f1020,0x0000000785500000)
  from space 512K, 89% used [0x0000000785580000,0x00000007855f3010,0x0000000785600000)
  to   space 3072K, 0% used [0x0000000785800000,0x0000000785800000,0x0000000785b00000)
 ParOldGen       total 125952K, used 2056K [0x0000000708c00000, 0x0000000710700000, 0x0000000782f00000)
  object space 125952K, 1% used [0x0000000708c00000,0x0000000708e02388,0x0000000710700000)
 Metaspace       used 13264K, capacity 13536K, committed 13696K, reserved 1060864K
  class space    used 1553K, capacity 1647K, committed 1664K, reserved 1048576K
Event: 105.652 GC heap after
Heap after GC invocations=16 (full 0):
 PSYoungGen      total 40960K, used 460K [0x0000000782f00000, 0x0000000785a80000, 0x00000007c0000000)
  eden space 38400K, 0% used [0x0000000782f00000,0x0000000782f00000,0x0000000785480000)
  from space 2560K, 17% used [0x0000000785800000,0x0000000785873010,0x0000000785a80000)
  to   space 3072K, 0% used [0x0000000785480000,0x0000000785480000,0x0000000785780000)
 ParOldGen       total 125952K, used 2080K [0x0000000708c00000, 0x0000000710700000, 0x0000000782f00000)
  object space 125952K, 1% used [0x0000000708c00000,0x0000000708e08388,0x0000000710700000)
 Metaspace       used 13264K, capacity 13536K, committed 13696K, reserved 1060864K
  class space    used 1553K, capacity 1647K, committed 1664K, reserved 1048576K
}

Deoptimization events (7 events):
Event: 46.758 Thread 0x0000000021582800 Uncommon trap: reason=unstable_if action=reinterpret pc=0x0000000002a9d2ec method=java.lang.Long.valueOf(J)Ljava/lang/Long; @ 13
Event: 49.183 Thread 0x00000000215a8800 Uncommon trap: reason=unstable_if action=reinterpret pc=0x0000000002a989e0 method=java.awt.Rectangle.translate(II)V @ 109
Event: 49.642 Thread 0x00000000215a8800 Uncommon trap: reason=unstable_if action=reinterpret pc=0x0000000002a6bab0 method=javax.swing.SwingUtilities.computeIntersection(IIIILjava/awt/Rectangle;)Ljava/awt/Rectangle; @ 34
Event: 96.030 Thread 0x00000000215a8800 Uncommon trap: reason=unstable_if action=reinterpret pc=0x0000000002c27038 method=java.util.concurrent.locks.AbstractQueuedSynchronizer.isOnSyncQueue(Ljava/util/concurrent/locks/AbstractQueuedSynchronizer$Node;)Z @ 22
Event: 96.030 Thread 0x0000000021582800 Uncommon trap: reason=unstable_if action=reinterpret pc=0x0000000002a9c648 method=java.util.concurrent.locks.AbstractQueuedSynchronizer.acquireQueued(Ljava/util/concurrent/locks/AbstractQueuedSynchronizer$Node;I)Z @ 17
Event: 105.538 Thread 0x00000000215a8800 Uncommon trap: reason=class_check action=maybe_recompile pc=0x0000000002c1bf0c method=java.awt.EventQueue.setCurrentEventAndMostRecentTimeImpl(Ljava/awt/AWTEvent;)V @ 53
Event: 110.288 Thread 0x00000000215a8800 Uncommon trap: reason=unstable_if action=reinterpret pc=0x0000000002c54b98 method=java.util.IdentityHashMap.keySet()Ljava/util/Set; @ 6

Internal exceptions (10 events):
Event: 0.052 Thread 0x0000000002400800 Exception <a 'java/lang/NoSuchMethodError': Method sun.misc.Unsafe.defineClass(Ljava/lang/String;[BII)Ljava/lang/Class; name or signature does not match> (0x0000000782f07cc0) thrown at [C:\re\workspace\8-2-build-windows-amd64-cygwin\jdk8u101\7261\hotspot\s%¹%“èª?
Event: 0.053 Thread 0x0000000002400800 Exception <a 'java/lang/NoSuchMethodError': Method sun.misc.Unsafe.prefetchRead(Ljava/lang/Object;J)V name or signature does not match> (0x0000000782f07fa8) thrown at [C:\re\workspace\8-2-build-windows-amd64-cygwin\jdk8u101\7261\hotspot\src\share\vm\prims\¯~ð)Tï?
Event: 0.979 Thread 0x0000000002400800 Exception <a 'java/security/PrivilegedActionException'> (0x0000000782fdb188) thrown at [C:\re\workspace\8-2-build-windows-amd64-cygwin\jdk8u101\7261\hotspot\src\share\vm\prims\jvm.cpp, line 1386]
Event: 0.979 Thread 0x0000000002400800 Exception <a 'java/security/PrivilegedActionException'> (0x0000000782fdb398) thrown at [C:\re\workspace\8-2-build-windows-amd64-cygwin\jdk8u101\7261\hotspot\src\share\vm\prims\jvm.cpp, line 1386]
Event: 0.981 Thread 0x0000000002400800 Exception <a 'java/security/PrivilegedActionException'> (0x0000000782fdefe0) thrown at [C:\re\workspace\8-2-build-windows-amd64-cygwin\jdk8u101\7261\hotspot\src\share\vm\prims\jvm.cpp, line 1386]
Event: 0.981 Thread 0x0000000002400800 Exception <a 'java/security/PrivilegedActionException'> (0x0000000782fdf1f0) thrown at [C:\re\workspace\8-2-build-windows-amd64-cygwin\jdk8u101\7261\hotspot\src\share\vm\prims\jvm.cpp, line 1386]
Event: 0.990 Thread 0x0000000002400800 Exception <a 'java/io/FileNotFoundException'> (0x0000000782fe1610) thrown at [C:\re\workspace\8-2-build-windows-amd64-cygwin\jdk8u101\7261\hotspot\src\share\vm\prims\jni.cpp, line 709]
Event: 1.078 Thread 0x0000000002400800 Exception <a 'java/lang/NoSuchFieldError': method resolution failed> (0x000000078319a388) thrown at [C:\re\workspace\8-2-build-windows-amd64-cygwin\jdk8u101\7261\hotspot\src\share\vm\prims\methodHandles.cpp, line 1146]
Event: 1.081 Thread 0x0000000002400800 Exception <a 'java/lang/NoSuchFieldError': method resolution failed> (0x00000007831a7758) thrown at [C:\re\workspace\8-2-build-windows-amd64-cygwin\jdk8u101\7261\hotspot\src\share\vm\prims\methodHandles.cpp, line 1146]
Event: 1.157 Thread 0x0000000002400800 Exception <a 'java/io/FileNotFoundException'> (0x000000078323b680) thrown at [C:\re\workspace\8-2-build-windows-amd64-cygwin\jdk8u101\7261\hotspot\src\share\vm\prims\jni.cpp, line 709]

Events (10 events):
Event: 110.289 Thread 0x0000000021659000 Thread exited: 0x0000000021659000
Event: 110.290 loading class java/util/WeakHashMap$HashIterator
Event: 110.290 loading class java/util/WeakHashMap$HashIterator done
Event: 110.290 loading class java/util/WeakHashMap$KeyIterator done
Event: 110.290 Thread 0x0000000021778800 Thread exited: 0x0000000021778800
Event: 110.290 loading class sun/java2d/pipe/hw/AccelDeviceEventNotifier
Event: 110.291 loading class sun/java2d/pipe/hw/AccelDeviceEventNotifier done
Event: 110.363 Thread 0x0000000021582800 Thread exited: 0x0000000021582800
Event: 110.391 Thread 0x0000000021779800 Thread exited: 0x0000000021779800
Event: 110.391 Executing VM operation: Exit


Dynamic libraries:
0x00007ff7a9280000 - 0x00007ff7a92b7000 	C:\Program Files\Java\jre1.8.0_101\bin\javaw.exe
0x00007ffe28ac0000 - 0x00007ffe28c91000 	C:\WINDOWS\SYSTEM32\ntdll.dll
0x00007ffe28800000 - 0x00007ffe288ab000 	C:\WINDOWS\System32\KERNEL32.DLL
0x00007ffe252f0000 - 0x00007ffe2550d000 	C:\WINDOWS\System32\KERNELBASE.dll
0x00007ffe26620000 - 0x00007ffe266c2000 	C:\WINDOWS\System32\ADVAPI32.dll
0x00007ffe267b0000 - 0x00007ffe2684e000 	C:\WINDOWS\System32\msvcrt.dll
0x00007ffe28630000 - 0x00007ffe28689000 	C:\WINDOWS\System32\sechost.dll
0x00007ffe26850000 - 0x00007ffe26971000 	C:\WINDOWS\System32\RPCRT4.dll
0x00007ffe28950000 - 0x00007ffe28ab5000 	C:\WINDOWS\System32\USER32.dll
0x00007ffe25ed0000 - 0x00007ffe25eee000 	C:\WINDOWS\System32\win32u.dll
0x00007ffe270c0000 - 0x00007ffe270f4000 	C:\WINDOWS\System32\GDI32.dll
0x00007ffe250b0000 - 0x00007ffe25232000 	C:\WINDOWS\System32\gdi32full.dll
0x00007ffe1ca70000 - 0x00007ffe1cce9000 	C:\WINDOWS\WinSxS\amd64_microsoft.windows.common-controls_6595b64144ccf1df_6.0.14393.0_none_2d0f50fcbdb171b8\COMCTL32.dll
0x00007ffe26170000 - 0x00007ffe26437000 	C:\WINDOWS\System32\combase.dll
0x00007ffe24fb0000 - 0x00007ffe250a5000 	C:\WINDOWS\System32\ucrtbase.dll
0x00007ffe255b0000 - 0x00007ffe2561a000 	C:\WINDOWS\System32\bcryptPrimitives.dll
0x00007ffe26f50000 - 0x00007ffe26f7e000 	C:\WINDOWS\System32\IMM32.DLL
0x000000006c210000 - 0x000000006c2e2000 	C:\Program Files\Java\jre1.8.0_101\bin\msvcr100.dll
0x000000006cd40000 - 0x000000006d5da000 	C:\Program Files\Java\jre1.8.0_101\bin\server\jvm.dll
0x00007ffe26150000 - 0x00007ffe26158000 	C:\WINDOWS\System32\PSAPI.DLL
0x00007ffe22470000 - 0x00007ffe22493000 	C:\WINDOWS\SYSTEM32\WINMM.dll
0x00007ffe20300000 - 0x00007ffe2030a000 	C:\WINDOWS\SYSTEM32\VERSION.dll
0x00007ffe18cb0000 - 0x00007ffe18cb9000 	C:\WINDOWS\SYSTEM32\WSOCK32.dll
0x00007ffe22350000 - 0x00007ffe2237b000 	C:\WINDOWS\SYSTEM32\WINMMBASE.dll
0x00007ffe266d0000 - 0x00007ffe2673a000 	C:\WINDOWS\System32\WS2_32.dll
0x00007ffe252a0000 - 0x00007ffe252e2000 	C:\WINDOWS\System32\cfgmgr32.dll
0x000000006cd30000 - 0x000000006cd3f000 	C:\Program Files\Java\jre1.8.0_101\bin\verify.dll
0x000000006cd00000 - 0x000000006cd29000 	C:\Program Files\Java\jre1.8.0_101\bin\java.dll
0x000000006cce0000 - 0x000000006ccf6000 	C:\Program Files\Java\jre1.8.0_101\bin\zip.dll
0x00007ffe27120000 - 0x00007ffe28628000 	C:\WINDOWS\System32\SHELL32.dll
0x00007ffe25620000 - 0x00007ffe25cfa000 	C:\WINDOWS\System32\windows.storage.dll
0x00007ffe24f20000 - 0x00007ffe24f6c000 	C:\WINDOWS\System32\powrprof.dll
0x00007ffe265c0000 - 0x00007ffe26612000 	C:\WINDOWS\System32\shlwapi.dll
0x00007ffe24f70000 - 0x00007ffe24f7f000 	C:\WINDOWS\System32\kernel.appcore.dll
0x00007ffe25fa0000 - 0x00007ffe26049000 	C:\WINDOWS\System32\shcore.dll
0x00007ffe24f80000 - 0x00007ffe24f94000 	C:\WINDOWS\System32\profapi.dll
0x00007ffe0a3c0000 - 0x00007ffe0ad95000 	C:\Program Files\Java\jre1.8.0_101\bin\opencv_java2413.dll
0x00007ffe26f80000 - 0x00007ffe270b7000 	C:\WINDOWS\System32\ole32.dll
0x00007ffe17df0000 - 0x00007ffe17e19000 	C:\WINDOWS\SYSTEM32\MSVFW32.dll
0x00007ffe264a0000 - 0x00007ffe2655f000 	C:\WINDOWS\System32\OLEAUT32.dll
0x00007ffe17dd0000 - 0x00007ffe17df0000 	C:\WINDOWS\SYSTEM32\AVIFIL32.dll
0x00007ffe25510000 - 0x00007ffe255ac000 	C:\WINDOWS\System32\msvcp_win.dll
0x00007ffe0f440000 - 0x00007ffe0f458000 	C:\WINDOWS\SYSTEM32\AVICAP32.dll
0x00007ffe0f2a0000 - 0x00007ffe0f2bc000 	C:\WINDOWS\SYSTEM32\MSACM32.dll
0x00007ffe236b0000 - 0x00007ffe23745000 	C:\WINDOWS\system32\uxtheme.dll
0x00007ffe115d0000 - 0x00007ffe11668000 	C:\Program Files\Common Files\microsoft shared\ink\tiptsf.dll
0x00007ffe288b0000 - 0x00007ffe2894f000 	C:\WINDOWS\System32\clbcatq.dll
0x00007ffe0f420000 - 0x00007ffe0f438000 	C:\Windows\System32\devenum.dll
0x00007ffe26b20000 - 0x00007ffe26f49000 	C:\WINDOWS\System32\setupapi.dll
0x00007ffe242d0000 - 0x00007ffe24302000 	C:\WINDOWS\SYSTEM32\ntmarta.dll
0x00007ffe23b40000 - 0x00007ffe23b68000 	C:\WINDOWS\SYSTEM32\DEVOBJ.dll
0x00007ffe25240000 - 0x00007ffe25295000 	C:\WINDOWS\System32\WINTRUST.dll
0x00007ffe24fa0000 - 0x00007ffe24fb0000 	C:\WINDOWS\System32\MSASN1.dll
0x00007ffe25d00000 - 0x00007ffe25ec8000 	C:\WINDOWS\System32\CRYPT32.dll
0x00007ffe1d5d0000 - 0x00007ffe1d5da000 	C:\WINDOWS\SYSTEM32\msdmo.dll
0x00007ffe0f3e0000 - 0x00007ffe0f413000 	C:\Windows\System32\qcap.dll
0x00007ffe0c100000 - 0x00007ffe0c2c3000 	C:\Windows\System32\quartz.dll
0x00007ffe24dc0000 - 0x00007ffe24deb000 	C:\Windows\System32\bcrypt.dll
0x00007ffe286a0000 - 0x00007ffe287fb000 	C:\WINDOWS\System32\MSCTF.dll
0x00007ffe226a0000 - 0x00007ffe226c6000 	C:\WINDOWS\system32\dwmapi.dll
0x00007ffe0f390000 - 0x00007ffe0f3d8000 	C:\Windows\System32\mfksproxy.dll
0x00007ffe14da0000 - 0x00007ffe14dbc000 	C:\Windows\System32\ATL.DLL
0x00007ffe22130000 - 0x00007ffe22298000 	C:\Windows\System32\MFPlat.DLL
0x00007ffe21fe0000 - 0x00007ffe2200e000 	C:\Windows\System32\RTWorkQ.DLL
0x00007ffe0b050000 - 0x00007ffe0b43b000 	C:\Windows\System32\MFCORE.dll
0x00007ffe10140000 - 0x00007ffe10149000 	C:\Windows\System32\ksuser.dll
0x00007ffe24990000 - 0x00007ffe2499b000 	C:\Windows\System32\CRYPTBASE.DLL
0x00007ffe0dfd0000 - 0x00007ffe0e023000 	C:\Windows\System32\FSClient.dll
0x00007ffe0f250000 - 0x00007ffe0f29d000 	C:\Windows\System32\MFSENSORGROUP.dll
0x00007ffe21b50000 - 0x00007ffe21b5b000 	C:\Windows\System32\AVRT.dll
0x00007ffe1c040000 - 0x00007ffe1c04d000 	C:\Windows\System32\vidcap.ax
0x00007ffe0f2d0000 - 0x00007ffe0f2f5000 	C:\Windows\System32\kswdmcap.ax
0x00007ffe09fe0000 - 0x00007ffe0a143000 	C:\Windows\System32\MFC42.dll
0x00007ffe0ae50000 - 0x00007ffe0aeff000 	C:\Windows\System32\ODBC32.dll
0x00007ffe24810000 - 0x00007ffe2481a000 	C:\Windows\System32\DPAPI.dll
0x00007ffe1b300000 - 0x00007ffe1b343000 	C:\WINDOWS\SYSTEM32\policymanager.dll
0x00007ffe238e0000 - 0x00007ffe23971000 	C:\Windows\System32\msvcp110_win.dll
0x00007ffe08b20000 - 0x00007ffe08bf4000 	C:\Windows\System32\MFReadWrite.dll
0x00007ffe09f30000 - 0x00007ffe09fd3000 	C:\Windows\System32\qedit.dll
0x00007ffe26050000 - 0x00007ffe2614a000 	C:\WINDOWS\System32\COMDLG32.dll
0x00007ffe1c8d0000 - 0x00007ffe1ca69000 	C:\WINDOWS\WinSxS\amd64_microsoft.windows.gdiplus_6595b64144ccf1df_1.1.14393.187_none_730402f52114ff50\gdiplus.dll
0x00007ffe09db0000 - 0x00007ffe09ea7000 	C:\Windows\System32\DDRAW.dll
0x00007ffe15b70000 - 0x00007ffe15b78000 	C:\Windows\System32\DCIMAN32.dll
0x00007ffe12700000 - 0x00007ffe1270c000 	C:\WINDOWS\SYSTEM32\msyuv.dll
0x000000006d5f0000 - 0x000000006d788000 	C:\Program Files\Java\jre1.8.0_101\bin\awt.dll
0x00007ffe233c0000 - 0x00007ffe2343a000 	C:\WINDOWS\SYSTEM32\apphelp.dll
0x00007ffe1ec00000 - 0x00007ffe1edab000 	C:\Windows\System32\uiautomationcore.dll
0x00007ffe24870000 - 0x00007ffe2488f000 	C:\Windows\System32\USERENV.dll
0x00007ffe24df0000 - 0x00007ffe24e88000 	C:\WINDOWS\SYSTEM32\sxs.dll
0x000000006c340000 - 0x000000006c387000 	C:\Program Files\Java\jre1.8.0_101\bin\fontmanager.dll
0x000000006ccc0000 - 0x000000006ccda000 	C:\Program Files\Java\jre1.8.0_101\bin\net.dll
0x00007ffe24590000 - 0x00007ffe245ec000 	C:\WINDOWS\system32\mswsock.dll
0x000000006cca0000 - 0x000000006ccb1000 	C:\Program Files\Java\jre1.8.0_101\bin\nio.dll
0x000000006c2f0000 - 0x000000006c332000 	C:\Program Files\Java\jre1.8.0_101\bin\t2k.dll
0x00007ffe21510000 - 0x00007ffe216b8000 	C:\WINDOWS\SYSTEM32\WindowsCodecs.dll
0x00007ffe0f4d0000 - 0x00007ffe0f519000 	C:\WINDOWS\system32\dataexchange.dll
0x00007ffe22da0000 - 0x00007ffe22ef1000 	C:\WINDOWS\system32\dcomp.dll
0x00007ffe22ae0000 - 0x00007ffe22d96000 	C:\WINDOWS\system32\d3d11.dll
0x00007ffe23f60000 - 0x00007ffe23fff000 	C:\WINDOWS\system32\dxgi.dll
0x00007ffe23980000 - 0x00007ffe23a9c000 	C:\WINDOWS\system32\twinapi.appcore.dll
0x00007ffe249a0000 - 0x00007ffe249b7000 	C:\WINDOWS\SYSTEM32\CRYPTSP.dll
0x00007ffe247d0000 - 0x00007ffe24803000 	C:\WINDOWS\system32\rsaenh.dll
0x00007ffe24340000 - 0x00007ffe24378000 	C:\WINDOWS\SYSTEM32\IPHLPAPI.DLL
0x00007ffe28690000 - 0x00007ffe28698000 	C:\WINDOWS\System32\NSI.dll
0x00007ffe21410000 - 0x00007ffe21426000 	C:\WINDOWS\SYSTEM32\dhcpcsvc6.DLL
0x00007ffe21ab0000 - 0x00007ffe21aca000 	C:\WINDOWS\SYSTEM32\dhcpcsvc.DLL
0x000000006c1d0000 - 0x000000006c201000 	C:\Program Files\Java\jre1.8.0_101\bin\jpeg.dll
0x00007ffe1b710000 - 0x00007ffe1b775000 	C:\Windows\System32\OLEACC.dll
0x00007ffe118c0000 - 0x00007ffe1193d000 	C:\WINDOWS\SYSTEM32\twinapi.dll
0x00007ffe15970000 - 0x00007ffe15b02000 	C:\WINDOWS\SYSTEM32\dbghelp.dll

VM Arguments:
jvm_args: -Dfile.encoding=Cp1252 
java_command: Test
java_class_path (initial): C:\Users\Ryan McGee\workspace\OpenCV_Test\bin;C:\OpenCV\opencv\build\java\opencv-2413.jar
Launcher Type: SUN_STANDARD

Environment Variables:
PATH=C:/Program Files/Java/jre1.8.0_101/bin/server;C:/Program Files/Java/jre1.8.0_101/bin;C:/Program Files/Java/jre1.8.0_101/lib/amd64;C:\ProgramData\Oracle\Java\javapath;C:\WINDOWS\system32;C:\WINDOWS;C:\WINDOWS\System32\Wbem;C:\WINDOWS\System32\WindowsPowerShell\v1.0\;C:\OpenCV\opencv\build\x64\vc12\bin;C:\Users\Ryan McGee\AppData\Local\Microsoft\WindowsApps;;C:\Users\Ryan McGee\Desktop\backup\eclipse-java-mars-2-win32-x86_64\eclipse;
USERNAME=Ryan McGee
OS=Windows_NT
PROCESSOR_IDENTIFIER=AMD64 Family 21 Model 96 Stepping 1, AuthenticAMD



---------------  S Y S T E M  ---------------

OS: Windows 10.0 , 64 bit Build 14393 (10.0.14393.0)

CPU:total 4 (4 cores per cpu, 1 threads per core) family 21 model 96 stepping 1, cmov, cx8, fxsr, mmx, sse, sse2, sse3, ssse3, sse4.1, sse4.2, popcnt, avx, avx2, aes, clmul, mmxext, 3dnowpref, lzcnt, sse4a, tsc, tscinvbit, tscinv, bmi1

Memory: 4k page, physical 12005976k(8269956k free), swap 13840984k(9440212k free)

vm_info: Java HotSpot(TM) 64-Bit Server VM (25.101-b13) for windows-amd64 JRE (1.8.0_101-b13), built on Jun 22 2016 01:21:29 by "java_re" with MS VC++ 10.0 (VS2010)

time: Fri Sep 30 18:50:47 2016
elapsed time: 111 seconds (0d 0h 1m 51s)

