#
# A fatal error has been detected by the Java Runtime Environment:
#
#  Internal Error (0xc000000d), pid=1516, tid=0x0000000000001ee4
#
# JRE version: Java(TM) SE Runtime Environment (8.0_101-b13) (build 1.8.0_101-b13)
# Java VM: Java HotSpot(TM) 64-Bit Server VM (25.101-b13 mixed mode windows-amd64 compressed oops)
# Problematic frame:
# C  [ntdll.dll+0xfe5bc]
#
# Failed to write core dump. Minidumps are not enabled by default on client versions of Windows
#
# If you would like to submit a bug report, please visit:
#   http://bugreport.java.com/bugreport/crash.jsp
#

---------------  T H R E A D  ---------------

Current thread (0x00000000197c6800):  VMThread [stack: 0x000000001a870000,0x000000001a970000] [id=7908]

siginfo: ExceptionCode=0xc000000d

Registers:
RAX=0x0000000000007fe8, RBX=0x000000001e948090, RCX=0x0000000000000010, RDX=0x0000000000007fd8
RSP=0x000000001a96efb0, RBP=0x0000000000000000, RSI=0x000000001be053a0, RDI=0x000000000117eb10
R8 =0x0000000000000000, R9 =0x0000000000010388, R10=0x0000000025007d50, R11=0x0000000025007d50
R12=0x0000000000000000, R13=0x00000000ffffffff, R14=0x000000001bdf24f0, R15=0x000000001be053a0
RIP=0x00007ffe28bbe5bc, EFLAGS=0x0000000000000202

Top of Stack: (sp=0x000000001a96efb0)
0x000000001a96efb0:   0000000000000057 000000001e948090
0x000000001a96efc0:   000000001be053a0 000000000117eb10
0x000000001a96efd0:   00000000c000000d 0000000000000000
0x000000001a96efe0:   00007ffe28bbe5bc 0000000000000000
0x000000001a96eff0:   0000000000000000 0000000000000000
0x000000001a96f000:   0000000000000000 0000000000000000
0x000000001a96f010:   0000000000000000 0000000000000000
0x000000001a96f020:   0000000000000000 0000000000000000
0x000000001a96f030:   0000000000000000 0000000000000000
0x000000001a96f040:   0000000000000000 0000000000000000
0x000000001a96f050:   0000000000000000 0000000000000000
0x000000001a96f060:   0000000000000000 00007ffe28afc468
0x000000001a96f070:   0000f1a9c628d440 0000000000000000
0x000000001a96f080:   0000f1a9c628cbf0 00007ffe28b809fb
0x000000001a96f090:   0000000000000001 00007ffe08b3e8db
0x000000001a96f0a0:   0000000000cf9cd0 0000000002000002 

Instructions: (pc=0x00007ffe28bbe5bc)
0x00007ffe28bbe59c:   d1 fa ff c7 44 24 20 0d 00 00 c0 b9 57 00 00 00
0x00007ffe28bbe5ac:   e8 cf 0f f6 ff 90 48 8d 4c 24 20 e8 54 bb f4 ff
0x00007ffe28bbe5bc:   eb 00 48 8b 8c 24 c0 00 00 00 48 33 cc e8 82 70
0x00007ffe28bbe5cc:   f9 ff 48 81 c4 d8 00 00 00 c3 40 55 48 83 ec 20 


Register to memory mapping:

RAX=0x0000000000007fe8 is an unknown value
RBX=0x000000001e948090 is an unknown value
RCX=0x0000000000000010 is an unknown value
RDX=0x0000000000007fd8 is an unknown value
RSP=0x000000001a96efb0 is an unknown value
RBP=0x0000000000000000 is an unknown value
RSI=0x000000001be053a0 is an unknown value
RDI=0x000000000117eb10 is an unknown value
R8 =0x0000000000000000 is an unknown value
R9 =0x0000000000010388 is an unknown value
R10=0x0000000025007d50 is an unknown value
R11=0x0000000025007d50 is an unknown value
R12=0x0000000000000000 is an unknown value
R13=0x00000000ffffffff is an unknown value
R14=0x000000001bdf24f0 is an unknown value
R15=0x000000001be053a0 is an unknown value


Stack: [0x000000001a870000,0x000000001a970000],  sp=0x000000001a96efb0,  free space=1019k
Native frames: (J=compiled Java code, j=interpreted, Vv=VM code, C=native code)

VM_Operation (0x0000000022cdd260): Exit, mode: safepoint, requested by thread 0x000000001b54f800


---------------  P R O C E S S  ---------------

Java Threads: ( => current thread )
  0x0000000021ca8800 JavaThread "TimerQueue" daemon [_thread_blocked, id=7944, stack(0x00000000262f0000,0x00000000263f0000)]
  0x0000000021c58000 JavaThread "Thread-3" [_thread_blocked, id=4956, stack(0x0000000025800000,0x0000000025900000)]
  0x000000001b54f800 JavaThread "AWT-EventQueue-0" [_thread_blocked, id=2148, stack(0x0000000022be0000,0x0000000022ce0000)]
  0x000000001b52c800 JavaThread "AWT-Shutdown" [_thread_blocked, id=1060, stack(0x00000000223e0000,0x00000000224e0000)]
  0x000000001b52b000 JavaThread "Java2D Disposer" daemon [_thread_blocked, id=4772, stack(0x00000000222e0000,0x00000000223e0000)]
  0x000000001b190800 JavaThread "Service Thread" daemon [_thread_blocked, id=4340, stack(0x000000001b560000,0x000000001b660000)]
  0x000000001982f800 JavaThread "C1 CompilerThread2" daemon [_thread_blocked, id=4240, stack(0x000000001b060000,0x000000001b160000)]
  0x0000000019800800 JavaThread "C2 CompilerThread1" daemon [_thread_blocked, id=6548, stack(0x000000001af60000,0x000000001b060000)]
  0x00000000197fc000 JavaThread "C2 CompilerThread0" daemon [_thread_blocked, id=2480, stack(0x000000001ae60000,0x000000001af60000)]
  0x00000000197fa800 JavaThread "Attach Listener" daemon [_thread_blocked, id=3840, stack(0x000000001ad60000,0x000000001ae60000)]
  0x00000000197ea800 JavaThread "Finalizer" daemon [_thread_blocked, id=7540, stack(0x000000001aa70000,0x000000001ab70000)]
  0x0000000002b8f000 JavaThread "Reference Handler" daemon [_thread_blocked, id=5180, stack(0x000000001a970000,0x000000001aa70000)]
  0x0000000002aa0800 JavaThread "main" [_thread_in_native, id=2720, stack(0x00000000029a0000,0x0000000002aa0000)]

Other Threads:
=>0x00000000197c6800 VMThread [stack: 0x000000001a870000,0x000000001a970000] [id=7908]

VM state:at safepoint (shutting down)

VM Mutex/Monitor currently owned by a thread:  ([mutex/lock_event])
[0x000000000107b4c0] Threads_lock - owner thread: 0x00000000197c6800

Heap:
 PSYoungGen      total 28672K, used 18380K [0x0000000782f00000, 0x0000000784d00000, 0x00000007c0000000)
  eden space 27648K, 63% used [0x0000000782f00000,0x0000000784035050,0x0000000784a00000)
  from space 1024K, 74% used [0x0000000784a00000,0x0000000784abe020,0x0000000784b00000)
  to   space 1536K, 0% used [0x0000000784b80000,0x0000000784b80000,0x0000000784d00000)
 ParOldGen       total 125952K, used 3896K [0x0000000708c00000, 0x0000000710700000, 0x0000000782f00000)
  object space 125952K, 3% used [0x0000000708c00000,0x0000000708fce388,0x0000000710700000)
 Metaspace       used 13475K, capacity 13728K, committed 13952K, reserved 1060864K
  class space    used 1547K, capacity 1647K, committed 1664K, reserved 1048576K

Card table byte_map: [0x0000000011f60000,0x0000000012520000] byte_map_base: 0x000000000e71a000

Marking Bits: (ParMarkBitMap*) 0x000000006d55a6d0
 Begin Bits: [0x0000000012d00000, 0x0000000015ad0000)
 End Bits:   [0x0000000015ad0000, 0x00000000188a0000)

Polling page: 0x0000000001060000

CodeCache: size=245760Kb used=9192Kb max_used=9255Kb free=236567Kb
 bounds [0x0000000002ba0000, 0x00000000034f0000, 0x0000000011ba0000]
 total_blobs=3029 nmethods=2426 adapters=516
 compilation: enabled

Compilation events (10 events):
Event: 398.004 Thread 0x000000001982f800 2837       3       java.util.concurrent.locks.AbstractQueuedSynchronizer::transferForSignal (45 bytes)
Event: 398.005 Thread 0x000000001982f800 nmethod 2837 0x0000000002eecb10 code [0x0000000002eecca0, 0x0000000002eed178]
Event: 398.102 Thread 0x000000001982f800 2838   !   3       javax.swing.Timer::stop (46 bytes)
Event: 398.103 Thread 0x000000001982f800 nmethod 2838 0x0000000002ef6d90 code [0x0000000002ef6f60, 0x0000000002ef7608]
Event: 398.103 Thread 0x000000001982f800 2839   !   3       javax.swing.TimerQueue::removeTimer (58 bytes)
Event: 398.105 Thread 0x000000001982f800 nmethod 2839 0x00000000030e9710 code [0x00000000030e9940, 0x00000000030ea538]
Event: 416.249 Thread 0x00000000197fc000 2840       4       java.util.Arrays::copyOf (19 bytes)
Event: 416.252 Thread 0x00000000197fc000 nmethod 2840 0x000000000301c450 code [0x000000000301c5a0, 0x000000000301c778]
Event: 424.162 Thread 0x0000000019800800 2841       4       javax.swing.JLabel::updateUI (12 bytes)
Event: 424.163 Thread 0x0000000019800800 nmethod 2841 0x0000000003150c10 code [0x0000000003150d60, 0x0000000003150e78]

GC Heap History (10 events):
Event: 404.748 GC heap before
{Heap before GC invocations=81 (full 0):
 PSYoungGen      total 29696K, used 28800K [0x0000000782f00000, 0x0000000784e00000, 0x00000007c0000000)
  eden space 27648K, 100% used [0x0000000782f00000,0x0000000784a00000,0x0000000784a00000)
  from space 2048K, 56% used [0x0000000784c00000,0x0000000784d201a0,0x0000000784e00000)
  to   space 2048K, 0% used [0x0000000784a00000,0x0000000784a00000,0x0000000784c00000)
 ParOldGen       total 125952K, used 3792K [0x0000000708c00000, 0x0000000710700000, 0x0000000782f00000)
  object space 125952K, 3% used [0x0000000708c00000,0x0000000708fb4388,0x0000000710700000)
 Metaspace       used 13464K, capacity 13728K, committed 13952K, reserved 1060864K
  class space    used 1545K, capacity 1647K, committed 1664K, reserved 1048576K
Event: 404.750 GC heap after
Heap after GC invocations=81 (full 0):
 PSYoungGen      total 29696K, used 1092K [0x0000000782f00000, 0x0000000784e00000, 0x00000007c0000000)
  eden space 27648K, 0% used [0x0000000782f00000,0x0000000782f00000,0x0000000784a00000)
  from space 2048K, 53% used [0x0000000784a00000,0x0000000784b11030,0x0000000784c00000)
  to   space 2048K, 0% used [0x0000000784c00000,0x0000000784c00000,0x0000000784e00000)
 ParOldGen       total 125952K, used 3816K [0x0000000708c00000, 0x0000000710700000, 0x0000000782f00000)
  object space 125952K, 3% used [0x0000000708c00000,0x0000000708fba388,0x0000000710700000)
 Metaspace       used 13464K, capacity 13728K, committed 13952K, reserved 1060864K
  class space    used 1545K, capacity 1647K, committed 1664K, reserved 1048576K
}
Event: 409.025 GC heap before
{Heap before GC invocations=82 (full 0):
 PSYoungGen      total 29696K, used 28664K [0x0000000782f00000, 0x0000000784e00000, 0x00000007c0000000)
  eden space 27648K, 99% used [0x0000000782f00000,0x00000007849ed200,0x0000000784a00000)
  from space 2048K, 53% used [0x0000000784a00000,0x0000000784b11030,0x0000000784c00000)
  to   space 2048K, 0% used [0x0000000784c00000,0x0000000784c00000,0x0000000784e00000)
 ParOldGen       total 125952K, used 3816K [0x0000000708c00000, 0x0000000710700000, 0x0000000782f00000)
  object space 125952K, 3% used [0x0000000708c00000,0x0000000708fba388,0x0000000710700000)
 Metaspace       used 13464K, capacity 13728K, committed 13952K, reserved 1060864K
  class space    used 1545K, capacity 1647K, committed 1664K, reserved 1048576K
Event: 409.028 GC heap after
Heap after GC invocations=82 (full 0):
 PSYoungGen      total 29696K, used 1092K [0x0000000782f00000, 0x0000000784e00000, 0x00000007c0000000)
  eden space 27648K, 0% used [0x0000000782f00000,0x0000000782f00000,0x0000000784a00000)
  from space 2048K, 53% used [0x0000000784c00000,0x0000000784d11278,0x0000000784e00000)
  to   space 2048K, 0% used [0x0000000784a00000,0x0000000784a00000,0x0000000784c00000)
 ParOldGen       total 125952K, used 3832K [0x0000000708c00000, 0x0000000710700000, 0x0000000782f00000)
  object space 125952K, 3% used [0x0000000708c00000,0x0000000708fbe388,0x0000000710700000)
 Metaspace       used 13464K, capacity 13728K, committed 13952K, reserved 1060864K
  class space    used 1545K, capacity 1647K, committed 1664K, reserved 1048576K
}
Event: 413.434 GC heap before
{Heap before GC invocations=83 (full 0):
 PSYoungGen      total 29696K, used 28566K [0x0000000782f00000, 0x0000000784e00000, 0x00000007c0000000)
  eden space 27648K, 99% used [0x0000000782f00000,0x00000007849d46f0,0x0000000784a00000)
  from space 2048K, 53% used [0x0000000784c00000,0x0000000784d11278,0x0000000784e00000)
  to   space 2048K, 0% used [0x0000000784a00000,0x0000000784a00000,0x0000000784c00000)
 ParOldGen       total 125952K, used 3832K [0x0000000708c00000, 0x0000000710700000, 0x0000000782f00000)
  object space 125952K, 3% used [0x0000000708c00000,0x0000000708fbe388,0x0000000710700000)
 Metaspace       used 13464K, capacity 13728K, committed 13952K, reserved 1060864K
  class space    used 1545K, capacity 1647K, committed 1664K, reserved 1048576K
Event: 413.435 GC heap after
Heap after GC invocations=83 (full 0):
 PSYoungGen      total 29696K, used 1060K [0x0000000782f00000, 0x0000000784e00000, 0x00000007c0000000)
  eden space 27648K, 0% used [0x0000000782f00000,0x0000000782f00000,0x0000000784a00000)
  from space 2048K, 51% used [0x0000000784a00000,0x0000000784b09030,0x0000000784c00000)
  to   space 2048K, 0% used [0x0000000784c00000,0x0000000784c00000,0x0000000784e00000)
 ParOldGen       total 125952K, used 3856K [0x0000000708c00000, 0x0000000710700000, 0x0000000782f00000)
  object space 125952K, 3% used [0x0000000708c00000,0x0000000708fc4388,0x0000000710700000)
 Metaspace       used 13464K, capacity 13728K, committed 13952K, reserved 1060864K
  class space    used 1545K, capacity 1647K, committed 1664K, reserved 1048576K
}
Event: 417.744 GC heap before
{Heap before GC invocations=84 (full 0):
 PSYoungGen      total 29696K, used 28708K [0x0000000782f00000, 0x0000000784e00000, 0x00000007c0000000)
  eden space 27648K, 100% used [0x0000000782f00000,0x0000000784a00000,0x0000000784a00000)
  from space 2048K, 51% used [0x0000000784a00000,0x0000000784b09030,0x0000000784c00000)
  to   space 2048K, 0% used [0x0000000784c00000,0x0000000784c00000,0x0000000784e00000)
 ParOldGen       total 125952K, used 3856K [0x0000000708c00000, 0x0000000710700000, 0x0000000782f00000)
  object space 125952K, 3% used [0x0000000708c00000,0x0000000708fc4388,0x0000000710700000)
 Metaspace       used 13464K, capacity 13728K, committed 13952K, reserved 1060864K
  class space    used 1545K, capacity 1647K, committed 1664K, reserved 1048576K
Event: 417.746 GC heap after
Heap after GC invocations=84 (full 0):
 PSYoungGen      total 29696K, used 1028K [0x0000000782f00000, 0x0000000784e00000, 0x00000007c0000000)
  eden space 27648K, 0% used [0x0000000782f00000,0x0000000782f00000,0x0000000784a00000)
  from space 2048K, 50% used [0x0000000784c00000,0x0000000784d01030,0x0000000784e00000)
  to   space 2048K, 0% used [0x0000000784a00000,0x0000000784a00000,0x0000000784c00000)
 ParOldGen       total 125952K, used 3872K [0x0000000708c00000, 0x0000000710700000, 0x0000000782f00000)
  object space 125952K, 3% used [0x0000000708c00000,0x0000000708fc8388,0x0000000710700000)
 Metaspace       used 13464K, capacity 13728K, committed 13952K, reserved 1060864K
  class space    used 1545K, capacity 1647K, committed 1664K, reserved 1048576K
}
Event: 421.989 GC heap before
{Heap before GC invocations=85 (full 0):
 PSYoungGen      total 29696K, used 28676K [0x0000000782f00000, 0x0000000784e00000, 0x00000007c0000000)
  eden space 27648K, 100% used [0x0000000782f00000,0x0000000784a00000,0x0000000784a00000)
  from space 2048K, 50% used [0x0000000784c00000,0x0000000784d01030,0x0000000784e00000)
  to   space 2048K, 0% used [0x0000000784a00000,0x0000000784a00000,0x0000000784c00000)
 ParOldGen       total 125952K, used 3872K [0x0000000708c00000, 0x0000000710700000, 0x0000000782f00000)
  object space 125952K, 3% used [0x0000000708c00000,0x0000000708fc8388,0x0000000710700000)
 Metaspace       used 13464K, capacity 13728K, committed 13952K, reserved 1060864K
  class space    used 1545K, capacity 1647K, committed 1664K, reserved 1048576K
Event: 421.990 GC heap after
Heap after GC invocations=85 (full 0):
 PSYoungGen      total 28672K, used 760K [0x0000000782f00000, 0x0000000784d00000, 0x00000007c0000000)
  eden space 27648K, 0% used [0x0000000782f00000,0x0000000782f00000,0x0000000784a00000)
  from space 1024K, 74% used [0x0000000784a00000,0x0000000784abe020,0x0000000784b00000)
  to   space 1536K, 0% used [0x0000000784b80000,0x0000000784b80000,0x0000000784d00000)
 ParOldGen       total 125952K, used 3896K [0x0000000708c00000, 0x0000000710700000, 0x0000000782f00000)
  object space 125952K, 3% used [0x0000000708c00000,0x0000000708fce388,0x0000000710700000)
 Metaspace       used 13464K, capacity 13728K, committed 13952K, reserved 1060864K
  class space    used 1545K, capacity 1647K, committed 1664K, reserved 1048576K
}

Deoptimization events (10 events):
Event: 239.937 Thread 0x000000001b52f800 Uncommon trap: reason=unstable_if action=reinterpret pc=0x00000000033e2100 method=java.util.concurrent.locks.AbstractQueuedSynchronizer.acquireQueued(Ljava/util/concurrent/locks/AbstractQueuedSynchronizer$Node;I)Z @ 17
Event: 239.937 Thread 0x000000001b54f800 Uncommon trap: reason=unstable_if action=reinterpret pc=0x000000000332bf60 method=java.util.concurrent.locks.AbstractQueuedSynchronizer.isOnSyncQueue(Ljava/util/concurrent/locks/AbstractQueuedSynchronizer$Node;)Z @ 22
Event: 319.824 Thread 0x000000001b52f800 Uncommon trap: reason=unstable_if action=reinterpret pc=0x00000000030b0c30 method=java.util.concurrent.locks.ReentrantLock$Sync.nonfairTryAcquire(I)Z @ 19
Event: 351.728 Thread 0x0000000021bc3800 Uncommon trap: reason=unstable_if action=reinterpret pc=0x0000000003074840 method=java.util.concurrent.locks.ReentrantLock$Sync.nonfairTryAcquire(I)Z @ 19
Event: 391.984 Thread 0x0000000021ca8800 Uncommon trap: reason=unstable_if action=reinterpret pc=0x0000000002db48a4 method=java.util.concurrent.locks.AbstractQueuedSynchronizer.transferForSignal(Ljava/util/concurrent/locks/AbstractQueuedSynchronizer$Node;)Z @ 7
Event: 424.379 Thread 0x000000001b54f800 Uncommon trap: reason=speculate_class_check action=maybe_recompile pc=0x0000000003469950 method=java.awt.DefaultKeyboardFocusManager.dispatchEvent(Ljava/awt/AWTEvent;)Z @ 817
Event: 424.379 Thread 0x000000001b54f800 Uncommon trap: reason=class_check action=maybe_recompile pc=0x0000000002ee8938 method=sun.awt.im.InputContext.dispatchEvent(Ljava/awt/AWTEvent;)V @ 97
Event: 424.381 Thread 0x000000001b54f800 Uncommon trap: reason=unstable_if action=reinterpret pc=0x0000000002e11fe0 method=java.awt.Component.eventTypeEnabled(I)Z @ 257
Event: 424.514 Thread 0x000000001b52f800 Uncommon trap: reason=unstable_if action=reinterpret pc=0x0000000002db0cbc method=sun.awt.windows.WWindowPeer.preprocessPostEvent(Ljava/awt/AWTEvent;)V @ 4
Event: 424.514 Thread 0x000000001b54f800 Uncommon trap: reason=unstable_if action=reinterpret pc=0x0000000003357418 method=java.util.IdentityHashMap.keySet()Ljava/util/Set; @ 6

Internal exceptions (10 events):
Event: 0.053 Thread 0x0000000002aa0800 Exception <a 'java/lang/NoSuchMethodError': Method sun.misc.Unsafe.defineClass(Ljava/lang/String;[BII)Ljava/lang/Class; name or signature does not match> (0x0000000782f07cc0) thrown at [C:\re\workspace\8-2-build-windows-amd64-cygwin\jdk8u101\7261\hotspot\s6˜)”úª?
Event: 0.053 Thread 0x0000000002aa0800 Exception <a 'java/lang/NoSuchMethodError': Method sun.misc.Unsafe.prefetchRead(Ljava/lang/Object;J)V name or signature does not match> (0x0000000782f07fa8) thrown at [C:\re\workspace\8-2-build-windows-amd64-cygwin\jdk8u101\7261\hotspot\src\share\vm\prims\*¾zÂL
Event: 1.063 Thread 0x0000000002aa0800 Exception <a 'java/security/PrivilegedActionException'> (0x0000000782fdb0c0) thrown at [C:\re\workspace\8-2-build-windows-amd64-cygwin\jdk8u101\7261\hotspot\src\share\vm\prims\jvm.cpp, line 1386]
Event: 1.063 Thread 0x0000000002aa0800 Exception <a 'java/security/PrivilegedActionException'> (0x0000000782fdb2d0) thrown at [C:\re\workspace\8-2-build-windows-amd64-cygwin\jdk8u101\7261\hotspot\src\share\vm\prims\jvm.cpp, line 1386]
Event: 1.064 Thread 0x0000000002aa0800 Exception <a 'java/security/PrivilegedActionException'> (0x0000000782fdef18) thrown at [C:\re\workspace\8-2-build-windows-amd64-cygwin\jdk8u101\7261\hotspot\src\share\vm\prims\jvm.cpp, line 1386]
Event: 1.064 Thread 0x0000000002aa0800 Exception <a 'java/security/PrivilegedActionException'> (0x0000000782fdf128) thrown at [C:\re\workspace\8-2-build-windows-amd64-cygwin\jdk8u101\7261\hotspot\src\share\vm\prims\jvm.cpp, line 1386]
Event: 1.075 Thread 0x0000000002aa0800 Exception <a 'java/io/FileNotFoundException'> (0x0000000782fe1548) thrown at [C:\re\workspace\8-2-build-windows-amd64-cygwin\jdk8u101\7261\hotspot\src\share\vm\prims\jni.cpp, line 709]
Event: 1.170 Thread 0x0000000002aa0800 Exception <a 'java/lang/NoSuchFieldError': method resolution failed> (0x000000078319a2c0) thrown at [C:\re\workspace\8-2-build-windows-amd64-cygwin\jdk8u101\7261\hotspot\src\share\vm\prims\methodHandles.cpp, line 1146]
Event: 1.173 Thread 0x0000000002aa0800 Exception <a 'java/lang/NoSuchFieldError': method resolution failed> (0x00000007831a7690) thrown at [C:\re\workspace\8-2-build-windows-amd64-cygwin\jdk8u101\7261\hotspot\src\share\vm\prims\methodHandles.cpp, line 1146]
Event: 1.252 Thread 0x0000000002aa0800 Exception <a 'java/io/FileNotFoundException'> (0x000000078323b5a0) thrown at [C:\re\workspace\8-2-build-windows-amd64-cygwin\jdk8u101\7261\hotspot\src\share\vm\prims\jni.cpp, line 709]

Events (10 events):
Event: 424.516 loading class java/util/WeakHashMap$HashIterator done
Event: 424.516 loading class java/util/WeakHashMap$KeyIterator done
Event: 424.516 Thread 0x000000001b2ae800 Thread exited: 0x000000001b2ae800
Event: 424.516 Thread 0x0000000021bc3800 Thread exited: 0x0000000021bc3800
Event: 424.517 loading class sun/java2d/pipe/hw/AccelDeviceEventNotifier
Event: 424.517 loading class sun/java2d/pipe/hw/AccelDeviceEventNotifier done
Event: 424.593 Thread 0x000000001b52f800 Thread exited: 0x000000001b52f800
Event: 424.618 Thread 0x0000000024d49000 Thread exited: 0x0000000024d49000
Event: 424.618 Thread 0x00000000197f9800 Thread exited: 0x00000000197f9800
Event: 424.618 Executing VM operation: Exit


Dynamic libraries:
0x00007ff7a9280000 - 0x00007ff7a92b7000 	C:\Program Files\Java\jre1.8.0_101\bin\javaw.exe
0x00007ffe28ac0000 - 0x00007ffe28c91000 	C:\WINDOWS\SYSTEM32\ntdll.dll
0x00007ffe28800000 - 0x00007ffe288ab000 	C:\WINDOWS\System32\KERNEL32.DLL
0x00007ffe252f0000 - 0x00007ffe2550d000 	C:\WINDOWS\System32\KERNELBASE.dll
0x00007ffe26620000 - 0x00007ffe266c2000 	C:\WINDOWS\System32\ADVAPI32.dll
0x00007ffe267b0000 - 0x00007ffe2684e000 	C:\WINDOWS\System32\msvcrt.dll
0x00007ffe28630000 - 0x00007ffe28689000 	C:\WINDOWS\System32\sechost.dll
0x00007ffe26850000 - 0x00007ffe26971000 	C:\WINDOWS\System32\RPCRT4.dll
0x00007ffe28950000 - 0x00007ffe28ab5000 	C:\WINDOWS\System32\USER32.dll
0x00007ffe25ed0000 - 0x00007ffe25eee000 	C:\WINDOWS\System32\win32u.dll
0x00007ffe270c0000 - 0x00007ffe270f4000 	C:\WINDOWS\System32\GDI32.dll
0x00007ffe250b0000 - 0x00007ffe25232000 	C:\WINDOWS\System32\gdi32full.dll
0x00007ffe1ca70000 - 0x00007ffe1cce9000 	C:\WINDOWS\WinSxS\amd64_microsoft.windows.common-controls_6595b64144ccf1df_6.0.14393.0_none_2d0f50fcbdb171b8\COMCTL32.dll
0x00007ffe26170000 - 0x00007ffe26437000 	C:\WINDOWS\System32\combase.dll
0x00007ffe24fb0000 - 0x00007ffe250a5000 	C:\WINDOWS\System32\ucrtbase.dll
0x00007ffe255b0000 - 0x00007ffe2561a000 	C:\WINDOWS\System32\bcryptPrimitives.dll
0x00007ffe26f50000 - 0x00007ffe26f7e000 	C:\WINDOWS\System32\IMM32.DLL
0x000000006c210000 - 0x000000006c2e2000 	C:\Program Files\Java\jre1.8.0_101\bin\msvcr100.dll
0x000000006cd40000 - 0x000000006d5da000 	C:\Program Files\Java\jre1.8.0_101\bin\server\jvm.dll
0x00007ffe26150000 - 0x00007ffe26158000 	C:\WINDOWS\System32\PSAPI.DLL
0x00007ffe20300000 - 0x00007ffe2030a000 	C:\WINDOWS\SYSTEM32\VERSION.dll
0x00007ffe18cb0000 - 0x00007ffe18cb9000 	C:\WINDOWS\SYSTEM32\WSOCK32.dll
0x00007ffe22470000 - 0x00007ffe22493000 	C:\WINDOWS\SYSTEM32\WINMM.dll
0x00007ffe266d0000 - 0x00007ffe2673a000 	C:\WINDOWS\System32\WS2_32.dll
0x00007ffe22350000 - 0x00007ffe2237b000 	C:\WINDOWS\SYSTEM32\winmmbase.dll
0x00007ffe252a0000 - 0x00007ffe252e2000 	C:\WINDOWS\System32\cfgmgr32.dll
0x000000006cd30000 - 0x000000006cd3f000 	C:\Program Files\Java\jre1.8.0_101\bin\verify.dll
0x000000006cd00000 - 0x000000006cd29000 	C:\Program Files\Java\jre1.8.0_101\bin\java.dll
0x000000006cce0000 - 0x000000006ccf6000 	C:\Program Files\Java\jre1.8.0_101\bin\zip.dll
0x00007ffe27120000 - 0x00007ffe28628000 	C:\WINDOWS\System32\SHELL32.dll
0x00007ffe25620000 - 0x00007ffe25cfa000 	C:\WINDOWS\System32\windows.storage.dll
0x00007ffe24f20000 - 0x00007ffe24f6c000 	C:\WINDOWS\System32\powrprof.dll
0x00007ffe265c0000 - 0x00007ffe26612000 	C:\WINDOWS\System32\shlwapi.dll
0x00007ffe24f70000 - 0x00007ffe24f7f000 	C:\WINDOWS\System32\kernel.appcore.dll
0x00007ffe25fa0000 - 0x00007ffe26049000 	C:\WINDOWS\System32\shcore.dll
0x00007ffe24f80000 - 0x00007ffe24f94000 	C:\WINDOWS\System32\profapi.dll
0x00007ffe0a1c0000 - 0x00007ffe0ab95000 	C:\Program Files\Java\jre1.8.0_101\bin\opencv_java2413.dll
0x00007ffe26f80000 - 0x00007ffe270b7000 	C:\WINDOWS\System32\ole32.dll
0x00007ffe264a0000 - 0x00007ffe2655f000 	C:\WINDOWS\System32\OLEAUT32.dll
0x00007ffe11e20000 - 0x00007ffe11e40000 	C:\WINDOWS\SYSTEM32\AVIFIL32.dll
0x00007ffe11e00000 - 0x00007ffe11e18000 	C:\WINDOWS\SYSTEM32\AVICAP32.dll
0x00007ffe25510000 - 0x00007ffe255ac000 	C:\WINDOWS\System32\msvcp_win.dll
0x00007ffe10020000 - 0x00007ffe10049000 	C:\WINDOWS\SYSTEM32\MSVFW32.dll
0x00007ffe0f2a0000 - 0x00007ffe0f2bc000 	C:\WINDOWS\SYSTEM32\MSACM32.dll
0x00007ffe236b0000 - 0x00007ffe23745000 	C:\WINDOWS\system32\uxtheme.dll
0x00007ffe115d0000 - 0x00007ffe11668000 	C:\Program Files\Common Files\microsoft shared\ink\tiptsf.dll
0x00007ffe288b0000 - 0x00007ffe2894f000 	C:\WINDOWS\System32\clbcatq.dll
0x00007ffe21a20000 - 0x00007ffe21a38000 	C:\Windows\System32\devenum.dll
0x00007ffe26b20000 - 0x00007ffe26f49000 	C:\WINDOWS\System32\setupapi.dll
0x00007ffe242d0000 - 0x00007ffe24302000 	C:\WINDOWS\SYSTEM32\ntmarta.dll
0x00007ffe23b40000 - 0x00007ffe23b68000 	C:\WINDOWS\SYSTEM32\DEVOBJ.dll
0x00007ffe25240000 - 0x00007ffe25295000 	C:\WINDOWS\System32\WINTRUST.dll
0x00007ffe24fa0000 - 0x00007ffe24fb0000 	C:\WINDOWS\System32\MSASN1.dll
0x00007ffe25d00000 - 0x00007ffe25ec8000 	C:\WINDOWS\System32\CRYPT32.dll
0x00007ffe1d5d0000 - 0x00007ffe1d5da000 	C:\WINDOWS\SYSTEM32\msdmo.dll
0x00007ffe0fca0000 - 0x00007ffe0fcd3000 	C:\Windows\System32\qcap.dll
0x00007ffe0c5e0000 - 0x00007ffe0c7a3000 	C:\Windows\System32\quartz.dll
0x00007ffe24dc0000 - 0x00007ffe24deb000 	C:\Windows\System32\bcrypt.dll
0x00007ffe286a0000 - 0x00007ffe287fb000 	C:\WINDOWS\System32\MSCTF.dll
0x00007ffe226a0000 - 0x00007ffe226c6000 	C:\WINDOWS\system32\dwmapi.dll
0x00007ffe0fe20000 - 0x00007ffe0fe68000 	C:\Windows\System32\mfksproxy.dll
0x00007ffe14da0000 - 0x00007ffe14dbc000 	C:\Windows\System32\ATL.DLL
0x00007ffe22130000 - 0x00007ffe22298000 	C:\Windows\System32\MFPlat.DLL
0x00007ffe21fe0000 - 0x00007ffe2200e000 	C:\Windows\System32\RTWorkQ.DLL
0x00007ffe0b050000 - 0x00007ffe0b43b000 	C:\Windows\System32\MFCORE.dll
0x00007ffe10140000 - 0x00007ffe10149000 	C:\Windows\System32\ksuser.dll
0x00007ffe24990000 - 0x00007ffe2499b000 	C:\Windows\System32\CRYPTBASE.DLL
0x00007ffe0c9b0000 - 0x00007ffe0ca03000 	C:\Windows\System32\FSClient.dll
0x00007ffe0f250000 - 0x00007ffe0f29d000 	C:\Windows\System32\MFSENSORGROUP.dll
0x00007ffe21b50000 - 0x00007ffe21b5b000 	C:\Windows\System32\AVRT.dll
0x00007ffe1d5c0000 - 0x00007ffe1d5cd000 	C:\Windows\System32\vidcap.ax
0x00007ffe103a0000 - 0x00007ffe103c5000 	C:\Windows\System32\kswdmcap.ax
0x00007ffe0aee0000 - 0x00007ffe0b043000 	C:\Windows\System32\MFC42.dll
0x00007ffe0c7b0000 - 0x00007ffe0c85f000 	C:\Windows\System32\ODBC32.dll
0x00007ffe24810000 - 0x00007ffe2481a000 	C:\Windows\System32\DPAPI.dll
0x00007ffe1b300000 - 0x00007ffe1b343000 	C:\WINDOWS\SYSTEM32\policymanager.dll
0x00007ffe238e0000 - 0x00007ffe23971000 	C:\Windows\System32\msvcp110_win.dll
0x00007ffe08b20000 - 0x00007ffe08bf4000 	C:\Windows\System32\MFReadWrite.dll
0x00007ffe0c460000 - 0x00007ffe0c503000 	C:\Windows\System32\qedit.dll
0x00007ffe26050000 - 0x00007ffe2614a000 	C:\WINDOWS\System32\COMDLG32.dll
0x00007ffe1c8d0000 - 0x00007ffe1ca69000 	C:\WINDOWS\WinSxS\amd64_microsoft.windows.gdiplus_6595b64144ccf1df_1.1.14393.187_none_730402f52114ff50\gdiplus.dll
0x00007ffe0aca0000 - 0x00007ffe0ad97000 	C:\Windows\System32\DDRAW.dll
0x00007ffe1d5b0000 - 0x00007ffe1d5b8000 	C:\Windows\System32\DCIMAN32.dll
0x00007ffe1c040000 - 0x00007ffe1c04c000 	C:\WINDOWS\SYSTEM32\msyuv.dll
0x000000006d5f0000 - 0x000000006d788000 	C:\Program Files\Java\jre1.8.0_101\bin\awt.dll
0x00007ffe233c0000 - 0x00007ffe2343a000 	C:\WINDOWS\SYSTEM32\apphelp.dll
0x00007ffe1ec00000 - 0x00007ffe1edab000 	C:\Windows\System32\uiautomationcore.dll
0x00007ffe24870000 - 0x00007ffe2488f000 	C:\Windows\System32\USERENV.dll
0x00007ffe24df0000 - 0x00007ffe24e88000 	C:\WINDOWS\SYSTEM32\sxs.dll
0x000000006c340000 - 0x000000006c387000 	C:\Program Files\Java\jre1.8.0_101\bin\fontmanager.dll
0x000000006ccc0000 - 0x000000006ccda000 	C:\Program Files\Java\jre1.8.0_101\bin\net.dll
0x00007ffe24590000 - 0x00007ffe245ec000 	C:\WINDOWS\system32\mswsock.dll
0x000000006cca0000 - 0x000000006ccb1000 	C:\Program Files\Java\jre1.8.0_101\bin\nio.dll
0x000000006c2f0000 - 0x000000006c332000 	C:\Program Files\Java\jre1.8.0_101\bin\t2k.dll
0x00007ffe21510000 - 0x00007ffe216b8000 	C:\WINDOWS\SYSTEM32\WindowsCodecs.dll
0x00007ffe0f4d0000 - 0x00007ffe0f519000 	C:\WINDOWS\system32\dataexchange.dll
0x00007ffe22ae0000 - 0x00007ffe22d96000 	C:\WINDOWS\system32\d3d11.dll
0x00007ffe22da0000 - 0x00007ffe22ef1000 	C:\WINDOWS\system32\dcomp.dll
0x00007ffe23f60000 - 0x00007ffe23fff000 	C:\WINDOWS\system32\dxgi.dll
0x00007ffe23980000 - 0x00007ffe23a9c000 	C:\WINDOWS\system32\twinapi.appcore.dll
0x00007ffe249a0000 - 0x00007ffe249b7000 	C:\WINDOWS\SYSTEM32\CRYPTSP.dll
0x00007ffe247d0000 - 0x00007ffe24803000 	C:\WINDOWS\system32\rsaenh.dll
0x00007ffe24340000 - 0x00007ffe24378000 	C:\WINDOWS\SYSTEM32\IPHLPAPI.DLL
0x00007ffe28690000 - 0x00007ffe28698000 	C:\WINDOWS\System32\NSI.dll
0x00007ffe21410000 - 0x00007ffe21426000 	C:\WINDOWS\SYSTEM32\dhcpcsvc6.DLL
0x00007ffe21ab0000 - 0x00007ffe21aca000 	C:\WINDOWS\SYSTEM32\dhcpcsvc.DLL
0x000000006c1d0000 - 0x000000006c201000 	C:\Program Files\Java\jre1.8.0_101\bin\jpeg.dll
0x00007ffe1b710000 - 0x00007ffe1b775000 	C:\Windows\System32\OLEACC.dll
0x00007ffe118c0000 - 0x00007ffe1193d000 	C:\WINDOWS\SYSTEM32\twinapi.dll
0x00007ffe15970000 - 0x00007ffe15b02000 	C:\WINDOWS\SYSTEM32\dbghelp.dll

VM Arguments:
jvm_args: -Dfile.encoding=Cp1252 
java_command: Test
java_class_path (initial): C:\Users\Ryan McGee\workspace\OpenCV_Test\bin;C:\OpenCV\opencv\build\java\opencv-2413.jar
Launcher Type: SUN_STANDARD

Environment Variables:
PATH=C:/Program Files/Java/jre1.8.0_101/bin/server;C:/Program Files/Java/jre1.8.0_101/bin;C:/Program Files/Java/jre1.8.0_101/lib/amd64;C:\ProgramData\Oracle\Java\javapath;C:\WINDOWS\system32;C:\WINDOWS;C:\WINDOWS\System32\Wbem;C:\WINDOWS\System32\WindowsPowerShell\v1.0\;C:\OpenCV\opencv\build\x64\vc12\bin;C:\Users\Ryan McGee\AppData\Local\Microsoft\WindowsApps;;C:\Users\Ryan McGee\Desktop\backup\eclipse-java-mars-2-win32-x86_64\eclipse;
USERNAME=Ryan McGee
OS=Windows_NT
PROCESSOR_IDENTIFIER=AMD64 Family 21 Model 96 Stepping 1, AuthenticAMD



---------------  S Y S T E M  ---------------

OS: Windows 10.0 , 64 bit Build 14393 (10.0.14393.0)

CPU:total 4 (4 cores per cpu, 1 threads per core) family 21 model 96 stepping 1, cmov, cx8, fxsr, mmx, sse, sse2, sse3, ssse3, sse4.1, sse4.2, popcnt, avx, avx2, aes, clmul, mmxext, 3dnowpref, lzcnt, sse4a, tsc, tscinvbit, tscinv, bmi1

Memory: 4k page, physical 12005976k(7551628k free), swap 13840984k(8356416k free)

vm_info: Java HotSpot(TM) 64-Bit Server VM (25.101-b13) for windows-amd64 JRE (1.8.0_101-b13), built on Jun 22 2016 01:21:29 by "java_re" with MS VC++ 10.0 (VS2010)

time: Fri Sep 30 18:29:51 2016
elapsed time: 425 seconds (0d 0h 7m 5s)

