#
# A fatal error has been detected by the Java Runtime Environment:
#
#  Internal Error (0xc000000d), pid=4696, tid=0x0000000000000e2c
#
# JRE version: Java(TM) SE Runtime Environment (8.0_101-b13) (build 1.8.0_101-b13)
# Java VM: Java HotSpot(TM) 64-Bit Server VM (25.101-b13 mixed mode windows-amd64 compressed oops)
# Problematic frame:
# C  [ntdll.dll+0xfe5bc]
#
# Failed to write core dump. Minidumps are not enabled by default on client versions of Windows
#
# If you would like to submit a bug report, please visit:
#   http://bugreport.java.com/bugreport/crash.jsp
#

---------------  T H R E A D  ---------------

Current thread (0x0000000019627000):  VMThread [stack: 0x000000001a6c0000,0x000000001a7c0000] [id=3628]

siginfo: ExceptionCode=0xc000000d

Registers:
RAX=0x0000000000000000, RBX=0x000000001c9710a0, RCX=0x0000000000000000, RDX=0x0000000000000000
RSP=0x000000001a7bee10, RBP=0x0000000000000000, RSI=0x000000001be2aa60, RDI=0x000000001be3d800
R8 =0x0000000000000000, R9 =0x0000000000000000, R10=0x0000000000000000, R11=0x0000000000000000
R12=0x0000000000000000, R13=0x00000000ffffffff, R14=0x000000001be246d0, R15=0x000000001be2aa60
RIP=0x00007ffe28bbe5bc, EFLAGS=0x0000000000000202

Top of Stack: (sp=0x000000001a7bee10)
0x000000001a7bee10:   0000000000000057 000000001c9710a0
0x000000001a7bee20:   000000001be2aa60 000000001be3d800
0x000000001a7bee30:   00000000c000000d 0000000000000000
0x000000001a7bee40:   00007ffe28bbe5bc 0000000000000000
0x000000001a7bee50:   0000000000000000 0000000000000000
0x000000001a7bee60:   0000000000000000 0000000000000000
0x000000001a7bee70:   0000000000000000 0000000000000000
0x000000001a7bee80:   0000000000000000 0000000000000000
0x000000001a7bee90:   0000000000000000 0000000000000000
0x000000001a7beea0:   0000000000000000 0000000000000000
0x000000001a7beeb0:   0000000000000000 0000000000000000
0x000000001a7beec0:   0000000000000000 0000000000b5de00
0x000000001a7beed0:   00008a642e2dedad 0000000000000000
0x000000001a7beee0:   0000000100000008 00007ffe28b809fb
0x000000001a7beef0:   0000000000aa0000 00007ffe08b3e8db
0x000000001a7bef00:   0000000000000008 0000000000000000 

Instructions: (pc=0x00007ffe28bbe5bc)
0x00007ffe28bbe59c:   d1 fa ff c7 44 24 20 0d 00 00 c0 b9 57 00 00 00
0x00007ffe28bbe5ac:   e8 cf 0f f6 ff 90 48 8d 4c 24 20 e8 54 bb f4 ff
0x00007ffe28bbe5bc:   eb 00 48 8b 8c 24 c0 00 00 00 48 33 cc e8 82 70
0x00007ffe28bbe5cc:   f9 ff 48 81 c4 d8 00 00 00 c3 40 55 48 83 ec 20 


Register to memory mapping:

RAX=0x0000000000000000 is an unknown value
RBX=0x000000001c9710a0 is an unknown value
RCX=0x0000000000000000 is an unknown value
RDX=0x0000000000000000 is an unknown value
RSP=0x000000001a7bee10 is an unknown value
RBP=0x0000000000000000 is an unknown value
RSI=0x000000001be2aa60 is an unknown value
RDI=0x000000001be3d800 is an unknown value
R8 =0x0000000000000000 is an unknown value
R9 =0x0000000000000000 is an unknown value
R10=0x0000000000000000 is an unknown value
R11=0x0000000000000000 is an unknown value
R12=0x0000000000000000 is an unknown value
R13=0x00000000ffffffff is an unknown value
R14=0x000000001be246d0 is an unknown value
R15=0x000000001be2aa60 is an unknown value


Stack: [0x000000001a6c0000,0x000000001a7c0000],  sp=0x000000001a7bee10,  free space=1019k
Native frames: (J=compiled Java code, j=interpreted, Vv=VM code, C=native code)

VM_Operation (0x0000000021c8cf80): Exit, mode: safepoint, requested by thread 0x000000001b7a6000


---------------  P R O C E S S  ---------------

Java Threads: ( => current thread )
  0x000000002154d800 JavaThread "TimerQueue" daemon [_thread_blocked, id=6328, stack(0x0000000022590000,0x0000000022690000)]
  0x000000001b7a6000 JavaThread "AWT-EventQueue-0" [_thread_blocked, id=7204, stack(0x0000000021b90000,0x0000000021c90000)]
  0x000000001b7e9000 JavaThread "AWT-Shutdown" [_thread_blocked, id=6460, stack(0x00000000202a0000,0x00000000203a0000)]
  0x000000001b7e8800 JavaThread "Java2D Disposer" daemon [_thread_blocked, id=7164, stack(0x00000000201a0000,0x00000000202a0000)]
  0x000000001b44b000 JavaThread "Service Thread" daemon [_thread_blocked, id=6436, stack(0x000000001ba00000,0x000000001bb00000)]
  0x00000000196be000 JavaThread "C1 CompilerThread2" daemon [_thread_blocked, id=8048, stack(0x000000001b900000,0x000000001ba00000)]
  0x00000000196b9000 JavaThread "C2 CompilerThread1" daemon [_thread_blocked, id=8036, stack(0x000000001b800000,0x000000001b900000)]
  0x0000000019682800 JavaThread "C2 CompilerThread0" daemon [_thread_blocked, id=5416, stack(0x000000001b300000,0x000000001b400000)]
  0x0000000019676800 JavaThread "JDWP Command Reader" daemon [_thread_blocked, id=1516, stack(0x000000001b200000,0x000000001b300000)]
  0x0000000019675000 JavaThread "JDWP Event Helper Thread" daemon [_thread_blocked, id=6260, stack(0x000000001b100000,0x000000001b200000)]
  0x0000000019670800 JavaThread "JDWP Transport Listener: dt_socket" daemon [_thread_blocked, id=7808, stack(0x000000001acb0000,0x000000001adb0000)]
  0x000000001965b800 JavaThread "Attach Listener" daemon [_thread_blocked, id=6568, stack(0x000000001abb0000,0x000000001acb0000)]
  0x000000001965a800 JavaThread "Signal Dispatcher" daemon [_thread_blocked, id=4644, stack(0x000000001aab0000,0x000000001abb0000)]
  0x0000000019648800 JavaThread "Finalizer" daemon [_thread_blocked, id=4948, stack(0x000000001a8c0000,0x000000001a9c0000)]
  0x00000000029f1000 JavaThread "Reference Handler" daemon [_thread_blocked, id=488, stack(0x000000001a7c0000,0x000000001a8c0000)]
  0x000000000264e000 JavaThread "main" [_thread_in_native, id=552, stack(0x0000000002800000,0x0000000002900000)]

Other Threads:
=>0x0000000019627000 VMThread [stack: 0x000000001a6c0000,0x000000001a7c0000] [id=3628]

VM state:at safepoint (shutting down)

VM Mutex/Monitor currently owned by a thread:  ([mutex/lock_event])
[0x000000000264c4f0] Threads_lock - owner thread: 0x0000000019627000

Heap:
 PSYoungGen      total 45056K, used 24580K [0x0000000782f00000, 0x0000000786300000, 0x00000007c0000000)
  eden space 44032K, 54% used [0x0000000782f00000,0x0000000784671700,0x0000000785a00000)
  from space 1024K, 56% used [0x0000000786000000,0x000000078608f908,0x0000000786100000)
  to   space 2048K, 0% used [0x0000000786100000,0x0000000786100000,0x0000000786300000)
 ParOldGen       total 125952K, used 1580K [0x0000000708c00000, 0x0000000710700000, 0x0000000782f00000)
  object space 125952K, 1% used [0x0000000708c00000,0x0000000708d8b060,0x0000000710700000)
 Metaspace       used 11633K, capacity 11902K, committed 12160K, reserved 1060864K
  class space    used 1279K, capacity 1358K, committed 1408K, reserved 1048576K

Card table byte_map: [0x0000000011dc0000,0x0000000012380000] byte_map_base: 0x000000000e57a000

Marking Bits: (ParMarkBitMap*) 0x000000006d55a6d0
 Begin Bits: [0x0000000012b60000, 0x0000000015930000)
 End Bits:   [0x0000000015930000, 0x0000000018700000)

Polling page: 0x0000000000a90000

CodeCache: size=245760Kb used=6823Kb max_used=6834Kb free=238937Kb
 bounds [0x0000000002a00000, 0x00000000030c0000, 0x0000000011a00000]
 total_blobs=2442 nmethods=1862 adapters=501
 compilation: enabled

Compilation events (10 events):
Event: 61.578 Thread 0x0000000019682800 1875       4       java.awt.EventQueue::eventToCacheIndex (80 bytes)
Event: 61.581 Thread 0x0000000019682800 nmethod 1875 0x0000000002b017d0 code [0x0000000002b01920, 0x0000000002b01a38]
Event: 61.589 Thread 0x00000000196b9000 1876   !   4       javax.swing.UIManager::maybeInitialize (36 bytes)
Event: 61.597 Thread 0x00000000196b9000 nmethod 1876 0x0000000002b0e550 code [0x0000000002b0e6c0, 0x0000000002b0eac8]
Event: 61.660 Thread 0x00000000196be000 1877   !   3       java.awt.KeyboardFocusManager::retargetFocusEvent (244 bytes)
Event: 61.666 Thread 0x00000000196be000 nmethod 1877 0x00000000030b05d0 code [0x00000000030b0a60, 0x00000000030b3a78]
Event: 62.404 Thread 0x0000000019682800 1878       4       sun.nio.fs.WindowsPathParser::normalize (233 bytes)
Event: 62.452 Thread 0x0000000019682800 nmethod 1878 0x00000000030b5050 code [0x00000000030b51e0, 0x00000000030b5d28]
Event: 63.523 Thread 0x00000000196b9000 1879       4       java.awt.Container::insets (42 bytes)
Event: 63.532 Thread 0x00000000196b9000 nmethod 1879 0x0000000002b0be10 code [0x0000000002b0bf80, 0x0000000002b0c328]

GC Heap History (10 events):
Event: 26.117 GC heap before
{Heap before GC invocations=3 (full 0):
 PSYoungGen      total 54784K, used 49067K [0x0000000782f00000, 0x0000000786c00000, 0x00000007c0000000)
  eden space 47104K, 100% used [0x0000000782f00000,0x0000000785d00000,0x0000000785d00000)
  from space 7680K, 25% used [0x0000000786480000,0x000000078666aea0,0x0000000786c00000)
  to   space 7680K, 0% used [0x0000000785d00000,0x0000000785d00000,0x0000000786480000)
 ParOldGen       total 125952K, used 24K [0x0000000708c00000, 0x0000000710700000, 0x0000000782f00000)
  object space 125952K, 0% used [0x0000000708c00000,0x0000000708c06000,0x0000000710700000)
 Metaspace       used 11367K, capacity 11582K, committed 11648K, reserved 1058816K
  class space    used 1277K, capacity 1358K, committed 1408K, reserved 1048576K
Event: 26.125 GC heap after
Heap after GC invocations=3 (full 0):
 PSYoungGen      total 54784K, used 2019K [0x0000000782f00000, 0x0000000786c00000, 0x00000007c0000000)
  eden space 47104K, 0% used [0x0000000782f00000,0x0000000782f00000,0x0000000785d00000)
  from space 7680K, 26% used [0x0000000785d00000,0x0000000785ef8f68,0x0000000786480000)
  to   space 7680K, 0% used [0x0000000786480000,0x0000000786480000,0x0000000786c00000)
 ParOldGen       total 125952K, used 32K [0x0000000708c00000, 0x0000000710700000, 0x0000000782f00000)
  object space 125952K, 0% used [0x0000000708c00000,0x0000000708c08000,0x0000000710700000)
 Metaspace       used 11367K, capacity 11582K, committed 11648K, reserved 1058816K
  class space    used 1277K, capacity 1358K, committed 1408K, reserved 1048576K
}
Event: 34.679 GC heap before
{Heap before GC invocations=4 (full 0):
 PSYoungGen      total 54784K, used 48999K [0x0000000782f00000, 0x0000000786c00000, 0x00000007c0000000)
  eden space 47104K, 99% used [0x0000000782f00000,0x0000000785ce0dd8,0x0000000785d00000)
  from space 7680K, 26% used [0x0000000785d00000,0x0000000785ef8f68,0x0000000786480000)
  to   space 7680K, 0% used [0x0000000786480000,0x0000000786480000,0x0000000786c00000)
 ParOldGen       total 125952K, used 32K [0x0000000708c00000, 0x0000000710700000, 0x0000000782f00000)
  object space 125952K, 0% used [0x0000000708c00000,0x0000000708c08000,0x0000000710700000)
 Metaspace       used 11494K, capacity 11710K, committed 11904K, reserved 1060864K
  class space    used 1277K, capacity 1358K, committed 1408K, reserved 1048576K
Event: 34.686 GC heap after
Heap after GC invocations=4 (full 0):
 PSYoungGen      total 54784K, used 2078K [0x0000000782f00000, 0x0000000786c00000, 0x00000007c0000000)
  eden space 47104K, 0% used [0x0000000782f00000,0x0000000782f00000,0x0000000785d00000)
  from space 7680K, 27% used [0x0000000786480000,0x0000000786687af0,0x0000000786c00000)
  to   space 7680K, 0% used [0x0000000785d00000,0x0000000785d00000,0x0000000786480000)
 ParOldGen       total 125952K, used 40K [0x0000000708c00000, 0x0000000710700000, 0x0000000782f00000)
  object space 125952K, 0% used [0x0000000708c00000,0x0000000708c0a000,0x0000000710700000)
 Metaspace       used 11494K, capacity 11710K, committed 11904K, reserved 1060864K
  class space    used 1277K, capacity 1358K, committed 1408K, reserved 1048576K
}
Event: 43.429 GC heap before
{Heap before GC invocations=5 (full 0):
 PSYoungGen      total 54784K, used 48898K [0x0000000782f00000, 0x0000000786c00000, 0x00000007c0000000)
  eden space 47104K, 99% used [0x0000000782f00000,0x0000000785cb8d28,0x0000000785d00000)
  from space 7680K, 27% used [0x0000000786480000,0x0000000786687af0,0x0000000786c00000)
  to   space 7680K, 0% used [0x0000000785d00000,0x0000000785d00000,0x0000000786480000)
 ParOldGen       total 125952K, used 40K [0x0000000708c00000, 0x0000000710700000, 0x0000000782f00000)
  object space 125952K, 0% used [0x0000000708c00000,0x0000000708c0a000,0x0000000710700000)
 Metaspace       used 11577K, capacity 11838K, committed 11904K, reserved 1060864K
  class space    used 1277K, capacity 1358K, committed 1408K, reserved 1048576K
Event: 43.437 GC heap after
Heap after GC invocations=5 (full 0):
 PSYoungGen      total 48128K, used 1996K [0x0000000782f00000, 0x0000000786500000, 0x00000007c0000000)
  eden space 46080K, 0% used [0x0000000782f00000,0x0000000782f00000,0x0000000785c00000)
  from space 2048K, 97% used [0x0000000785d00000,0x0000000785ef3010,0x0000000785f00000)
  to   space 2560K, 0% used [0x0000000786280000,0x0000000786280000,0x0000000786500000)
 ParOldGen       total 125952K, used 48K [0x0000000708c00000, 0x0000000710700000, 0x0000000782f00000)
  object space 125952K, 0% used [0x0000000708c00000,0x0000000708c0c000,0x0000000710700000)
 Metaspace       used 11577K, capacity 11838K, committed 11904K, reserved 1060864K
  class space    used 1277K, capacity 1358K, committed 1408K, reserved 1048576K
}
Event: 51.759 GC heap before
{Heap before GC invocations=6 (full 0):
 PSYoungGen      total 48128K, used 47905K [0x0000000782f00000, 0x0000000786500000, 0x00000007c0000000)
  eden space 46080K, 99% used [0x0000000782f00000,0x0000000785bd57c0,0x0000000785c00000)
  from space 2048K, 97% used [0x0000000785d00000,0x0000000785ef3010,0x0000000785f00000)
  to   space 2560K, 0% used [0x0000000786280000,0x0000000786280000,0x0000000786500000)
 ParOldGen       total 125952K, used 48K [0x0000000708c00000, 0x0000000710700000, 0x0000000782f00000)
  object space 125952K, 0% used [0x0000000708c00000,0x0000000708c0c000,0x0000000710700000)
 Metaspace       used 11612K, capacity 11838K, committed 11904K, reserved 1060864K
  class space    used 1277K, capacity 1358K, committed 1408K, reserved 1048576K
Event: 51.767 GC heap after
Heap after GC invocations=6 (full 0):
 PSYoungGen      total 47616K, used 2069K [0x0000000782f00000, 0x0000000786500000, 0x00000007c0000000)
  eden space 45056K, 0% used [0x0000000782f00000,0x0000000782f00000,0x0000000785b00000)
  from space 2560K, 80% used [0x0000000786280000,0x0000000786485488,0x0000000786500000)
  to   space 2560K, 0% used [0x0000000786000000,0x0000000786000000,0x0000000786280000)
 ParOldGen       total 125952K, used 56K [0x0000000708c00000, 0x0000000710700000, 0x0000000782f00000)
  object space 125952K, 0% used [0x0000000708c00000,0x0000000708c0e000,0x0000000710700000)
 Metaspace       used 11612K, capacity 11838K, committed 11904K, reserved 1060864K
  class space    used 1277K, capacity 1358K, committed 1408K, reserved 1048576K
}
Event: 59.844 GC heap before
{Heap before GC invocations=7 (full 0):
 PSYoungGen      total 47616K, used 47125K [0x0000000782f00000, 0x0000000786500000, 0x00000007c0000000)
  eden space 45056K, 100% used [0x0000000782f00000,0x0000000785b00000,0x0000000785b00000)
  from space 2560K, 80% used [0x0000000786280000,0x0000000786485488,0x0000000786500000)
  to   space 2560K, 0% used [0x0000000786000000,0x0000000786000000,0x0000000786280000)
 ParOldGen       total 125952K, used 56K [0x0000000708c00000, 0x0000000710700000, 0x0000000782f00000)
  object space 125952K, 0% used [0x0000000708c00000,0x0000000708c0e000,0x0000000710700000)
 Metaspace       used 11617K, capacity 11838K, committed 11904K, reserved 1060864K
  class space    used 1277K, capacity 1358K, committed 1408K, reserved 1048576K
Event: 59.855 GC heap after
Heap after GC invocations=7 (full 0):
 PSYoungGen      total 45056K, used 574K [0x0000000782f00000, 0x0000000786300000, 0x00000007c0000000)
  eden space 44032K, 0% used [0x0000000782f00000,0x0000000782f00000,0x0000000785a00000)
  from space 1024K, 56% used [0x0000000786000000,0x000000078608f908,0x0000000786100000)
  to   space 2048K, 0% used [0x0000000786100000,0x0000000786100000,0x0000000786300000)
 ParOldGen       total 125952K, used 1580K [0x0000000708c00000, 0x0000000710700000, 0x0000000782f00000)
  object space 125952K, 1% used [0x0000000708c00000,0x0000000708d8b060,0x0000000710700000)
 Metaspace       used 11617K, capacity 11838K, committed 11904K, reserved 1060864K
  class space    used 1277K, capacity 1358K, committed 1408K, reserved 1048576K
}

Deoptimization events (0 events):
No events

Internal exceptions (10 events):
Event: 0.079 Thread 0x000000000264e000 Exception <a 'java/lang/NoSuchMethodError': Method sun.misc.Unsafe.defineClass(Ljava/lang/String;[BII)Ljava/lang/Class; name or signature does not match> (0x0000000782f07cc0) thrown at [C:\re\workspace\8-2-build-windows-amd64-cygwin\jdk8u101\7261\hotspot\sÛXÊ%´?
Event: 0.079 Thread 0x000000000264e000 Exception <a 'java/lang/NoSuchMethodError': Method sun.misc.Unsafe.prefetchRead(Ljava/lang/Object;J)V name or signature does not match> (0x0000000782f07fa8) thrown at [C:\re\workspace\8-2-build-windows-amd64-cygwin\jdk8u101\7261\hotspot\src\share\vm\prims\7Í¸$Ûwó?
Event: 1.217 Thread 0x000000000264e000 Exception <a 'java/security/PrivilegedActionException'> (0x0000000782fdb8d0) thrown at [C:\re\workspace\8-2-build-windows-amd64-cygwin\jdk8u101\7261\hotspot\src\share\vm\prims\jvm.cpp, line 1386]
Event: 1.217 Thread 0x000000000264e000 Exception <a 'java/security/PrivilegedActionException'> (0x0000000782fdbae0) thrown at [C:\re\workspace\8-2-build-windows-amd64-cygwin\jdk8u101\7261\hotspot\src\share\vm\prims\jvm.cpp, line 1386]
Event: 1.219 Thread 0x000000000264e000 Exception <a 'java/security/PrivilegedActionException'> (0x0000000782fdf728) thrown at [C:\re\workspace\8-2-build-windows-amd64-cygwin\jdk8u101\7261\hotspot\src\share\vm\prims\jvm.cpp, line 1386]
Event: 1.219 Thread 0x000000000264e000 Exception <a 'java/security/PrivilegedActionException'> (0x0000000782fdf938) thrown at [C:\re\workspace\8-2-build-windows-amd64-cygwin\jdk8u101\7261\hotspot\src\share\vm\prims\jvm.cpp, line 1386]
Event: 1.229 Thread 0x000000000264e000 Exception <a 'java/io/FileNotFoundException'> (0x0000000782fe1d58) thrown at [C:\re\workspace\8-2-build-windows-amd64-cygwin\jdk8u101\7261\hotspot\src\share\vm\prims\jni.cpp, line 709]
Event: 1.338 Thread 0x000000000264e000 Exception <a 'java/lang/NoSuchFieldError': method resolution failed> (0x0000000783286160) thrown at [C:\re\workspace\8-2-build-windows-amd64-cygwin\jdk8u101\7261\hotspot\src\share\vm\prims\methodHandles.cpp, line 1146]
Event: 1.354 Thread 0x000000000264e000 Exception <a 'java/lang/NoSuchFieldError': method resolution failed> (0x0000000783293530) thrown at [C:\re\workspace\8-2-build-windows-amd64-cygwin\jdk8u101\7261\hotspot\src\share\vm\prims\methodHandles.cpp, line 1146]
Event: 1.467 Thread 0x000000000264e000 Exception <a 'java/io/FileNotFoundException'> (0x00000007833271e8) thrown at [C:\re\workspace\8-2-build-windows-amd64-cygwin\jdk8u101\7261\hotspot\src\share\vm\prims\jni.cpp, line 709]

Events (10 events):
Event: 63.917 loading class java/util/WeakHashMap$HashIterator
Event: 63.917 Thread 0x000000001b7fe000 Thread exited: 0x000000001b7fe000
Event: 63.918 loading class java/util/WeakHashMap$HashIterator done
Event: 63.918 loading class sun/java2d/pipe/hw/AccelDeviceEventNotifier
Event: 63.918 loading class java/util/WeakHashMap$KeyIterator done
Event: 63.918 loading class sun/java2d/pipe/hw/AccelDeviceEventNotifier done
Event: 63.918 Thread 0x0000000023f78800 Thread exited: 0x0000000023f78800
Event: 64.009 Thread 0x000000001b789800 Thread exited: 0x000000001b789800
Event: 64.018 Thread 0x0000000023f7b800 Thread exited: 0x0000000023f7b800
Event: 64.020 Executing VM operation: Exit


Dynamic libraries:
0x00007ff7a9280000 - 0x00007ff7a92b7000 	C:\Program Files\Java\jre1.8.0_101\bin\javaw.exe
0x00007ffe28ac0000 - 0x00007ffe28c91000 	C:\WINDOWS\SYSTEM32\ntdll.dll
0x00007ffe28800000 - 0x00007ffe288ab000 	C:\WINDOWS\System32\KERNEL32.DLL
0x00007ffe252f0000 - 0x00007ffe2550d000 	C:\WINDOWS\System32\KERNELBASE.dll
0x00007ffe26620000 - 0x00007ffe266c2000 	C:\WINDOWS\System32\ADVAPI32.dll
0x00007ffe267b0000 - 0x00007ffe2684e000 	C:\WINDOWS\System32\msvcrt.dll
0x00007ffe28630000 - 0x00007ffe28689000 	C:\WINDOWS\System32\sechost.dll
0x00007ffe26850000 - 0x00007ffe26971000 	C:\WINDOWS\System32\RPCRT4.dll
0x00007ffe28950000 - 0x00007ffe28ab5000 	C:\WINDOWS\System32\USER32.dll
0x00007ffe25ed0000 - 0x00007ffe25eee000 	C:\WINDOWS\System32\win32u.dll
0x00007ffe270c0000 - 0x00007ffe270f4000 	C:\WINDOWS\System32\GDI32.dll
0x00007ffe250b0000 - 0x00007ffe25232000 	C:\WINDOWS\System32\gdi32full.dll
0x00007ffe1ca70000 - 0x00007ffe1cce9000 	C:\WINDOWS\WinSxS\amd64_microsoft.windows.common-controls_6595b64144ccf1df_6.0.14393.0_none_2d0f50fcbdb171b8\COMCTL32.dll
0x00007ffe26170000 - 0x00007ffe26437000 	C:\WINDOWS\System32\combase.dll
0x00007ffe24fb0000 - 0x00007ffe250a5000 	C:\WINDOWS\System32\ucrtbase.dll
0x00007ffe255b0000 - 0x00007ffe2561a000 	C:\WINDOWS\System32\bcryptPrimitives.dll
0x00007ffe26f50000 - 0x00007ffe26f7e000 	C:\WINDOWS\System32\IMM32.DLL
0x000000006c210000 - 0x000000006c2e2000 	C:\Program Files\Java\jre1.8.0_101\bin\msvcr100.dll
0x000000006cd40000 - 0x000000006d5da000 	C:\Program Files\Java\jre1.8.0_101\bin\server\jvm.dll
0x00007ffe26150000 - 0x00007ffe26158000 	C:\WINDOWS\System32\PSAPI.DLL
0x00007ffe18cb0000 - 0x00007ffe18cb9000 	C:\WINDOWS\SYSTEM32\WSOCK32.dll
0x00007ffe22470000 - 0x00007ffe22493000 	C:\WINDOWS\SYSTEM32\WINMM.dll
0x00007ffe266d0000 - 0x00007ffe2673a000 	C:\WINDOWS\System32\WS2_32.dll
0x00007ffe20300000 - 0x00007ffe2030a000 	C:\WINDOWS\SYSTEM32\VERSION.dll
0x00007ffe22350000 - 0x00007ffe2237b000 	C:\WINDOWS\SYSTEM32\WINMMBASE.dll
0x00007ffe252a0000 - 0x00007ffe252e2000 	C:\WINDOWS\System32\cfgmgr32.dll
0x000000006cd30000 - 0x000000006cd3f000 	C:\Program Files\Java\jre1.8.0_101\bin\verify.dll
0x000000006cd00000 - 0x000000006cd29000 	C:\Program Files\Java\jre1.8.0_101\bin\java.dll
0x000000006c1d0000 - 0x000000006c205000 	C:\Program Files\Java\jre1.8.0_101\bin\jdwp.dll
0x000000006d5e0000 - 0x000000006d5e8000 	C:\Program Files\Java\jre1.8.0_101\bin\npt.dll
0x000000006cce0000 - 0x000000006ccf6000 	C:\Program Files\Java\jre1.8.0_101\bin\zip.dll
0x00007ffe27120000 - 0x00007ffe28628000 	C:\WINDOWS\System32\SHELL32.dll
0x00007ffe25620000 - 0x00007ffe25cfa000 	C:\WINDOWS\System32\windows.storage.dll
0x00007ffe24f20000 - 0x00007ffe24f6c000 	C:\WINDOWS\System32\powrprof.dll
0x00007ffe265c0000 - 0x00007ffe26612000 	C:\WINDOWS\System32\shlwapi.dll
0x00007ffe24f70000 - 0x00007ffe24f7f000 	C:\WINDOWS\System32\kernel.appcore.dll
0x00007ffe25fa0000 - 0x00007ffe26049000 	C:\WINDOWS\System32\shcore.dll
0x00007ffe24f80000 - 0x00007ffe24f94000 	C:\WINDOWS\System32\profapi.dll
0x000000006c1c0000 - 0x000000006c1c9000 	C:\Program Files\Java\jre1.8.0_101\bin\dt_socket.dll
0x00007ffe12740000 - 0x00007ffe12756000 	C:\WINDOWS\system32\napinsp.dll
0x00007ffe12760000 - 0x00007ffe1277a000 	C:\WINDOWS\system32\pnrpnsp.dll
0x00007ffe22420000 - 0x00007ffe22438000 	C:\WINDOWS\system32\NLAapi.dll
0x00007ffe24590000 - 0x00007ffe245ec000 	C:\WINDOWS\System32\mswsock.dll
0x00007ffe24380000 - 0x00007ffe24420000 	C:\WINDOWS\SYSTEM32\DNSAPI.dll
0x00007ffe28690000 - 0x00007ffe28698000 	C:\WINDOWS\System32\NSI.dll
0x00007ffe24340000 - 0x00007ffe24378000 	C:\WINDOWS\SYSTEM32\IPHLPAPI.DLL
0x00007ffe12780000 - 0x00007ffe1278e000 	C:\WINDOWS\System32\winrnr.dll
0x00007ffe12790000 - 0x00007ffe127a5000 	C:\WINDOWS\System32\wshbth.dll
0x000000006d7e0000 - 0x000000006d806000 	C:\Program Files\Bonjour\mdnsNSP.dll
0x00007ffe1cdc0000 - 0x00007ffe1ce2a000 	C:\WINDOWS\System32\fwpuclnt.dll
0x00007ffe24dc0000 - 0x00007ffe24deb000 	C:\WINDOWS\SYSTEM32\bcrypt.dll
0x00007ffe15ce0000 - 0x00007ffe15cea000 	C:\Windows\System32\rasadhlp.dll
0x00007ffe0c260000 - 0x00007ffe0cc35000 	C:\Program Files\Java\jre1.8.0_101\bin\opencv_java2413.dll
0x00007ffe26f80000 - 0x00007ffe270b7000 	C:\WINDOWS\System32\ole32.dll
0x00007ffe17e00000 - 0x00007ffe17e20000 	C:\WINDOWS\SYSTEM32\AVIFIL32.dll
0x00007ffe264a0000 - 0x00007ffe2655f000 	C:\WINDOWS\System32\OLEAUT32.dll
0x00007ffe25510000 - 0x00007ffe255ac000 	C:\WINDOWS\System32\msvcp_win.dll
0x00007ffe17de0000 - 0x00007ffe17df8000 	C:\WINDOWS\SYSTEM32\AVICAP32.dll
0x00007ffe10020000 - 0x00007ffe10049000 	C:\WINDOWS\SYSTEM32\MSVFW32.dll
0x00007ffe0f2a0000 - 0x00007ffe0f2bc000 	C:\WINDOWS\SYSTEM32\MSACM32.dll
0x00007ffe236b0000 - 0x00007ffe23745000 	C:\WINDOWS\system32\uxtheme.dll
0x00007ffe115d0000 - 0x00007ffe11668000 	C:\Program Files\Common Files\microsoft shared\ink\tiptsf.dll
0x00007ffe288b0000 - 0x00007ffe2894f000 	C:\WINDOWS\System32\clbcatq.dll
0x00007ffe11e40000 - 0x00007ffe11e58000 	C:\Windows\System32\devenum.dll
0x00007ffe26b20000 - 0x00007ffe26f49000 	C:\WINDOWS\System32\setupapi.dll
0x00007ffe242d0000 - 0x00007ffe24302000 	C:\WINDOWS\SYSTEM32\ntmarta.dll
0x00007ffe23b40000 - 0x00007ffe23b68000 	C:\WINDOWS\SYSTEM32\DEVOBJ.dll
0x00007ffe25240000 - 0x00007ffe25295000 	C:\WINDOWS\System32\WINTRUST.dll
0x00007ffe24fa0000 - 0x00007ffe24fb0000 	C:\WINDOWS\System32\MSASN1.dll
0x00007ffe25d00000 - 0x00007ffe25ec8000 	C:\WINDOWS\System32\CRYPT32.dll
0x00007ffe23250000 - 0x00007ffe2325a000 	C:\WINDOWS\SYSTEM32\msdmo.dll
0x00007ffe0fe30000 - 0x00007ffe0fe63000 	C:\Windows\System32\qcap.dll
0x00007ffe04d80000 - 0x00007ffe04f43000 	C:\Windows\System32\quartz.dll
0x00007ffe286a0000 - 0x00007ffe287fb000 	C:\WINDOWS\System32\MSCTF.dll
0x00007ffe226a0000 - 0x00007ffe226c6000 	C:\WINDOWS\system32\dwmapi.dll
0x00007ffe0fc90000 - 0x00007ffe0fcd8000 	C:\Windows\System32\mfksproxy.dll
0x00007ffe14da0000 - 0x00007ffe14dbc000 	C:\Windows\System32\ATL.DLL
0x00007ffe22130000 - 0x00007ffe22298000 	C:\Windows\System32\MFPlat.DLL
0x00007ffe21fe0000 - 0x00007ffe2200e000 	C:\Windows\System32\RTWorkQ.DLL
0x00007ffdf8440000 - 0x00007ffdf882b000 	C:\Windows\System32\MFCORE.dll
0x00007ffe10140000 - 0x00007ffe10149000 	C:\Windows\System32\ksuser.dll
0x00007ffe24990000 - 0x00007ffe2499b000 	C:\Windows\System32\CRYPTBASE.DLL
0x00007ffe0c200000 - 0x00007ffe0c253000 	C:\Windows\System32\FSClient.dll
0x00007ffe0f250000 - 0x00007ffe0f29d000 	C:\Windows\System32\MFSENSORGROUP.dll
0x00007ffe21b50000 - 0x00007ffe21b5b000 	C:\Windows\System32\AVRT.dll
0x00007ffe17dd0000 - 0x00007ffe17ddd000 	C:\Windows\System32\vidcap.ax
0x00007ffe0fff0000 - 0x00007ffe10015000 	C:\Windows\System32\kswdmcap.ax
0x00007ffe04c10000 - 0x00007ffe04d73000 	C:\Windows\System32\MFC42.dll
0x00007ffe04590000 - 0x00007ffe0463f000 	C:\Windows\System32\ODBC32.dll
0x00007ffe24810000 - 0x00007ffe2481a000 	C:\Windows\System32\DPAPI.dll
0x00007ffe1b300000 - 0x00007ffe1b343000 	C:\WINDOWS\SYSTEM32\policymanager.dll
0x00007ffe238e0000 - 0x00007ffe23971000 	C:\Windows\System32\msvcp110_win.dll
0x00007ffe08b20000 - 0x00007ffe08bf4000 	C:\Windows\System32\MFReadWrite.dll
0x00007ffe00700000 - 0x00007ffe007a3000 	C:\Windows\System32\qedit.dll
0x00007ffe26050000 - 0x00007ffe2614a000 	C:\WINDOWS\System32\COMDLG32.dll
0x00007ffe1c8d0000 - 0x00007ffe1ca69000 	C:\WINDOWS\WinSxS\amd64_microsoft.windows.gdiplus_6595b64144ccf1df_1.1.14393.187_none_730402f52114ff50\gdiplus.dll
0x00007ffe003e0000 - 0x00007ffe004d7000 	C:\Windows\System32\DDRAW.dll
0x00007ffe17d40000 - 0x00007ffe17d48000 	C:\Windows\System32\DCIMAN32.dll
0x00007ffe11e00000 - 0x00007ffe11e0c000 	C:\WINDOWS\SYSTEM32\msyuv.dll
0x000000006d5f0000 - 0x000000006d788000 	C:\Program Files\Java\jre1.8.0_101\bin\awt.dll
0x00007ffe233c0000 - 0x00007ffe2343a000 	C:\WINDOWS\SYSTEM32\apphelp.dll
0x000000006c340000 - 0x000000006c387000 	C:\Program Files\Java\jre1.8.0_101\bin\fontmanager.dll
0x00007ffe1ec00000 - 0x00007ffe1edab000 	C:\Windows\System32\uiautomationcore.dll
0x00007ffe24870000 - 0x00007ffe2488f000 	C:\Windows\System32\USERENV.dll
0x00007ffe24df0000 - 0x00007ffe24e88000 	C:\WINDOWS\SYSTEM32\sxs.dll
0x00007ffe1b710000 - 0x00007ffe1b775000 	C:\Windows\System32\OLEACC.dll
0x00007ffe118c0000 - 0x00007ffe1193d000 	C:\WINDOWS\SYSTEM32\twinapi.dll
0x00007ffe23980000 - 0x00007ffe23a9c000 	C:\WINDOWS\SYSTEM32\twinapi.appcore.dll
0x000000006ccc0000 - 0x000000006ccda000 	C:\Program Files\Java\jre1.8.0_101\bin\net.dll
0x000000006cca0000 - 0x000000006ccb1000 	C:\Program Files\Java\jre1.8.0_101\bin\nio.dll
0x000000006c2f0000 - 0x000000006c332000 	C:\Program Files\Java\jre1.8.0_101\bin\t2k.dll
0x00007ffe249a0000 - 0x00007ffe249b7000 	C:\WINDOWS\SYSTEM32\CRYPTSP.dll
0x00007ffe247d0000 - 0x00007ffe24803000 	C:\WINDOWS\system32\rsaenh.dll
0x00007ffe21410000 - 0x00007ffe21426000 	C:\WINDOWS\SYSTEM32\dhcpcsvc6.DLL
0x00007ffe21ab0000 - 0x00007ffe21aca000 	C:\WINDOWS\SYSTEM32\dhcpcsvc.DLL
0x000000006c180000 - 0x000000006c1b1000 	C:\Program Files\Java\jre1.8.0_101\bin\jpeg.dll
0x00007ffe15970000 - 0x00007ffe15b02000 	C:\WINDOWS\SYSTEM32\dbghelp.dll

VM Arguments:
jvm_args: -agentlib:jdwp=transport=dt_socket,suspend=y,address=localhost:50813 -Dfile.encoding=Cp1252 
java_command: Test
java_class_path (initial): C:\Users\Ryan McGee\workspace\OpenCV_Test\bin;C:\OpenCV\opencv\build\java\opencv-2413.jar
Launcher Type: SUN_STANDARD

Environment Variables:
PATH=C:/Program Files/Java/jre1.8.0_101/bin/server;C:/Program Files/Java/jre1.8.0_101/bin;C:/Program Files/Java/jre1.8.0_101/lib/amd64;C:\ProgramData\Oracle\Java\javapath;C:\WINDOWS\system32;C:\WINDOWS;C:\WINDOWS\System32\Wbem;C:\WINDOWS\System32\WindowsPowerShell\v1.0\;C:\OpenCV\opencv\build\x64\vc12\bin;C:\Users\Ryan McGee\AppData\Local\Microsoft\WindowsApps;;C:\Users\Ryan McGee\Desktop\backup\eclipse-java-mars-2-win32-x86_64\eclipse;
USERNAME=Ryan McGee
OS=Windows_NT
PROCESSOR_IDENTIFIER=AMD64 Family 21 Model 96 Stepping 1, AuthenticAMD



---------------  S Y S T E M  ---------------

OS: Windows 10.0 , 64 bit Build 14393 (10.0.14393.0)

CPU:total 4 (4 cores per cpu, 1 threads per core) family 21 model 96 stepping 1, cmov, cx8, fxsr, mmx, sse, sse2, sse3, ssse3, sse4.1, sse4.2, popcnt, avx, avx2, aes, clmul, mmxext, 3dnowpref, lzcnt, sse4a, tsc, tscinvbit, tscinv, bmi1

Memory: 4k page, physical 12005976k(8426568k free), swap 13840984k(9479660k free)

vm_info: Java HotSpot(TM) 64-Bit Server VM (25.101-b13) for windows-amd64 JRE (1.8.0_101-b13), built on Jun 22 2016 01:21:29 by "java_re" with MS VC++ 10.0 (VS2010)

time: Fri Sep 30 16:31:40 2016
elapsed time: 65 seconds (0d 0h 1m 5s)

