#
# A fatal error has been detected by the Java Runtime Environment:
#
#  Internal Error (0xc000000d), pid=3304, tid=0x0000000000001f9c
#
# JRE version: Java(TM) SE Runtime Environment (8.0_101-b13) (build 1.8.0_101-b13)
# Java VM: Java HotSpot(TM) 64-Bit Server VM (25.101-b13 mixed mode windows-amd64 compressed oops)
# Problematic frame:
# C  [ntdll.dll+0xfe5bc]
#
# Failed to write core dump. Minidumps are not enabled by default on client versions of Windows
#
# If you would like to submit a bug report, please visit:
#   http://bugreport.java.com/bugreport/crash.jsp
#

---------------  T H R E A D  ---------------

Current thread (0x0000000019976800):  VMThread [stack: 0x000000001aa10000,0x000000001ab10000] [id=8092]

siginfo: ExceptionCode=0xc000000d

Registers:
RAX=0x0000000000000000, RBX=0x00000000010aca30, RCX=0x0000000000000000, RDX=0x0000000000000000
RSP=0x000000001ab0e940, RBP=0x0000000000000000, RSI=0x000000001c06a940, RDI=0x000000001c07bbd0
R8 =0x0000000000000000, R9 =0x0000000000000000, R10=0x0000000000000000, R11=0x0000000000000000
R12=0x0000000000000000, R13=0x00000000ffffffff, R14=0x000000001c0624f0, R15=0x000000001c06a940
RIP=0x00007ffe28bbe5bc, EFLAGS=0x0000000000000206

Top of Stack: (sp=0x000000001ab0e940)
0x000000001ab0e940:   0000000000000057 00000000010aca30
0x000000001ab0e950:   000000001c06a940 000000001c07bbd0
0x000000001ab0e960:   00000000c000000d 0000000000000000
0x000000001ab0e970:   00007ffe28bbe5bc 0000000000000000
0x000000001ab0e980:   0000000000000000 0000000000000000
0x000000001ab0e990:   0000000000000000 0000000000000000
0x000000001ab0e9a0:   0000000000000000 0000000000000000
0x000000001ab0e9b0:   0000000000000000 0000000000000000
0x000000001ab0e9c0:   0000000000000000 0000000000000000
0x000000001ab0e9d0:   0000000000000000 0000000000000000
0x000000001ab0e9e0:   0000000000000000 0000000000000000
0x000000001ab0e9f0:   0000000000000000 0000000000000e00
0x000000001ab0ea00:   0000352bab39c4a0 0000000000000000
0x000000001ab0ea10:   0000000100000008 00007ffe28b809fb
0x000000001ab0ea20:   0000000001070000 00007ffe08b3e8db
0x000000001ab0ea30:   0000000000000008 0000000000000000 

Instructions: (pc=0x00007ffe28bbe5bc)
0x00007ffe28bbe59c:   d1 fa ff c7 44 24 20 0d 00 00 c0 b9 57 00 00 00
0x00007ffe28bbe5ac:   e8 cf 0f f6 ff 90 48 8d 4c 24 20 e8 54 bb f4 ff
0x00007ffe28bbe5bc:   eb 00 48 8b 8c 24 c0 00 00 00 48 33 cc e8 82 70
0x00007ffe28bbe5cc:   f9 ff 48 81 c4 d8 00 00 00 c3 40 55 48 83 ec 20 


Register to memory mapping:

RAX=0x0000000000000000 is an unknown value
RBX=0x00000000010aca30 is an unknown value
RCX=0x0000000000000000 is an unknown value
RDX=0x0000000000000000 is an unknown value
RSP=0x000000001ab0e940 is an unknown value
RBP=0x0000000000000000 is an unknown value
RSI=0x000000001c06a940 is an unknown value
RDI=0x000000001c07bbd0 is an unknown value
R8 =0x0000000000000000 is an unknown value
R9 =0x0000000000000000 is an unknown value
R10=0x0000000000000000 is an unknown value
R11=0x0000000000000000 is an unknown value
R12=0x0000000000000000 is an unknown value
R13=0x00000000ffffffff is an unknown value
R14=0x000000001c0624f0 is an unknown value
R15=0x000000001c06a940 is an unknown value


Stack: [0x000000001aa10000,0x000000001ab10000],  sp=0x000000001ab0e940,  free space=1018k
Native frames: (J=compiled Java code, j=interpreted, Vv=VM code, C=native code)

VM_Operation (0x0000000021c5d040): Exit, mode: safepoint, requested by thread 0x000000001b7e2000


---------------  P R O C E S S  ---------------

Java Threads: ( => current thread )
  0x00000000204f4000 JavaThread "TimerQueue" daemon [_thread_blocked, id=6920, stack(0x0000000024bb0000,0x0000000024cb0000)]
  0x000000001b7e2000 JavaThread "AWT-EventQueue-0" [_thread_blocked, id=6764, stack(0x0000000021b60000,0x0000000021c60000)]
  0x000000001b7bc800 JavaThread "AWT-Shutdown" [_thread_blocked, id=3412, stack(0x0000000020c70000,0x0000000020d70000)]
  0x000000001b7bc000 JavaThread "Java2D Disposer" daemon [_thread_blocked, id=7436, stack(0x0000000020b70000,0x0000000020c70000)]
  0x0000000019a0e800 JavaThread "Service Thread" daemon [_thread_blocked, id=208, stack(0x000000001b800000,0x000000001b900000)]
  0x00000000199b5800 JavaThread "C1 CompilerThread2" daemon [_thread_blocked, id=7556, stack(0x000000001b300000,0x000000001b400000)]
  0x00000000199b3000 JavaThread "C2 CompilerThread1" daemon [_thread_blocked, id=1084, stack(0x000000001b200000,0x000000001b300000)]
  0x00000000199ae800 JavaThread "C2 CompilerThread0" daemon [_thread_blocked, id=552, stack(0x000000001b100000,0x000000001b200000)]
  0x00000000199ad000 JavaThread "Attach Listener" daemon [_thread_blocked, id=7820, stack(0x000000001b000000,0x000000001b100000)]
  0x00000000199aa000 JavaThread "Signal Dispatcher" daemon [_thread_blocked, id=4932, stack(0x000000001af00000,0x000000001b000000)]
  0x000000001999a800 JavaThread "Finalizer" daemon [_thread_blocked, id=6040, stack(0x000000001ac10000,0x000000001ad10000)]
  0x0000000002cff000 JavaThread "Reference Handler" daemon [_thread_blocked, id=8, stack(0x000000001ab10000,0x000000001ac10000)]
  0x0000000002c10800 JavaThread "main" [_thread_in_native, id=3280, stack(0x0000000002ab0000,0x0000000002bb0000)]

Other Threads:
=>0x0000000019976800 VMThread [stack: 0x000000001aa10000,0x000000001ab10000] [id=8092]

VM state:at safepoint (shutting down)

VM Mutex/Monitor currently owned by a thread:  ([mutex/lock_event])
[0x0000000002bcb540] Threads_lock - owner thread: 0x0000000019976800

Heap:
 PSYoungGen      total 54784K, used 39770K [0x0000000782f00000, 0x0000000786c00000, 0x00000007c0000000)
  eden space 47104K, 79% used [0x0000000782f00000,0x0000000785394328,0x0000000785d00000)
  from space 7680K, 30% used [0x0000000785d00000,0x0000000785f426c8,0x0000000786480000)
  to   space 7680K, 0% used [0x0000000786480000,0x0000000786480000,0x0000000786c00000)
 ParOldGen       total 125952K, used 24K [0x0000000708c00000, 0x0000000710700000, 0x0000000782f00000)
  object space 125952K, 0% used [0x0000000708c00000,0x0000000708c06000,0x0000000710700000)
 Metaspace       used 12659K, capacity 12888K, committed 13184K, reserved 1060864K
  class space    used 1550K, capacity 1647K, committed 1664K, reserved 1048576K

Card table byte_map: [0x00000000120d0000,0x0000000012690000] byte_map_base: 0x000000000e88a000

Marking Bits: (ParMarkBitMap*) 0x000000006d55a6d0
 Begin Bits: [0x0000000012e70000, 0x0000000015c40000)
 End Bits:   [0x0000000015c40000, 0x0000000018a10000)

Polling page: 0x0000000001010000

CodeCache: size=245760Kb used=4562Kb max_used=4569Kb free=241197Kb
 bounds [0x0000000002d10000, 0x0000000003190000, 0x0000000011d10000]
 total_blobs=1988 nmethods=1386 adapters=515
 compilation: enabled

Compilation events (10 events):
Event: 14.038 Thread 0x00000000199ae800 1382  s    4       java.util.Hashtable::get (69 bytes)
Event: 14.038 Thread 0x00000000199b5800 1383   !   3       java.awt.Container::increaseComponentCount (124 bytes)
Event: 14.040 Thread 0x00000000199b5800 nmethod 1383 0x0000000003183550 code [0x0000000003183740, 0x0000000003184578]
Event: 14.047 Thread 0x00000000199ae800 nmethod 1382 0x0000000003187bd0 code [0x0000000003187d20, 0x0000000003188218]
Event: 14.096 Thread 0x00000000199b5800 1384       3       javax.swing.JComponent::addNotify (26 bytes)
Event: 14.097 Thread 0x00000000199b5800 nmethod 1384 0x00000000031870d0 code [0x00000000031872a0, 0x00000000031879c8]
Event: 14.097 Thread 0x00000000199b5800 1385       3       java.awt.Toolkit::createComponent (20 bytes)
Event: 14.098 Thread 0x00000000199b5800 nmethod 1385 0x0000000003186b90 code [0x0000000003186d00, 0x0000000003186fd0]
Event: 14.098 Thread 0x00000000199b5800 1386       3       java.awt.Component::updateZOrder (14 bytes)
Event: 14.098 Thread 0x00000000199b5800 nmethod 1386 0x0000000003186650 code [0x00000000031867c0, 0x0000000003186a98]

GC Heap History (2 events):
Event: 8.704 GC heap before
{Heap before GC invocations=1 (full 0):
 PSYoungGen      total 54784K, used 47051K [0x0000000782f00000, 0x0000000786c00000, 0x00000007c0000000)
  eden space 47104K, 99% used [0x0000000782f00000,0x0000000785cf2f00,0x0000000785d00000)
  from space 7680K, 0% used [0x0000000786480000,0x0000000786480000,0x0000000786c00000)
  to   space 7680K, 0% used [0x0000000785d00000,0x0000000785d00000,0x0000000786480000)
 ParOldGen       total 125952K, used 0K [0x0000000708c00000, 0x0000000710700000, 0x0000000782f00000)
  object space 125952K, 0% used [0x0000000708c00000,0x0000000708c00000,0x0000000710700000)
 Metaspace       used 12390K, capacity 12600K, committed 12928K, reserved 1060864K
  class space    used 1533K, capacity 1615K, committed 1664K, reserved 1048576K
Event: 8.716 GC heap after
Heap after GC invocations=1 (full 0):
 PSYoungGen      total 54784K, used 2313K [0x0000000782f00000, 0x0000000786c00000, 0x00000007c0000000)
  eden space 47104K, 0% used [0x0000000782f00000,0x0000000782f00000,0x0000000785d00000)
  from space 7680K, 30% used [0x0000000785d00000,0x0000000785f426c8,0x0000000786480000)
  to   space 7680K, 0% used [0x0000000786480000,0x0000000786480000,0x0000000786c00000)
 ParOldGen       total 125952K, used 24K [0x0000000708c00000, 0x0000000710700000, 0x0000000782f00000)
  object space 125952K, 0% used [0x0000000708c00000,0x0000000708c06000,0x0000000710700000)
 Metaspace       used 12390K, capacity 12600K, committed 12928K, reserved 1060864K
  class space    used 1533K, capacity 1615K, committed 1664K, reserved 1048576K
}

Deoptimization events (0 events):
No events

Internal exceptions (10 events):
Event: 0.084 Thread 0x0000000002c10800 Exception <a 'java/lang/NoSuchMethodError': Method sun.misc.Unsafe.defineClass(Ljava/lang/String;[BII)Ljava/lang/Class; name or signature does not match> (0x0000000782f07cc0) thrown at [C:\re\workspace\8-2-build-windows-amd64-cygwin\jdk8u101\7261\hotspot\sy[Óbé¢µ?
Event: 0.085 Thread 0x0000000002c10800 Exception <a 'java/lang/NoSuchMethodError': Method sun.misc.Unsafe.prefetchRead(Ljava/lang/Object;J)V name or signature does not match> (0x0000000782f07fa8) thrown at [C:\re\workspace\8-2-build-windows-amd64-cygwin\jdk8u101\7261\hotspot\src\share\vm\prims\”üC7ðaò?
Event: 1.149 Thread 0x0000000002c10800 Exception <a 'java/security/PrivilegedActionException'> (0x0000000782fdb048) thrown at [C:\re\workspace\8-2-build-windows-amd64-cygwin\jdk8u101\7261\hotspot\src\share\vm\prims\jvm.cpp, line 1386]
Event: 1.149 Thread 0x0000000002c10800 Exception <a 'java/security/PrivilegedActionException'> (0x0000000782fdb258) thrown at [C:\re\workspace\8-2-build-windows-amd64-cygwin\jdk8u101\7261\hotspot\src\share\vm\prims\jvm.cpp, line 1386]
Event: 1.151 Thread 0x0000000002c10800 Exception <a 'java/security/PrivilegedActionException'> (0x0000000782fdeea0) thrown at [C:\re\workspace\8-2-build-windows-amd64-cygwin\jdk8u101\7261\hotspot\src\share\vm\prims\jvm.cpp, line 1386]
Event: 1.151 Thread 0x0000000002c10800 Exception <a 'java/security/PrivilegedActionException'> (0x0000000782fdf0b0) thrown at [C:\re\workspace\8-2-build-windows-amd64-cygwin\jdk8u101\7261\hotspot\src\share\vm\prims\jvm.cpp, line 1386]
Event: 1.159 Thread 0x0000000002c10800 Exception <a 'java/io/FileNotFoundException'> (0x0000000782fe14d0) thrown at [C:\re\workspace\8-2-build-windows-amd64-cygwin\jdk8u101\7261\hotspot\src\share\vm\prims\jni.cpp, line 709]
Event: 1.252 Thread 0x0000000002c10800 Exception <a 'java/lang/NoSuchFieldError': method resolution failed> (0x000000078319a248) thrown at [C:\re\workspace\8-2-build-windows-amd64-cygwin\jdk8u101\7261\hotspot\src\share\vm\prims\methodHandles.cpp, line 1146]
Event: 1.257 Thread 0x0000000002c10800 Exception <a 'java/lang/NoSuchFieldError': method resolution failed> (0x00000007831a7618) thrown at [C:\re\workspace\8-2-build-windows-amd64-cygwin\jdk8u101\7261\hotspot\src\share\vm\prims\methodHandles.cpp, line 1146]
Event: 1.351 Thread 0x0000000002c10800 Exception <a 'java/io/FileNotFoundException'> (0x000000078323b528) thrown at [C:\re\workspace\8-2-build-windows-amd64-cygwin\jdk8u101\7261\hotspot\src\share\vm\prims\jni.cpp, line 709]

Events (10 events):
Event: 14.086 loading class java/util/WeakHashMap$HashIterator done
Event: 14.086 Thread 0x000000001b686800 Thread exited: 0x000000001b686800
Event: 14.086 loading class java/util/WeakHashMap$KeyIterator done
Event: 14.087 loading class sun/java2d/pipe/hw/AccelDeviceEventNotifier
Event: 14.087 Thread 0x0000000020437000 Thread exited: 0x0000000020437000
Event: 14.087 loading class sun/java2d/pipe/hw/AccelDeviceEventNotifier done
Event: 14.088 Thread 0x000000001b685000 Thread exited: 0x000000001b685000
Event: 14.167 Thread 0x000000001b7bf800 Thread exited: 0x000000001b7bf800
Event: 14.187 Thread 0x000000001b686000 Thread exited: 0x000000001b686000
Event: 14.187 Executing VM operation: Exit


Dynamic libraries:
0x00007ff7a9280000 - 0x00007ff7a92b7000 	C:\Program Files\Java\jre1.8.0_101\bin\javaw.exe
0x00007ffe28ac0000 - 0x00007ffe28c91000 	C:\WINDOWS\SYSTEM32\ntdll.dll
0x00007ffe28800000 - 0x00007ffe288ab000 	C:\WINDOWS\System32\KERNEL32.DLL
0x00007ffe252f0000 - 0x00007ffe2550d000 	C:\WINDOWS\System32\KERNELBASE.dll
0x00007ffe26620000 - 0x00007ffe266c2000 	C:\WINDOWS\System32\ADVAPI32.dll
0x00007ffe267b0000 - 0x00007ffe2684e000 	C:\WINDOWS\System32\msvcrt.dll
0x00007ffe28630000 - 0x00007ffe28689000 	C:\WINDOWS\System32\sechost.dll
0x00007ffe26850000 - 0x00007ffe26971000 	C:\WINDOWS\System32\RPCRT4.dll
0x00007ffe28950000 - 0x00007ffe28ab5000 	C:\WINDOWS\System32\USER32.dll
0x00007ffe25ed0000 - 0x00007ffe25eee000 	C:\WINDOWS\System32\win32u.dll
0x00007ffe270c0000 - 0x00007ffe270f4000 	C:\WINDOWS\System32\GDI32.dll
0x00007ffe250b0000 - 0x00007ffe25232000 	C:\WINDOWS\System32\gdi32full.dll
0x00007ffe1ca70000 - 0x00007ffe1cce9000 	C:\WINDOWS\WinSxS\amd64_microsoft.windows.common-controls_6595b64144ccf1df_6.0.14393.0_none_2d0f50fcbdb171b8\COMCTL32.dll
0x00007ffe26170000 - 0x00007ffe26437000 	C:\WINDOWS\System32\combase.dll
0x00007ffe24fb0000 - 0x00007ffe250a5000 	C:\WINDOWS\System32\ucrtbase.dll
0x00007ffe255b0000 - 0x00007ffe2561a000 	C:\WINDOWS\System32\bcryptPrimitives.dll
0x00007ffe26f50000 - 0x00007ffe26f7e000 	C:\WINDOWS\System32\IMM32.DLL
0x000000006c060000 - 0x000000006c132000 	C:\Program Files\Java\jre1.8.0_101\bin\msvcr100.dll
0x000000006cd40000 - 0x000000006d5da000 	C:\Program Files\Java\jre1.8.0_101\bin\server\jvm.dll
0x00007ffe26150000 - 0x00007ffe26158000 	C:\WINDOWS\System32\PSAPI.DLL
0x00007ffe18cb0000 - 0x00007ffe18cb9000 	C:\WINDOWS\SYSTEM32\WSOCK32.dll
0x00007ffe22470000 - 0x00007ffe22493000 	C:\WINDOWS\SYSTEM32\WINMM.dll
0x00007ffe266d0000 - 0x00007ffe2673a000 	C:\WINDOWS\System32\WS2_32.dll
0x00007ffe20300000 - 0x00007ffe2030a000 	C:\WINDOWS\SYSTEM32\VERSION.dll
0x00007ffe22350000 - 0x00007ffe2237b000 	C:\WINDOWS\SYSTEM32\WINMMBASE.dll
0x00007ffe252a0000 - 0x00007ffe252e2000 	C:\WINDOWS\System32\cfgmgr32.dll
0x000000006cd30000 - 0x000000006cd3f000 	C:\Program Files\Java\jre1.8.0_101\bin\verify.dll
0x000000006cd00000 - 0x000000006cd29000 	C:\Program Files\Java\jre1.8.0_101\bin\java.dll
0x000000006cce0000 - 0x000000006ccf6000 	C:\Program Files\Java\jre1.8.0_101\bin\zip.dll
0x00007ffe27120000 - 0x00007ffe28628000 	C:\WINDOWS\System32\SHELL32.dll
0x00007ffe25620000 - 0x00007ffe25cfa000 	C:\WINDOWS\System32\windows.storage.dll
0x00007ffe24f20000 - 0x00007ffe24f6c000 	C:\WINDOWS\System32\powrprof.dll
0x00007ffe265c0000 - 0x00007ffe26612000 	C:\WINDOWS\System32\shlwapi.dll
0x00007ffe24f70000 - 0x00007ffe24f7f000 	C:\WINDOWS\System32\kernel.appcore.dll
0x00007ffe25fa0000 - 0x00007ffe26049000 	C:\WINDOWS\System32\shcore.dll
0x00007ffe24f80000 - 0x00007ffe24f94000 	C:\WINDOWS\System32\profapi.dll
0x00007ffe0a500000 - 0x00007ffe0aed5000 	C:\Program Files\Java\jre1.8.0_101\bin\opencv_java2413.dll
0x00007ffe26f80000 - 0x00007ffe270b7000 	C:\WINDOWS\System32\ole32.dll
0x00007ffe11e40000 - 0x00007ffe11e60000 	C:\WINDOWS\SYSTEM32\AVIFIL32.dll
0x00007ffe10020000 - 0x00007ffe10049000 	C:\WINDOWS\SYSTEM32\MSVFW32.dll
0x00007ffe10160000 - 0x00007ffe10178000 	C:\WINDOWS\SYSTEM32\AVICAP32.dll
0x00007ffe264a0000 - 0x00007ffe2655f000 	C:\WINDOWS\System32\OLEAUT32.dll
0x00007ffe25510000 - 0x00007ffe255ac000 	C:\WINDOWS\System32\msvcp_win.dll
0x00007ffe0f2a0000 - 0x00007ffe0f2bc000 	C:\WINDOWS\SYSTEM32\MSACM32.dll
0x00007ffe236b0000 - 0x00007ffe23745000 	C:\WINDOWS\system32\uxtheme.dll
0x00007ffe115d0000 - 0x00007ffe11668000 	C:\Program Files\Common Files\microsoft shared\ink\tiptsf.dll
0x00007ffe288b0000 - 0x00007ffe2894f000 	C:\WINDOWS\System32\clbcatq.dll
0x00007ffe21a20000 - 0x00007ffe21a38000 	C:\Windows\System32\devenum.dll
0x00007ffe26b20000 - 0x00007ffe26f49000 	C:\WINDOWS\System32\setupapi.dll
0x00007ffe242d0000 - 0x00007ffe24302000 	C:\WINDOWS\SYSTEM32\ntmarta.dll
0x00007ffe23b40000 - 0x00007ffe23b68000 	C:\WINDOWS\SYSTEM32\DEVOBJ.dll
0x00007ffe25240000 - 0x00007ffe25295000 	C:\WINDOWS\System32\WINTRUST.dll
0x00007ffe24fa0000 - 0x00007ffe24fb0000 	C:\WINDOWS\System32\MSASN1.dll
0x00007ffe25d00000 - 0x00007ffe25ec8000 	C:\WINDOWS\System32\CRYPT32.dll
0x00007ffe1d5d0000 - 0x00007ffe1d5da000 	C:\WINDOWS\SYSTEM32\msdmo.dll
0x00007ffe0fca0000 - 0x00007ffe0fcd3000 	C:\Windows\System32\qcap.dll
0x00007ffe0c4c0000 - 0x00007ffe0c683000 	C:\Windows\System32\quartz.dll
0x00007ffe24dc0000 - 0x00007ffe24deb000 	C:\Windows\System32\bcrypt.dll
0x00007ffe286a0000 - 0x00007ffe287fb000 	C:\WINDOWS\System32\MSCTF.dll
0x00007ffe226a0000 - 0x00007ffe226c6000 	C:\WINDOWS\system32\dwmapi.dll
0x00007ffe0fe20000 - 0x00007ffe0fe68000 	C:\Windows\System32\mfksproxy.dll
0x00007ffe14da0000 - 0x00007ffe14dbc000 	C:\Windows\System32\ATL.DLL
0x00007ffe22130000 - 0x00007ffe22298000 	C:\Windows\System32\MFPlat.DLL
0x00007ffe21fe0000 - 0x00007ffe2200e000 	C:\Windows\System32\RTWorkQ.DLL
0x00007ffe0b050000 - 0x00007ffe0b43b000 	C:\Windows\System32\MFCORE.dll
0x00007ffe10140000 - 0x00007ffe10149000 	C:\Windows\System32\ksuser.dll
0x00007ffe24990000 - 0x00007ffe2499b000 	C:\Windows\System32\CRYPTBASE.DLL
0x00007ffe0c9b0000 - 0x00007ffe0ca03000 	C:\Windows\System32\FSClient.dll
0x00007ffe0f250000 - 0x00007ffe0f29d000 	C:\Windows\System32\MFSENSORGROUP.dll
0x00007ffe21b50000 - 0x00007ffe21b5b000 	C:\Windows\System32\AVRT.dll
0x00007ffe1d5c0000 - 0x00007ffe1d5cd000 	C:\Windows\System32\vidcap.ax
0x00007ffe103a0000 - 0x00007ffe103c5000 	C:\Windows\System32\kswdmcap.ax
0x00007ffe0aee0000 - 0x00007ffe0b043000 	C:\Windows\System32\MFC42.dll
0x00007ffe0c7b0000 - 0x00007ffe0c85f000 	C:\Windows\System32\ODBC32.dll
0x00007ffe24810000 - 0x00007ffe2481a000 	C:\Windows\System32\DPAPI.dll
0x00007ffe1b300000 - 0x00007ffe1b343000 	C:\WINDOWS\SYSTEM32\policymanager.dll
0x00007ffe238e0000 - 0x00007ffe23971000 	C:\Windows\System32\msvcp110_win.dll
0x00007ffe08b20000 - 0x00007ffe08bf4000 	C:\Windows\System32\MFReadWrite.dll
0x00007ffe0c900000 - 0x00007ffe0c9a3000 	C:\Windows\System32\qedit.dll
0x00007ffe26050000 - 0x00007ffe2614a000 	C:\WINDOWS\System32\COMDLG32.dll
0x00007ffe1c8d0000 - 0x00007ffe1ca69000 	C:\WINDOWS\WinSxS\amd64_microsoft.windows.gdiplus_6595b64144ccf1df_1.1.14393.187_none_730402f52114ff50\gdiplus.dll
0x00007ffe0c3c0000 - 0x00007ffe0c4b7000 	C:\Windows\System32\DDRAW.dll
0x00007ffe1d5b0000 - 0x00007ffe1d5b8000 	C:\Windows\System32\DCIMAN32.dll
0x00007ffe1c040000 - 0x00007ffe1c04c000 	C:\WINDOWS\SYSTEM32\msyuv.dll
0x000000006d5f0000 - 0x000000006d788000 	C:\Program Files\Java\jre1.8.0_101\bin\awt.dll
0x00007ffe233c0000 - 0x00007ffe2343a000 	C:\WINDOWS\SYSTEM32\apphelp.dll
0x000000006c340000 - 0x000000006c387000 	C:\Program Files\Java\jre1.8.0_101\bin\fontmanager.dll
0x000000006ccc0000 - 0x000000006ccda000 	C:\Program Files\Java\jre1.8.0_101\bin\net.dll
0x00007ffe24590000 - 0x00007ffe245ec000 	C:\WINDOWS\system32\mswsock.dll
0x000000006cca0000 - 0x000000006ccb1000 	C:\Program Files\Java\jre1.8.0_101\bin\nio.dll
0x000000006c2f0000 - 0x000000006c332000 	C:\Program Files\Java\jre1.8.0_101\bin\t2k.dll
0x00007ffe21510000 - 0x00007ffe216b8000 	C:\WINDOWS\SYSTEM32\WindowsCodecs.dll
0x00007ffe0f4d0000 - 0x00007ffe0f519000 	C:\WINDOWS\system32\dataexchange.dll
0x00007ffe22ae0000 - 0x00007ffe22d96000 	C:\WINDOWS\system32\d3d11.dll
0x00007ffe22da0000 - 0x00007ffe22ef1000 	C:\WINDOWS\system32\dcomp.dll
0x00007ffe23f60000 - 0x00007ffe23fff000 	C:\WINDOWS\system32\dxgi.dll
0x00007ffe23980000 - 0x00007ffe23a9c000 	C:\WINDOWS\system32\twinapi.appcore.dll
0x00007ffe1ec00000 - 0x00007ffe1edab000 	C:\Windows\System32\uiautomationcore.dll
0x00007ffe24870000 - 0x00007ffe2488f000 	C:\Windows\System32\USERENV.dll
0x00007ffe24df0000 - 0x00007ffe24e88000 	C:\WINDOWS\SYSTEM32\sxs.dll
0x00007ffe1b710000 - 0x00007ffe1b775000 	C:\Windows\System32\OLEACC.dll
0x00007ffe118c0000 - 0x00007ffe1193d000 	C:\WINDOWS\SYSTEM32\twinapi.dll
0x00007ffe249a0000 - 0x00007ffe249b7000 	C:\WINDOWS\SYSTEM32\CRYPTSP.dll
0x00007ffe247d0000 - 0x00007ffe24803000 	C:\WINDOWS\system32\rsaenh.dll
0x00007ffe24340000 - 0x00007ffe24378000 	C:\WINDOWS\SYSTEM32\IPHLPAPI.DLL
0x00007ffe28690000 - 0x00007ffe28698000 	C:\WINDOWS\System32\NSI.dll
0x00007ffe21410000 - 0x00007ffe21426000 	C:\WINDOWS\SYSTEM32\dhcpcsvc6.DLL
0x00007ffe21ab0000 - 0x00007ffe21aca000 	C:\WINDOWS\SYSTEM32\dhcpcsvc.DLL
0x000000006c020000 - 0x000000006c051000 	C:\Program Files\Java\jre1.8.0_101\bin\jpeg.dll
0x00007ffe15970000 - 0x00007ffe15b02000 	C:\WINDOWS\SYSTEM32\dbghelp.dll

VM Arguments:
jvm_args: -Dfile.encoding=Cp1252 
java_command: Test
java_class_path (initial): C:\Users\Ryan McGee\workspace\OpenCV_Test\bin;C:\OpenCV\opencv\build\java\opencv-2413.jar
Launcher Type: SUN_STANDARD

Environment Variables:
PATH=C:/Program Files/Java/jre1.8.0_101/bin/server;C:/Program Files/Java/jre1.8.0_101/bin;C:/Program Files/Java/jre1.8.0_101/lib/amd64;C:\ProgramData\Oracle\Java\javapath;C:\WINDOWS\system32;C:\WINDOWS;C:\WINDOWS\System32\Wbem;C:\WINDOWS\System32\WindowsPowerShell\v1.0\;C:\OpenCV\opencv\build\x64\vc12\bin;C:\Users\Ryan McGee\AppData\Local\Microsoft\WindowsApps;;C:\Users\Ryan McGee\Desktop\backup\eclipse-java-mars-2-win32-x86_64\eclipse;
USERNAME=Ryan McGee
OS=Windows_NT
PROCESSOR_IDENTIFIER=AMD64 Family 21 Model 96 Stepping 1, AuthenticAMD



---------------  S Y S T E M  ---------------

OS: Windows 10.0 , 64 bit Build 14393 (10.0.14393.0)

CPU:total 4 (4 cores per cpu, 1 threads per core) family 21 model 96 stepping 1, cmov, cx8, fxsr, mmx, sse, sse2, sse3, ssse3, sse4.1, sse4.2, popcnt, avx, avx2, aes, clmul, mmxext, 3dnowpref, lzcnt, sse4a, tsc, tscinvbit, tscinv, bmi1

Memory: 4k page, physical 12005976k(7854768k free), swap 13840984k(8769636k free)

vm_info: Java HotSpot(TM) 64-Bit Server VM (25.101-b13) for windows-amd64 JRE (1.8.0_101-b13), built on Jun 22 2016 01:21:29 by "java_re" with MS VC++ 10.0 (VS2010)

time: Fri Sep 30 17:45:26 2016
elapsed time: 15 seconds (0d 0h 0m 15s)

