#
# A fatal error has been detected by the Java Runtime Environment:
#
#  Internal Error (0xc000000d), pid=4536, tid=0x0000000000000c3c
#
# JRE version: Java(TM) SE Runtime Environment (8.0_101-b13) (build 1.8.0_101-b13)
# Java VM: Java HotSpot(TM) 64-Bit Server VM (25.101-b13 mixed mode windows-amd64 compressed oops)
# Problematic frame:
# C  [ntdll.dll+0xfe5bc]
#
# Failed to write core dump. Minidumps are not enabled by default on client versions of Windows
#
# If you would like to submit a bug report, please visit:
#   http://bugreport.java.com/bugreport/crash.jsp
#

---------------  T H R E A D  ---------------

Current thread (0x0000000019cd7000):  VMThread [stack: 0x000000001ad70000,0x000000001ae70000] [id=3132]

siginfo: ExceptionCode=0xc000000d

Registers:
RAX=0x0000000000000000, RBX=0x0000000001197130, RCX=0x0000000000000000, RDX=0x0000000000000000
RSP=0x000000001ae6e8d0, RBP=0x0000000000000000, RSI=0x000000001c2e53a0, RDI=0x000000001c2f2410
R8 =0x0000000000000000, R9 =0x0000000000000000, R10=0x0000000000000000, R11=0x0000000000000000
R12=0x0000000000000000, R13=0x00000000ffffffff, R14=0x000000001c2d24f0, R15=0x000000001c2e53a0
RIP=0x00007ffe28bbe5bc, EFLAGS=0x0000000000000202

Top of Stack: (sp=0x000000001ae6e8d0)
0x000000001ae6e8d0:   0000000000000057 0000000001197130
0x000000001ae6e8e0:   000000001c2e53a0 000000001c2f2410
0x000000001ae6e8f0:   00000000c000000d 0000000000000000
0x000000001ae6e900:   00007ffe28bbe5bc 0000000000000000
0x000000001ae6e910:   0000000000000000 0000000000000000
0x000000001ae6e920:   0000000000000000 0000000000000000
0x000000001ae6e930:   0000000000000000 0000000000000000
0x000000001ae6e940:   0000000000000000 0000000000000000
0x000000001ae6e950:   0000000000000000 0000000000000000
0x000000001ae6e960:   0000000000000000 0000000000000000
0x000000001ae6e970:   0000000000000000 0000000000000000
0x000000001ae6e980:   0000000000000000 00007ffe28afc468
0x000000001ae6e990:   000095410e587263 0000000000000000
0x000000001ae6e9a0:   0000000000000e8c 00007ffe28b809fb
0x000000001ae6e9b0:   000000001ae6ea11 00007ffe08b3e8db
0x000000001ae6e9c0:   0000000000000000 000000001ae6eb80 

Instructions: (pc=0x00007ffe28bbe5bc)
0x00007ffe28bbe59c:   d1 fa ff c7 44 24 20 0d 00 00 c0 b9 57 00 00 00
0x00007ffe28bbe5ac:   e8 cf 0f f6 ff 90 48 8d 4c 24 20 e8 54 bb f4 ff
0x00007ffe28bbe5bc:   eb 00 48 8b 8c 24 c0 00 00 00 48 33 cc e8 82 70
0x00007ffe28bbe5cc:   f9 ff 48 81 c4 d8 00 00 00 c3 40 55 48 83 ec 20 


Register to memory mapping:

RAX=0x0000000000000000 is an unknown value
RBX=0x0000000001197130 is an unknown value
RCX=0x0000000000000000 is an unknown value
RDX=0x0000000000000000 is an unknown value
RSP=0x000000001ae6e8d0 is an unknown value
RBP=0x0000000000000000 is an unknown value
RSI=0x000000001c2e53a0 is an unknown value
RDI=0x000000001c2f2410 is an unknown value
R8 =0x0000000000000000 is an unknown value
R9 =0x0000000000000000 is an unknown value
R10=0x0000000000000000 is an unknown value
R11=0x0000000000000000 is an unknown value
R12=0x0000000000000000 is an unknown value
R13=0x00000000ffffffff is an unknown value
R14=0x000000001c2d24f0 is an unknown value
R15=0x000000001c2e53a0 is an unknown value


Stack: [0x000000001ad70000,0x000000001ae70000],  sp=0x000000001ae6e8d0,  free space=1018k
Native frames: (J=compiled Java code, j=interpreted, Vv=VM code, C=native code)

VM_Operation (0x0000000022b4d1a0): Exit, mode: safepoint, requested by thread 0x000000001b9f3800


---------------  P R O C E S S  ---------------

Java Threads: ( => current thread )
  0x0000000022c97800 JavaThread "Thread-3" [_thread_blocked, id=6976, stack(0x0000000025d60000,0x0000000025e60000)]
  0x000000001b9f3800 JavaThread "AWT-EventQueue-0" [_thread_blocked, id=7596, stack(0x0000000022a50000,0x0000000022b50000)]
  0x000000001b9cb800 JavaThread "AWT-Shutdown" [_thread_blocked, id=4976, stack(0x0000000021f50000,0x0000000022050000)]
  0x000000001b9ca800 JavaThread "Java2D Disposer" daemon [_thread_blocked, id=8068, stack(0x0000000021e50000,0x0000000021f50000)]
  0x000000001b689000 JavaThread "Service Thread" daemon [_thread_blocked, id=5660, stack(0x000000001ba60000,0x000000001bb60000)]
  0x0000000019d19000 JavaThread "C1 CompilerThread2" daemon [_thread_blocked, id=2096, stack(0x000000001b560000,0x000000001b660000)]
  0x0000000019d12800 JavaThread "C2 CompilerThread1" daemon [_thread_blocked, id=4024, stack(0x000000001b460000,0x000000001b560000)]
  0x0000000019d0c800 JavaThread "C2 CompilerThread0" daemon [_thread_blocked, id=7716, stack(0x000000001b360000,0x000000001b460000)]
  0x0000000019d0b000 JavaThread "Attach Listener" daemon [_thread_blocked, id=6900, stack(0x000000001b260000,0x000000001b360000)]
  0x0000000019cfa800 JavaThread "Finalizer" daemon [_thread_blocked, id=7776, stack(0x000000001af70000,0x000000001b070000)]
  0x000000000309f800 JavaThread "Reference Handler" daemon [_thread_blocked, id=4168, stack(0x000000001ae70000,0x000000001af70000)]
  0x0000000002fb0800 JavaThread "main" [_thread_in_native, id=5132, stack(0x0000000002df0000,0x0000000002ef0000)]

Other Threads:
=>0x0000000019cd7000 VMThread [stack: 0x000000001ad70000,0x000000001ae70000] [id=3132]

VM state:at safepoint (shutting down)

VM Mutex/Monitor currently owned by a thread:  ([mutex/lock_event])
[0x0000000002fabbc0] Threads_lock - owner thread: 0x0000000019cd7000

Heap:
 PSYoungGen      total 41472K, used 33473K [0x0000000782f00000, 0x0000000785b80000, 0x00000007c0000000)
  eden space 39424K, 82% used [0x0000000782f00000,0x0000000784ef2408,0x0000000785580000)
  from space 2048K, 37% used [0x0000000785980000,0x0000000785a3e020,0x0000000785b80000)
  to   space 3072K, 0% used [0x0000000785580000,0x0000000785580000,0x0000000785880000)
 ParOldGen       total 125952K, used 2000K [0x0000000708c00000, 0x0000000710700000, 0x0000000782f00000)
  object space 125952K, 1% used [0x0000000708c00000,0x0000000708df4050,0x0000000710700000)
 Metaspace       used 12748K, capacity 12992K, committed 13184K, reserved 1060864K
  class space    used 1527K, capacity 1615K, committed 1664K, reserved 1048576K

Card table byte_map: [0x0000000012470000,0x0000000012a30000] byte_map_base: 0x000000000ec2a000

Marking Bits: (ParMarkBitMap*) 0x000000006d55a6d0
 Begin Bits: [0x0000000013210000, 0x0000000015fe0000)
 End Bits:   [0x0000000015fe0000, 0x0000000018db0000)

Polling page: 0x0000000001590000

CodeCache: size=245760Kb used=6262Kb max_used=6271Kb free=239497Kb
 bounds [0x00000000030b0000, 0x00000000036e0000, 0x00000000120b0000]
 total_blobs=2447 nmethods=1845 adapters=515
 compilation: enabled

Compilation events (10 events):
Event: 92.469 Thread 0x0000000019d12800 1884       4       javax.swing.JComponent::isOpaque (6 bytes)
Event: 92.469 Thread 0x0000000019d12800 nmethod 1884 0x0000000003674910 code [0x0000000003674a40, 0x0000000003674ab8]
Event: 97.498 Thread 0x0000000019d19000 1885       1       sun.awt.NullComponentPeer::dispose (1 bytes)
Event: 97.498 Thread 0x0000000019d19000 nmethod 1885 0x00000000036cf650 code [0x00000000036cf7a0, 0x00000000036cf8b0]
Event: 101.426 Thread 0x0000000019d0c800 1886  s    4       com.sun.imageio.plugins.jpeg.JPEGImageReader::clearThreadLock (83 bytes)
Event: 101.428 Thread 0x0000000019d0c800 nmethod 1886 0x00000000036cf190 code [0x00000000036cf2e0, 0x00000000036cf558]
Event: 101.498 Thread 0x0000000019d19000 1887       1       java.util.Collections$EmptyList::isEmpty (2 bytes)
Event: 101.499 Thread 0x0000000019d19000 nmethod 1887 0x00000000036d1e90 code [0x00000000036d1fe0, 0x00000000036d20f0]
Event: 101.593 Thread 0x0000000019d12800 1888       4       java.util.HashMap::resize (359 bytes)
Event: 101.603 Thread 0x0000000019d12800 nmethod 1888 0x00000000036d3e50 code [0x00000000036d3fe0, 0x00000000036d4578]

GC Heap History (10 events):
Event: 69.900 GC heap before
{Heap before GC invocations=10 (full 0):
 PSYoungGen      total 43008K, used 42744K [0x0000000782f00000, 0x0000000786180000, 0x00000007c0000000)
  eden space 41984K, 100% used [0x0000000782f00000,0x0000000785800000,0x0000000785800000)
  from space 1024K, 74% used [0x0000000785c80000,0x0000000785d3e020,0x0000000785d80000)
  to   space 3072K, 0% used [0x0000000785e80000,0x0000000785e80000,0x0000000786180000)
 ParOldGen       total 125952K, used 1856K [0x0000000708c00000, 0x0000000710700000, 0x0000000782f00000)
  object space 125952K, 1% used [0x0000000708c00000,0x0000000708dd0050,0x0000000710700000)
 Metaspace       used 12694K, capacity 12928K, committed 13184K, reserved 1060864K
  class space    used 1513K, capacity 1615K, committed 1664K, reserved 1048576K
Event: 69.903 GC heap after
Heap after GC invocations=10 (full 0):
 PSYoungGen      total 43008K, used 1092K [0x0000000782f00000, 0x0000000786000000, 0x00000007c0000000)
  eden space 41472K, 0% used [0x0000000782f00000,0x0000000782f00000,0x0000000785780000)
  from space 1536K, 71% used [0x0000000785e80000,0x0000000785f91030,0x0000000786000000)
  to   space 3072K, 0% used [0x0000000785a00000,0x0000000785a00000,0x0000000785d00000)
 ParOldGen       total 125952K, used 1872K [0x0000000708c00000, 0x0000000710700000, 0x0000000782f00000)
  object space 125952K, 1% used [0x0000000708c00000,0x0000000708dd4050,0x0000000710700000)
 Metaspace       used 12694K, capacity 12928K, committed 13184K, reserved 1060864K
  class space    used 1513K, capacity 1615K, committed 1664K, reserved 1048576K
}
Event: 76.354 GC heap before
{Heap before GC invocations=11 (full 0):
 PSYoungGen      total 43008K, used 42564K [0x0000000782f00000, 0x0000000786000000, 0x00000007c0000000)
  eden space 41472K, 100% used [0x0000000782f00000,0x0000000785780000,0x0000000785780000)
  from space 1536K, 71% used [0x0000000785e80000,0x0000000785f91030,0x0000000786000000)
  to   space 3072K, 0% used [0x0000000785a00000,0x0000000785a00000,0x0000000785d00000)
 ParOldGen       total 125952K, used 1872K [0x0000000708c00000, 0x0000000710700000, 0x0000000782f00000)
  object space 125952K, 1% used [0x0000000708c00000,0x0000000708dd4050,0x0000000710700000)
 Metaspace       used 12694K, capacity 12928K, committed 13184K, reserved 1060864K
  class space    used 1513K, capacity 1615K, committed 1664K, reserved 1048576K
Event: 76.355 GC heap after
Heap after GC invocations=11 (full 0):
 PSYoungGen      total 41472K, used 491K [0x0000000782f00000, 0x0000000785f00000, 0x00000007c0000000)
  eden space 40960K, 0% used [0x0000000782f00000,0x0000000782f00000,0x0000000785700000)
  from space 512K, 96% used [0x0000000785a00000,0x0000000785a7aeb8,0x0000000785a80000)
  to   space 3072K, 0% used [0x0000000785c00000,0x0000000785c00000,0x0000000785f00000)
 ParOldGen       total 125952K, used 1904K [0x0000000708c00000, 0x0000000710700000, 0x0000000782f00000)
  object space 125952K, 1% used [0x0000000708c00000,0x0000000708ddc050,0x0000000710700000)
 Metaspace       used 12694K, capacity 12928K, committed 13184K, reserved 1060864K
  class space    used 1513K, capacity 1615K, committed 1664K, reserved 1048576K
}
Event: 82.632 GC heap before
{Heap before GC invocations=12 (full 0):
 PSYoungGen      total 41472K, used 41451K [0x0000000782f00000, 0x0000000785f00000, 0x00000007c0000000)
  eden space 40960K, 100% used [0x0000000782f00000,0x0000000785700000,0x0000000785700000)
  from space 512K, 96% used [0x0000000785a00000,0x0000000785a7aeb8,0x0000000785a80000)
  to   space 3072K, 0% used [0x0000000785c00000,0x0000000785c00000,0x0000000785f00000)
 ParOldGen       total 125952K, used 1904K [0x0000000708c00000, 0x0000000710700000, 0x0000000782f00000)
  object space 125952K, 1% used [0x0000000708c00000,0x0000000708ddc050,0x0000000710700000)
 Metaspace       used 12694K, capacity 12928K, committed 13184K, reserved 1060864K
  class space    used 1513K, capacity 1615K, committed 1664K, reserved 1048576K
Event: 82.634 GC heap after
Heap after GC invocations=12 (full 0):
 PSYoungGen      total 41984K, used 1056K [0x0000000782f00000, 0x0000000785d80000, 0x00000007c0000000)
  eden space 40448K, 0% used [0x0000000782f00000,0x0000000782f00000,0x0000000785680000)
  from space 1536K, 68% used [0x0000000785c00000,0x0000000785d08308,0x0000000785d80000)
  to   space 3072K, 0% used [0x0000000785780000,0x0000000785780000,0x0000000785a80000)
 ParOldGen       total 125952K, used 1928K [0x0000000708c00000, 0x0000000710700000, 0x0000000782f00000)
  object space 125952K, 1% used [0x0000000708c00000,0x0000000708de2050,0x0000000710700000)
 Metaspace       used 12694K, capacity 12928K, committed 13184K, reserved 1060864K
  class space    used 1513K, capacity 1615K, committed 1664K, reserved 1048576K
}
Event: 88.781 GC heap before
{Heap before GC invocations=13 (full 0):
 PSYoungGen      total 41984K, used 41504K [0x0000000782f00000, 0x0000000785d80000, 0x00000007c0000000)
  eden space 40448K, 100% used [0x0000000782f00000,0x0000000785680000,0x0000000785680000)
  from space 1536K, 68% used [0x0000000785c00000,0x0000000785d08308,0x0000000785d80000)
  to   space 3072K, 0% used [0x0000000785780000,0x0000000785780000,0x0000000785a80000)
 ParOldGen       total 125952K, used 1928K [0x0000000708c00000, 0x0000000710700000, 0x0000000782f00000)
  object space 125952K, 1% used [0x0000000708c00000,0x0000000708de2050,0x0000000710700000)
 Metaspace       used 12737K, capacity 12992K, committed 13184K, reserved 1060864K
  class space    used 1524K, capacity 1615K, committed 1664K, reserved 1048576K
Event: 88.783 GC heap after
Heap after GC invocations=13 (full 0):
 PSYoungGen      total 41472K, used 1090K [0x0000000782f00000, 0x0000000785c80000, 0x00000007c0000000)
  eden space 39936K, 0% used [0x0000000782f00000,0x0000000782f00000,0x0000000785600000)
  from space 1536K, 70% used [0x0000000785780000,0x0000000785890820,0x0000000785900000)
  to   space 3072K, 0% used [0x0000000785980000,0x0000000785980000,0x0000000785c80000)
 ParOldGen       total 125952K, used 1952K [0x0000000708c00000, 0x0000000710700000, 0x0000000782f00000)
  object space 125952K, 1% used [0x0000000708c00000,0x0000000708de8050,0x0000000710700000)
 Metaspace       used 12737K, capacity 12992K, committed 13184K, reserved 1060864K
  class space    used 1524K, capacity 1615K, committed 1664K, reserved 1048576K
}
Event: 96.192 GC heap before
{Heap before GC invocations=14 (full 0):
 PSYoungGen      total 41472K, used 41026K [0x0000000782f00000, 0x0000000785c80000, 0x00000007c0000000)
  eden space 39936K, 100% used [0x0000000782f00000,0x0000000785600000,0x0000000785600000)
  from space 1536K, 70% used [0x0000000785780000,0x0000000785890820,0x0000000785900000)
  to   space 3072K, 0% used [0x0000000785980000,0x0000000785980000,0x0000000785c80000)
 ParOldGen       total 125952K, used 1952K [0x0000000708c00000, 0x0000000710700000, 0x0000000782f00000)
  object space 125952K, 1% used [0x0000000708c00000,0x0000000708de8050,0x0000000710700000)
 Metaspace       used 12737K, capacity 12992K, committed 13184K, reserved 1060864K
  class space    used 1524K, capacity 1615K, committed 1664K, reserved 1048576K
Event: 96.194 GC heap after
Heap after GC invocations=14 (full 0):
 PSYoungGen      total 41472K, used 760K [0x0000000782f00000, 0x0000000785b80000, 0x00000007c0000000)
  eden space 39424K, 0% used [0x0000000782f00000,0x0000000782f00000,0x0000000785580000)
  from space 2048K, 37% used [0x0000000785980000,0x0000000785a3e020,0x0000000785b80000)
  to   space 3072K, 0% used [0x0000000785580000,0x0000000785580000,0x0000000785880000)
 ParOldGen       total 125952K, used 2000K [0x0000000708c00000, 0x0000000710700000, 0x0000000782f00000)
  object space 125952K, 1% used [0x0000000708c00000,0x0000000708df4050,0x0000000710700000)
 Metaspace       used 12737K, capacity 12992K, committed 13184K, reserved 1060864K
  class space    used 1524K, capacity 1615K, committed 1664K, reserved 1048576K
}

Deoptimization events (1 events):
Event: 86.632 Thread 0x000000001b9d0000 Uncommon trap: reason=unstable_if action=reinterpret pc=0x0000000003600c6c method=java.lang.Long.valueOf(J)Ljava/lang/Long; @ 13

Internal exceptions (10 events):
Event: 0.051 Thread 0x0000000002fb0800 Exception <a 'java/lang/NoSuchMethodError': Method sun.misc.Unsafe.defineClass(Ljava/lang/String;[BII)Ljava/lang/Class; name or signature does not match> (0x0000000782f07cc0) thrown at [C:\re\workspace\8-2-build-windows-amd64-cygwin\jdk8u101\7261\hotspot\s7Ìt97ª?
Event: 0.051 Thread 0x0000000002fb0800 Exception <a 'java/lang/NoSuchMethodError': Method sun.misc.Unsafe.prefetchRead(Ljava/lang/Object;J)V name or signature does not match> (0x0000000782f07fa8) thrown at [C:\re\workspace\8-2-build-windows-amd64-cygwin\jdk8u101\7261\hotspot\src\share\vm\prims\±˜Ñï‘ð?
Event: 1.036 Thread 0x0000000002fb0800 Exception <a 'java/security/PrivilegedActionException'> (0x0000000782fdb0c0) thrown at [C:\re\workspace\8-2-build-windows-amd64-cygwin\jdk8u101\7261\hotspot\src\share\vm\prims\jvm.cpp, line 1386]
Event: 1.036 Thread 0x0000000002fb0800 Exception <a 'java/security/PrivilegedActionException'> (0x0000000782fdb2d0) thrown at [C:\re\workspace\8-2-build-windows-amd64-cygwin\jdk8u101\7261\hotspot\src\share\vm\prims\jvm.cpp, line 1386]
Event: 1.037 Thread 0x0000000002fb0800 Exception <a 'java/security/PrivilegedActionException'> (0x0000000782fdef18) thrown at [C:\re\workspace\8-2-build-windows-amd64-cygwin\jdk8u101\7261\hotspot\src\share\vm\prims\jvm.cpp, line 1386]
Event: 1.037 Thread 0x0000000002fb0800 Exception <a 'java/security/PrivilegedActionException'> (0x0000000782fdf128) thrown at [C:\re\workspace\8-2-build-windows-amd64-cygwin\jdk8u101\7261\hotspot\src\share\vm\prims\jvm.cpp, line 1386]
Event: 1.044 Thread 0x0000000002fb0800 Exception <a 'java/io/FileNotFoundException'> (0x0000000782fe1548) thrown at [C:\re\workspace\8-2-build-windows-amd64-cygwin\jdk8u101\7261\hotspot\src\share\vm\prims\jni.cpp, line 709]
Event: 1.182 Thread 0x0000000002fb0800 Exception <a 'java/lang/NoSuchFieldError': method resolution failed> (0x000000078319a2c0) thrown at [C:\re\workspace\8-2-build-windows-amd64-cygwin\jdk8u101\7261\hotspot\src\share\vm\prims\methodHandles.cpp, line 1146]
Event: 1.189 Thread 0x0000000002fb0800 Exception <a 'java/lang/NoSuchFieldError': method resolution failed> (0x00000007831a7660) thrown at [C:\re\workspace\8-2-build-windows-amd64-cygwin\jdk8u101\7261\hotspot\src\share\vm\prims\methodHandles.cpp, line 1146]
Event: 1.281 Thread 0x0000000002fb0800 Exception <a 'java/io/FileNotFoundException'> (0x000000078323b4d8) thrown at [C:\re\workspace\8-2-build-windows-amd64-cygwin\jdk8u101\7261\hotspot\src\share\vm\prims\jni.cpp, line 709]

Events (10 events):
Event: 101.632 loading class java/util/WeakHashMap$KeyIterator done
Event: 101.633 Thread 0x000000001b784000 Thread exited: 0x000000001b784000
Event: 101.634 Thread 0x000000001b785800 Thread exited: 0x000000001b785800
Event: 101.634 Thread 0x0000000022b90800 Thread exited: 0x0000000022b90800
Event: 101.635 loading class sun/java2d/pipe/hw/AccelDeviceEventNotifier
Event: 101.635 loading class sun/java2d/pipe/hw/AccelDeviceEventNotifier done
Event: 101.725 Thread 0x000000001b9d0000 Thread exited: 0x000000001b9d0000
Event: 101.736 Thread 0x000000001b785000 Thread exited: 0x000000001b785000
Event: 101.736 Thread 0x0000000019d09800 Thread exited: 0x0000000019d09800
Event: 101.736 Executing VM operation: Exit


Dynamic libraries:
0x00007ff7a9280000 - 0x00007ff7a92b7000 	C:\Program Files\Java\jre1.8.0_101\bin\javaw.exe
0x00007ffe28ac0000 - 0x00007ffe28c91000 	C:\WINDOWS\SYSTEM32\ntdll.dll
0x00007ffe28800000 - 0x00007ffe288ab000 	C:\WINDOWS\System32\KERNEL32.DLL
0x00007ffe252f0000 - 0x00007ffe2550d000 	C:\WINDOWS\System32\KERNELBASE.dll
0x00007ffe26620000 - 0x00007ffe266c2000 	C:\WINDOWS\System32\ADVAPI32.dll
0x00007ffe267b0000 - 0x00007ffe2684e000 	C:\WINDOWS\System32\msvcrt.dll
0x00007ffe28630000 - 0x00007ffe28689000 	C:\WINDOWS\System32\sechost.dll
0x00007ffe26850000 - 0x00007ffe26971000 	C:\WINDOWS\System32\RPCRT4.dll
0x00007ffe28950000 - 0x00007ffe28ab5000 	C:\WINDOWS\System32\USER32.dll
0x00007ffe25ed0000 - 0x00007ffe25eee000 	C:\WINDOWS\System32\win32u.dll
0x00007ffe270c0000 - 0x00007ffe270f4000 	C:\WINDOWS\System32\GDI32.dll
0x00007ffe250b0000 - 0x00007ffe25232000 	C:\WINDOWS\System32\gdi32full.dll
0x00007ffe1ca70000 - 0x00007ffe1cce9000 	C:\WINDOWS\WinSxS\amd64_microsoft.windows.common-controls_6595b64144ccf1df_6.0.14393.0_none_2d0f50fcbdb171b8\COMCTL32.dll
0x00007ffe26170000 - 0x00007ffe26437000 	C:\WINDOWS\System32\combase.dll
0x00007ffe24fb0000 - 0x00007ffe250a5000 	C:\WINDOWS\System32\ucrtbase.dll
0x00007ffe255b0000 - 0x00007ffe2561a000 	C:\WINDOWS\System32\bcryptPrimitives.dll
0x00007ffe26f50000 - 0x00007ffe26f7e000 	C:\WINDOWS\System32\IMM32.DLL
0x000000006c210000 - 0x000000006c2e2000 	C:\Program Files\Java\jre1.8.0_101\bin\msvcr100.dll
0x000000006cd40000 - 0x000000006d5da000 	C:\Program Files\Java\jre1.8.0_101\bin\server\jvm.dll
0x00007ffe26150000 - 0x00007ffe26158000 	C:\WINDOWS\System32\PSAPI.DLL
0x00007ffe18cb0000 - 0x00007ffe18cb9000 	C:\WINDOWS\SYSTEM32\WSOCK32.dll
0x00007ffe22470000 - 0x00007ffe22493000 	C:\WINDOWS\SYSTEM32\WINMM.dll
0x00007ffe266d0000 - 0x00007ffe2673a000 	C:\WINDOWS\System32\WS2_32.dll
0x00007ffe20300000 - 0x00007ffe2030a000 	C:\WINDOWS\SYSTEM32\VERSION.dll
0x00007ffe22350000 - 0x00007ffe2237b000 	C:\WINDOWS\SYSTEM32\WINMMBASE.dll
0x00007ffe252a0000 - 0x00007ffe252e2000 	C:\WINDOWS\System32\cfgmgr32.dll
0x000000006cd30000 - 0x000000006cd3f000 	C:\Program Files\Java\jre1.8.0_101\bin\verify.dll
0x000000006cd00000 - 0x000000006cd29000 	C:\Program Files\Java\jre1.8.0_101\bin\java.dll
0x000000006cce0000 - 0x000000006ccf6000 	C:\Program Files\Java\jre1.8.0_101\bin\zip.dll
0x00007ffe27120000 - 0x00007ffe28628000 	C:\WINDOWS\System32\SHELL32.dll
0x00007ffe25620000 - 0x00007ffe25cfa000 	C:\WINDOWS\System32\windows.storage.dll
0x00007ffe24f20000 - 0x00007ffe24f6c000 	C:\WINDOWS\System32\powrprof.dll
0x00007ffe265c0000 - 0x00007ffe26612000 	C:\WINDOWS\System32\shlwapi.dll
0x00007ffe24f70000 - 0x00007ffe24f7f000 	C:\WINDOWS\System32\kernel.appcore.dll
0x00007ffe25fa0000 - 0x00007ffe26049000 	C:\WINDOWS\System32\shcore.dll
0x00007ffe24f80000 - 0x00007ffe24f94000 	C:\WINDOWS\System32\profapi.dll
0x00007ffe0a1c0000 - 0x00007ffe0ab95000 	C:\Program Files\Java\jre1.8.0_101\bin\opencv_java2413.dll
0x00007ffe26f80000 - 0x00007ffe270b7000 	C:\WINDOWS\System32\ole32.dll
0x00007ffe10270000 - 0x00007ffe10290000 	C:\WINDOWS\SYSTEM32\AVIFIL32.dll
0x00007ffe10020000 - 0x00007ffe10049000 	C:\WINDOWS\SYSTEM32\MSVFW32.dll
0x00007ffe264a0000 - 0x00007ffe2655f000 	C:\WINDOWS\System32\OLEAUT32.dll
0x00007ffe25510000 - 0x00007ffe255ac000 	C:\WINDOWS\System32\msvcp_win.dll
0x00007ffe10000000 - 0x00007ffe10018000 	C:\WINDOWS\SYSTEM32\AVICAP32.dll
0x00007ffe0f2a0000 - 0x00007ffe0f2bc000 	C:\WINDOWS\SYSTEM32\MSACM32.dll
0x00007ffe236b0000 - 0x00007ffe23745000 	C:\WINDOWS\system32\uxtheme.dll
0x00007ffe115d0000 - 0x00007ffe11668000 	C:\Program Files\Common Files\microsoft shared\ink\tiptsf.dll
0x00007ffe288b0000 - 0x00007ffe2894f000 	C:\WINDOWS\System32\clbcatq.dll
0x00007ffe21a20000 - 0x00007ffe21a38000 	C:\Windows\System32\devenum.dll
0x00007ffe26b20000 - 0x00007ffe26f49000 	C:\WINDOWS\System32\setupapi.dll
0x00007ffe242d0000 - 0x00007ffe24302000 	C:\WINDOWS\SYSTEM32\ntmarta.dll
0x00007ffe23b40000 - 0x00007ffe23b68000 	C:\WINDOWS\SYSTEM32\DEVOBJ.dll
0x00007ffe25240000 - 0x00007ffe25295000 	C:\WINDOWS\System32\WINTRUST.dll
0x00007ffe24fa0000 - 0x00007ffe24fb0000 	C:\WINDOWS\System32\MSASN1.dll
0x00007ffe25d00000 - 0x00007ffe25ec8000 	C:\WINDOWS\System32\CRYPT32.dll
0x00007ffe1d5d0000 - 0x00007ffe1d5da000 	C:\WINDOWS\SYSTEM32\msdmo.dll
0x00007ffe0fca0000 - 0x00007ffe0fcd3000 	C:\Windows\System32\qcap.dll
0x00007ffe0c520000 - 0x00007ffe0c6e3000 	C:\Windows\System32\quartz.dll
0x00007ffe24dc0000 - 0x00007ffe24deb000 	C:\Windows\System32\bcrypt.dll
0x00007ffe286a0000 - 0x00007ffe287fb000 	C:\WINDOWS\System32\MSCTF.dll
0x00007ffe226a0000 - 0x00007ffe226c6000 	C:\WINDOWS\system32\dwmapi.dll
0x00007ffe0fe20000 - 0x00007ffe0fe68000 	C:\Windows\System32\mfksproxy.dll
0x00007ffe14da0000 - 0x00007ffe14dbc000 	C:\Windows\System32\ATL.DLL
0x00007ffe22130000 - 0x00007ffe22298000 	C:\Windows\System32\MFPlat.DLL
0x00007ffe21fe0000 - 0x00007ffe2200e000 	C:\Windows\System32\RTWorkQ.DLL
0x00007ffe0b050000 - 0x00007ffe0b43b000 	C:\Windows\System32\MFCORE.dll
0x00007ffe10140000 - 0x00007ffe10149000 	C:\Windows\System32\ksuser.dll
0x00007ffe24990000 - 0x00007ffe2499b000 	C:\Windows\System32\CRYPTBASE.DLL
0x00007ffe0c9b0000 - 0x00007ffe0ca03000 	C:\Windows\System32\FSClient.dll
0x00007ffe0f250000 - 0x00007ffe0f29d000 	C:\Windows\System32\MFSENSORGROUP.dll
0x00007ffe21b50000 - 0x00007ffe21b5b000 	C:\Windows\System32\AVRT.dll
0x00007ffe1d5c0000 - 0x00007ffe1d5cd000 	C:\Windows\System32\vidcap.ax
0x00007ffe103a0000 - 0x00007ffe103c5000 	C:\Windows\System32\kswdmcap.ax
0x00007ffe0aee0000 - 0x00007ffe0b043000 	C:\Windows\System32\MFC42.dll
0x00007ffe0c7b0000 - 0x00007ffe0c85f000 	C:\Windows\System32\ODBC32.dll
0x00007ffe24810000 - 0x00007ffe2481a000 	C:\Windows\System32\DPAPI.dll
0x00007ffe1b300000 - 0x00007ffe1b343000 	C:\WINDOWS\SYSTEM32\policymanager.dll
0x00007ffe238e0000 - 0x00007ffe23971000 	C:\Windows\System32\msvcp110_win.dll
0x00007ffe08b20000 - 0x00007ffe08bf4000 	C:\Windows\System32\MFReadWrite.dll
0x00007ffe0c2d0000 - 0x00007ffe0c373000 	C:\Windows\System32\qedit.dll
0x00007ffe26050000 - 0x00007ffe2614a000 	C:\WINDOWS\System32\COMDLG32.dll
0x00007ffe1c8d0000 - 0x00007ffe1ca69000 	C:\WINDOWS\WinSxS\amd64_microsoft.windows.gdiplus_6595b64144ccf1df_1.1.14393.187_none_730402f52114ff50\gdiplus.dll
0x00007ffe0ade0000 - 0x00007ffe0aed7000 	C:\Windows\System32\DDRAW.dll
0x00007ffe1d5b0000 - 0x00007ffe1d5b8000 	C:\Windows\System32\DCIMAN32.dll
0x00007ffe1c040000 - 0x00007ffe1c04c000 	C:\WINDOWS\SYSTEM32\msyuv.dll
0x000000006d5f0000 - 0x000000006d788000 	C:\Program Files\Java\jre1.8.0_101\bin\awt.dll
0x00007ffe233c0000 - 0x00007ffe2343a000 	C:\WINDOWS\SYSTEM32\apphelp.dll
0x00007ffe1ec00000 - 0x00007ffe1edab000 	C:\Windows\System32\uiautomationcore.dll
0x00007ffe24870000 - 0x00007ffe2488f000 	C:\Windows\System32\USERENV.dll
0x00007ffe24df0000 - 0x00007ffe24e88000 	C:\WINDOWS\SYSTEM32\sxs.dll
0x000000006c340000 - 0x000000006c387000 	C:\Program Files\Java\jre1.8.0_101\bin\fontmanager.dll
0x000000006ccc0000 - 0x000000006ccda000 	C:\Program Files\Java\jre1.8.0_101\bin\net.dll
0x00007ffe24590000 - 0x00007ffe245ec000 	C:\WINDOWS\system32\mswsock.dll
0x000000006cca0000 - 0x000000006ccb1000 	C:\Program Files\Java\jre1.8.0_101\bin\nio.dll
0x000000006c2f0000 - 0x000000006c332000 	C:\Program Files\Java\jre1.8.0_101\bin\t2k.dll
0x00007ffe21510000 - 0x00007ffe216b8000 	C:\WINDOWS\SYSTEM32\WindowsCodecs.dll
0x00007ffe0f4d0000 - 0x00007ffe0f519000 	C:\WINDOWS\system32\dataexchange.dll
0x00007ffe22da0000 - 0x00007ffe22ef1000 	C:\WINDOWS\system32\dcomp.dll
0x00007ffe22ae0000 - 0x00007ffe22d96000 	C:\WINDOWS\system32\d3d11.dll
0x00007ffe23f60000 - 0x00007ffe23fff000 	C:\WINDOWS\system32\dxgi.dll
0x00007ffe23980000 - 0x00007ffe23a9c000 	C:\WINDOWS\system32\twinapi.appcore.dll
0x00007ffe249a0000 - 0x00007ffe249b7000 	C:\WINDOWS\SYSTEM32\CRYPTSP.dll
0x00007ffe247d0000 - 0x00007ffe24803000 	C:\WINDOWS\system32\rsaenh.dll
0x00007ffe24340000 - 0x00007ffe24378000 	C:\WINDOWS\SYSTEM32\IPHLPAPI.DLL
0x00007ffe28690000 - 0x00007ffe28698000 	C:\WINDOWS\System32\NSI.dll
0x00007ffe21410000 - 0x00007ffe21426000 	C:\WINDOWS\SYSTEM32\dhcpcsvc6.DLL
0x00007ffe21ab0000 - 0x00007ffe21aca000 	C:\WINDOWS\SYSTEM32\dhcpcsvc.DLL
0x000000006c1d0000 - 0x000000006c201000 	C:\Program Files\Java\jre1.8.0_101\bin\jpeg.dll
0x00007ffe1b710000 - 0x00007ffe1b775000 	C:\Windows\System32\OLEACC.dll
0x00007ffe118c0000 - 0x00007ffe1193d000 	C:\WINDOWS\SYSTEM32\twinapi.dll
0x00007ffe15970000 - 0x00007ffe15b02000 	C:\WINDOWS\SYSTEM32\dbghelp.dll

VM Arguments:
jvm_args: -Dfile.encoding=Cp1252 
java_command: Test
java_class_path (initial): C:\Users\Ryan McGee\workspace\OpenCV_Test\bin;C:\OpenCV\opencv\build\java\opencv-2413.jar
Launcher Type: SUN_STANDARD

Environment Variables:
PATH=C:/Program Files/Java/jre1.8.0_101/bin/server;C:/Program Files/Java/jre1.8.0_101/bin;C:/Program Files/Java/jre1.8.0_101/lib/amd64;C:\ProgramData\Oracle\Java\javapath;C:\WINDOWS\system32;C:\WINDOWS;C:\WINDOWS\System32\Wbem;C:\WINDOWS\System32\WindowsPowerShell\v1.0\;C:\OpenCV\opencv\build\x64\vc12\bin;C:\Users\Ryan McGee\AppData\Local\Microsoft\WindowsApps;;C:\Users\Ryan McGee\Desktop\backup\eclipse-java-mars-2-win32-x86_64\eclipse;
USERNAME=Ryan McGee
OS=Windows_NT
PROCESSOR_IDENTIFIER=AMD64 Family 21 Model 96 Stepping 1, AuthenticAMD



---------------  S Y S T E M  ---------------

OS: Windows 10.0 , 64 bit Build 14393 (10.0.14393.0)

CPU:total 4 (4 cores per cpu, 1 threads per core) family 21 model 96 stepping 1, cmov, cx8, fxsr, mmx, sse, sse2, sse3, ssse3, sse4.1, sse4.2, popcnt, avx, avx2, aes, clmul, mmxext, 3dnowpref, lzcnt, sse4a, tsc, tscinvbit, tscinv, bmi1

Memory: 4k page, physical 12005976k(7497048k free), swap 13840984k(8475852k free)

vm_info: Java HotSpot(TM) 64-Bit Server VM (25.101-b13) for windows-amd64 JRE (1.8.0_101-b13), built on Jun 22 2016 01:21:29 by "java_re" with MS VC++ 10.0 (VS2010)

time: Fri Sep 30 18:17:49 2016
elapsed time: 102 seconds (0d 0h 1m 42s)

