#
# A fatal error has been detected by the Java Runtime Environment:
#
#  Internal Error (0xc000000d), pid=4976, tid=0x000000000000185c
#
# JRE version: Java(TM) SE Runtime Environment (8.0_101-b13) (build 1.8.0_101-b13)
# Java VM: Java HotSpot(TM) 64-Bit Server VM (25.101-b13 mixed mode windows-amd64 compressed oops)
# Problematic frame:
# C  [ntdll.dll+0xfe5bc]
#
# Failed to write core dump. Minidumps are not enabled by default on client versions of Windows
#
# If you would like to submit a bug report, please visit:
#   http://bugreport.java.com/bugreport/crash.jsp
#

---------------  T H R E A D  ---------------

Current thread (0x0000000019697000):  VMThread [stack: 0x000000001a720000,0x000000001a820000] [id=6236]

siginfo: ExceptionCode=0xc000000d

Registers:
RAX=0x0000000000000000, RBX=0x0000000000be0f40, RCX=0x0000000000000000, RDX=0x0000000000000000
RSP=0x000000001a81e900, RBP=0x0000000000000000, RSI=0x000000001bcc53a0, RDI=0x000000000108eb10
R8 =0x0000000000000000, R9 =0x0000000000000000, R10=0x0000000000000000, R11=0x0000000000000000
R12=0x0000000000000000, R13=0x00000000ffffffff, R14=0x000000001bcb24f0, R15=0x000000001bcc53a0
RIP=0x00007ffe0e2de5bc, EFLAGS=0x0000000000000202

Top of Stack: (sp=0x000000001a81e900)
0x000000001a81e900:   0000000000000057 0000000000be0f40
0x000000001a81e910:   000000001bcc53a0 000000000108eb10
0x000000001a81e920:   00000000c000000d 0000000000000000
0x000000001a81e930:   00007ffe0e2de5bc 0000000000000000
0x000000001a81e940:   0000000000000000 0000000000000000
0x000000001a81e950:   0000000000000000 0000000000000000
0x000000001a81e960:   0000000000000000 0000000000000000
0x000000001a81e970:   0000000000000000 0000000000000000
0x000000001a81e980:   0000000000000000 0000000000000000
0x000000001a81e990:   0000000000000000 0000000000000000
0x000000001a81e9a0:   0000000000000000 0000000000000000
0x000000001a81e9b0:   0000000000000000 00007ffe0e21c468
0x000000001a81e9c0:   000064e90e275e4b 0000000000000000
0x000000001a81e9d0:   0000000100000008 00007ffe0e2a09fb
0x000000001a81e9e0:   0000000000000001 00007ffde8bce8db
0x000000001a81e9f0:   0000000000000008 0000000000000000 

Instructions: (pc=0x00007ffe0e2de5bc)
0x00007ffe0e2de59c:   d1 fa ff c7 44 24 20 0d 00 00 c0 b9 57 00 00 00
0x00007ffe0e2de5ac:   e8 cf 0f f6 ff 90 48 8d 4c 24 20 e8 54 bb f4 ff
0x00007ffe0e2de5bc:   eb 00 48 8b 8c 24 c0 00 00 00 48 33 cc e8 82 70
0x00007ffe0e2de5cc:   f9 ff 48 81 c4 d8 00 00 00 c3 40 55 48 83 ec 20 


Register to memory mapping:

RAX=0x0000000000000000 is an unknown value
RBX=0x0000000000be0f40 is an unknown value
RCX=0x0000000000000000 is an unknown value
RDX=0x0000000000000000 is an unknown value
RSP=0x000000001a81e900 is an unknown value
RBP=0x0000000000000000 is an unknown value
RSI=0x000000001bcc53a0 is an unknown value
RDI=0x000000000108eb10 is an unknown value
R8 =0x0000000000000000 is an unknown value
R9 =0x0000000000000000 is an unknown value
R10=0x0000000000000000 is an unknown value
R11=0x0000000000000000 is an unknown value
R12=0x0000000000000000 is an unknown value
R13=0x00000000ffffffff is an unknown value
R14=0x000000001bcb24f0 is an unknown value
R15=0x000000001bcc53a0 is an unknown value


Stack: [0x000000001a720000,0x000000001a820000],  sp=0x000000001a81e900,  free space=1018k
Native frames: (J=compiled Java code, j=interpreted, Vv=VM code, C=native code)

VM_Operation (0x00000000218bd020): Exit, mode: safepoint, requested by thread 0x0000000020437800


---------------  P R O C E S S  ---------------

Java Threads: ( => current thread )
  0x0000000002970800 JavaThread "DestroyJavaVM" [_thread_blocked, id=6292, stack(0x00000000027b0000,0x00000000028b0000)]
  0x0000000020437800 JavaThread "AWT-EventQueue-0" [_thread_blocked, id=4448, stack(0x00000000217c0000,0x00000000218c0000)]
  0x000000001b40b000 JavaThread "AWT-Shutdown" [_thread_blocked, id=2732, stack(0x00000000202d0000,0x00000000203d0000)]
  0x000000001b409000 JavaThread "Java2D Disposer" daemon [_thread_blocked, id=340, stack(0x00000000201d0000,0x00000000202d0000)]
  0x000000001b038800 JavaThread "Service Thread" daemon [_thread_blocked, id=3080, stack(0x000000001b410000,0x000000001b510000)]
  0x00000000196d4000 JavaThread "C1 CompilerThread2" daemon [_thread_blocked, id=3496, stack(0x000000001af10000,0x000000001b010000)]
  0x00000000196d1800 JavaThread "C2 CompilerThread1" daemon [_thread_blocked, id=4352, stack(0x000000001ae10000,0x000000001af10000)]
  0x00000000196cb800 JavaThread "C2 CompilerThread0" daemon [_thread_blocked, id=4008, stack(0x000000001ad10000,0x000000001ae10000)]
  0x00000000196ca000 JavaThread "Attach Listener" daemon [_thread_blocked, id=2924, stack(0x000000001ac10000,0x000000001ad10000)]
  0x00000000196b9800 JavaThread "Finalizer" daemon [_thread_blocked, id=4160, stack(0x000000001a920000,0x000000001aa20000)]
  0x0000000002a60000 JavaThread "Reference Handler" daemon [_thread_blocked, id=1600, stack(0x000000001a820000,0x000000001a920000)]

Other Threads:
=>0x0000000019697000 VMThread [stack: 0x000000001a720000,0x000000001a820000] [id=6236]

VM state:at safepoint (shutting down)

VM Mutex/Monitor currently owned by a thread:  ([mutex/lock_event])
[0x000000000290ba40] Threads_lock - owner thread: 0x0000000019697000

Heap:
 PSYoungGen      total 43008K, used 9509K [0x0000000782f00000, 0x0000000785e00000, 0x00000007c0000000)
  eden space 39936K, 16% used [0x0000000782f00000,0x000000078356c6a0,0x0000000785600000)
  from space 3072K, 95% used [0x0000000785680000,0x000000078595d0c0,0x0000000785980000)
  to   space 4096K, 0% used [0x0000000785a00000,0x0000000785a00000,0x0000000785e00000)
 ParOldGen       total 125952K, used 1628K [0x0000000708c00000, 0x0000000710700000, 0x0000000782f00000)
  object space 125952K, 1% used [0x0000000708c00000,0x0000000708d97060,0x0000000710700000)
 Metaspace       used 10576K, capacity 10732K, committed 10880K, reserved 1058816K
  class space    used 1208K, capacity 1293K, committed 1408K, reserved 1048576K

Card table byte_map: [0x0000000011e30000,0x00000000123f0000] byte_map_base: 0x000000000e5ea000

Marking Bits: (ParMarkBitMap*) 0x0000000075eda6d0
 Begin Bits: [0x0000000012bd0000, 0x00000000159a0000)
 End Bits:   [0x00000000159a0000, 0x0000000018770000)

Polling page: 0x0000000001060000

CodeCache: size=245760Kb used=4250Kb max_used=4261Kb free=241509Kb
 bounds [0x0000000002a70000, 0x0000000002ea0000, 0x0000000011a70000]
 total_blobs=1872 nmethods=1291 adapters=494
 compilation: enabled

Compilation events (10 events):
Event: 29.108 Thread 0x00000000196d1800 1291       4       java.lang.Object::equals (11 bytes)
Event: 29.109 Thread 0x00000000196d1800 nmethod 1291 0x0000000002e8df90 code [0x0000000002e8e0c0, 0x0000000002e8e138]
Event: 29.170 Thread 0x00000000196d4000 1292       3       javax.swing.RepaintManager::scheduleProcessingRunnable (69 bytes)
Event: 29.173 Thread 0x00000000196d4000 nmethod 1292 0x0000000002e94d10 code [0x0000000002e950e0, 0x0000000002e97448]
Event: 29.722 Thread 0x00000000196d4000 1293   !   3       javax.swing.UIDefaults::getResourceCache (175 bytes)
Event: 29.726 Thread 0x00000000196d4000 nmethod 1293 0x0000000002e98490 code [0x0000000002e98800, 0x0000000002e9a578]
Event: 29.782 Thread 0x00000000196d4000 1294       1       java.lang.ThreadLocal::getMap (5 bytes)
Event: 29.783 Thread 0x00000000196d4000 nmethod 1294 0x0000000002e90410 code [0x0000000002e90560, 0x0000000002e90670]
Event: 30.485 Thread 0x00000000196cb800 1295       4       sun.nio.cs.SingleByte$Encoder::encode (32 bytes)
Event: 30.488 Thread 0x00000000196cb800 nmethod 1295 0x0000000002e94990 code [0x0000000002e94ae0, 0x0000000002e94bf8]

GC Heap History (10 events):
Event: 22.168 GC heap before
{Heap before GC invocations=9 (full 0):
 PSYoungGen      total 46080K, used 45121K [0x0000000782f00000, 0x0000000786200000, 0x00000007c0000000)
  eden space 43008K, 98% used [0x0000000782f00000,0x00000007858326f0,0x0000000785900000)
  from space 3072K, 95% used [0x0000000785f00000,0x00000007861ddf30,0x0000000786200000)
  to   space 4608K, 0% used [0x0000000785900000,0x0000000785900000,0x0000000785d80000)
 ParOldGen       total 125952K, used 1524K [0x0000000708c00000, 0x0000000710700000, 0x0000000782f00000)
  object space 125952K, 1% used [0x0000000708c00000,0x0000000708d7d060,0x0000000710700000)
 Metaspace       used 10373K, capacity 10540K, committed 10880K, reserved 1058816K
  class space    used 1205K, capacity 1293K, committed 1408K, reserved 1048576K
Event: 22.171 GC heap after
Heap after GC invocations=9 (full 0):
 PSYoungGen      total 45056K, used 2902K [0x0000000782f00000, 0x0000000786100000, 0x00000007c0000000)
  eden space 41984K, 0% used [0x0000000782f00000,0x0000000782f00000,0x0000000785800000)
  from space 3072K, 94% used [0x0000000785900000,0x0000000785bd58b0,0x0000000785c00000)
  to   space 4608K, 0% used [0x0000000785c80000,0x0000000785c80000,0x0000000786100000)
 ParOldGen       total 125952K, used 1540K [0x0000000708c00000, 0x0000000710700000, 0x0000000782f00000)
  object space 125952K, 1% used [0x0000000708c00000,0x0000000708d81060,0x0000000710700000)
 Metaspace       used 10373K, capacity 10540K, committed 10880K, reserved 1058816K
  class space    used 1205K, capacity 1293K, committed 1408K, reserved 1048576K
}
Event: 24.265 GC heap before
{Heap before GC invocations=10 (full 0):
 PSYoungGen      total 45056K, used 44886K [0x0000000782f00000, 0x0000000786100000, 0x00000007c0000000)
  eden space 41984K, 100% used [0x0000000782f00000,0x0000000785800000,0x0000000785800000)
  from space 3072K, 94% used [0x0000000785900000,0x0000000785bd58b0,0x0000000785c00000)
  to   space 4608K, 0% used [0x0000000785c80000,0x0000000785c80000,0x0000000786100000)
 ParOldGen       total 125952K, used 1540K [0x0000000708c00000, 0x0000000710700000, 0x0000000782f00000)
  object space 125952K, 1% used [0x0000000708c00000,0x0000000708d81060,0x0000000710700000)
 Metaspace       used 10391K, capacity 10604K, committed 10880K, reserved 1058816K
  class space    used 1205K, capacity 1293K, committed 1408K, reserved 1048576K
Event: 24.267 GC heap after
Heap after GC invocations=10 (full 0):
 PSYoungGen      total 45568K, used 2902K [0x0000000782f00000, 0x0000000786080000, 0x00000007c0000000)
  eden space 41472K, 0% used [0x0000000782f00000,0x0000000782f00000,0x0000000785780000)
  from space 4096K, 70% used [0x0000000785c80000,0x0000000785f55a18,0x0000000786080000)
  to   space 4608K, 0% used [0x0000000785780000,0x0000000785780000,0x0000000785c00000)
 ParOldGen       total 125952K, used 1564K [0x0000000708c00000, 0x0000000710700000, 0x0000000782f00000)
  object space 125952K, 1% used [0x0000000708c00000,0x0000000708d87060,0x0000000710700000)
 Metaspace       used 10391K, capacity 10604K, committed 10880K, reserved 1058816K
  class space    used 1205K, capacity 1293K, committed 1408K, reserved 1048576K
}
Event: 26.265 GC heap before
{Heap before GC invocations=11 (full 0):
 PSYoungGen      total 45568K, used 43589K [0x0000000782f00000, 0x0000000786080000, 0x00000007c0000000)
  eden space 41472K, 98% used [0x0000000782f00000,0x00000007856bbb48,0x0000000785780000)
  from space 4096K, 70% used [0x0000000785c80000,0x0000000785f55a18,0x0000000786080000)
  to   space 4608K, 0% used [0x0000000785780000,0x0000000785780000,0x0000000785c00000)
 ParOldGen       total 125952K, used 1564K [0x0000000708c00000, 0x0000000710700000, 0x0000000782f00000)
  object space 125952K, 1% used [0x0000000708c00000,0x0000000708d87060,0x0000000710700000)
 Metaspace       used 10425K, capacity 10604K, committed 10880K, reserved 1058816K
  class space    used 1205K, capacity 1293K, committed 1408K, reserved 1048576K
Event: 26.267 GC heap after
Heap after GC invocations=11 (full 0):
 PSYoungGen      total 44032K, used 2902K [0x0000000782f00000, 0x0000000786000000, 0x00000007c0000000)
  eden space 40960K, 0% used [0x0000000782f00000,0x0000000782f00000,0x0000000785700000)
  from space 3072K, 94% used [0x0000000785780000,0x0000000785a55940,0x0000000785a80000)
  to   space 4608K, 0% used [0x0000000785b80000,0x0000000785b80000,0x0000000786000000)
 ParOldGen       total 125952K, used 1588K [0x0000000708c00000, 0x0000000710700000, 0x0000000782f00000)
  object space 125952K, 1% used [0x0000000708c00000,0x0000000708d8d060,0x0000000710700000)
 Metaspace       used 10425K, capacity 10604K, committed 10880K, reserved 1058816K
  class space    used 1205K, capacity 1293K, committed 1408K, reserved 1048576K
}
Event: 28.290 GC heap before
{Heap before GC invocations=12 (full 0):
 PSYoungGen      total 44032K, used 43730K [0x0000000782f00000, 0x0000000786000000, 0x00000007c0000000)
  eden space 40960K, 99% used [0x0000000782f00000,0x00000007856df230,0x0000000785700000)
  from space 3072K, 94% used [0x0000000785780000,0x0000000785a55940,0x0000000785a80000)
  to   space 4608K, 0% used [0x0000000785b80000,0x0000000785b80000,0x0000000786000000)
 ParOldGen       total 125952K, used 1588K [0x0000000708c00000, 0x0000000710700000, 0x0000000782f00000)
  object space 125952K, 1% used [0x0000000708c00000,0x0000000708d8d060,0x0000000710700000)
 Metaspace       used 10551K, capacity 10732K, committed 10880K, reserved 1058816K
  class space    used 1205K, capacity 1293K, committed 1408K, reserved 1048576K
Event: 28.293 GC heap after
Heap after GC invocations=12 (full 0):
 PSYoungGen      total 43520K, used 2935K [0x0000000782f00000, 0x0000000785e80000, 0x00000007c0000000)
  eden space 40448K, 0% used [0x0000000782f00000,0x0000000782f00000,0x0000000785680000)
  from space 3072K, 95% used [0x0000000785b80000,0x0000000785e5dd20,0x0000000785e80000)
  to   space 4096K, 0% used [0x0000000785680000,0x0000000785680000,0x0000000785a80000)
 ParOldGen       total 125952K, used 1612K [0x0000000708c00000, 0x0000000710700000, 0x0000000782f00000)
  object space 125952K, 1% used [0x0000000708c00000,0x0000000708d93060,0x0000000710700000)
 Metaspace       used 10551K, capacity 10732K, committed 10880K, reserved 1058816K
  class space    used 1205K, capacity 1293K, committed 1408K, reserved 1048576K
}
Event: 30.253 GC heap before
{Heap before GC invocations=13 (full 0):
 PSYoungGen      total 43520K, used 43383K [0x0000000782f00000, 0x0000000785e80000, 0x00000007c0000000)
  eden space 40448K, 100% used [0x0000000782f00000,0x0000000785680000,0x0000000785680000)
  from space 3072K, 95% used [0x0000000785b80000,0x0000000785e5dd20,0x0000000785e80000)
  to   space 4096K, 0% used [0x0000000785680000,0x0000000785680000,0x0000000785a80000)
 ParOldGen       total 125952K, used 1612K [0x0000000708c00000, 0x0000000710700000, 0x0000000782f00000)
  object space 125952K, 1% used [0x0000000708c00000,0x0000000708d93060,0x0000000710700000)
 Metaspace       used 10560K, capacity 10732K, committed 10880K, reserved 1058816K
  class space    used 1205K, capacity 1293K, committed 1408K, reserved 1048576K
Event: 30.255 GC heap after
Heap after GC invocations=13 (full 0):
 PSYoungGen      total 43008K, used 2932K [0x0000000782f00000, 0x0000000785e00000, 0x00000007c0000000)
  eden space 39936K, 0% used [0x0000000782f00000,0x0000000782f00000,0x0000000785600000)
  from space 3072K, 95% used [0x0000000785680000,0x000000078595d0c0,0x0000000785980000)
  to   space 4096K, 0% used [0x0000000785a00000,0x0000000785a00000,0x0000000785e00000)
 ParOldGen       total 125952K, used 1628K [0x0000000708c00000, 0x0000000710700000, 0x0000000782f00000)
  object space 125952K, 1% used [0x0000000708c00000,0x0000000708d97060,0x0000000710700000)
 Metaspace       used 10560K, capacity 10732K, committed 10880K, reserved 1058816K
  class space    used 1205K, capacity 1293K, committed 1408K, reserved 1048576K
}

Deoptimization events (2 events):
Event: 30.458 Thread 0x0000000002970800 Uncommon trap: reason=unstable_if action=reinterpret pc=0x0000000002e1b940 method=javax.imageio.stream.ImageInputStreamImpl.checkClosed()V @ 4
Event: 30.483 Thread 0x0000000002970800 Uncommon trap: reason=unstable_if action=reinterpret pc=0x0000000002e10cd0 method=javax.imageio.stream.ImageInputStreamImpl.checkClosed()V @ 4

Internal exceptions (10 events):
Event: 0.084 Thread 0x0000000002970800 Exception <a 'java/lang/NoSuchMethodError': Method sun.misc.Unsafe.defineClass(Ljava/lang/String;[BII)Ljava/lang/Class; name or signature does not match> (0x0000000782f07cc0) thrown at [C:\re\workspace\8-2-build-windows-amd64-cygwin\jdk8u101\7261\hotspot\s√ƒêÏ±ôµ?
Event: 0.084 Thread 0x0000000002970800 Exception <a 'java/lang/NoSuchMethodError': Method sun.misc.Unsafe.prefetchRead(Ljava/lang/Object;J)V name or signature does not match> (0x0000000782f07fa8) thrown at [C:\re\workspace\8-2-build-windows-amd64-cygwin\jdk8u101\7261\hotspot\src\share\vm\prims\ú0ëµÕÔ?
Event: 0.994 Thread 0x0000000002970800 Exception <a 'java/security/PrivilegedActionException'> (0x0000000782fdbd08) thrown at [C:\re\workspace\8-2-build-windows-amd64-cygwin\jdk8u101\7261\hotspot\src\share\vm\prims\jvm.cpp, line 1386]
Event: 0.994 Thread 0x0000000002970800 Exception <a 'java/security/PrivilegedActionException'> (0x0000000782fdbf18) thrown at [C:\re\workspace\8-2-build-windows-amd64-cygwin\jdk8u101\7261\hotspot\src\share\vm\prims\jvm.cpp, line 1386]
Event: 0.996 Thread 0x0000000002970800 Exception <a 'java/security/PrivilegedActionException'> (0x0000000782fdfb60) thrown at [C:\re\workspace\8-2-build-windows-amd64-cygwin\jdk8u101\7261\hotspot\src\share\vm\prims\jvm.cpp, line 1386]
Event: 0.996 Thread 0x0000000002970800 Exception <a 'java/security/PrivilegedActionException'> (0x0000000782fdfd70) thrown at [C:\re\workspace\8-2-build-windows-amd64-cygwin\jdk8u101\7261\hotspot\src\share\vm\prims\jvm.cpp, line 1386]
Event: 1.006 Thread 0x0000000002970800 Exception <a 'java/io/FileNotFoundException'> (0x0000000782fe2190) thrown at [C:\re\workspace\8-2-build-windows-amd64-cygwin\jdk8u101\7261\hotspot\src\share\vm\prims\jni.cpp, line 709]
Event: 1.115 Thread 0x0000000002970800 Exception <a 'java/lang/NoSuchFieldError': method resolution failed> (0x000000078319ae08) thrown at [C:\re\workspace\8-2-build-windows-amd64-cygwin\jdk8u101\7261\hotspot\src\share\vm\prims\methodHandles.cpp, line 1146]
Event: 1.120 Thread 0x0000000002970800 Exception <a 'java/lang/NoSuchFieldError': method resolution failed> (0x00000007831a81d8) thrown at [C:\re\workspace\8-2-build-windows-amd64-cygwin\jdk8u101\7261\hotspot\src\share\vm\prims\methodHandles.cpp, line 1146]
Event: 1.228 Thread 0x0000000002970800 Exception <a 'java/io/FileNotFoundException'> (0x000000078323bdb8) thrown at [C:\re\workspace\8-2-build-windows-amd64-cygwin\jdk8u101\7261\hotspot\src\share\vm\prims\jni.cpp, line 709]

Events (10 events):
Event: 30.483 loading class java/lang/Throwable$WrappedPrintStream
Event: 30.484 loading class java/lang/Throwable$PrintStreamOrWriter
Event: 30.484 loading class java/lang/Throwable$PrintStreamOrWriter done
Event: 30.484 loading class java/lang/Throwable$WrappedPrintStream done
Event: 30.486 Thread 0x0000000002970800 Thread exited: 0x0000000002970800
Event: 30.486 Thread 0x0000000002970800 Thread added: 0x0000000002970800
Event: 30.529 Thread 0x000000001b40e000 Thread exited: 0x000000001b40e000
Event: 30.557 Thread 0x000000001b22b800 Thread exited: 0x000000001b22b800
Event: 30.557 Thread 0x00000000196c9000 Thread exited: 0x00000000196c9000
Event: 30.557 Executing VM operation: Exit


Dynamic libraries:
0x00007ff6a25a0000 - 0x00007ff6a25d7000 	C:\Program Files\Java\jre1.8.0_101\bin\javaw.exe
0x00007ffe0e1e0000 - 0x00007ffe0e3b1000 	C:\WINDOWS\SYSTEM32\ntdll.dll
0x00007ffe0e030000 - 0x00007ffe0e0db000 	C:\WINDOWS\System32\KERNEL32.DLL
0x00007ffe0b370000 - 0x00007ffe0b58d000 	C:\WINDOWS\System32\KERNELBASE.dll
0x00007ffe0b7d0000 - 0x00007ffe0b872000 	C:\WINDOWS\System32\ADVAPI32.dll
0x00007ffe0bc10000 - 0x00007ffe0bcae000 	C:\WINDOWS\System32\msvcrt.dll
0x00007ffe0e170000 - 0x00007ffe0e1c9000 	C:\WINDOWS\System32\sechost.dll
0x00007ffe0bd20000 - 0x00007ffe0be41000 	C:\WINDOWS\System32\RPCRT4.dll
0x00007ffe0c030000 - 0x00007ffe0c195000 	C:\WINDOWS\System32\USER32.dll
0x00007ffe0a8f0000 - 0x00007ffe0a90e000 	C:\WINDOWS\System32\win32u.dll
0x00007ffe0bff0000 - 0x00007ffe0c024000 	C:\WINDOWS\System32\GDI32.dll
0x00007ffe0b5e0000 - 0x00007ffe0b762000 	C:\WINDOWS\System32\gdi32full.dll
0x00007ffe01dc0000 - 0x00007ffe02039000 	C:\WINDOWS\WinSxS\amd64_microsoft.windows.common-controls_6595b64144ccf1df_6.0.14393.0_none_2d0f50fcbdb171b8\COMCTL32.dll
0x00007ffe0b940000 - 0x00007ffe0bc07000 	C:\WINDOWS\System32\combase.dll
0x00007ffe0a7f0000 - 0x00007ffe0a8e5000 	C:\WINDOWS\System32\ucrtbase.dll
0x00007ffe0a6d0000 - 0x00007ffe0a73a000 	C:\WINDOWS\System32\bcryptPrimitives.dll
0x00007ffe0e140000 - 0x00007ffe0e16e000 	C:\WINDOWS\System32\IMM32.DLL
0x00000000766c0000 - 0x0000000076792000 	C:\Program Files\Java\jre1.8.0_101\bin\msvcr100.dll
0x00000000756c0000 - 0x0000000075f5a000 	C:\Program Files\Java\jre1.8.0_101\bin\server\jvm.dll
0x00007ffe0c1a0000 - 0x00007ffe0c1a8000 	C:\WINDOWS\System32\PSAPI.DLL
0x00007ffdfd520000 - 0x00007ffdfd529000 	C:\WINDOWS\SYSTEM32\WSOCK32.dll
0x00007ffe088b0000 - 0x00007ffe088d3000 	C:\WINDOWS\SYSTEM32\WINMM.dll
0x00007ffe0bcb0000 - 0x00007ffe0bd1a000 	C:\WINDOWS\System32\WS2_32.dll
0x00007ffe05500000 - 0x00007ffe0550a000 	C:\WINDOWS\SYSTEM32\VERSION.dll
0x00007ffe08850000 - 0x00007ffe0887b000 	C:\WINDOWS\SYSTEM32\WINMMBASE.dll
0x00007ffe0b590000 - 0x00007ffe0b5d2000 	C:\WINDOWS\System32\cfgmgr32.dll
0x00000000765f0000 - 0x00000000765ff000 	C:\Program Files\Java\jre1.8.0_101\bin\verify.dll
0x00000000765c0000 - 0x00000000765e9000 	C:\Program Files\Java\jre1.8.0_101\bin\java.dll
0x00000000765a0000 - 0x00000000765b6000 	C:\Program Files\Java\jre1.8.0_101\bin\zip.dll
0x00007ffe0c430000 - 0x00007ffe0d938000 	C:\WINDOWS\System32\SHELL32.dll
0x00007ffe0a910000 - 0x00007ffe0afea000 	C:\WINDOWS\System32\windows.storage.dll
0x00007ffe0a650000 - 0x00007ffe0a69c000 	C:\WINDOWS\System32\powrprof.dll
0x00007ffe0e0e0000 - 0x00007ffe0e132000 	C:\WINDOWS\System32\shlwapi.dll
0x00007ffe0a6c0000 - 0x00007ffe0a6cf000 	C:\WINDOWS\System32\kernel.appcore.dll
0x00007ffe0a740000 - 0x00007ffe0a7e9000 	C:\WINDOWS\System32\shcore.dll
0x00007ffe0a6a0000 - 0x00007ffe0a6b4000 	C:\WINDOWS\System32\profapi.dll
0x00007ffde3d90000 - 0x00007ffde4765000 	C:\Program Files\Java\jre1.8.0_101\bin\opencv_java2413.dll
0x00007ffe0da60000 - 0x00007ffe0db97000 	C:\WINDOWS\System32\ole32.dll
0x00007ffe031b0000 - 0x00007ffe031d9000 	C:\WINDOWS\SYSTEM32\MSVFW32.dll
0x00007ffe05860000 - 0x00007ffe05880000 	C:\WINDOWS\SYSTEM32\AVIFIL32.dll
0x00007ffe0b880000 - 0x00007ffe0b93f000 	C:\WINDOWS\System32\OLEAUT32.dll
0x00007ffe0aff0000 - 0x00007ffe0b08c000 	C:\WINDOWS\System32\msvcp_win.dll
0x00007ffe04840000 - 0x00007ffe04858000 	C:\WINDOWS\SYSTEM32\AVICAP32.dll
0x00007ffe03670000 - 0x00007ffe0368c000 	C:\WINDOWS\SYSTEM32\MSACM32.dll
0x00007ffe08dd0000 - 0x00007ffe08e65000 	C:\WINDOWS\system32\uxtheme.dll
0x00007ffdff740000 - 0x00007ffdff7d8000 	C:\Program Files\Common Files\microsoft shared\ink\tiptsf.dll
0x00007ffe0d950000 - 0x00007ffe0d9ef000 	C:\WINDOWS\System32\clbcatq.dll
0x00007ffe03920000 - 0x00007ffe03938000 	C:\Windows\System32\devenum.dll
0x00007ffe0dba0000 - 0x00007ffe0dfc9000 	C:\WINDOWS\System32\setupapi.dll
0x00007ffe099f0000 - 0x00007ffe09a22000 	C:\WINDOWS\SYSTEM32\ntmarta.dll
0x00007ffe09280000 - 0x00007ffe092a8000 	C:\WINDOWS\SYSTEM32\DEVOBJ.dll
0x00007ffe0b090000 - 0x00007ffe0b0e5000 	C:\WINDOWS\System32\WINTRUST.dll
0x00007ffe0a640000 - 0x00007ffe0a650000 	C:\WINDOWS\System32\MSASN1.dll
0x00007ffe0b1a0000 - 0x00007ffe0b368000 	C:\WINDOWS\System32\CRYPT32.dll
0x00007ffe047d0000 - 0x00007ffe047da000 	C:\WINDOWS\SYSTEM32\msdmo.dll
0x00007ffe02c30000 - 0x00007ffe02c63000 	C:\Windows\System32\qcap.dll
0x00007ffdeccd0000 - 0x00007ffdece93000 	C:\Windows\System32\quartz.dll
0x00007ffe0a590000 - 0x00007ffe0a5bb000 	C:\Windows\System32\bcrypt.dll
0x00007ffe0c2d0000 - 0x00007ffe0c42b000 	C:\WINDOWS\System32\MSCTF.dll
0x00007ffe07c60000 - 0x00007ffe07c86000 	C:\WINDOWS\system32\dwmapi.dll
0x00007ffe01400000 - 0x00007ffe01448000 	C:\Windows\System32\mfksproxy.dll
0x00007ffdfb4e0000 - 0x00007ffdfb4fc000 	C:\Windows\System32\ATL.DLL
0x00007ffe00ec0000 - 0x00007ffe01028000 	C:\Windows\System32\MFPlat.DLL
0x00007ffe02100000 - 0x00007ffe0212e000 	C:\Windows\System32\RTWorkQ.DLL
0x00007ffdea370000 - 0x00007ffdea75b000 	C:\Windows\System32\MFCORE.dll
0x00007ffe071e0000 - 0x00007ffe071e9000 	C:\Windows\System32\ksuser.dll
0x00007ffe0a0d0000 - 0x00007ffe0a0db000 	C:\Windows\System32\CRYPTBASE.DLL
0x00007ffe013a0000 - 0x00007ffe013f3000 	C:\Windows\System32\FSClient.dll
0x00007ffe00d10000 - 0x00007ffe00d5d000 	C:\Windows\System32\MFSENSORGROUP.dll
0x00007ffe06f70000 - 0x00007ffe06f7b000 	C:\Windows\System32\AVRT.dll
0x00007ffe03bc0000 - 0x00007ffe03bcd000 	C:\Windows\System32\vidcap.ax
0x00007ffe01730000 - 0x00007ffe01755000 	C:\Windows\System32\kswdmcap.ax
0x00007ffdea950000 - 0x00007ffdeaab3000 	C:\Windows\System32\MFC42.dll
0x00007ffdea0e0000 - 0x00007ffdea18f000 	C:\Windows\System32\ODBC32.dll
0x00007ffe09f30000 - 0x00007ffe09f3a000 	C:\Windows\System32\DPAPI.dll
0x00007ffe08800000 - 0x00007ffe08843000 	C:\WINDOWS\SYSTEM32\policymanager.dll
0x00007ffe09150000 - 0x00007ffe091e1000 	C:\Windows\System32\msvcp110_win.dll
0x00007ffde8bb0000 - 0x00007ffde8c84000 	C:\Windows\System32\MFReadWrite.dll
0x00007ffdea030000 - 0x00007ffdea0d3000 	C:\Windows\System32\qedit.dll
0x00007ffe0c1b0000 - 0x00007ffe0c2aa000 	C:\WINDOWS\System32\COMDLG32.dll
0x00007ffe01b80000 - 0x00007ffe01d19000 	C:\WINDOWS\WinSxS\amd64_microsoft.windows.gdiplus_6595b64144ccf1df_1.1.14393.187_none_730402f52114ff50\gdiplus.dll
0x00007ffde9db0000 - 0x00007ffde9ea7000 	C:\Windows\System32\DDRAW.dll
0x00007ffe03ae0000 - 0x00007ffe03ae8000 	C:\Windows\System32\DCIMAN32.dll
0x00007ffe03400000 - 0x00007ffe0340c000 	C:\WINDOWS\SYSTEM32\msyuv.dll
0x0000000075520000 - 0x00000000756b8000 	C:\Program Files\Java\jre1.8.0_101\bin\awt.dll
0x00007ffe08b90000 - 0x00007ffe08c0a000 	C:\WINDOWS\SYSTEM32\apphelp.dll
0x0000000076670000 - 0x00000000766b7000 	C:\Program Files\Java\jre1.8.0_101\bin\fontmanager.dll
0x00007ffdfae50000 - 0x00007ffdfaffb000 	C:\Windows\System32\uiautomationcore.dll
0x00007ffe09f90000 - 0x00007ffe09faf000 	C:\Windows\System32\USERENV.dll
0x00007ffe0a480000 - 0x00007ffe0a518000 	C:\WINDOWS\SYSTEM32\sxs.dll
0x00007ffe002d0000 - 0x00007ffe00335000 	C:\Windows\System32\OLEACC.dll
0x00007ffe00c00000 - 0x00007ffe00c7d000 	C:\WINDOWS\SYSTEM32\twinapi.dll
0x00007ffe08fd0000 - 0x00007ffe090ec000 	C:\WINDOWS\SYSTEM32\twinapi.appcore.dll
0x00007ffe0a0b0000 - 0x00007ffe0a0c7000 	C:\WINDOWS\SYSTEM32\CRYPTSP.dll
0x00007ffe09ef0000 - 0x00007ffe09f23000 	C:\WINDOWS\system32\rsaenh.dll
0x0000000076580000 - 0x000000007659a000 	C:\Program Files\Java\jre1.8.0_101\bin\net.dll
0x00007ffe09cb0000 - 0x00007ffe09d0c000 	C:\WINDOWS\system32\mswsock.dll
0x00007ffe09a60000 - 0x00007ffe09a98000 	C:\WINDOWS\SYSTEM32\IPHLPAPI.DLL
0x00007ffe0e1d0000 - 0x00007ffe0e1d8000 	C:\WINDOWS\System32\NSI.dll
0x00007ffe06360000 - 0x00007ffe06376000 	C:\WINDOWS\SYSTEM32\dhcpcsvc6.DLL
0x00007ffe06340000 - 0x00007ffe0635a000 	C:\WINDOWS\SYSTEM32\dhcpcsvc.DLL
0x0000000076560000 - 0x0000000076571000 	C:\Program Files\Java\jre1.8.0_101\bin\nio.dll
0x0000000076630000 - 0x0000000076661000 	C:\Program Files\Java\jre1.8.0_101\bin\jpeg.dll
0x00000000764e0000 - 0x0000000076522000 	C:\Program Files\Java\jre1.8.0_101\bin\t2k.dll
0x00007ffdfa150000 - 0x00007ffdfa2e2000 	C:\WINDOWS\SYSTEM32\dbghelp.dll

VM Arguments:
jvm_args: -Dfile.encoding=Cp1252 
java_command: Test
java_class_path (initial): C:\Users\Ryan McGee\workspace\OpenCV_Test\bin;C:\OpenCV\opencv\build\java\opencv-2413.jar
Launcher Type: SUN_STANDARD

Environment Variables:
PATH=C:/Program Files/Java/jre1.8.0_101/bin/server;C:/Program Files/Java/jre1.8.0_101/bin;C:/Program Files/Java/jre1.8.0_101/lib/amd64;C:\ProgramData\Oracle\Java\javapath;C:\WINDOWS\system32;C:\WINDOWS;C:\WINDOWS\System32\Wbem;C:\WINDOWS\System32\WindowsPowerShell\v1.0\;C:\OpenCV\opencv\build\x64\vc12\bin;C:\Users\Ryan McGee\AppData\Local\Microsoft\WindowsApps;;C:\Users\Ryan McGee\Desktop\backup\eclipse-java-mars-2-win32-x86_64\eclipse;
USERNAME=Ryan McGee
OS=Windows_NT
PROCESSOR_IDENTIFIER=AMD64 Family 21 Model 96 Stepping 1, AuthenticAMD



---------------  S Y S T E M  ---------------

OS: Windows 10.0 , 64 bit Build 14393 (10.0.14393.0)

CPU:total 4 (4 cores per cpu, 1 threads per core) family 21 model 96 stepping 1, cmov, cx8, fxsr, mmx, sse, sse2, sse3, ssse3, sse4.1, sse4.2, popcnt, avx, avx2, aes, clmul, mmxext, 3dnowpref, lzcnt, sse4a, tsc, tscinvbit, tscinv, bmi1

Memory: 4k page, physical 12005976k(9201964k free), swap 13840984k(10256676k free)

vm_info: Java HotSpot(TM) 64-Bit Server VM (25.101-b13) for windows-amd64 JRE (1.8.0_101-b13), built on Jun 22 2016 01:21:29 by "java_re" with MS VC++ 10.0 (VS2010)

time: Sat Sep 24 14:12:05 2016
elapsed time: 31 seconds (0d 0h 0m 31s)

