#
# A fatal error has been detected by the Java Runtime Environment:
#
#  Internal Error (0xc000000d), pid=4312, tid=0x0000000000001e38
#
# JRE version: Java(TM) SE Runtime Environment (8.0_101-b13) (build 1.8.0_101-b13)
# Java VM: Java HotSpot(TM) 64-Bit Server VM (25.101-b13 mixed mode windows-amd64 compressed oops)
# Problematic frame:
# C  [ntdll.dll+0xfe5bc]
#
# Failed to write core dump. Minidumps are not enabled by default on client versions of Windows
#
# If you would like to submit a bug report, please visit:
#   http://bugreport.java.com/bugreport/crash.jsp
#

---------------  T H R E A D  ---------------

Current thread (0x0000000019286800):  VMThread [stack: 0x000000001a330000,0x000000001a430000] [id=7736]

siginfo: ExceptionCode=0xc000000d

Registers:
RAX=0x0000000000000000, RBX=0x000000000095ad60, RCX=0x0000000000000000, RDX=0x0000000000000000
RSP=0x000000001a42eee0, RBP=0x0000000000000000, RSI=0x000000001b84ab50, RDI=0x000000001b85ba10
R8 =0x0000000000000000, R9 =0x0000000000000000, R10=0x0000000000000000, R11=0x0000000000000000
R12=0x0000000000000000, R13=0x00000000ffffffff, R14=0x000000001b8424f0, R15=0x000000001b84ab50
RIP=0x00007ffe28bbe5bc, EFLAGS=0x0000000000000202

Top of Stack: (sp=0x000000001a42eee0)
0x000000001a42eee0:   0000000000000057 000000000095ad60
0x000000001a42eef0:   000000001b84ab50 000000001b85ba10
0x000000001a42ef00:   00000000c000000d 0000000000000000
0x000000001a42ef10:   00007ffe28bbe5bc 0000000000000000
0x000000001a42ef20:   0000000000000000 0000000000000000
0x000000001a42ef30:   0000000000000000 0000000000000000
0x000000001a42ef40:   0000000000000000 0000000000000000
0x000000001a42ef50:   0000000000000000 0000000000000000
0x000000001a42ef60:   0000000000000000 0000000000000000
0x000000001a42ef70:   0000000000000000 0000000000000000
0x000000001a42ef80:   0000000000000000 0000000000000000
0x000000001a42ef90:   0000000000000000 000000008a00e268
0x000000001a42efa0:   0000e53516e1e67c 0000000000000000
0x000000001a42efb0:   00000000008e0000 00007ffe28b809fb
0x000000001a42efc0:   feeefeeefeeefeee 00007ffe08b3e8db
0x000000001a42efd0:   000000001b3d4d30 00007ffe28b0150c 

Instructions: (pc=0x00007ffe28bbe5bc)
0x00007ffe28bbe59c:   d1 fa ff c7 44 24 20 0d 00 00 c0 b9 57 00 00 00
0x00007ffe28bbe5ac:   e8 cf 0f f6 ff 90 48 8d 4c 24 20 e8 54 bb f4 ff
0x00007ffe28bbe5bc:   eb 00 48 8b 8c 24 c0 00 00 00 48 33 cc e8 82 70
0x00007ffe28bbe5cc:   f9 ff 48 81 c4 d8 00 00 00 c3 40 55 48 83 ec 20 


Register to memory mapping:

RAX=0x0000000000000000 is an unknown value
RBX=0x000000000095ad60 is an unknown value
RCX=0x0000000000000000 is an unknown value
RDX=0x0000000000000000 is an unknown value
RSP=0x000000001a42eee0 is an unknown value
RBP=0x0000000000000000 is an unknown value
RSI=0x000000001b84ab50 is an unknown value
RDI=0x000000001b85ba10 is an unknown value
R8 =0x0000000000000000 is an unknown value
R9 =0x0000000000000000 is an unknown value
R10=0x0000000000000000 is an unknown value
R11=0x0000000000000000 is an unknown value
R12=0x0000000000000000 is an unknown value
R13=0x00000000ffffffff is an unknown value
R14=0x000000001b8424f0 is an unknown value
R15=0x000000001b84ab50 is an unknown value


Stack: [0x000000001a330000,0x000000001a430000],  sp=0x000000001a42eee0,  free space=1019k
Native frames: (J=compiled Java code, j=interpreted, Vv=VM code, C=native code)

VM_Operation (0x000000002143d510): Exit, mode: safepoint, requested by thread 0x000000001af1e800


---------------  P R O C E S S  ---------------

Java Threads: ( => current thread )
  0x000000001ad17000 JavaThread "TimerQueue" daemon [_thread_blocked, id=7496, stack(0x0000000021e50000,0x0000000021f50000)]
  0x000000001af1e800 JavaThread "AWT-EventQueue-0" [_thread_blocked, id=924, stack(0x0000000021340000,0x0000000021440000)]
  0x000000001aeb9000 JavaThread "AWT-Shutdown" [_thread_blocked, id=6532, stack(0x000000001fc50000,0x000000001fd50000)]
  0x000000001aeb8800 JavaThread "Java2D Disposer" daemon [_thread_blocked, id=5908, stack(0x000000001fb50000,0x000000001fc50000)]
  0x000000001ab44000 JavaThread "Service Thread" daemon [_thread_blocked, id=4112, stack(0x000000001b020000,0x000000001b120000)]
  0x000000001ab28800 JavaThread "C1 CompilerThread2" daemon [_thread_blocked, id=7816, stack(0x000000001af20000,0x000000001b020000)]
  0x000000001931a000 JavaThread "C2 CompilerThread1" daemon [_thread_blocked, id=6680, stack(0x000000001aa20000,0x000000001ab20000)]
  0x00000000192bc000 JavaThread "C2 CompilerThread0" daemon [_thread_blocked, id=7804, stack(0x000000001a920000,0x000000001aa20000)]
  0x00000000192ba800 JavaThread "Attach Listener" daemon [_thread_blocked, id=8172, stack(0x000000001a820000,0x000000001a920000)]
  0x00000000192b9000 JavaThread "Signal Dispatcher" daemon [_thread_blocked, id=5764, stack(0x000000001a720000,0x000000001a820000)]
  0x00000000192aa800 JavaThread "Finalizer" daemon [_thread_blocked, id=2176, stack(0x000000001a530000,0x000000001a630000)]
  0x000000000264f000 JavaThread "Reference Handler" daemon [_thread_blocked, id=1064, stack(0x000000001a430000,0x000000001a530000)]
  0x0000000002560800 JavaThread "main" [_thread_in_native, id=6812, stack(0x0000000002400000,0x0000000002500000)]

Other Threads:
=>0x0000000019286800 VMThread [stack: 0x000000001a330000,0x000000001a430000] [id=7736]

VM state:at safepoint (shutting down)

VM Mutex/Monitor currently owned by a thread:  ([mutex/lock_event])
[0x000000000255bdc0] Threads_lock - owner thread: 0x0000000019286800

Heap:
 PSYoungGen      total 44544K, used 14443K [0x0000000782f00000, 0x0000000786200000, 0x00000007c0000000)
  eden space 43008K, 30% used [0x0000000782f00000,0x0000000783bfee50,0x0000000785900000)
  from space 1536K, 73% used [0x0000000786080000,0x000000078619be68,0x0000000786200000)
  to   space 2560K, 0% used [0x0000000785d00000,0x0000000785d00000,0x0000000785f80000)
 ParOldGen       total 125952K, used 1628K [0x0000000708c00000, 0x0000000710700000, 0x0000000782f00000)
  object space 125952K, 1% used [0x0000000708c00000,0x0000000708d97060,0x0000000710700000)
 Metaspace       used 11616K, capacity 11794K, committed 11904K, reserved 1060864K
  class space    used 1304K, capacity 1390K, committed 1408K, reserved 1048576K

Card table byte_map: [0x0000000011a20000,0x0000000011fe0000] byte_map_base: 0x000000000e1da000

Marking Bits: (ParMarkBitMap*) 0x000000006d55a6d0
 Begin Bits: [0x00000000127c0000, 0x0000000015590000)
 End Bits:   [0x0000000015590000, 0x0000000018360000)

Polling page: 0x0000000000c40000

CodeCache: size=245760Kb used=6956Kb max_used=6967Kb free=238803Kb
 bounds [0x0000000002660000, 0x0000000002d40000, 0x0000000011660000]
 total_blobs=2524 nmethods=1936 adapters=501
 compilation: enabled

Compilation events (10 events):
Event: 66.868 Thread 0x000000001ab28800 1949   !   3       sun.security.provider.DigestBase::engineDigest (39 bytes)
Event: 66.869 Thread 0x000000001ab28800 nmethod 1949 0x0000000002d18f50 code [0x0000000002d19100, 0x0000000002d19648]
Event: 66.869 Thread 0x000000001ab28800 1950       3       sun.security.provider.DigestBase::engineDigest (112 bytes)
Event: 66.871 Thread 0x000000001ab28800 nmethod 1950 0x0000000002d17690 code [0x0000000002d17900, 0x0000000002d188f8]
Event: 66.871 Thread 0x000000001ab28800 1951       3       sun.security.provider.SHA::implDigest (96 bytes)
Event: 66.872 Thread 0x000000001ab28800 nmethod 1951 0x0000000002d16f50 code [0x0000000002d17100, 0x0000000002d17548]
Event: 67.644 Thread 0x000000001ab28800 1952       3       sun.awt.windows.WComponentPeer::handleJavaMouseEvent (76 bytes)
Event: 67.647 Thread 0x000000001ab28800 nmethod 1952 0x0000000002d14a90 code [0x0000000002d14cc0, 0x0000000002d15af8]
Event: 69.130 Thread 0x000000001931a000 1953   !   4       sun.java2d.d3d.D3DRenderer::validateContext (83 bytes)
Event: 69.136 Thread 0x000000001931a000 nmethod 1953 0x0000000002d16910 code [0x0000000002d16a80, 0x0000000002d16c48]

GC Heap History (10 events):
Event: 33.498 GC heap before
{Heap before GC invocations=4 (full 0):
 PSYoungGen      total 54784K, used 49006K [0x0000000782f00000, 0x0000000786c00000, 0x00000007c0000000)
  eden space 47104K, 99% used [0x0000000782f00000,0x0000000785ce0978,0x0000000785d00000)
  from space 7680K, 26% used [0x0000000785d00000,0x0000000785efb010,0x0000000786480000)
  to   space 7680K, 0% used [0x0000000786480000,0x0000000786480000,0x0000000786c00000)
 ParOldGen       total 125952K, used 32K [0x0000000708c00000, 0x0000000710700000, 0x0000000782f00000)
  object space 125952K, 0% used [0x0000000708c00000,0x0000000708c08000,0x0000000710700000)
 Metaspace       used 11437K, capacity 11634K, committed 11904K, reserved 1060864K
  class space    used 1284K, capacity 1358K, committed 1408K, reserved 1048576K
Event: 33.507 GC heap after
Heap after GC invocations=4 (full 0):
 PSYoungGen      total 54784K, used 2039K [0x0000000782f00000, 0x0000000786c00000, 0x00000007c0000000)
  eden space 47104K, 0% used [0x0000000782f00000,0x0000000782f00000,0x0000000785d00000)
  from space 7680K, 26% used [0x0000000786480000,0x000000078667df78,0x0000000786c00000)
  to   space 7680K, 0% used [0x0000000785d00000,0x0000000785d00000,0x0000000786480000)
 ParOldGen       total 125952K, used 40K [0x0000000708c00000, 0x0000000710700000, 0x0000000782f00000)
  object space 125952K, 0% used [0x0000000708c00000,0x0000000708c0a000,0x0000000710700000)
 Metaspace       used 11437K, capacity 11634K, committed 11904K, reserved 1060864K
  class space    used 1284K, capacity 1358K, committed 1408K, reserved 1048576K
}
Event: 42.072 GC heap before
{Heap before GC invocations=5 (full 0):
 PSYoungGen      total 54784K, used 48867K [0x0000000782f00000, 0x0000000786c00000, 0x00000007c0000000)
  eden space 47104K, 99% used [0x0000000782f00000,0x0000000785cbb068,0x0000000785d00000)
  from space 7680K, 26% used [0x0000000786480000,0x000000078667df78,0x0000000786c00000)
  to   space 7680K, 0% used [0x0000000785d00000,0x0000000785d00000,0x0000000786480000)
 ParOldGen       total 125952K, used 40K [0x0000000708c00000, 0x0000000710700000, 0x0000000782f00000)
  object space 125952K, 0% used [0x0000000708c00000,0x0000000708c0a000,0x0000000710700000)
 Metaspace       used 11516K, capacity 11698K, committed 11904K, reserved 1060864K
  class space    used 1284K, capacity 1358K, committed 1408K, reserved 1048576K
Event: 42.081 GC heap after
Heap after GC invocations=5 (full 0):
 PSYoungGen      total 48640K, used 2082K [0x0000000782f00000, 0x0000000786500000, 0x00000007c0000000)
  eden space 46080K, 0% used [0x0000000782f00000,0x0000000782f00000,0x0000000785c00000)
  from space 2560K, 81% used [0x0000000785d00000,0x0000000785f089e8,0x0000000785f80000)
  to   space 2560K, 0% used [0x0000000786280000,0x0000000786280000,0x0000000786500000)
 ParOldGen       total 125952K, used 48K [0x0000000708c00000, 0x0000000710700000, 0x0000000782f00000)
  object space 125952K, 0% used [0x0000000708c00000,0x0000000708c0c000,0x0000000710700000)
 Metaspace       used 11516K, capacity 11698K, committed 11904K, reserved 1060864K
  class space    used 1284K, capacity 1358K, committed 1408K, reserved 1048576K
}
Event: 50.454 GC heap before
{Heap before GC invocations=6 (full 0):
 PSYoungGen      total 48640K, used 48162K [0x0000000782f00000, 0x0000000786500000, 0x00000007c0000000)
  eden space 46080K, 100% used [0x0000000782f00000,0x0000000785c00000,0x0000000785c00000)
  from space 2560K, 81% used [0x0000000785d00000,0x0000000785f089e8,0x0000000785f80000)
  to   space 2560K, 0% used [0x0000000786280000,0x0000000786280000,0x0000000786500000)
 ParOldGen       total 125952K, used 48K [0x0000000708c00000, 0x0000000710700000, 0x0000000782f00000)
  object space 125952K, 0% used [0x0000000708c00000,0x0000000708c0c000,0x0000000710700000)
 Metaspace       used 11525K, capacity 11698K, committed 11904K, reserved 1060864K
  class space    used 1284K, capacity 1358K, committed 1408K, reserved 1048576K
Event: 50.464 GC heap after
Heap after GC invocations=6 (full 0):
 PSYoungGen      total 47104K, used 2036K [0x0000000782f00000, 0x0000000786480000, 0x00000007c0000000)
  eden space 45056K, 0% used [0x0000000782f00000,0x0000000782f00000,0x0000000785b00000)
  from space 2048K, 99% used [0x0000000786280000,0x000000078647d188,0x0000000786480000)
  to   space 2560K, 0% used [0x0000000785f80000,0x0000000785f80000,0x0000000786200000)
 ParOldGen       total 125952K, used 56K [0x0000000708c00000, 0x0000000710700000, 0x0000000782f00000)
  object space 125952K, 0% used [0x0000000708c00000,0x0000000708c0e000,0x0000000710700000)
 Metaspace       used 11525K, capacity 11698K, committed 11904K, reserved 1060864K
  class space    used 1284K, capacity 1358K, committed 1408K, reserved 1048576K
}
Event: 58.887 GC heap before
{Heap before GC invocations=7 (full 0):
 PSYoungGen      total 47104K, used 47076K [0x0000000782f00000, 0x0000000786480000, 0x00000007c0000000)
  eden space 45056K, 99% used [0x0000000782f00000,0x0000000785afbfa8,0x0000000785b00000)
  from space 2048K, 99% used [0x0000000786280000,0x000000078647d188,0x0000000786480000)
  to   space 2560K, 0% used [0x0000000785f80000,0x0000000785f80000,0x0000000786200000)
 ParOldGen       total 125952K, used 56K [0x0000000708c00000, 0x0000000710700000, 0x0000000782f00000)
  object space 125952K, 0% used [0x0000000708c00000,0x0000000708c0e000,0x0000000710700000)
 Metaspace       used 11592K, capacity 11794K, committed 11904K, reserved 1060864K
  class space    used 1301K, capacity 1390K, committed 1408K, reserved 1048576K
Event: 58.897 GC heap after
Heap after GC invocations=7 (full 0):
 PSYoungGen      total 45056K, used 547K [0x0000000782f00000, 0x0000000786300000, 0x00000007c0000000)
  eden space 44032K, 0% used [0x0000000782f00000,0x0000000782f00000,0x0000000785a00000)
  from space 1024K, 53% used [0x0000000785f80000,0x0000000786008ee8,0x0000000786080000)
  to   space 2560K, 0% used [0x0000000786080000,0x0000000786080000,0x0000000786300000)
 ParOldGen       total 125952K, used 1604K [0x0000000708c00000, 0x0000000710700000, 0x0000000782f00000)
  object space 125952K, 1% used [0x0000000708c00000,0x0000000708d91060,0x0000000710700000)
 Metaspace       used 11592K, capacity 11794K, committed 11904K, reserved 1060864K
  class space    used 1301K, capacity 1390K, committed 1408K, reserved 1048576K
}
Event: 67.019 GC heap before
{Heap before GC invocations=8 (full 0):
 PSYoungGen      total 45056K, used 44579K [0x0000000782f00000, 0x0000000786300000, 0x00000007c0000000)
  eden space 44032K, 100% used [0x0000000782f00000,0x0000000785a00000,0x0000000785a00000)
  from space 1024K, 53% used [0x0000000785f80000,0x0000000786008ee8,0x0000000786080000)
  to   space 2560K, 0% used [0x0000000786080000,0x0000000786080000,0x0000000786300000)
 ParOldGen       total 125952K, used 1604K [0x0000000708c00000, 0x0000000710700000, 0x0000000782f00000)
  object space 125952K, 1% used [0x0000000708c00000,0x0000000708d91060,0x0000000710700000)
 Metaspace       used 11602K, capacity 11794K, committed 11904K, reserved 1060864K
  class space    used 1302K, capacity 1390K, committed 1408K, reserved 1048576K
Event: 67.021 GC heap after
Heap after GC invocations=8 (full 0):
 PSYoungGen      total 44544K, used 1135K [0x0000000782f00000, 0x0000000786200000, 0x00000007c0000000)
  eden space 43008K, 0% used [0x0000000782f00000,0x0000000782f00000,0x0000000785900000)
  from space 1536K, 73% used [0x0000000786080000,0x000000078619be68,0x0000000786200000)
  to   space 2560K, 0% used [0x0000000785d00000,0x0000000785d00000,0x0000000785f80000)
 ParOldGen       total 125952K, used 1628K [0x0000000708c00000, 0x0000000710700000, 0x0000000782f00000)
  object space 125952K, 1% used [0x0000000708c00000,0x0000000708d97060,0x0000000710700000)
 Metaspace       used 11602K, capacity 11794K, committed 11904K, reserved 1060864K
  class space    used 1302K, capacity 1390K, committed 1408K, reserved 1048576K
}

Deoptimization events (2 events):
Event: 8.221 Thread 0x000000001af1e800 Uncommon trap: reason=unstable_if action=reinterpret pc=0x00000000029cd15c method=java.awt.Component.inside(II)Z @ 21
Event: 60.940 Thread 0x000000001af1e800 Uncommon trap: reason=unstable_if action=reinterpret pc=0x0000000002a64ad4 method=java.awt.Component.inside(II)Z @ 1

Internal exceptions (10 events):
Event: 0.086 Thread 0x0000000002560800 Exception <a 'java/lang/NoSuchMethodError': Method sun.misc.Unsafe.defineClass(Ljava/lang/String;[BII)Ljava/lang/Class; name or signature does not match> (0x0000000782f07cc0) thrown at [C:\re\workspace\8-2-build-windows-amd64-cygwin\jdk8u101\7261\hotspot\sT.xÈç¶?
Event: 0.086 Thread 0x0000000002560800 Exception <a 'java/lang/NoSuchMethodError': Method sun.misc.Unsafe.prefetchRead(Ljava/lang/Object;J)V name or signature does not match> (0x0000000782f07fa8) thrown at [C:\re\workspace\8-2-build-windows-amd64-cygwin\jdk8u101\7261\hotspot\src\share\vm\prims\w!Ø_âqó?
Event: 1.215 Thread 0x0000000002560800 Exception <a 'java/security/PrivilegedActionException'> (0x0000000782fdab80) thrown at [C:\re\workspace\8-2-build-windows-amd64-cygwin\jdk8u101\7261\hotspot\src\share\vm\prims\jvm.cpp, line 1386]
Event: 1.215 Thread 0x0000000002560800 Exception <a 'java/security/PrivilegedActionException'> (0x0000000782fdad90) thrown at [C:\re\workspace\8-2-build-windows-amd64-cygwin\jdk8u101\7261\hotspot\src\share\vm\prims\jvm.cpp, line 1386]
Event: 1.217 Thread 0x0000000002560800 Exception <a 'java/security/PrivilegedActionException'> (0x0000000782fde9d8) thrown at [C:\re\workspace\8-2-build-windows-amd64-cygwin\jdk8u101\7261\hotspot\src\share\vm\prims\jvm.cpp, line 1386]
Event: 1.217 Thread 0x0000000002560800 Exception <a 'java/security/PrivilegedActionException'> (0x0000000782fdebe8) thrown at [C:\re\workspace\8-2-build-windows-amd64-cygwin\jdk8u101\7261\hotspot\src\share\vm\prims\jvm.cpp, line 1386]
Event: 1.226 Thread 0x0000000002560800 Exception <a 'java/io/FileNotFoundException'> (0x0000000782fe1008) thrown at [C:\re\workspace\8-2-build-windows-amd64-cygwin\jdk8u101\7261\hotspot\src\share\vm\prims\jni.cpp, line 709]
Event: 1.322 Thread 0x0000000002560800 Exception <a 'java/lang/NoSuchFieldError': method resolution failed> (0x0000000783199d80) thrown at [C:\re\workspace\8-2-build-windows-amd64-cygwin\jdk8u101\7261\hotspot\src\share\vm\prims\methodHandles.cpp, line 1146]
Event: 1.327 Thread 0x0000000002560800 Exception <a 'java/lang/NoSuchFieldError': method resolution failed> (0x00000007831a7150) thrown at [C:\re\workspace\8-2-build-windows-amd64-cygwin\jdk8u101\7261\hotspot\src\share\vm\prims\methodHandles.cpp, line 1146]
Event: 1.431 Thread 0x0000000002560800 Exception <a 'java/io/FileNotFoundException'> (0x000000078323afd0) thrown at [C:\re\workspace\8-2-build-windows-amd64-cygwin\jdk8u101\7261\hotspot\src\share\vm\prims\jni.cpp, line 709]

Events (10 events):
Event: 69.241 loading class java/util/WeakHashMap$HashIterator
Event: 69.241 loading class java/util/WeakHashMap$HashIterator done
Event: 69.241 loading class java/util/WeakHashMap$KeyIterator done
Event: 69.241 Thread 0x0000000020ba1000 Thread exited: 0x0000000020ba1000
Event: 69.241 loading class sun/java2d/pipe/hw/AccelDeviceEventNotifier
Event: 69.242 loading class sun/java2d/pipe/hw/AccelDeviceEventNotifier done
Event: 69.243 Thread 0x0000000021337800 Thread exited: 0x0000000021337800
Event: 69.319 Thread 0x000000001af02800 Thread exited: 0x000000001af02800
Event: 69.342 Thread 0x0000000022b50800 Thread exited: 0x0000000022b50800
Event: 69.342 Executing VM operation: Exit


Dynamic libraries:
0x00007ff7a9280000 - 0x00007ff7a92b7000 	C:\Program Files\Java\jre1.8.0_101\bin\javaw.exe
0x00007ffe28ac0000 - 0x00007ffe28c91000 	C:\WINDOWS\SYSTEM32\ntdll.dll
0x00007ffe28800000 - 0x00007ffe288ab000 	C:\WINDOWS\System32\KERNEL32.DLL
0x00007ffe252f0000 - 0x00007ffe2550d000 	C:\WINDOWS\System32\KERNELBASE.dll
0x00007ffe26620000 - 0x00007ffe266c2000 	C:\WINDOWS\System32\ADVAPI32.dll
0x00007ffe267b0000 - 0x00007ffe2684e000 	C:\WINDOWS\System32\msvcrt.dll
0x00007ffe28630000 - 0x00007ffe28689000 	C:\WINDOWS\System32\sechost.dll
0x00007ffe26850000 - 0x00007ffe26971000 	C:\WINDOWS\System32\RPCRT4.dll
0x00007ffe28950000 - 0x00007ffe28ab5000 	C:\WINDOWS\System32\USER32.dll
0x00007ffe25ed0000 - 0x00007ffe25eee000 	C:\WINDOWS\System32\win32u.dll
0x00007ffe270c0000 - 0x00007ffe270f4000 	C:\WINDOWS\System32\GDI32.dll
0x00007ffe250b0000 - 0x00007ffe25232000 	C:\WINDOWS\System32\gdi32full.dll
0x00007ffe1ca70000 - 0x00007ffe1cce9000 	C:\WINDOWS\WinSxS\amd64_microsoft.windows.common-controls_6595b64144ccf1df_6.0.14393.0_none_2d0f50fcbdb171b8\COMCTL32.dll
0x00007ffe26170000 - 0x00007ffe26437000 	C:\WINDOWS\System32\combase.dll
0x00007ffe24fb0000 - 0x00007ffe250a5000 	C:\WINDOWS\System32\ucrtbase.dll
0x00007ffe255b0000 - 0x00007ffe2561a000 	C:\WINDOWS\System32\bcryptPrimitives.dll
0x00007ffe26f50000 - 0x00007ffe26f7e000 	C:\WINDOWS\System32\IMM32.DLL
0x000000006c060000 - 0x000000006c132000 	C:\Program Files\Java\jre1.8.0_101\bin\msvcr100.dll
0x000000006cd40000 - 0x000000006d5da000 	C:\Program Files\Java\jre1.8.0_101\bin\server\jvm.dll
0x00007ffe26150000 - 0x00007ffe26158000 	C:\WINDOWS\System32\PSAPI.DLL
0x00007ffe22470000 - 0x00007ffe22493000 	C:\WINDOWS\SYSTEM32\WINMM.dll
0x00007ffe18cb0000 - 0x00007ffe18cb9000 	C:\WINDOWS\SYSTEM32\WSOCK32.dll
0x00007ffe20300000 - 0x00007ffe2030a000 	C:\WINDOWS\SYSTEM32\VERSION.dll
0x00007ffe266d0000 - 0x00007ffe2673a000 	C:\WINDOWS\System32\WS2_32.dll
0x0000000000bf0000 - 0x0000000000c1b000 	C:\WINDOWS\SYSTEM32\WINMMBASE.dll
0x00007ffe252a0000 - 0x00007ffe252e2000 	C:\WINDOWS\System32\cfgmgr32.dll
0x000000006cd30000 - 0x000000006cd3f000 	C:\Program Files\Java\jre1.8.0_101\bin\verify.dll
0x000000006cd00000 - 0x000000006cd29000 	C:\Program Files\Java\jre1.8.0_101\bin\java.dll
0x000000006cce0000 - 0x000000006ccf6000 	C:\Program Files\Java\jre1.8.0_101\bin\zip.dll
0x00007ffe27120000 - 0x00007ffe28628000 	C:\WINDOWS\System32\SHELL32.dll
0x00007ffe25620000 - 0x00007ffe25cfa000 	C:\WINDOWS\System32\windows.storage.dll
0x00007ffe24f20000 - 0x00007ffe24f6c000 	C:\WINDOWS\System32\powrprof.dll
0x00007ffe265c0000 - 0x00007ffe26612000 	C:\WINDOWS\System32\shlwapi.dll
0x00007ffe24f70000 - 0x00007ffe24f7f000 	C:\WINDOWS\System32\kernel.appcore.dll
0x00007ffe25fa0000 - 0x00007ffe26049000 	C:\WINDOWS\System32\shcore.dll
0x00007ffe24f80000 - 0x00007ffe24f94000 	C:\WINDOWS\System32\profapi.dll
0x00007ffdf5e80000 - 0x00007ffdf6855000 	C:\Program Files\Java\jre1.8.0_101\bin\opencv_java2413.dll
0x00007ffe26f80000 - 0x00007ffe270b7000 	C:\WINDOWS\System32\ole32.dll
0x00007ffe17e00000 - 0x00007ffe17e18000 	C:\WINDOWS\SYSTEM32\AVICAP32.dll
0x00007ffe264a0000 - 0x00007ffe2655f000 	C:\WINDOWS\System32\OLEAUT32.dll
0x00007ffe11e40000 - 0x00007ffe11e60000 	C:\WINDOWS\SYSTEM32\AVIFIL32.dll
0x00007ffe17dd0000 - 0x00007ffe17df9000 	C:\WINDOWS\SYSTEM32\MSVFW32.dll
0x00007ffe25510000 - 0x00007ffe255ac000 	C:\WINDOWS\System32\msvcp_win.dll
0x00007ffe0f2a0000 - 0x00007ffe0f2bc000 	C:\WINDOWS\SYSTEM32\MSACM32.dll
0x00007ffe236b0000 - 0x00007ffe23745000 	C:\WINDOWS\system32\uxtheme.dll
0x00007ffe115d0000 - 0x00007ffe11668000 	C:\Program Files\Common Files\microsoft shared\ink\tiptsf.dll
0x00007ffe288b0000 - 0x00007ffe2894f000 	C:\WINDOWS\System32\clbcatq.dll
0x00007ffe10030000 - 0x00007ffe10048000 	C:\Windows\System32\devenum.dll
0x00007ffe26b20000 - 0x00007ffe26f49000 	C:\WINDOWS\System32\setupapi.dll
0x00007ffe242d0000 - 0x00007ffe24302000 	C:\WINDOWS\SYSTEM32\ntmarta.dll
0x00007ffe23b40000 - 0x00007ffe23b68000 	C:\WINDOWS\SYSTEM32\DEVOBJ.dll
0x00007ffe25240000 - 0x00007ffe25295000 	C:\WINDOWS\System32\WINTRUST.dll
0x00007ffe24fa0000 - 0x00007ffe24fb0000 	C:\WINDOWS\System32\MSASN1.dll
0x00007ffe25d00000 - 0x00007ffe25ec8000 	C:\WINDOWS\System32\CRYPT32.dll
0x00007ffe23250000 - 0x00007ffe2325a000 	C:\WINDOWS\SYSTEM32\msdmo.dll
0x00007ffe0fff0000 - 0x00007ffe10023000 	C:\Windows\System32\qcap.dll
0x00007ffe0ca70000 - 0x00007ffe0cc33000 	C:\Windows\System32\quartz.dll
0x00007ffe24dc0000 - 0x00007ffe24deb000 	C:\Windows\System32\bcrypt.dll
0x00007ffe286a0000 - 0x00007ffe287fb000 	C:\WINDOWS\System32\MSCTF.dll
0x00007ffe226a0000 - 0x00007ffe226c6000 	C:\WINDOWS\system32\dwmapi.dll
0x00007ffe0fc90000 - 0x00007ffe0fcd8000 	C:\Windows\System32\mfksproxy.dll
0x00007ffe14da0000 - 0x00007ffe14dbc000 	C:\Windows\System32\ATL.DLL
0x00007ffe22130000 - 0x00007ffe22298000 	C:\Windows\System32\MFPlat.DLL
0x00007ffe21fe0000 - 0x00007ffe2200e000 	C:\Windows\System32\RTWorkQ.DLL
0x00007ffe0c350000 - 0x00007ffe0c73b000 	C:\Windows\System32\MFCORE.dll
0x00007ffe10140000 - 0x00007ffe10149000 	C:\Windows\System32\ksuser.dll
0x00007ffe24990000 - 0x00007ffe2499b000 	C:\Windows\System32\CRYPTBASE.DLL
0x00007ffe0ce90000 - 0x00007ffe0cee3000 	C:\Windows\System32\FSClient.dll
0x00007ffe0f250000 - 0x00007ffe0f29d000 	C:\Windows\System32\MFSENSORGROUP.dll
0x00007ffe21b50000 - 0x00007ffe21b5b000 	C:\Windows\System32\AVRT.dll
0x00007ffe17d40000 - 0x00007ffe17d4d000 	C:\Windows\System32\vidcap.ax
0x00007ffe0f370000 - 0x00007ffe0f395000 	C:\Windows\System32\kswdmcap.ax
0x00007ffe04de0000 - 0x00007ffe04f43000 	C:\Windows\System32\MFC42.dll
0x00007ffe04d30000 - 0x00007ffe04ddf000 	C:\Windows\System32\ODBC32.dll
0x00007ffe24810000 - 0x00007ffe2481a000 	C:\Windows\System32\DPAPI.dll
0x00007ffe1b300000 - 0x00007ffe1b343000 	C:\WINDOWS\SYSTEM32\policymanager.dll
0x00007ffe238e0000 - 0x00007ffe23971000 	C:\Windows\System32\msvcp110_win.dll
0x00007ffe08b20000 - 0x00007ffe08bf4000 	C:\Windows\System32\MFReadWrite.dll
0x00007ffe04c80000 - 0x00007ffe04d23000 	C:\Windows\System32\qedit.dll
0x00007ffe26050000 - 0x00007ffe2614a000 	C:\WINDOWS\System32\COMDLG32.dll
0x00007ffe1c8d0000 - 0x00007ffe1ca69000 	C:\WINDOWS\WinSxS\amd64_microsoft.windows.gdiplus_6595b64144ccf1df_1.1.14393.187_none_730402f52114ff50\gdiplus.dll
0x00007ffe04b80000 - 0x00007ffe04c77000 	C:\Windows\System32\DDRAW.dll
0x00007ffe11e00000 - 0x00007ffe11e08000 	C:\Windows\System32\DCIMAN32.dll
0x00007ffe10b10000 - 0x00007ffe10b1c000 	C:\WINDOWS\SYSTEM32\msyuv.dll
0x000000006d5f0000 - 0x000000006d788000 	C:\Program Files\Java\jre1.8.0_101\bin\awt.dll
0x00007ffe233c0000 - 0x00007ffe2343a000 	C:\WINDOWS\SYSTEM32\apphelp.dll
0x000000006c340000 - 0x000000006c387000 	C:\Program Files\Java\jre1.8.0_101\bin\fontmanager.dll
0x00007ffe1ec00000 - 0x00007ffe1edab000 	C:\Windows\System32\uiautomationcore.dll
0x00007ffe24870000 - 0x00007ffe2488f000 	C:\Windows\System32\USERENV.dll
0x00007ffe24df0000 - 0x00007ffe24e88000 	C:\WINDOWS\SYSTEM32\sxs.dll
0x00007ffe1b710000 - 0x00007ffe1b775000 	C:\Windows\System32\OLEACC.dll
0x00007ffe118c0000 - 0x00007ffe1193d000 	C:\WINDOWS\SYSTEM32\twinapi.dll
0x00007ffe23980000 - 0x00007ffe23a9c000 	C:\WINDOWS\SYSTEM32\twinapi.appcore.dll
0x000000006ccc0000 - 0x000000006ccda000 	C:\Program Files\Java\jre1.8.0_101\bin\net.dll
0x00007ffe24590000 - 0x00007ffe245ec000 	C:\WINDOWS\system32\mswsock.dll
0x000000006cca0000 - 0x000000006ccb1000 	C:\Program Files\Java\jre1.8.0_101\bin\nio.dll
0x000000006c2f0000 - 0x000000006c332000 	C:\Program Files\Java\jre1.8.0_101\bin\t2k.dll
0x00007ffe249a0000 - 0x00007ffe249b7000 	C:\WINDOWS\SYSTEM32\CRYPTSP.dll
0x00007ffe247d0000 - 0x00007ffe24803000 	C:\WINDOWS\system32\rsaenh.dll
0x00007ffe24340000 - 0x00007ffe24378000 	C:\WINDOWS\SYSTEM32\IPHLPAPI.DLL
0x00007ffe28690000 - 0x00007ffe28698000 	C:\WINDOWS\System32\NSI.dll
0x00007ffe21410000 - 0x00007ffe21426000 	C:\WINDOWS\SYSTEM32\dhcpcsvc6.DLL
0x00007ffe21ab0000 - 0x00007ffe21aca000 	C:\WINDOWS\SYSTEM32\dhcpcsvc.DLL
0x000000006c020000 - 0x000000006c051000 	C:\Program Files\Java\jre1.8.0_101\bin\jpeg.dll
0x00007ffe15970000 - 0x00007ffe15b02000 	C:\WINDOWS\SYSTEM32\dbghelp.dll

VM Arguments:
jvm_args: -Dfile.encoding=Cp1252 
java_command: Test
java_class_path (initial): C:\Users\Ryan McGee\workspace\OpenCV_Test\bin;C:\OpenCV\opencv\build\java\opencv-2413.jar
Launcher Type: SUN_STANDARD

Environment Variables:
PATH=C:/Program Files/Java/jre1.8.0_101/bin/server;C:/Program Files/Java/jre1.8.0_101/bin;C:/Program Files/Java/jre1.8.0_101/lib/amd64;C:\ProgramData\Oracle\Java\javapath;C:\WINDOWS\system32;C:\WINDOWS;C:\WINDOWS\System32\Wbem;C:\WINDOWS\System32\WindowsPowerShell\v1.0\;C:\OpenCV\opencv\build\x64\vc12\bin;C:\Users\Ryan McGee\AppData\Local\Microsoft\WindowsApps;;C:\Users\Ryan McGee\Desktop\backup\eclipse-java-mars-2-win32-x86_64\eclipse;
USERNAME=Ryan McGee
OS=Windows_NT
PROCESSOR_IDENTIFIER=AMD64 Family 21 Model 96 Stepping 1, AuthenticAMD



---------------  S Y S T E M  ---------------

OS: Windows 10.0 , 64 bit Build 14393 (10.0.14393.0)

CPU:total 4 (4 cores per cpu, 1 threads per core) family 21 model 96 stepping 1, cmov, cx8, fxsr, mmx, sse, sse2, sse3, ssse3, sse4.1, sse4.2, popcnt, avx, avx2, aes, clmul, mmxext, 3dnowpref, lzcnt, sse4a, tsc, tscinvbit, tscinv, bmi1

Memory: 4k page, physical 12005976k(8317484k free), swap 13840984k(9398680k free)

vm_info: Java HotSpot(TM) 64-Bit Server VM (25.101-b13) for windows-amd64 JRE (1.8.0_101-b13), built on Jun 22 2016 01:21:29 by "java_re" with MS VC++ 10.0 (VS2010)

time: Fri Sep 30 16:39:07 2016
elapsed time: 70 seconds (0d 0h 1m 10s)

