#
# A fatal error has been detected by the Java Runtime Environment:
#
#  Internal Error (0xc000000d), pid=8188, tid=0x00000000000022e8
#
# JRE version: Java(TM) SE Runtime Environment (8.0_101-b13) (build 1.8.0_101-b13)
# Java VM: Java HotSpot(TM) 64-Bit Server VM (25.101-b13 mixed mode windows-amd64 compressed oops)
# Problematic frame:
# C  [ntdll.dll+0xfe5bc]
#
# Failed to write core dump. Minidumps are not enabled by default on client versions of Windows
#
# If you would like to submit a bug report, please visit:
#   http://bugreport.java.com/bugreport/crash.jsp
#

---------------  T H R E A D  ---------------

Current thread (0x0000000019e97800):  VMThread [stack: 0x000000001af40000,0x000000001b040000] [id=8936]

siginfo: ExceptionCode=0xc000000d

Registers:
RAX=0x0000000000000000, RBX=0x000000001c454010, RCX=0x0000000000000000, RDX=0x0000000000000000
RSP=0x000000001b03ebd0, RBP=0x00007ffe02108260, RSI=0x000000001c411a28, RDI=0x0000000000000000
R8 =0x000000001a00001a, R9 =0x000000001f4873f0, R10=0x00000000c9088041, R11=0x0000000000000820
R12=0x000000001c454010, R13=0x00000000ffffffff, R14=0x000000001b03ed68, R15=0x00007ffe02108260
RIP=0x00007ffe0e2de5bc, EFLAGS=0x0000000000000202

Top of Stack: (sp=0x000000001b03ebd0)
0x000000001b03ebd0:   0000000000000057 000000001c454010
0x000000001b03ebe0:   000000001c411a28 0000000000000000
0x000000001b03ebf0:   00000000c000000d 0000000000000000
0x000000001b03ec00:   00007ffe0e2de5bc 0000000000000000
0x000000001b03ec10:   0000000000000000 0000000000000000
0x000000001b03ec20:   0000000000000000 0000000000000000
0x000000001b03ec30:   0000000000000000 0000000000000000
0x000000001b03ec40:   0000000000000000 0000000000000000
0x000000001b03ec50:   0000000000000000 0000000000000000
0x000000001b03ec60:   0000000000000000 0000000000000000
0x000000001b03ec70:   0000000000000000 0000000000000000
0x000000001b03ec80:   0000000000000000 0000000000000000
0x000000001b03ec90:   000080743db27860 0000000000fb0000
0x000000001b03eca0:   0000000000000068 00007ffe0e2a07d1
0x000000001b03ecb0:   000000001c43fa90 000000001c4118f0
0x000000001b03ecc0:   00000000ffffffff 0000000000000000 

Instructions: (pc=0x00007ffe0e2de5bc)
0x00007ffe0e2de59c:   d1 fa ff c7 44 24 20 0d 00 00 c0 b9 57 00 00 00
0x00007ffe0e2de5ac:   e8 cf 0f f6 ff 90 48 8d 4c 24 20 e8 54 bb f4 ff
0x00007ffe0e2de5bc:   eb 00 48 8b 8c 24 c0 00 00 00 48 33 cc e8 82 70
0x00007ffe0e2de5cc:   f9 ff 48 81 c4 d8 00 00 00 c3 40 55 48 83 ec 20 


Register to memory mapping:

RAX=0x0000000000000000 is an unknown value
RBX=0x000000001c454010 is an unknown value
RCX=0x0000000000000000 is an unknown value
RDX=0x0000000000000000 is an unknown value
RSP=0x000000001b03ebd0 is an unknown value
RBP=0x00007ffe02108260 is an unknown value
RSI=0x000000001c411a28 is an unknown value
RDI=0x0000000000000000 is an unknown value
R8 =0x000000001a00001a is an unknown value
R9 =0x000000001f4873f0 is an unknown value
R10=0x00000000c9088041 is an unknown value
R11=0x0000000000000820 is an unknown value
R12=0x000000001c454010 is an unknown value
R13=0x00000000ffffffff is an unknown value
R14=0x000000001b03ed68 is an unknown value
R15=0x00007ffe02108260 is an unknown value


Stack: [0x000000001af40000,0x000000001b040000],  sp=0x000000001b03ebd0,  free space=1018k
Native frames: (J=compiled Java code, j=interpreted, Vv=VM code, C=native code)
C  [ntdll.dll+0xfe5bc]
C  [ntdll.dll+0xc07d1]
C  [KERNELBASE.dll+0x5fd28]
C  [RTWorkQ.DLL+0x2c38]
C  [RTWorkQ.DLL+0x2b72]
C  [RTWorkQ.DLL+0x59f6]
C  [RTWorkQ.DLL+0x4455]
C  [MFPlat.DLL+0x2bb18]
C  [MFReadWrite.dll+0x1045b]
C  [MFReadWrite.dll+0x6d91]
C  [MFReadWrite.dll+0x6a97]
C  [mfksproxy.dll+0x17ea0]
C  [mfksproxy.dll+0x16ab0]
C  [mfksproxy.dll+0x1ef7]
C  [mfksproxy.dll+0x1cc4]
C  [mfksproxy.dll+0x31456]
C  [quartz.dll+0x57179]
C  [quartz.dll+0x43ca6]
C  [quartz.dll+0x48e7d]
C  [quartz.dll+0x4384e]
C  [quartz.dll+0x43c20]
C  [quartz.dll+0x3931]
C  [qcap.dll+0xd4ea]
C  [qcap.dll+0x1da6]
C  [qcap.dll+0xd22a]
C  [qcap.dll+0x1da6]
C  [vfwwdm32.dll+0xaa51]
C  [vfwwdm32.dll+0x6681]
C  [vfwwdm32.dll+0x7adc]
C  [vfwwdm32.dll+0x1cf3]
C  [WINMMBASE.dll+0x57e0]
C  [WINMMBASE.dll+0x31e0]
C  [AVICAP32.dll+0xde23]
C  [AVICAP32.dll+0x1c8d]
C  [AVICAP32.dll+0xf0bf]
C  [ntdll.dll+0x29d9f]
C  [ntdll.dll+0x806b]
C  [ntdll.dll+0x7d94]
C  [KERNEL32.DLL+0x1ce6a]
C  [msvcr100.dll+0x20ccd]
V  [jvm.dll+0x212ba5]
V  [jvm.dll+0x24b777]
V  [jvm.dll+0x24aa16]
V  [jvm.dll+0x24aeb1]
V  [jvm.dll+0x24b0ce]
V  [jvm.dll+0x29c18a]
C  [msvcr100.dll+0x21d9f]
C  [msvcr100.dll+0x21e3b]
C  [KERNEL32.DLL+0x8364]
C  [ntdll.dll+0x65e91]

VM_Operation (0x0000000021b5d2a0): Exit, mode: safepoint, requested by thread 0x00000000212ad800


---------------  P R O C E S S  ---------------

Java Threads: ( => current thread )
  0x0000000003170800 JavaThread "DestroyJavaVM" [_thread_blocked, id=8348, stack(0x0000000003070000,0x0000000003170000)]
  0x00000000212ad800 JavaThread "AWT-EventQueue-0" [_thread_blocked, id=5412, stack(0x0000000021a60000,0x0000000021b60000)]
  0x000000001bbc0800 JavaThread "AWT-Shutdown" [_thread_blocked, id=5036, stack(0x0000000020570000,0x0000000020670000)]
  0x000000001bbbf800 JavaThread "Java2D Disposer" daemon [_thread_blocked, id=7104, stack(0x0000000020470000,0x0000000020570000)]
  0x000000001b862800 JavaThread "Service Thread" daemon [_thread_blocked, id=9836, stack(0x000000001bc30000,0x000000001bd30000)]
  0x0000000019efc000 JavaThread "C1 CompilerThread2" daemon [_thread_blocked, id=1040, stack(0x000000001b730000,0x000000001b830000)]
  0x0000000019ed6800 JavaThread "C2 CompilerThread1" daemon [_thread_blocked, id=9824, stack(0x000000001b630000,0x000000001b730000)]
  0x0000000019ecd000 JavaThread "C2 CompilerThread0" daemon [_thread_blocked, id=9456, stack(0x000000001b530000,0x000000001b630000)]
  0x0000000019ecc000 JavaThread "Attach Listener" daemon [_thread_blocked, id=3364, stack(0x000000001b430000,0x000000001b530000)]
  0x0000000019eba800 JavaThread "Finalizer" daemon [_thread_blocked, id=904, stack(0x000000001b140000,0x000000001b240000)]
  0x0000000019e99000 JavaThread "Reference Handler" daemon [_thread_blocked, id=10144, stack(0x000000001b040000,0x000000001b140000)]

Other Threads:
=>0x0000000019e97800 VMThread [stack: 0x000000001af40000,0x000000001b040000] [id=8936]

VM state:at safepoint (shutting down)

VM Mutex/Monitor currently owned by a thread:  ([mutex/lock_event])
[0x000000000306bfc0] Threads_lock - owner thread: 0x0000000019e97800

Heap:
 PSYoungGen      total 54784K, used 14020K [0x0000000782f00000, 0x0000000786c00000, 0x00000007c0000000)
  eden space 47104K, 29% used [0x0000000782f00000,0x0000000783cb1060,0x0000000785d00000)
  from space 7680K, 0% used [0x0000000786480000,0x0000000786480000,0x0000000786c00000)
  to   space 7680K, 0% used [0x0000000785d00000,0x0000000785d00000,0x0000000786480000)
 ParOldGen       total 125952K, used 0K [0x0000000708c00000, 0x0000000710700000, 0x0000000782f00000)
  object space 125952K, 0% used [0x0000000708c00000,0x0000000708c00000,0x0000000710700000)
 Metaspace       used 10034K, capacity 10180K, committed 10368K, reserved 1058816K
  class space    used 1206K, capacity 1291K, committed 1408K, reserved 1048576K

Card table byte_map: [0x0000000012630000,0x0000000012bf0000] byte_map_base: 0x000000000edea000

Marking Bits: (ParMarkBitMap*) 0x0000000075eda6d0
 Begin Bits: [0x00000000133d0000, 0x00000000161a0000)
 End Bits:   [0x00000000161a0000, 0x0000000018f70000)

Polling page: 0x0000000000ff0000

CodeCache: size=245760Kb used=2098Kb max_used=2098Kb free=243661Kb
 bounds [0x0000000003270000, 0x00000000034e0000, 0x0000000012270000]
 total_blobs=1102 nmethods=440 adapters=576
 compilation: enabled

Compilation events (10 events):
Event: 3.196 Thread 0x0000000019efc000  436       3       java.util.ArrayList$Itr::hasNext (20 bytes)
Event: 3.196 Thread 0x0000000019efc000 nmethod 436 0x000000000347c090 code [0x000000000347c1e0, 0x000000000347c3b0]
Event: 3.237 Thread 0x0000000019efc000  437       3       sun.awt.AWTAutoShutdown::getInstance (4 bytes)
Event: 3.237 Thread 0x0000000019efc000 nmethod 437 0x000000000347c450 code [0x000000000347c5a0, 0x000000000347c6d0]
Event: 3.257 Thread 0x0000000019efc000  438       3       java.util.ArrayList$Itr::checkForComodification (23 bytes)
Event: 3.258 Thread 0x0000000019efc000 nmethod 438 0x000000000347c750 code [0x000000000347c8c0, 0x000000000347cae8]
Event: 3.327 Thread 0x0000000019efc000  439       3       sun.awt.AWTAutoShutdown::isReadyToShutdown (37 bytes)
Event: 3.328 Thread 0x0000000019efc000 nmethod 439 0x000000000347cbd0 code [0x000000000347cd60, 0x000000000347d118]
Event: 3.580 Thread 0x0000000019efc000  440       3       java.util.IdentityHashMap::isEmpty (13 bytes)
Event: 3.581 Thread 0x0000000019efc000 nmethod 440 0x000000000347d210 code [0x000000000347d360, 0x000000000347d510]

GC Heap History (0 events):
No events

Deoptimization events (0 events):
No events

Internal exceptions (10 events):
Event: 0.087 Thread 0x0000000003170800 Exception <a 'java/lang/NoSuchMethodError': Method sun.misc.Unsafe.defineClass(Ljava/lang/String;[BII)Ljava/lang/Class; name or signature does not match> (0x0000000782f07cc0) thrown at [C:\re\workspace\8-2-build-windows-amd64-cygwin\jdk8u101\7261\hotspot\sÍ>BÝÀB¶?
Event: 0.087 Thread 0x0000000003170800 Exception <a 'java/lang/NoSuchMethodError': Method sun.misc.Unsafe.prefetchRead(Ljava/lang/Object;J)V name or signature does not match> (0x0000000782f07fa8) thrown at [C:\re\workspace\8-2-build-windows-amd64-cygwin\jdk8u101\7261\hotspot\src\share\vm\prims\n›8iïì?
Event: 0.904 Thread 0x0000000003170800 Exception <a 'java/security/PrivilegedActionException'> (0x0000000782fdbd10) thrown at [C:\re\workspace\8-2-build-windows-amd64-cygwin\jdk8u101\7261\hotspot\src\share\vm\prims\jvm.cpp, line 1386]
Event: 0.904 Thread 0x0000000003170800 Exception <a 'java/security/PrivilegedActionException'> (0x0000000782fdbf20) thrown at [C:\re\workspace\8-2-build-windows-amd64-cygwin\jdk8u101\7261\hotspot\src\share\vm\prims\jvm.cpp, line 1386]
Event: 0.906 Thread 0x0000000003170800 Exception <a 'java/security/PrivilegedActionException'> (0x0000000782fdfb68) thrown at [C:\re\workspace\8-2-build-windows-amd64-cygwin\jdk8u101\7261\hotspot\src\share\vm\prims\jvm.cpp, line 1386]
Event: 0.906 Thread 0x0000000003170800 Exception <a 'java/security/PrivilegedActionException'> (0x0000000782fdfd78) thrown at [C:\re\workspace\8-2-build-windows-amd64-cygwin\jdk8u101\7261\hotspot\src\share\vm\prims\jvm.cpp, line 1386]
Event: 0.917 Thread 0x0000000003170800 Exception <a 'java/io/FileNotFoundException'> (0x0000000782fe2198) thrown at [C:\re\workspace\8-2-build-windows-amd64-cygwin\jdk8u101\7261\hotspot\src\share\vm\prims\jni.cpp, line 709]
Event: 1.017 Thread 0x0000000003170800 Exception <a 'java/lang/NoSuchFieldError': method resolution failed> (0x000000078319ae10) thrown at [C:\re\workspace\8-2-build-windows-amd64-cygwin\jdk8u101\7261\hotspot\src\share\vm\prims\methodHandles.cpp, line 1146]
Event: 1.022 Thread 0x0000000003170800 Exception <a 'java/lang/NoSuchFieldError': method resolution failed> (0x00000007831a81e0) thrown at [C:\re\workspace\8-2-build-windows-amd64-cygwin\jdk8u101\7261\hotspot\src\share\vm\prims\methodHandles.cpp, line 1146]
Event: 1.120 Thread 0x0000000003170800 Exception <a 'java/io/FileNotFoundException'> (0x000000078323c0b0) thrown at [C:\re\workspace\8-2-build-windows-amd64-cygwin\jdk8u101\7261\hotspot\src\share\vm\prims\jni.cpp, line 709]

Events (10 events):
Event: 3.987 loading class java/util/WeakHashMap$HashIterator
Event: 3.988 loading class java/util/WeakHashMap$HashIterator done
Event: 3.988 loading class java/util/WeakHashMap$KeyIterator done
Event: 3.988 loading class sun/java2d/pipe/hw/AccelDeviceEventNotifier
Event: 3.988 Thread 0x000000002131e000 Thread exited: 0x000000002131e000
Event: 3.988 loading class sun/java2d/pipe/hw/AccelDeviceEventNotifier done
Event: 4.043 Thread 0x000000001bc06800 Thread exited: 0x000000001bc06800
Event: 4.088 Thread 0x000000002131f000 Thread exited: 0x000000002131f000
Event: 4.090 Thread 0x0000000019ecb000 Thread exited: 0x0000000019ecb000
Event: 4.090 Executing VM operation: Exit


Dynamic libraries:
0x00007ff6a25a0000 - 0x00007ff6a25d7000 	C:\Program Files\Java\jre1.8.0_101\bin\javaw.exe
0x00007ffe0e1e0000 - 0x00007ffe0e3b1000 	C:\WINDOWS\SYSTEM32\ntdll.dll
0x00007ffe0e030000 - 0x00007ffe0e0db000 	C:\WINDOWS\System32\KERNEL32.DLL
0x00007ffe0b370000 - 0x00007ffe0b58d000 	C:\WINDOWS\System32\KERNELBASE.dll
0x00007ffe0b7d0000 - 0x00007ffe0b872000 	C:\WINDOWS\System32\ADVAPI32.dll
0x00007ffe0bc10000 - 0x00007ffe0bcae000 	C:\WINDOWS\System32\msvcrt.dll
0x00007ffe0e170000 - 0x00007ffe0e1c9000 	C:\WINDOWS\System32\sechost.dll
0x00007ffe0bd20000 - 0x00007ffe0be41000 	C:\WINDOWS\System32\RPCRT4.dll
0x00007ffe0c030000 - 0x00007ffe0c195000 	C:\WINDOWS\System32\USER32.dll
0x00007ffe0a8f0000 - 0x00007ffe0a90e000 	C:\WINDOWS\System32\win32u.dll
0x00007ffe0bff0000 - 0x00007ffe0c024000 	C:\WINDOWS\System32\GDI32.dll
0x00007ffe0b5e0000 - 0x00007ffe0b762000 	C:\WINDOWS\System32\gdi32full.dll
0x00007ffe01dc0000 - 0x00007ffe02039000 	C:\WINDOWS\WinSxS\amd64_microsoft.windows.common-controls_6595b64144ccf1df_6.0.14393.0_none_2d0f50fcbdb171b8\COMCTL32.dll
0x00007ffe0b940000 - 0x00007ffe0bc07000 	C:\WINDOWS\System32\combase.dll
0x00007ffe0a7f0000 - 0x00007ffe0a8e5000 	C:\WINDOWS\System32\ucrtbase.dll
0x00007ffe0a6d0000 - 0x00007ffe0a73a000 	C:\WINDOWS\System32\bcryptPrimitives.dll
0x00007ffe0e140000 - 0x00007ffe0e16e000 	C:\WINDOWS\System32\IMM32.DLL
0x00000000766c0000 - 0x0000000076792000 	C:\Program Files\Java\jre1.8.0_101\bin\msvcr100.dll
0x00000000756c0000 - 0x0000000075f5a000 	C:\Program Files\Java\jre1.8.0_101\bin\server\jvm.dll
0x00007ffe0c1a0000 - 0x00007ffe0c1a8000 	C:\WINDOWS\System32\PSAPI.DLL
0x00007ffdfd520000 - 0x00007ffdfd529000 	C:\WINDOWS\SYSTEM32\WSOCK32.dll
0x00007ffe088b0000 - 0x00007ffe088d3000 	C:\WINDOWS\SYSTEM32\WINMM.dll
0x00007ffe0bcb0000 - 0x00007ffe0bd1a000 	C:\WINDOWS\System32\WS2_32.dll
0x00007ffe05500000 - 0x00007ffe0550a000 	C:\WINDOWS\SYSTEM32\VERSION.dll
0x00007ffe08850000 - 0x00007ffe0887b000 	C:\WINDOWS\SYSTEM32\WINMMBASE.dll
0x00007ffe0b590000 - 0x00007ffe0b5d2000 	C:\WINDOWS\System32\cfgmgr32.dll
0x00000000765f0000 - 0x00000000765ff000 	C:\Program Files\Java\jre1.8.0_101\bin\verify.dll
0x00000000765c0000 - 0x00000000765e9000 	C:\Program Files\Java\jre1.8.0_101\bin\java.dll
0x00000000765a0000 - 0x00000000765b6000 	C:\Program Files\Java\jre1.8.0_101\bin\zip.dll
0x00007ffe0c430000 - 0x00007ffe0d938000 	C:\WINDOWS\System32\SHELL32.dll
0x00007ffe0a910000 - 0x00007ffe0afea000 	C:\WINDOWS\System32\windows.storage.dll
0x00007ffe0a650000 - 0x00007ffe0a69c000 	C:\WINDOWS\System32\powrprof.dll
0x00007ffe0e0e0000 - 0x00007ffe0e132000 	C:\WINDOWS\System32\shlwapi.dll
0x00007ffe0a6c0000 - 0x00007ffe0a6cf000 	C:\WINDOWS\System32\kernel.appcore.dll
0x00007ffe0a740000 - 0x00007ffe0a7e9000 	C:\WINDOWS\System32\shcore.dll
0x00007ffe0a6a0000 - 0x00007ffe0a6b4000 	C:\WINDOWS\System32\profapi.dll
0x00007ffde3d90000 - 0x00007ffde4765000 	C:\Program Files\Java\jre1.8.0_101\bin\opencv_java2413.dll
0x00007ffe0da60000 - 0x00007ffe0db97000 	C:\WINDOWS\System32\ole32.dll
0x00007ffe05860000 - 0x00007ffe05880000 	C:\WINDOWS\SYSTEM32\AVIFIL32.dll
0x00007ffe02c40000 - 0x00007ffe02c69000 	C:\WINDOWS\SYSTEM32\MSVFW32.dll
0x00007ffe047c0000 - 0x00007ffe047d8000 	C:\WINDOWS\SYSTEM32\AVICAP32.dll
0x00007ffe0b880000 - 0x00007ffe0b93f000 	C:\WINDOWS\System32\OLEAUT32.dll
0x00007ffe0aff0000 - 0x00007ffe0b08c000 	C:\WINDOWS\System32\msvcp_win.dll
0x00007ffe03670000 - 0x00007ffe0368c000 	C:\WINDOWS\SYSTEM32\MSACM32.dll
0x00007ffe08dd0000 - 0x00007ffe08e65000 	C:\WINDOWS\system32\uxtheme.dll
0x00007ffdff740000 - 0x00007ffdff7d8000 	C:\Program Files\Common Files\microsoft shared\ink\tiptsf.dll
0x00007ffe0d950000 - 0x00007ffe0d9ef000 	C:\WINDOWS\System32\clbcatq.dll
0x00007ffe03920000 - 0x00007ffe03938000 	C:\Windows\System32\devenum.dll
0x00007ffe0dba0000 - 0x00007ffe0dfc9000 	C:\WINDOWS\System32\setupapi.dll
0x00007ffe099f0000 - 0x00007ffe09a22000 	C:\WINDOWS\SYSTEM32\ntmarta.dll
0x00007ffe09280000 - 0x00007ffe092a8000 	C:\WINDOWS\SYSTEM32\DEVOBJ.dll
0x00007ffe0b090000 - 0x00007ffe0b0e5000 	C:\WINDOWS\System32\WINTRUST.dll
0x00007ffe0a640000 - 0x00007ffe0a650000 	C:\WINDOWS\System32\MSASN1.dll
0x00007ffe0b1a0000 - 0x00007ffe0b368000 	C:\WINDOWS\System32\CRYPT32.dll
0x00007ffe03bc0000 - 0x00007ffe03bca000 	C:\WINDOWS\SYSTEM32\msdmo.dll
0x00007ffe01410000 - 0x00007ffe01443000 	C:\Windows\System32\qcap.dll
0x00007ffdeccd0000 - 0x00007ffdece93000 	C:\Windows\System32\quartz.dll
0x00007ffe0a590000 - 0x00007ffe0a5bb000 	C:\Windows\System32\bcrypt.dll
0x00007ffe0c2d0000 - 0x00007ffe0c42b000 	C:\WINDOWS\System32\MSCTF.dll
0x00007ffe07c60000 - 0x00007ffe07c86000 	C:\WINDOWS\system32\dwmapi.dll
0x00007ffe013c0000 - 0x00007ffe01408000 	C:\Windows\System32\mfksproxy.dll
0x00007ffdfb4e0000 - 0x00007ffdfb4fc000 	C:\Windows\System32\ATL.DLL
0x00007ffe00ec0000 - 0x00007ffe01028000 	C:\Windows\System32\MFPlat.DLL
0x00007ffe02100000 - 0x00007ffe0212e000 	C:\Windows\System32\RTWorkQ.DLL
0x00007ffde5040000 - 0x00007ffde542b000 	C:\Windows\System32\MFCORE.dll
0x00007ffe071e0000 - 0x00007ffe071e9000 	C:\Windows\System32\ksuser.dll
0x00007ffe0a0d0000 - 0x00007ffe0a0db000 	C:\Windows\System32\CRYPTBASE.DLL
0x00007ffe01360000 - 0x00007ffe013b3000 	C:\Windows\System32\FSClient.dll
0x00007ffdff2e0000 - 0x00007ffdff32d000 	C:\Windows\System32\MFSENSORGROUP.dll
0x00007ffe06f70000 - 0x00007ffe06f7b000 	C:\Windows\System32\AVRT.dll
0x00007ffe03400000 - 0x00007ffe0340d000 	C:\Windows\System32\vidcap.ax
0x00007ffe00d30000 - 0x00007ffe00d55000 	C:\Windows\System32\kswdmcap.ax
0x00007ffde8c90000 - 0x00007ffde8df3000 	C:\Windows\System32\MFC42.dll
0x00007ffde9bd0000 - 0x00007ffde9c7f000 	C:\Windows\System32\ODBC32.dll
0x00007ffe09f30000 - 0x00007ffe09f3a000 	C:\Windows\System32\DPAPI.dll
0x00007ffe08800000 - 0x00007ffe08843000 	C:\WINDOWS\SYSTEM32\policymanager.dll
0x00007ffe09150000 - 0x00007ffe091e1000 	C:\Windows\System32\msvcp110_win.dll
0x00007ffde8bb0000 - 0x00007ffde8c84000 	C:\Windows\System32\MFReadWrite.dll
0x00007ffde87e0000 - 0x00007ffde8883000 	C:\Windows\System32\qedit.dll
0x00007ffe0c1b0000 - 0x00007ffe0c2aa000 	C:\WINDOWS\System32\COMDLG32.dll
0x00007ffe01b80000 - 0x00007ffe01d19000 	C:\WINDOWS\WinSxS\amd64_microsoft.windows.gdiplus_6595b64144ccf1df_1.1.14393.187_none_730402f52114ff50\gdiplus.dll
0x00007ffde4f40000 - 0x00007ffde5037000 	C:\Windows\System32\DDRAW.dll
0x00007ffdff2d0000 - 0x00007ffdff2d8000 	C:\Windows\System32\DCIMAN32.dll
0x00007ffe06550000 - 0x00007ffe065c1000 	C:\WINDOWS\SYSTEM32\MMDevAPI.DLL
0x00007ffe07610000 - 0x00007ffe07795000 	C:\WINDOWS\SYSTEM32\PROPSYS.dll
0x00007ffe03a20000 - 0x00007ffe03a5f000 	C:\WINDOWS\SYSTEM32\wdmaud.drv
0x00007ffe01d20000 - 0x00007ffe01db4000 	C:\WINDOWS\SYSTEM32\AUDIOSES.DLL
0x00007ffe07c90000 - 0x00007ffe07dc6000 	C:\WINDOWS\SYSTEM32\wintypes.dll
0x00007ffe066c0000 - 0x00007ffe066cd000 	C:\WINDOWS\SYSTEM32\msacm32.drv
0x00007ffe04630000 - 0x00007ffe0463a000 	C:\WINDOWS\SYSTEM32\midimap.dll
0x00007ffdf7490000 - 0x00007ffdf74a5000 	C:\WINDOWS\SYSTEM32\vfwwdm32.dll
0x00007ffdff2c0000 - 0x00007ffdff2cc000 	C:\WINDOWS\SYSTEM32\msyuv.dll
0x0000000075520000 - 0x00000000756b8000 	C:\Program Files\Java\jre1.8.0_101\bin\awt.dll
0x00007ffe08b90000 - 0x00007ffe08c0a000 	C:\WINDOWS\SYSTEM32\apphelp.dll
0x0000000076670000 - 0x00000000766b7000 	C:\Program Files\Java\jre1.8.0_101\bin\fontmanager.dll
0x00007ffdfae50000 - 0x00007ffdfaffb000 	C:\Windows\System32\uiautomationcore.dll
0x00007ffe09f90000 - 0x00007ffe09faf000 	C:\Windows\System32\USERENV.dll
0x00007ffe0a480000 - 0x00007ffe0a518000 	C:\WINDOWS\SYSTEM32\sxs.dll
0x00007ffe002d0000 - 0x00007ffe00335000 	C:\Windows\System32\OLEACC.dll
0x00007ffe00c00000 - 0x00007ffe00c7d000 	C:\WINDOWS\SYSTEM32\twinapi.dll
0x00007ffe08fd0000 - 0x00007ffe090ec000 	C:\WINDOWS\SYSTEM32\twinapi.appcore.dll
0x00007ffe0a0b0000 - 0x00007ffe0a0c7000 	C:\WINDOWS\SYSTEM32\CRYPTSP.dll
0x00007ffe09ef0000 - 0x00007ffe09f23000 	C:\WINDOWS\system32\rsaenh.dll
0x0000000076580000 - 0x000000007659a000 	C:\Program Files\Java\jre1.8.0_101\bin\net.dll
0x00007ffe09cb0000 - 0x00007ffe09d0c000 	C:\WINDOWS\system32\mswsock.dll
0x00007ffe09a60000 - 0x00007ffe09a98000 	C:\WINDOWS\SYSTEM32\IPHLPAPI.DLL
0x00007ffe0e1d0000 - 0x00007ffe0e1d8000 	C:\WINDOWS\System32\NSI.dll
0x00007ffe06360000 - 0x00007ffe06376000 	C:\WINDOWS\SYSTEM32\dhcpcsvc6.DLL
0x00007ffe06340000 - 0x00007ffe0635a000 	C:\WINDOWS\SYSTEM32\dhcpcsvc.DLL
0x0000000076560000 - 0x0000000076571000 	C:\Program Files\Java\jre1.8.0_101\bin\nio.dll
0x0000000076630000 - 0x0000000076661000 	C:\Program Files\Java\jre1.8.0_101\bin\jpeg.dll
0x00000000764e0000 - 0x0000000076522000 	C:\Program Files\Java\jre1.8.0_101\bin\t2k.dll
0x00007ffdfa150000 - 0x00007ffdfa2e2000 	C:\WINDOWS\SYSTEM32\dbghelp.dll

VM Arguments:
jvm_args: -Dfile.encoding=Cp1252 
java_command: Test
java_class_path (initial): C:\Users\Ryan McGee\workspace\OpenCV_Test\bin;C:\OpenCV\opencv\build\java\opencv-2413.jar
Launcher Type: SUN_STANDARD

Environment Variables:
PATH=C:/Program Files/Java/jre1.8.0_101/bin/server;C:/Program Files/Java/jre1.8.0_101/bin;C:/Program Files/Java/jre1.8.0_101/lib/amd64;C:\ProgramData\Oracle\Java\javapath;C:\WINDOWS\system32;C:\WINDOWS;C:\WINDOWS\System32\Wbem;C:\WINDOWS\System32\WindowsPowerShell\v1.0\;C:\OpenCV\opencv\build\x64\vc12\bin;C:\Users\Ryan McGee\AppData\Local\Microsoft\WindowsApps;;C:\Users\Ryan McGee\Desktop\backup\eclipse-java-mars-2-win32-x86_64\eclipse;
USERNAME=Ryan McGee
OS=Windows_NT
PROCESSOR_IDENTIFIER=AMD64 Family 21 Model 96 Stepping 1, AuthenticAMD



---------------  S Y S T E M  ---------------

OS: Windows 10.0 , 64 bit Build 14393 (10.0.14393.0)

CPU:total 4 (4 cores per cpu, 1 threads per core) family 21 model 96 stepping 1, cmov, cx8, fxsr, mmx, sse, sse2, sse3, ssse3, sse4.1, sse4.2, popcnt, avx, avx2, aes, clmul, mmxext, 3dnowpref, lzcnt, sse4a, tsc, tscinvbit, tscinv, bmi1

Memory: 4k page, physical 12005976k(9157504k free), swap 13840984k(9579924k free)

vm_info: Java HotSpot(TM) 64-Bit Server VM (25.101-b13) for windows-amd64 JRE (1.8.0_101-b13), built on Jun 22 2016 01:21:29 by "java_re" with MS VC++ 10.0 (VS2010)

time: Sat Sep 24 17:05:31 2016
elapsed time: 5 seconds (0d 0h 0m 5s)

