#
# A fatal error has been detected by the Java Runtime Environment:
#
#  Internal Error (0xc000000d), pid=7836, tid=0x0000000000001750
#
# JRE version: Java(TM) SE Runtime Environment (8.0_101-b13) (build 1.8.0_101-b13)
# Java VM: Java HotSpot(TM) 64-Bit Server VM (25.101-b13 mixed mode windows-amd64 compressed oops)
# Problematic frame:
# C  [ntdll.dll+0xfe5bc]
#
# Failed to write core dump. Minidumps are not enabled by default on client versions of Windows
#
# If you would like to submit a bug report, please visit:
#   http://bugreport.java.com/bugreport/crash.jsp
#

---------------  T H R E A D  ---------------

Current thread (0x0000000019e97000):  VMThread [stack: 0x000000001af20000,0x000000001b020000] [id=5968]

siginfo: ExceptionCode=0xc000000d

Registers:
RAX=0x0000000000000000, RBX=0x000000000137ea50, RCX=0x0000000000000000, RDX=0x0000000000000000
RSP=0x000000001b01eac0, RBP=0x0000000000000000, RSI=0x000000000191eb10, RDI=0x000000001c4fc380
R8 =0x0000000000000000, R9 =0x0000000000000000, R10=0x0000000000000000, R11=0x0000000000000000
R12=0x0000000000000000, R13=0x00000000ffffffff, R14=0x000000001c4e24f0, R15=0x000000000191eb10
RIP=0x00007ffe0e2de5bc, EFLAGS=0x0000000000000202

Top of Stack: (sp=0x000000001b01eac0)
0x000000001b01eac0:   0000000000000057 000000000137ea50
0x000000001b01ead0:   000000000191eb10 000000001c4fc380
0x000000001b01eae0:   00000000c000000d 0000000000000000
0x000000001b01eaf0:   00007ffe0e2de5bc 0000000000000000
0x000000001b01eb00:   0000000000000000 0000000000000000
0x000000001b01eb10:   0000000000000000 0000000000000000
0x000000001b01eb20:   0000000000000000 0000000000000000
0x000000001b01eb30:   0000000000000000 0000000000000000
0x000000001b01eb40:   0000000000000000 0000000000000000
0x000000001b01eb50:   0000000000000000 0000000000000000
0x000000001b01eb60:   0000000000000000 0000000000000000
0x000000001b01eb70:   0000000000000000 00007ffe0e1f567b
0x000000001b01eb80:   0000a68cce450afd 0000000000000000
0x000000001b01eb90:   000000000000037f 00007ffe0e2a09fb
0x000000001b01eba0:   0000000000000000 00007ffde8bce8db
0x000000001b01ebb0:   00000000013c2cd0 00000000013c0cc0 

Instructions: (pc=0x00007ffe0e2de5bc)
0x00007ffe0e2de59c:   d1 fa ff c7 44 24 20 0d 00 00 c0 b9 57 00 00 00
0x00007ffe0e2de5ac:   e8 cf 0f f6 ff 90 48 8d 4c 24 20 e8 54 bb f4 ff
0x00007ffe0e2de5bc:   eb 00 48 8b 8c 24 c0 00 00 00 48 33 cc e8 82 70
0x00007ffe0e2de5cc:   f9 ff 48 81 c4 d8 00 00 00 c3 40 55 48 83 ec 20 


Register to memory mapping:

RAX=0x0000000000000000 is an unknown value
RBX=0x000000000137ea50 is an unknown value
RCX=0x0000000000000000 is an unknown value
RDX=0x0000000000000000 is an unknown value
RSP=0x000000001b01eac0 is an unknown value
RBP=0x0000000000000000 is an unknown value
RSI=0x000000000191eb10 is an unknown value
RDI=0x000000001c4fc380 is an unknown value
R8 =0x0000000000000000 is an unknown value
R9 =0x0000000000000000 is an unknown value
R10=0x0000000000000000 is an unknown value
R11=0x0000000000000000 is an unknown value
R12=0x0000000000000000 is an unknown value
R13=0x00000000ffffffff is an unknown value
R14=0x000000001c4e24f0 is an unknown value
R15=0x000000000191eb10 is an unknown value


Stack: [0x000000001af20000,0x000000001b020000],  sp=0x000000001b01eac0,  free space=1018k
Native frames: (J=compiled Java code, j=interpreted, Vv=VM code, C=native code)

VM_Operation (0x0000000021becc00): Exit, mode: safepoint, requested by thread 0x000000002133a800


---------------  P R O C E S S  ---------------

Java Threads: ( => current thread )
  0x000000002133a800 JavaThread "AWT-EventQueue-0" [_thread_blocked, id=4944, stack(0x0000000021af0000,0x0000000021bf0000)]
  0x000000001bb92000 JavaThread "AWT-Shutdown" [_thread_blocked, id=7156, stack(0x0000000020600000,0x0000000020700000)]
  0x000000001bb90000 JavaThread "Java2D Disposer" daemon [_thread_blocked, id=5344, stack(0x0000000020500000,0x0000000020600000)]
  0x000000001b835000 JavaThread "Service Thread" daemon [_thread_blocked, id=1364, stack(0x000000001bc10000,0x000000001bd10000)]
  0x0000000019ed8000 JavaThread "C1 CompilerThread2" daemon [_thread_blocked, id=3540, stack(0x000000001b710000,0x000000001b810000)]
  0x0000000019ed2000 JavaThread "C2 CompilerThread1" daemon [_thread_blocked, id=10128, stack(0x000000001b610000,0x000000001b710000)]
  0x0000000019ecd800 JavaThread "C2 CompilerThread0" daemon [_thread_blocked, id=8884, stack(0x000000001b510000,0x000000001b610000)]
  0x0000000019ecc800 JavaThread "Attach Listener" daemon [_thread_blocked, id=3648, stack(0x000000001b410000,0x000000001b510000)]
  0x000000000326e000 JavaThread "Finalizer" daemon [_thread_blocked, id=3968, stack(0x000000001b120000,0x000000001b220000)]
  0x0000000003263000 JavaThread "Reference Handler" daemon [_thread_blocked, id=7516, stack(0x000000001b020000,0x000000001b120000)]
  0x0000000003170800 JavaThread "main" [_thread_blocked, id=1432, stack(0x0000000003040000,0x0000000003140000)]

Other Threads:
=>0x0000000019e97000 VMThread [stack: 0x000000001af20000,0x000000001b020000] [id=5968]

VM state:at safepoint (shutting down)

VM Mutex/Monitor currently owned by a thread:  ([mutex/lock_event])
[0x000000000316b140] Threads_lock - owner thread: 0x0000000019e97000

Heap:
 PSYoungGen      total 54784K, used 22950K [0x0000000782f00000, 0x0000000786c00000, 0x00000007c0000000)
  eden space 47104K, 48% used [0x0000000782f00000,0x00000007845698a0,0x0000000785d00000)
  from space 7680K, 0% used [0x0000000786480000,0x0000000786480000,0x0000000786c00000)
  to   space 7680K, 0% used [0x0000000785d00000,0x0000000785d00000,0x0000000786480000)
 ParOldGen       total 125952K, used 0K [0x0000000708c00000, 0x0000000710700000, 0x0000000782f00000)
  object space 125952K, 0% used [0x0000000708c00000,0x0000000708c00000,0x0000000710700000)
 Metaspace       used 9733K, capacity 9972K, committed 10240K, reserved 1058816K
  class space    used 1162K, capacity 1259K, committed 1280K, reserved 1048576K

Card table byte_map: [0x0000000012630000,0x0000000012bf0000] byte_map_base: 0x000000000edea000

Marking Bits: (ParMarkBitMap*) 0x0000000075eda6d0
 Begin Bits: [0x00000000133d0000, 0x00000000161a0000)
 End Bits:   [0x00000000161a0000, 0x0000000018f70000)

Polling page: 0x0000000001820000

CodeCache: size=245760Kb used=2171Kb max_used=2171Kb free=243588Kb
 bounds [0x0000000003270000, 0x00000000034e0000, 0x0000000012270000]
 total_blobs=1130 nmethods=479 adapters=565
 compilation: enabled

Compilation events (10 events):
Event: 6.511 Thread 0x0000000019ed8000  474       1       java.awt.image.DataBuffer::getOffset (5 bytes)
Event: 6.511 Thread 0x0000000019ed8000 nmethod 474 0x000000000348e150 code [0x000000000348e2a0, 0x000000000348e3b0]
Event: 6.556 Thread 0x0000000019ed8000  475       3       java.awt.Component::getParent (5 bytes)
Event: 6.557 Thread 0x0000000019ed8000 nmethod 475 0x000000000348e410 code [0x000000000348e560, 0x000000000348e750]
Event: 6.839 Thread 0x0000000019ed8000  477       3       java.lang.ref.WeakReference::<init> (7 bytes)
Event: 6.840 Thread 0x0000000019ed8000 nmethod 477 0x000000000348eb90 code [0x000000000348ed00, 0x000000000348efb0]
Event: 6.967 Thread 0x0000000019ed8000  478       1       java.util.concurrent.locks.AbstractOwnableSynchronizer::getExclusiveOwnerThread (5 bytes)
Event: 6.967 Thread 0x0000000019ed8000 nmethod 478 0x000000000348f090 code [0x000000000348f1e0, 0x000000000348f2f0]
Event: 6.967 Thread 0x0000000019ed8000  479       3       java.awt.Component::isValid (20 bytes)
Event: 6.968 Thread 0x0000000019ed8000 nmethod 479 0x000000000348f350 code [0x000000000348f4a0, 0x000000000348f690]

GC Heap History (0 events):
No events

Deoptimization events (0 events):
No events

Internal exceptions (10 events):
Event: 0.078 Thread 0x0000000003170800 Exception <a 'java/lang/NoSuchMethodError': Method sun.misc.Unsafe.defineClass(Ljava/lang/String;[BII)Ljava/lang/Class; name or signature does not match> (0x0000000782f07cc0) thrown at [C:\re\workspace\8-2-build-windows-amd64-cygwin\jdk8u101\7261\hotspot\sO~L¡´?
Event: 0.078 Thread 0x0000000003170800 Exception <a 'java/lang/NoSuchMethodError': Method sun.misc.Unsafe.prefetchRead(Ljava/lang/Object;J)V name or signature does not match> (0x0000000782f07fa8) thrown at [C:\re\workspace\8-2-build-windows-amd64-cygwin\jdk8u101\7261\hotspot\src\share\vm\prims\´FvÌe_ì?
Event: 0.887 Thread 0x0000000003170800 Exception <a 'java/security/PrivilegedActionException'> (0x0000000782fdbca8) thrown at [C:\re\workspace\8-2-build-windows-amd64-cygwin\jdk8u101\7261\hotspot\src\share\vm\prims\jvm.cpp, line 1386]
Event: 0.887 Thread 0x0000000003170800 Exception <a 'java/security/PrivilegedActionException'> (0x0000000782fdbeb8) thrown at [C:\re\workspace\8-2-build-windows-amd64-cygwin\jdk8u101\7261\hotspot\src\share\vm\prims\jvm.cpp, line 1386]
Event: 0.888 Thread 0x0000000003170800 Exception <a 'java/security/PrivilegedActionException'> (0x0000000782fdfb00) thrown at [C:\re\workspace\8-2-build-windows-amd64-cygwin\jdk8u101\7261\hotspot\src\share\vm\prims\jvm.cpp, line 1386]
Event: 0.888 Thread 0x0000000003170800 Exception <a 'java/security/PrivilegedActionException'> (0x0000000782fdfd10) thrown at [C:\re\workspace\8-2-build-windows-amd64-cygwin\jdk8u101\7261\hotspot\src\share\vm\prims\jvm.cpp, line 1386]
Event: 0.898 Thread 0x0000000003170800 Exception <a 'java/io/FileNotFoundException'> (0x0000000782fe2130) thrown at [C:\re\workspace\8-2-build-windows-amd64-cygwin\jdk8u101\7261\hotspot\src\share\vm\prims\jni.cpp, line 709]
Event: 0.990 Thread 0x0000000003170800 Exception <a 'java/lang/NoSuchFieldError': method resolution failed> (0x000000078319ada8) thrown at [C:\re\workspace\8-2-build-windows-amd64-cygwin\jdk8u101\7261\hotspot\src\share\vm\prims\methodHandles.cpp, line 1146]
Event: 0.996 Thread 0x0000000003170800 Exception <a 'java/lang/NoSuchFieldError': method resolution failed> (0x00000007831a8178) thrown at [C:\re\workspace\8-2-build-windows-amd64-cygwin\jdk8u101\7261\hotspot\src\share\vm\prims\methodHandles.cpp, line 1146]
Event: 1.099 Thread 0x0000000003170800 Exception <a 'java/io/FileNotFoundException'> (0x000000078323bd58) thrown at [C:\re\workspace\8-2-build-windows-amd64-cygwin\jdk8u101\7261\hotspot\src\share\vm\prims\jni.cpp, line 709]

Events (10 events):
Event: 6.877 loading class java/util/WeakHashMap$HashIterator
Event: 6.878 loading class java/util/WeakHashMap$HashIterator done
Event: 6.878 loading class java/util/WeakHashMap$KeyIterator done
Event: 6.878 loading class sun/java2d/pipe/hw/AccelDeviceEventNotifier
Event: 6.878 loading class sun/java2d/pipe/hw/AccelDeviceEventNotifier done
Event: 6.878 Thread 0x0000000021398000 Thread exited: 0x0000000021398000
Event: 6.919 Thread 0x000000001bbac800 Thread exited: 0x000000001bbac800
Event: 6.978 Thread 0x0000000021397000 Thread exited: 0x0000000021397000
Event: 6.979 Thread 0x0000000019ecb000 Thread exited: 0x0000000019ecb000
Event: 6.979 Executing VM operation: Exit


Dynamic libraries:
0x00007ff6a25a0000 - 0x00007ff6a25d7000 	C:\Program Files\Java\jre1.8.0_101\bin\javaw.exe
0x00007ffe0e1e0000 - 0x00007ffe0e3b1000 	C:\WINDOWS\SYSTEM32\ntdll.dll
0x00007ffe0e030000 - 0x00007ffe0e0db000 	C:\WINDOWS\System32\KERNEL32.DLL
0x00007ffe0b370000 - 0x00007ffe0b58d000 	C:\WINDOWS\System32\KERNELBASE.dll
0x00007ffe0b7d0000 - 0x00007ffe0b872000 	C:\WINDOWS\System32\ADVAPI32.dll
0x00007ffe0bc10000 - 0x00007ffe0bcae000 	C:\WINDOWS\System32\msvcrt.dll
0x00007ffe0e170000 - 0x00007ffe0e1c9000 	C:\WINDOWS\System32\sechost.dll
0x00007ffe0bd20000 - 0x00007ffe0be41000 	C:\WINDOWS\System32\RPCRT4.dll
0x00007ffe0c030000 - 0x00007ffe0c195000 	C:\WINDOWS\System32\USER32.dll
0x00007ffe0a8f0000 - 0x00007ffe0a90e000 	C:\WINDOWS\System32\win32u.dll
0x00007ffe0bff0000 - 0x00007ffe0c024000 	C:\WINDOWS\System32\GDI32.dll
0x00007ffe0b5e0000 - 0x00007ffe0b762000 	C:\WINDOWS\System32\gdi32full.dll
0x00007ffe01dc0000 - 0x00007ffe02039000 	C:\WINDOWS\WinSxS\amd64_microsoft.windows.common-controls_6595b64144ccf1df_6.0.14393.0_none_2d0f50fcbdb171b8\COMCTL32.dll
0x00007ffe0b940000 - 0x00007ffe0bc07000 	C:\WINDOWS\System32\combase.dll
0x00007ffe0a7f0000 - 0x00007ffe0a8e5000 	C:\WINDOWS\System32\ucrtbase.dll
0x00007ffe0a6d0000 - 0x00007ffe0a73a000 	C:\WINDOWS\System32\bcryptPrimitives.dll
0x00007ffe0e140000 - 0x00007ffe0e16e000 	C:\WINDOWS\System32\IMM32.DLL
0x00000000766c0000 - 0x0000000076792000 	C:\Program Files\Java\jre1.8.0_101\bin\msvcr100.dll
0x00000000756c0000 - 0x0000000075f5a000 	C:\Program Files\Java\jre1.8.0_101\bin\server\jvm.dll
0x00007ffe0c1a0000 - 0x00007ffe0c1a8000 	C:\WINDOWS\System32\PSAPI.DLL
0x00007ffe088b0000 - 0x00007ffe088d3000 	C:\WINDOWS\SYSTEM32\WINMM.dll
0x00007ffe05500000 - 0x00007ffe0550a000 	C:\WINDOWS\SYSTEM32\VERSION.dll
0x00007ffe08850000 - 0x00007ffe0887b000 	C:\WINDOWS\SYSTEM32\WINMMBASE.dll
0x00007ffe0b590000 - 0x00007ffe0b5d2000 	C:\WINDOWS\System32\cfgmgr32.dll
0x00007ffdfd520000 - 0x00007ffdfd529000 	C:\WINDOWS\SYSTEM32\WSOCK32.dll
0x00007ffe0bcb0000 - 0x00007ffe0bd1a000 	C:\WINDOWS\System32\WS2_32.dll
0x00000000765f0000 - 0x00000000765ff000 	C:\Program Files\Java\jre1.8.0_101\bin\verify.dll
0x00000000765c0000 - 0x00000000765e9000 	C:\Program Files\Java\jre1.8.0_101\bin\java.dll
0x00000000765a0000 - 0x00000000765b6000 	C:\Program Files\Java\jre1.8.0_101\bin\zip.dll
0x00007ffe0c430000 - 0x00007ffe0d938000 	C:\WINDOWS\System32\SHELL32.dll
0x00007ffe0a910000 - 0x00007ffe0afea000 	C:\WINDOWS\System32\windows.storage.dll
0x00007ffe0a650000 - 0x00007ffe0a69c000 	C:\WINDOWS\System32\powrprof.dll
0x00007ffe0e0e0000 - 0x00007ffe0e132000 	C:\WINDOWS\System32\shlwapi.dll
0x00007ffe0a6c0000 - 0x00007ffe0a6cf000 	C:\WINDOWS\System32\kernel.appcore.dll
0x00007ffe0a740000 - 0x00007ffe0a7e9000 	C:\WINDOWS\System32\shcore.dll
0x00007ffe0a6a0000 - 0x00007ffe0a6b4000 	C:\WINDOWS\System32\profapi.dll
0x00007ffde3d90000 - 0x00007ffde4765000 	C:\Program Files\Java\jre1.8.0_101\bin\opencv_java2413.dll
0x00007ffe0da60000 - 0x00007ffe0db97000 	C:\WINDOWS\System32\ole32.dll
0x00007ffe083a0000 - 0x00007ffe083b8000 	C:\WINDOWS\SYSTEM32\AVICAP32.dll
0x00007ffe0b880000 - 0x00007ffe0b93f000 	C:\WINDOWS\System32\OLEAUT32.dll
0x00007ffe031b0000 - 0x00007ffe031d9000 	C:\WINDOWS\SYSTEM32\MSVFW32.dll
0x00007ffe04840000 - 0x00007ffe04860000 	C:\WINDOWS\SYSTEM32\AVIFIL32.dll
0x00007ffe0aff0000 - 0x00007ffe0b08c000 	C:\WINDOWS\System32\msvcp_win.dll
0x00007ffe03670000 - 0x00007ffe0368c000 	C:\WINDOWS\SYSTEM32\MSACM32.dll
0x00007ffe08dd0000 - 0x00007ffe08e65000 	C:\WINDOWS\system32\uxtheme.dll
0x00007ffdff740000 - 0x00007ffdff7d8000 	C:\Program Files\Common Files\microsoft shared\ink\tiptsf.dll
0x00007ffe0d950000 - 0x00007ffe0d9ef000 	C:\WINDOWS\System32\clbcatq.dll
0x00007ffe047c0000 - 0x00007ffe047d8000 	C:\Windows\System32\devenum.dll
0x00007ffe0dba0000 - 0x00007ffe0dfc9000 	C:\WINDOWS\System32\setupapi.dll
0x00007ffe099f0000 - 0x00007ffe09a22000 	C:\WINDOWS\SYSTEM32\ntmarta.dll
0x00007ffe09280000 - 0x00007ffe092a8000 	C:\WINDOWS\SYSTEM32\DEVOBJ.dll
0x00007ffe0b090000 - 0x00007ffe0b0e5000 	C:\WINDOWS\System32\WINTRUST.dll
0x00007ffe0a640000 - 0x00007ffe0a650000 	C:\WINDOWS\System32\MSASN1.dll
0x00007ffe0b1a0000 - 0x00007ffe0b368000 	C:\WINDOWS\System32\CRYPT32.dll
0x00007ffe072b0000 - 0x00007ffe072ba000 	C:\WINDOWS\SYSTEM32\msdmo.dll
0x00007ffe02c30000 - 0x00007ffe02c63000 	C:\Windows\System32\qcap.dll
0x00007ffdeccd0000 - 0x00007ffdece93000 	C:\Windows\System32\quartz.dll
0x00007ffe0a590000 - 0x00007ffe0a5bb000 	C:\Windows\System32\bcrypt.dll
0x00007ffe0c2d0000 - 0x00007ffe0c42b000 	C:\WINDOWS\System32\MSCTF.dll
0x00007ffe07c60000 - 0x00007ffe07c86000 	C:\WINDOWS\system32\dwmapi.dll
0x00007ffe01400000 - 0x00007ffe01448000 	C:\Windows\System32\mfksproxy.dll
0x00007ffdfb4e0000 - 0x00007ffdfb4fc000 	C:\Windows\System32\ATL.DLL
0x00007ffe00ec0000 - 0x00007ffe01028000 	C:\Windows\System32\MFPlat.DLL
0x00007ffe02100000 - 0x00007ffe0212e000 	C:\Windows\System32\RTWorkQ.DLL
0x00007ffde5040000 - 0x00007ffde542b000 	C:\Windows\System32\MFCORE.dll
0x00007ffe071e0000 - 0x00007ffe071e9000 	C:\Windows\System32\ksuser.dll
0x00007ffe0a0d0000 - 0x00007ffe0a0db000 	C:\Windows\System32\CRYPTBASE.DLL
0x00007ffe013a0000 - 0x00007ffe013f3000 	C:\Windows\System32\FSClient.dll
0x00007ffe00d10000 - 0x00007ffe00d5d000 	C:\Windows\System32\MFSENSORGROUP.dll
0x00007ffe06f70000 - 0x00007ffe06f7b000 	C:\Windows\System32\AVRT.dll
0x00007ffe05860000 - 0x00007ffe0586d000 	C:\Windows\System32\vidcap.ax
0x00007ffe01730000 - 0x00007ffe01755000 	C:\Windows\System32\kswdmcap.ax
0x00007ffdea950000 - 0x00007ffdeaab3000 	C:\Windows\System32\MFC42.dll
0x00007ffded180000 - 0x00007ffded22f000 	C:\Windows\System32\ODBC32.dll
0x00007ffe09f30000 - 0x00007ffe09f3a000 	C:\Windows\System32\DPAPI.dll
0x00007ffe08800000 - 0x00007ffe08843000 	C:\WINDOWS\SYSTEM32\policymanager.dll
0x00007ffe09150000 - 0x00007ffe091e1000 	C:\Windows\System32\msvcp110_win.dll
0x00007ffde8bb0000 - 0x00007ffde8c84000 	C:\Windows\System32\MFReadWrite.dll
0x00007ffdea550000 - 0x00007ffdea5f3000 	C:\Windows\System32\qedit.dll
0x00007ffe0c1b0000 - 0x00007ffe0c2aa000 	C:\WINDOWS\System32\COMDLG32.dll
0x00007ffe01b80000 - 0x00007ffe01d19000 	C:\WINDOWS\WinSxS\amd64_microsoft.windows.gdiplus_6595b64144ccf1df_1.1.14393.187_none_730402f52114ff50\gdiplus.dll
0x00007ffdea450000 - 0x00007ffdea547000 	C:\Windows\System32\DDRAW.dll
0x00007ffe03bc0000 - 0x00007ffe03bc8000 	C:\Windows\System32\DCIMAN32.dll
0x00007ffe03ae0000 - 0x00007ffe03aec000 	C:\WINDOWS\SYSTEM32\msyuv.dll
0x0000000075520000 - 0x00000000756b8000 	C:\Program Files\Java\jre1.8.0_101\bin\awt.dll
0x00007ffe08b90000 - 0x00007ffe08c0a000 	C:\WINDOWS\SYSTEM32\apphelp.dll
0x0000000076670000 - 0x00000000766b7000 	C:\Program Files\Java\jre1.8.0_101\bin\fontmanager.dll
0x00007ffdfae50000 - 0x00007ffdfaffb000 	C:\Windows\System32\uiautomationcore.dll
0x00007ffe09f90000 - 0x00007ffe09faf000 	C:\Windows\System32\USERENV.dll
0x00007ffe0a480000 - 0x00007ffe0a518000 	C:\WINDOWS\SYSTEM32\sxs.dll
0x00007ffe002d0000 - 0x00007ffe00335000 	C:\Windows\System32\OLEACC.dll
0x00007ffe00c00000 - 0x00007ffe00c7d000 	C:\WINDOWS\SYSTEM32\twinapi.dll
0x00007ffe08fd0000 - 0x00007ffe090ec000 	C:\WINDOWS\SYSTEM32\twinapi.appcore.dll
0x00007ffe0a0b0000 - 0x00007ffe0a0c7000 	C:\WINDOWS\SYSTEM32\CRYPTSP.dll
0x00007ffe09ef0000 - 0x00007ffe09f23000 	C:\WINDOWS\system32\rsaenh.dll
0x0000000076580000 - 0x000000007659a000 	C:\Program Files\Java\jre1.8.0_101\bin\net.dll
0x00007ffe09cb0000 - 0x00007ffe09d0c000 	C:\WINDOWS\system32\mswsock.dll
0x00007ffe09a60000 - 0x00007ffe09a98000 	C:\WINDOWS\SYSTEM32\IPHLPAPI.DLL
0x00007ffe0e1d0000 - 0x00007ffe0e1d8000 	C:\WINDOWS\System32\NSI.dll
0x00007ffe06360000 - 0x00007ffe06376000 	C:\WINDOWS\SYSTEM32\dhcpcsvc6.DLL
0x00007ffe06340000 - 0x00007ffe0635a000 	C:\WINDOWS\SYSTEM32\dhcpcsvc.DLL
0x0000000076560000 - 0x0000000076571000 	C:\Program Files\Java\jre1.8.0_101\bin\nio.dll
0x0000000076630000 - 0x0000000076661000 	C:\Program Files\Java\jre1.8.0_101\bin\jpeg.dll
0x00007ffdfa150000 - 0x00007ffdfa2e2000 	C:\WINDOWS\SYSTEM32\dbghelp.dll

VM Arguments:
jvm_args: -Dfile.encoding=Cp1252 
java_command: Test
java_class_path (initial): C:\Users\Ryan McGee\workspace\OpenCV_Test\bin;C:\OpenCV\opencv\build\java\opencv-2413.jar
Launcher Type: SUN_STANDARD

Environment Variables:
PATH=C:/Program Files/Java/jre1.8.0_101/bin/server;C:/Program Files/Java/jre1.8.0_101/bin;C:/Program Files/Java/jre1.8.0_101/lib/amd64;C:\ProgramData\Oracle\Java\javapath;C:\WINDOWS\system32;C:\WINDOWS;C:\WINDOWS\System32\Wbem;C:\WINDOWS\System32\WindowsPowerShell\v1.0\;C:\OpenCV\opencv\build\x64\vc12\bin;C:\Users\Ryan McGee\AppData\Local\Microsoft\WindowsApps;;C:\Users\Ryan McGee\Desktop\backup\eclipse-java-mars-2-win32-x86_64\eclipse;
USERNAME=Ryan McGee
OS=Windows_NT
PROCESSOR_IDENTIFIER=AMD64 Family 21 Model 96 Stepping 1, AuthenticAMD



---------------  S Y S T E M  ---------------

OS: Windows 10.0 , 64 bit Build 14393 (10.0.14393.0)

CPU:total 4 (4 cores per cpu, 1 threads per core) family 21 model 96 stepping 1, cmov, cx8, fxsr, mmx, sse, sse2, sse3, ssse3, sse4.1, sse4.2, popcnt, avx, avx2, aes, clmul, mmxext, 3dnowpref, lzcnt, sse4a, tsc, tscinvbit, tscinv, bmi1

Memory: 4k page, physical 12005976k(9271968k free), swap 13840984k(10324156k free)

vm_info: Java HotSpot(TM) 64-Bit Server VM (25.101-b13) for windows-amd64 JRE (1.8.0_101-b13), built on Jun 22 2016 01:21:29 by "java_re" with MS VC++ 10.0 (VS2010)

time: Sat Sep 24 13:51:22 2016
elapsed time: 8 seconds (0d 0h 0m 8s)

