#
# A fatal error has been detected by the Java Runtime Environment:
#
#  Internal Error (0xc000000d), pid=576, tid=0x000000000000196c
#
# JRE version: Java(TM) SE Runtime Environment (8.0_101-b13) (build 1.8.0_101-b13)
# Java VM: Java HotSpot(TM) 64-Bit Server VM (25.101-b13 mixed mode windows-amd64 compressed oops)
# Problematic frame:
# C  [ntdll.dll+0xfe5bc]
#
# Failed to write core dump. Minidumps are not enabled by default on client versions of Windows
#
# If you would like to submit a bug report, please visit:
#   http://bugreport.java.com/bugreport/crash.jsp
#

---------------  T H R E A D  ---------------

Current thread (0x0000000019347000):  VMThread [stack: 0x000000001a3d0000,0x000000001a4d0000] [id=6508]

siginfo: ExceptionCode=0xc000000d

Registers:
RAX=0x0000000000000001, RBX=0x0000000000800120, RCX=0x0000000019348480, RDX=0x0000000000000000
RSP=0x000000001a4cef20, RBP=0x0000000000000000, RSI=0x0000000000e4eb10, RDI=0x000000001b97bf20
R8 =0x0000000000000000, R9 =0x0000000000000000, R10=0x0000000000000000, R11=0x0000000000000000
R12=0x0000000000000000, R13=0x00000000ffffffff, R14=0x000000001b9624f0, R15=0x0000000000e4eb10
RIP=0x00007ffe28bbe5bc, EFLAGS=0x0000000000000206

Top of Stack: (sp=0x000000001a4cef20)
0x000000001a4cef20:   0000000000000057 0000000000800120
0x000000001a4cef30:   0000000000e4eb10 000000001b97bf20
0x000000001a4cef40:   00000000c000000d 0000000000000000
0x000000001a4cef50:   00007ffe28bbe5bc 0000000000000000
0x000000001a4cef60:   0000000000000000 0000000000000000
0x000000001a4cef70:   0000000000000000 0000000000000000
0x000000001a4cef80:   0000000000000000 0000000000000000
0x000000001a4cef90:   0000000000000000 0000000000000000
0x000000001a4cefa0:   0000000000000000 0000000000000000
0x000000001a4cefb0:   0000000000000000 0000000000000000
0x000000001a4cefc0:   0000000000000000 0000000000000000
0x000000001a4cefd0:   0000000000000000 0000000000000018
0x000000001a4cefe0:   0000ce2220a65ee0 0000000000000000
0x000000001a4ceff0:   000000010000000b 00007ffe28b809fb
0x000000001a4cf000:   0000000000000080 00007ffe08b3e8db
0x000000001a4cf010:   000000000000000b 0000000000000000 

Instructions: (pc=0x00007ffe28bbe5bc)
0x00007ffe28bbe59c:   d1 fa ff c7 44 24 20 0d 00 00 c0 b9 57 00 00 00
0x00007ffe28bbe5ac:   e8 cf 0f f6 ff 90 48 8d 4c 24 20 e8 54 bb f4 ff
0x00007ffe28bbe5bc:   eb 00 48 8b 8c 24 c0 00 00 00 48 33 cc e8 82 70
0x00007ffe28bbe5cc:   f9 ff 48 81 c4 d8 00 00 00 c3 40 55 48 83 ec 20 


Register to memory mapping:

RAX=0x0000000000000001 is an unknown value
RBX=0x0000000000800120 is an unknown value
RCX=0x0000000019348480 is an unknown value
RDX=0x0000000000000000 is an unknown value
RSP=0x000000001a4cef20 is an unknown value
RBP=0x0000000000000000 is an unknown value
RSI=0x0000000000e4eb10 is an unknown value
RDI=0x000000001b97bf20 is an unknown value
R8 =0x0000000000000000 is an unknown value
R9 =0x0000000000000000 is an unknown value
R10=0x0000000000000000 is an unknown value
R11=0x0000000000000000 is an unknown value
R12=0x0000000000000000 is an unknown value
R13=0x00000000ffffffff is an unknown value
R14=0x000000001b9624f0 is an unknown value
R15=0x0000000000e4eb10 is an unknown value


Stack: [0x000000001a3d0000,0x000000001a4d0000],  sp=0x000000001a4cef20,  free space=1019k
Native frames: (J=compiled Java code, j=interpreted, Vv=VM code, C=native code)

VM_Operation (0x00000000214bd6d0): Exit, mode: safepoint, requested by thread 0x000000001feea800


---------------  P R O C E S S  ---------------

Java Threads: ( => current thread )
  0x0000000020214800 JavaThread "TimerQueue" daemon [_thread_blocked, id=4928, stack(0x0000000021dc0000,0x0000000021ec0000)]
  0x000000001feea800 JavaThread "AWT-EventQueue-0" [_thread_blocked, id=4000, stack(0x00000000213c0000,0x00000000214c0000)]
  0x000000001b0b6800 JavaThread "AWT-Shutdown" [_thread_blocked, id=7856, stack(0x000000001fcd0000,0x000000001fdd0000)]
  0x000000001b0b5800 JavaThread "Java2D Disposer" daemon [_thread_blocked, id=1392, stack(0x000000001fbd0000,0x000000001fcd0000)]
  0x000000001ace8800 JavaThread "Service Thread" daemon [_thread_blocked, id=4448, stack(0x000000001b0c0000,0x000000001b1c0000)]
  0x000000001938a000 JavaThread "C1 CompilerThread2" daemon [_thread_blocked, id=7180, stack(0x000000001abc0000,0x000000001acc0000)]
  0x0000000019383800 JavaThread "C2 CompilerThread1" daemon [_thread_blocked, id=6080, stack(0x000000001aac0000,0x000000001abc0000)]
  0x000000001937b800 JavaThread "C2 CompilerThread0" daemon [_thread_blocked, id=3740, stack(0x000000001a9c0000,0x000000001aac0000)]
  0x000000001937a000 JavaThread "Attach Listener" daemon [_thread_blocked, id=6636, stack(0x000000001a8c0000,0x000000001a9c0000)]
  0x0000000019369800 JavaThread "Finalizer" daemon [_thread_blocked, id=7740, stack(0x000000001a5d0000,0x000000001a6d0000)]
  0x0000000002710000 JavaThread "Reference Handler" daemon [_thread_blocked, id=3716, stack(0x000000001a4d0000,0x000000001a5d0000)]
  0x0000000002620800 JavaThread "main" [_thread_in_native, id=500, stack(0x0000000002520000,0x0000000002620000)]

Other Threads:
=>0x0000000019347000 VMThread [stack: 0x000000001a3d0000,0x000000001a4d0000] [id=6508]

VM state:at safepoint (shutting down)

VM Mutex/Monitor currently owned by a thread:  ([mutex/lock_event])
[0x000000000251b6c0] Threads_lock - owner thread: 0x0000000019347000

Heap:
 PSYoungGen      total 29184K, used 3098K [0x0000000782f00000, 0x0000000784d00000, 0x00000007c0000000)
  eden space 27648K, 9% used [0x0000000782f00000,0x0000000783193b60,0x0000000784a00000)
  from space 1536K, 29% used [0x0000000784b80000,0x0000000784bf3010,0x0000000784d00000)
  to   space 1536K, 0% used [0x0000000784a00000,0x0000000784a00000,0x0000000784b80000)
 ParOldGen       total 125952K, used 12151K [0x0000000708c00000, 0x0000000710700000, 0x0000000782f00000)
  object space 125952K, 9% used [0x0000000708c00000,0x00000007097ddeb0,0x0000000710700000)
 Metaspace       used 11596K, capacity 11794K, committed 11904K, reserved 1060864K
  class space    used 1290K, capacity 1390K, committed 1408K, reserved 1048576K

Card table byte_map: [0x0000000011ae0000,0x00000000120a0000] byte_map_base: 0x000000000e29a000

Marking Bits: (ParMarkBitMap*) 0x000000006d55a6d0
 Begin Bits: [0x0000000012880000, 0x0000000015650000)
 End Bits:   [0x0000000015650000, 0x0000000018420000)

Polling page: 0x0000000000e00000

CodeCache: size=245760Kb used=7399Kb max_used=7728Kb free=238360Kb
 bounds [0x0000000002720000, 0x0000000002ef0000, 0x0000000011720000]
 total_blobs=2566 nmethods=1978 adapters=501
 compilation: enabled

Compilation events (10 events):
Event: 297.209 Thread 0x000000001938a000 2255   !   3       sun.awt.PostEventQueue::flush (168 bytes)
Event: 297.212 Thread 0x000000001938a000 nmethod 2255 0x00000000029c4490 code [0x00000000029c46e0, 0x00000000029c5828]
Event: 297.556 Thread 0x000000001938a000 2256       3       java.awt.KeyboardFocusManager::redispatchEvent (16 bytes)
Event: 297.557 Thread 0x000000001938a000 nmethod 2256 0x00000000029a6ad0 code [0x00000000029a6c40, 0x00000000029a6f48]
Event: 297.565 Thread 0x000000001938a000 2257       3       java.awt.EventQueue::getNextEventPrivate (76 bytes)
Event: 297.566 Thread 0x000000001938a000 nmethod 2257 0x0000000002962f90 code [0x0000000002963120, 0x0000000002963488]
Event: 297.880 Thread 0x000000001938a000 2258   !   3       javax.swing.RepaintManager::addDirtyRegion0 (205 bytes)
Event: 297.884 Thread 0x000000001938a000 nmethod 2258 0x0000000002df54d0 code [0x0000000002df57a0, 0x0000000002df7368]
Event: 298.042 Thread 0x000000001938a000 2259   !   3       javax.swing.JComponent::putClientProperty (107 bytes)
Event: 298.044 Thread 0x000000001938a000 nmethod 2259 0x00000000029cd750 code [0x00000000029cd940, 0x00000000029ce368]

GC Heap History (10 events):
Event: 277.504 GC heap before
{Heap before GC invocations=42 (full 0):
 PSYoungGen      total 29696K, used 28584K [0x0000000782f00000, 0x0000000784e00000, 0x00000007c0000000)
  eden space 27648K, 99% used [0x0000000782f00000,0x00000007849e10c8,0x0000000784a00000)
  from space 2048K, 51% used [0x0000000784a00000,0x0000000784b09030,0x0000000784c00000)
  to   space 2048K, 0% used [0x0000000784c00000,0x0000000784c00000,0x0000000784e00000)
 ParOldGen       total 125952K, used 12047K [0x0000000708c00000, 0x0000000710700000, 0x0000000782f00000)
  object space 125952K, 9% used [0x0000000708c00000,0x00000007097c3eb0,0x0000000710700000)
 Metaspace       used 11576K, capacity 11794K, committed 11904K, reserved 1060864K
  class space    used 1287K, capacity 1390K, committed 1408K, reserved 1048576K
Event: 277.507 GC heap after
Heap after GC invocations=42 (full 0):
 PSYoungGen      total 29696K, used 1060K [0x0000000782f00000, 0x0000000784e00000, 0x00000007c0000000)
  eden space 27648K, 0% used [0x0000000782f00000,0x0000000782f00000,0x0000000784a00000)
  from space 2048K, 51% used [0x0000000784c00000,0x0000000784d09030,0x0000000784e00000)
  to   space 2048K, 0% used [0x0000000784a00000,0x0000000784a00000,0x0000000784c00000)
 ParOldGen       total 125952K, used 12079K [0x0000000708c00000, 0x0000000710700000, 0x0000000782f00000)
  object space 125952K, 9% used [0x0000000708c00000,0x00000007097cbeb0,0x0000000710700000)
 Metaspace       used 11576K, capacity 11794K, committed 11904K, reserved 1060864K
  class space    used 1287K, capacity 1390K, committed 1408K, reserved 1048576K
}
Event: 283.129 GC heap before
{Heap before GC invocations=43 (full 0):
 PSYoungGen      total 29696K, used 28708K [0x0000000782f00000, 0x0000000784e00000, 0x00000007c0000000)
  eden space 27648K, 100% used [0x0000000782f00000,0x0000000784a00000,0x0000000784a00000)
  from space 2048K, 51% used [0x0000000784c00000,0x0000000784d09030,0x0000000784e00000)
  to   space 2048K, 0% used [0x0000000784a00000,0x0000000784a00000,0x0000000784c00000)
 ParOldGen       total 125952K, used 12079K [0x0000000708c00000, 0x0000000710700000, 0x0000000782f00000)
  object space 125952K, 9% used [0x0000000708c00000,0x00000007097cbeb0,0x0000000710700000)
 Metaspace       used 11576K, capacity 11794K, committed 11904K, reserved 1060864K
  class space    used 1287K, capacity 1390K, committed 1408K, reserved 1048576K
Event: 283.130 GC heap after
Heap after GC invocations=43 (full 0):
 PSYoungGen      total 29696K, used 760K [0x0000000782f00000, 0x0000000784e00000, 0x00000007c0000000)
  eden space 27648K, 0% used [0x0000000782f00000,0x0000000782f00000,0x0000000784a00000)
  from space 2048K, 37% used [0x0000000784a00000,0x0000000784abe020,0x0000000784c00000)
  to   space 2048K, 0% used [0x0000000784c00000,0x0000000784c00000,0x0000000784e00000)
 ParOldGen       total 125952K, used 12103K [0x0000000708c00000, 0x0000000710700000, 0x0000000782f00000)
  object space 125952K, 9% used [0x0000000708c00000,0x00000007097d1eb0,0x0000000710700000)
 Metaspace       used 11576K, capacity 11794K, committed 11904K, reserved 1060864K
  class space    used 1287K, capacity 1390K, committed 1408K, reserved 1048576K
}
Event: 288.438 GC heap before
{Heap before GC invocations=44 (full 0):
 PSYoungGen      total 29696K, used 28231K [0x0000000782f00000, 0x0000000784e00000, 0x00000007c0000000)
  eden space 27648K, 99% used [0x0000000782f00000,0x00000007849d3be8,0x0000000784a00000)
  from space 2048K, 37% used [0x0000000784a00000,0x0000000784abe020,0x0000000784c00000)
  to   space 2048K, 0% used [0x0000000784c00000,0x0000000784c00000,0x0000000784e00000)
 ParOldGen       total 125952K, used 12103K [0x0000000708c00000, 0x0000000710700000, 0x0000000782f00000)
  object space 125952K, 9% used [0x0000000708c00000,0x00000007097d1eb0,0x0000000710700000)
 Metaspace       used 11576K, capacity 11794K, committed 11904K, reserved 1060864K
  class space    used 1287K, capacity 1390K, committed 1408K, reserved 1048576K
Event: 288.441 GC heap after
Heap after GC invocations=44 (full 0):
 PSYoungGen      total 28672K, used 492K [0x0000000782f00000, 0x0000000784d00000, 0x00000007c0000000)
  eden space 27648K, 0% used [0x0000000782f00000,0x0000000782f00000,0x0000000784a00000)
  from space 1024K, 48% used [0x0000000784c00000,0x0000000784c7b010,0x0000000784d00000)
  to   space 1536K, 0% used [0x0000000784a00000,0x0000000784a00000,0x0000000784b80000)
 ParOldGen       total 125952K, used 12111K [0x0000000708c00000, 0x0000000710700000, 0x0000000782f00000)
  object space 125952K, 9% used [0x0000000708c00000,0x00000007097d3eb0,0x0000000710700000)
 Metaspace       used 11576K, capacity 11794K, committed 11904K, reserved 1060864K
  class space    used 1287K, capacity 1390K, committed 1408K, reserved 1048576K
}
Event: 293.603 GC heap before
{Heap before GC invocations=45 (full 0):
 PSYoungGen      total 28672K, used 28060K [0x0000000782f00000, 0x0000000784d00000, 0x00000007c0000000)
  eden space 27648K, 99% used [0x0000000782f00000,0x00000007849ec310,0x0000000784a00000)
  from space 1024K, 48% used [0x0000000784c00000,0x0000000784c7b010,0x0000000784d00000)
  to   space 1536K, 0% used [0x0000000784a00000,0x0000000784a00000,0x0000000784b80000)
 ParOldGen       total 125952K, used 12111K [0x0000000708c00000, 0x0000000710700000, 0x0000000782f00000)
  object space 125952K, 9% used [0x0000000708c00000,0x00000007097d3eb0,0x0000000710700000)
 Metaspace       used 11577K, capacity 11794K, committed 11904K, reserved 1060864K
  class space    used 1287K, capacity 1390K, committed 1408K, reserved 1048576K
Event: 293.605 GC heap after
Heap after GC invocations=45 (full 0):
 PSYoungGen      total 29184K, used 428K [0x0000000782f00000, 0x0000000784d00000, 0x00000007c0000000)
  eden space 27648K, 0% used [0x0000000782f00000,0x0000000782f00000,0x0000000784a00000)
  from space 1536K, 27% used [0x0000000784a00000,0x0000000784a6b010,0x0000000784b80000)
  to   space 1536K, 0% used [0x0000000784b80000,0x0000000784b80000,0x0000000784d00000)
 ParOldGen       total 125952K, used 12127K [0x0000000708c00000, 0x0000000710700000, 0x0000000782f00000)
  object space 125952K, 9% used [0x0000000708c00000,0x00000007097d7eb0,0x0000000710700000)
 Metaspace       used 11577K, capacity 11794K, committed 11904K, reserved 1060864K
  class space    used 1287K, capacity 1390K, committed 1408K, reserved 1048576K
}
Event: 298.262 GC heap before
{Heap before GC invocations=46 (full 0):
 PSYoungGen      total 29184K, used 27844K [0x0000000782f00000, 0x0000000784d00000, 0x00000007c0000000)
  eden space 27648K, 99% used [0x0000000782f00000,0x00000007849c61b8,0x0000000784a00000)
  from space 1536K, 27% used [0x0000000784a00000,0x0000000784a6b010,0x0000000784b80000)
  to   space 1536K, 0% used [0x0000000784b80000,0x0000000784b80000,0x0000000784d00000)
 ParOldGen       total 125952K, used 12127K [0x0000000708c00000, 0x0000000710700000, 0x0000000782f00000)
  object space 125952K, 9% used [0x0000000708c00000,0x00000007097d7eb0,0x0000000710700000)
 Metaspace       used 11585K, capacity 11794K, committed 11904K, reserved 1060864K
  class space    used 1288K, capacity 1390K, committed 1408K, reserved 1048576K
Event: 298.265 GC heap after
Heap after GC invocations=46 (full 0):
 PSYoungGen      total 29184K, used 460K [0x0000000782f00000, 0x0000000784d00000, 0x00000007c0000000)
  eden space 27648K, 0% used [0x0000000782f00000,0x0000000782f00000,0x0000000784a00000)
  from space 1536K, 29% used [0x0000000784b80000,0x0000000784bf3010,0x0000000784d00000)
  to   space 1536K, 0% used [0x0000000784a00000,0x0000000784a00000,0x0000000784b80000)
 ParOldGen       total 125952K, used 12151K [0x0000000708c00000, 0x0000000710700000, 0x0000000782f00000)
  object space 125952K, 9% used [0x0000000708c00000,0x00000007097ddeb0,0x0000000710700000)
 Metaspace       used 11585K, capacity 11794K, committed 11904K, reserved 1060864K
  class space    used 1288K, capacity 1390K, committed 1408K, reserved 1048576K
}

Deoptimization events (10 events):
Event: 295.979 Thread 0x000000001feea800 Uncommon trap: reason=unstable_if action=reinterpret pc=0x0000000002e4f3a0 method=javax.swing.JComponent.putClientProperty(Ljava/lang/Object;Ljava/lang/Object;)V @ 21
Event: 295.980 Thread 0x000000001feea800 Uncommon trap: reason=unstable_if action=reinterpret pc=0x0000000002ec60b4 method=java.awt.Component.dispatchEventImpl(Ljava/awt/AWTEvent;)V @ 759
Event: 295.981 Thread 0x000000001feea800 Uncommon trap: reason=unstable_if action=reinterpret pc=0x0000000002e1cc8c method=java.awt.EventQueue.eventToCacheIndex(Ljava/awt/AWTEvent;)I @ 71
Event: 295.981 Thread 0x000000001feea800 Uncommon trap: reason=class_check action=maybe_recompile pc=0x0000000002939e90 method=java.awt.EventQueue.setCurrentEventAndMostRecentTimeImpl(Ljava/awt/AWTEvent;)V @ 135
Event: 295.981 Thread 0x000000001feea800 Uncommon trap: reason=unstable_if action=reinterpret pc=0x0000000002ecf280 method=java.awt.DefaultKeyboardFocusManager.dispatchEvent(Ljava/awt/AWTEvent;)Z @ 1210
Event: 295.981 Thread 0x000000001feea800 Uncommon trap: reason=unstable_if action=reinterpret pc=0x0000000002906f04 method=java.awt.Window.getInputContext()Ljava/awt/im/InputContext; @ 11
Event: 295.983 Thread 0x000000001feea800 Uncommon trap: reason=unstable_if action=reinterpret pc=0x0000000002d3aa24 method=javax.swing.RepaintManager.addDirtyRegion0(Ljava/awt/Container;IIII)V @ 69
Event: 297.552 Thread 0x000000001feea800 Uncommon trap: reason=unstable_if action=reinterpret pc=0x0000000002d7a260 method=java.awt.EventQueue.eventToCacheIndex(Ljava/awt/AWTEvent;)I @ 71
Event: 297.552 Thread 0x000000001feea800 Uncommon trap: reason=class_check action=maybe_recompile pc=0x0000000002939e90 method=java.awt.EventQueue.setCurrentEventAndMostRecentTimeImpl(Ljava/awt/AWTEvent;)V @ 135
Event: 297.555 Thread 0x000000001feea800 Uncommon trap: reason=unstable_if action=reinterpret pc=0x0000000002d25d18 method=javax.swing.RepaintManager.addDirtyRegion0(Ljava/awt/Container;IIII)V @ 69

Internal exceptions (10 events):
Event: 1.246 Thread 0x0000000002620800 Exception <a 'java/security/PrivilegedActionException'> (0x0000000782fdabb0) thrown at [C:\re\workspace\8-2-build-windows-amd64-cygwin\jdk8u101\7261\hotspot\src\share\vm\prims\jvm.cpp, line 1386]
Event: 1.246 Thread 0x0000000002620800 Exception <a 'java/security/PrivilegedActionException'> (0x0000000782fdadc0) thrown at [C:\re\workspace\8-2-build-windows-amd64-cygwin\jdk8u101\7261\hotspot\src\share\vm\prims\jvm.cpp, line 1386]
Event: 1.248 Thread 0x0000000002620800 Exception <a 'java/security/PrivilegedActionException'> (0x0000000782fdea08) thrown at [C:\re\workspace\8-2-build-windows-amd64-cygwin\jdk8u101\7261\hotspot\src\share\vm\prims\jvm.cpp, line 1386]
Event: 1.248 Thread 0x0000000002620800 Exception <a 'java/security/PrivilegedActionException'> (0x0000000782fdec18) thrown at [C:\re\workspace\8-2-build-windows-amd64-cygwin\jdk8u101\7261\hotspot\src\share\vm\prims\jvm.cpp, line 1386]
Event: 1.259 Thread 0x0000000002620800 Exception <a 'java/io/FileNotFoundException'> (0x0000000782fe1038) thrown at [C:\re\workspace\8-2-build-windows-amd64-cygwin\jdk8u101\7261\hotspot\src\share\vm\prims\jni.cpp, line 709]
Event: 1.363 Thread 0x0000000002620800 Exception <a 'java/lang/NoSuchFieldError': method resolution failed> (0x0000000783199db0) thrown at [C:\re\workspace\8-2-build-windows-amd64-cygwin\jdk8u101\7261\hotspot\src\share\vm\prims\methodHandles.cpp, line 1146]
Event: 1.369 Thread 0x0000000002620800 Exception <a 'java/lang/NoSuchFieldError': method resolution failed> (0x00000007831a7180) thrown at [C:\re\workspace\8-2-build-windows-amd64-cygwin\jdk8u101\7261\hotspot\src\share\vm\prims\methodHandles.cpp, line 1146]
Event: 1.472 Thread 0x0000000002620800 Exception <a 'java/io/FileNotFoundException'> (0x000000078323ad28) thrown at [C:\re\workspace\8-2-build-windows-amd64-cygwin\jdk8u101\7261\hotspot\src\share\vm\prims\jni.cpp, line 709]
Event: 24.331 Thread 0x000000001feea800 Implicit null exception at 0x0000000002bba511 to 0x0000000002bba61a
Event: 24.331 Thread 0x000000001feea800 Implicit null exception at 0x0000000002b70e60 to 0x0000000002b70f7e

Events (10 events):
Event: 298.551 Thread 0x000000001ff43000 Thread exited: 0x000000001ff43000
Event: 298.551 loading class java/util/WeakHashMap$HashIterator done
Event: 298.551 loading class java/util/WeakHashMap$KeyIterator done
Event: 298.551 Thread 0x000000001ffc6800 Thread exited: 0x000000001ffc6800
Event: 298.552 loading class sun/java2d/pipe/hw/AccelDeviceEventNotifier
Event: 298.552 loading class sun/java2d/pipe/hw/AccelDeviceEventNotifier done
Event: 298.621 Thread 0x000000001b0b7000 Thread exited: 0x000000001b0b7000
Event: 298.652 Thread 0x000000001aee5000 Thread exited: 0x000000001aee5000
Event: 298.652 Thread 0x0000000019379000 Thread exited: 0x0000000019379000
Event: 298.652 Executing VM operation: Exit


Dynamic libraries:
0x00007ff7a9280000 - 0x00007ff7a92b7000 	C:\Program Files\Java\jre1.8.0_101\bin\javaw.exe
0x00007ffe28ac0000 - 0x00007ffe28c91000 	C:\WINDOWS\SYSTEM32\ntdll.dll
0x00007ffe28800000 - 0x00007ffe288ab000 	C:\WINDOWS\System32\KERNEL32.DLL
0x00007ffe252f0000 - 0x00007ffe2550d000 	C:\WINDOWS\System32\KERNELBASE.dll
0x00007ffe26620000 - 0x00007ffe266c2000 	C:\WINDOWS\System32\ADVAPI32.dll
0x00007ffe267b0000 - 0x00007ffe2684e000 	C:\WINDOWS\System32\msvcrt.dll
0x00007ffe28630000 - 0x00007ffe28689000 	C:\WINDOWS\System32\sechost.dll
0x00007ffe26850000 - 0x00007ffe26971000 	C:\WINDOWS\System32\RPCRT4.dll
0x00007ffe28950000 - 0x00007ffe28ab5000 	C:\WINDOWS\System32\USER32.dll
0x00007ffe25ed0000 - 0x00007ffe25eee000 	C:\WINDOWS\System32\win32u.dll
0x00007ffe270c0000 - 0x00007ffe270f4000 	C:\WINDOWS\System32\GDI32.dll
0x00007ffe250b0000 - 0x00007ffe25232000 	C:\WINDOWS\System32\gdi32full.dll
0x00007ffe1ca70000 - 0x00007ffe1cce9000 	C:\WINDOWS\WinSxS\amd64_microsoft.windows.common-controls_6595b64144ccf1df_6.0.14393.0_none_2d0f50fcbdb171b8\COMCTL32.dll
0x00007ffe26170000 - 0x00007ffe26437000 	C:\WINDOWS\System32\combase.dll
0x00007ffe24fb0000 - 0x00007ffe250a5000 	C:\WINDOWS\System32\ucrtbase.dll
0x00007ffe255b0000 - 0x00007ffe2561a000 	C:\WINDOWS\System32\bcryptPrimitives.dll
0x00007ffe26f50000 - 0x00007ffe26f7e000 	C:\WINDOWS\System32\IMM32.DLL
0x000000006c060000 - 0x000000006c132000 	C:\Program Files\Java\jre1.8.0_101\bin\msvcr100.dll
0x000000006cd40000 - 0x000000006d5da000 	C:\Program Files\Java\jre1.8.0_101\bin\server\jvm.dll
0x00007ffe26150000 - 0x00007ffe26158000 	C:\WINDOWS\System32\PSAPI.DLL
0x00007ffe18cb0000 - 0x00007ffe18cb9000 	C:\WINDOWS\SYSTEM32\WSOCK32.dll
0x00007ffe22470000 - 0x00007ffe22493000 	C:\WINDOWS\SYSTEM32\WINMM.dll
0x00007ffe20300000 - 0x00007ffe2030a000 	C:\WINDOWS\SYSTEM32\VERSION.dll
0x00007ffe22350000 - 0x00007ffe2237b000 	C:\WINDOWS\SYSTEM32\WINMMBASE.dll
0x00007ffe252a0000 - 0x00007ffe252e2000 	C:\WINDOWS\System32\cfgmgr32.dll
0x00007ffe266d0000 - 0x00007ffe2673a000 	C:\WINDOWS\System32\WS2_32.dll
0x000000006cd30000 - 0x000000006cd3f000 	C:\Program Files\Java\jre1.8.0_101\bin\verify.dll
0x000000006cd00000 - 0x000000006cd29000 	C:\Program Files\Java\jre1.8.0_101\bin\java.dll
0x000000006cce0000 - 0x000000006ccf6000 	C:\Program Files\Java\jre1.8.0_101\bin\zip.dll
0x00007ffe27120000 - 0x00007ffe28628000 	C:\WINDOWS\System32\SHELL32.dll
0x00007ffe25620000 - 0x00007ffe25cfa000 	C:\WINDOWS\System32\windows.storage.dll
0x00007ffe24f20000 - 0x00007ffe24f6c000 	C:\WINDOWS\System32\powrprof.dll
0x00007ffe265c0000 - 0x00007ffe26612000 	C:\WINDOWS\System32\shlwapi.dll
0x00007ffe24f70000 - 0x00007ffe24f7f000 	C:\WINDOWS\System32\kernel.appcore.dll
0x00007ffe25fa0000 - 0x00007ffe26049000 	C:\WINDOWS\System32\shcore.dll
0x00007ffe24f80000 - 0x00007ffe24f94000 	C:\WINDOWS\System32\profapi.dll
0x00007ffe091a0000 - 0x00007ffe09b75000 	C:\Program Files\Java\jre1.8.0_101\bin\opencv_java2413.dll
0x00007ffe26f80000 - 0x00007ffe270b7000 	C:\WINDOWS\System32\ole32.dll
0x00007ffe10160000 - 0x00007ffe10180000 	C:\WINDOWS\SYSTEM32\AVIFIL32.dll
0x00007ffe10000000 - 0x00007ffe10029000 	C:\WINDOWS\SYSTEM32\MSVFW32.dll
0x00007ffe264a0000 - 0x00007ffe2655f000 	C:\WINDOWS\System32\OLEAUT32.dll
0x00007ffe25510000 - 0x00007ffe255ac000 	C:\WINDOWS\System32\msvcp_win.dll
0x00007ffe10030000 - 0x00007ffe10048000 	C:\WINDOWS\SYSTEM32\AVICAP32.dll
0x00007ffe0f2a0000 - 0x00007ffe0f2bc000 	C:\WINDOWS\SYSTEM32\MSACM32.dll
0x00007ffe236b0000 - 0x00007ffe23745000 	C:\WINDOWS\system32\uxtheme.dll
0x00007ffe115d0000 - 0x00007ffe11668000 	C:\Program Files\Common Files\microsoft shared\ink\tiptsf.dll
0x00007ffe288b0000 - 0x00007ffe2894f000 	C:\WINDOWS\System32\clbcatq.dll
0x00007ffe21a20000 - 0x00007ffe21a38000 	C:\Windows\System32\devenum.dll
0x00007ffe26b20000 - 0x00007ffe26f49000 	C:\WINDOWS\System32\setupapi.dll
0x00007ffe242d0000 - 0x00007ffe24302000 	C:\WINDOWS\SYSTEM32\ntmarta.dll
0x00007ffe23b40000 - 0x00007ffe23b68000 	C:\WINDOWS\SYSTEM32\DEVOBJ.dll
0x00007ffe25240000 - 0x00007ffe25295000 	C:\WINDOWS\System32\WINTRUST.dll
0x00007ffe24fa0000 - 0x00007ffe24fb0000 	C:\WINDOWS\System32\MSASN1.dll
0x00007ffe25d00000 - 0x00007ffe25ec8000 	C:\WINDOWS\System32\CRYPT32.dll
0x00007ffe1d5d0000 - 0x00007ffe1d5da000 	C:\WINDOWS\SYSTEM32\msdmo.dll
0x00007ffe0fc70000 - 0x00007ffe0fca3000 	C:\Windows\System32\qcap.dll
0x00007ffe0c180000 - 0x00007ffe0c343000 	C:\Windows\System32\quartz.dll
0x00007ffe24dc0000 - 0x00007ffe24deb000 	C:\Windows\System32\bcrypt.dll
0x00007ffe286a0000 - 0x00007ffe287fb000 	C:\WINDOWS\System32\MSCTF.dll
0x00007ffe226a0000 - 0x00007ffe226c6000 	C:\WINDOWS\system32\dwmapi.dll
0x00007ffe0fe20000 - 0x00007ffe0fe68000 	C:\Windows\System32\mfksproxy.dll
0x00007ffe14da0000 - 0x00007ffe14dbc000 	C:\Windows\System32\ATL.DLL
0x00007ffe22130000 - 0x00007ffe22298000 	C:\Windows\System32\MFPlat.DLL
0x00007ffe21fe0000 - 0x00007ffe2200e000 	C:\Windows\System32\RTWorkQ.DLL
0x00007ffe0b050000 - 0x00007ffe0b43b000 	C:\Windows\System32\MFCORE.dll
0x00007ffe10140000 - 0x00007ffe10149000 	C:\Windows\System32\ksuser.dll
0x00007ffe24990000 - 0x00007ffe2499b000 	C:\Windows\System32\CRYPTBASE.DLL
0x00007ffe0c9b0000 - 0x00007ffe0ca03000 	C:\Windows\System32\FSClient.dll
0x00007ffe0f250000 - 0x00007ffe0f29d000 	C:\Windows\System32\MFSENSORGROUP.dll
0x00007ffe21b50000 - 0x00007ffe21b5b000 	C:\Windows\System32\AVRT.dll
0x00007ffe1d5c0000 - 0x00007ffe1d5cd000 	C:\Windows\System32\vidcap.ax
0x00007ffe103a0000 - 0x00007ffe103c5000 	C:\Windows\System32\kswdmcap.ax
0x00007ffe0aee0000 - 0x00007ffe0b043000 	C:\Windows\System32\MFC42.dll
0x00007ffe0c7b0000 - 0x00007ffe0c85f000 	C:\Windows\System32\ODBC32.dll
0x00007ffe24810000 - 0x00007ffe2481a000 	C:\Windows\System32\DPAPI.dll
0x00007ffe1b300000 - 0x00007ffe1b343000 	C:\WINDOWS\SYSTEM32\policymanager.dll
0x00007ffe238e0000 - 0x00007ffe23971000 	C:\Windows\System32\msvcp110_win.dll
0x00007ffe08b20000 - 0x00007ffe08bf4000 	C:\Windows\System32\MFReadWrite.dll
0x00007ffe0ae30000 - 0x00007ffe0aed3000 	C:\Windows\System32\qedit.dll
0x00007ffe26050000 - 0x00007ffe2614a000 	C:\WINDOWS\System32\COMDLG32.dll
0x00007ffe1c8d0000 - 0x00007ffe1ca69000 	C:\WINDOWS\WinSxS\amd64_microsoft.windows.gdiplus_6595b64144ccf1df_1.1.14393.187_none_730402f52114ff50\gdiplus.dll
0x00007ffe0ad30000 - 0x00007ffe0ae27000 	C:\Windows\System32\DDRAW.dll
0x00007ffe1d5b0000 - 0x00007ffe1d5b8000 	C:\Windows\System32\DCIMAN32.dll
0x00007ffe1c040000 - 0x00007ffe1c04c000 	C:\WINDOWS\SYSTEM32\msyuv.dll
0x000000006d5f0000 - 0x000000006d788000 	C:\Program Files\Java\jre1.8.0_101\bin\awt.dll
0x00007ffe233c0000 - 0x00007ffe2343a000 	C:\WINDOWS\SYSTEM32\apphelp.dll
0x000000006c340000 - 0x000000006c387000 	C:\Program Files\Java\jre1.8.0_101\bin\fontmanager.dll
0x00007ffe1ec00000 - 0x00007ffe1edab000 	C:\Windows\System32\uiautomationcore.dll
0x00007ffe24870000 - 0x00007ffe2488f000 	C:\Windows\System32\USERENV.dll
0x00007ffe24df0000 - 0x00007ffe24e88000 	C:\WINDOWS\SYSTEM32\sxs.dll
0x00007ffe1b710000 - 0x00007ffe1b775000 	C:\Windows\System32\OLEACC.dll
0x00007ffe118c0000 - 0x00007ffe1193d000 	C:\WINDOWS\SYSTEM32\twinapi.dll
0x00007ffe23980000 - 0x00007ffe23a9c000 	C:\WINDOWS\SYSTEM32\twinapi.appcore.dll
0x000000006ccc0000 - 0x000000006ccda000 	C:\Program Files\Java\jre1.8.0_101\bin\net.dll
0x00007ffe24590000 - 0x00007ffe245ec000 	C:\WINDOWS\system32\mswsock.dll
0x000000006cca0000 - 0x000000006ccb1000 	C:\Program Files\Java\jre1.8.0_101\bin\nio.dll
0x000000006c2f0000 - 0x000000006c332000 	C:\Program Files\Java\jre1.8.0_101\bin\t2k.dll
0x00007ffe249a0000 - 0x00007ffe249b7000 	C:\WINDOWS\SYSTEM32\CRYPTSP.dll
0x00007ffe247d0000 - 0x00007ffe24803000 	C:\WINDOWS\system32\rsaenh.dll
0x00007ffe24340000 - 0x00007ffe24378000 	C:\WINDOWS\SYSTEM32\IPHLPAPI.DLL
0x00007ffe28690000 - 0x00007ffe28698000 	C:\WINDOWS\System32\NSI.dll
0x00007ffe21410000 - 0x00007ffe21426000 	C:\WINDOWS\SYSTEM32\dhcpcsvc6.DLL
0x00007ffe21ab0000 - 0x00007ffe21aca000 	C:\WINDOWS\SYSTEM32\dhcpcsvc.DLL
0x000000006c020000 - 0x000000006c051000 	C:\Program Files\Java\jre1.8.0_101\bin\jpeg.dll
0x00007ffe15970000 - 0x00007ffe15b02000 	C:\WINDOWS\SYSTEM32\dbghelp.dll

VM Arguments:
jvm_args: -Dfile.encoding=Cp1252 
java_command: Test
java_class_path (initial): C:\Users\Ryan McGee\workspace\OpenCV_Test\bin;C:\OpenCV\opencv\build\java\opencv-2413.jar
Launcher Type: SUN_STANDARD

Environment Variables:
PATH=C:/Program Files/Java/jre1.8.0_101/bin/server;C:/Program Files/Java/jre1.8.0_101/bin;C:/Program Files/Java/jre1.8.0_101/lib/amd64;C:\ProgramData\Oracle\Java\javapath;C:\WINDOWS\system32;C:\WINDOWS;C:\WINDOWS\System32\Wbem;C:\WINDOWS\System32\WindowsPowerShell\v1.0\;C:\OpenCV\opencv\build\x64\vc12\bin;C:\Users\Ryan McGee\AppData\Local\Microsoft\WindowsApps;;C:\Users\Ryan McGee\Desktop\backup\eclipse-java-mars-2-win32-x86_64\eclipse;
USERNAME=Ryan McGee
OS=Windows_NT
PROCESSOR_IDENTIFIER=AMD64 Family 21 Model 96 Stepping 1, AuthenticAMD



---------------  S Y S T E M  ---------------

OS: Windows 10.0 , 64 bit Build 14393 (10.0.14393.0)

CPU:total 4 (4 cores per cpu, 1 threads per core) family 21 model 96 stepping 1, cmov, cx8, fxsr, mmx, sse, sse2, sse3, ssse3, sse4.1, sse4.2, popcnt, avx, avx2, aes, clmul, mmxext, 3dnowpref, lzcnt, sse4a, tsc, tscinvbit, tscinv, bmi1

Memory: 4k page, physical 12005976k(8116696k free), swap 13840984k(9175448k free)

vm_info: Java HotSpot(TM) 64-Bit Server VM (25.101-b13) for windows-amd64 JRE (1.8.0_101-b13), built on Jun 22 2016 01:21:29 by "java_re" with MS VC++ 10.0 (VS2010)

time: Fri Sep 30 17:00:40 2016
elapsed time: 299 seconds (0d 0h 4m 59s)

