#
# A fatal error has been detected by the Java Runtime Environment:
#
#  Internal Error (0xc000000d), pid=7552, tid=0x0000000000000370
#
# JRE version: Java(TM) SE Runtime Environment (8.0_101-b13) (build 1.8.0_101-b13)
# Java VM: Java HotSpot(TM) 64-Bit Server VM (25.101-b13 mixed mode windows-amd64 compressed oops)
# Problematic frame:
# C  [ntdll.dll+0xfe5bc]
#
# Failed to write core dump. Minidumps are not enabled by default on client versions of Windows
#
# If you would like to submit a bug report, please visit:
#   http://bugreport.java.com/bugreport/crash.jsp
#

---------------  T H R E A D  ---------------

Current thread (0x0000000019497000):  VMThread [stack: 0x000000001a530000,0x000000001a630000] [id=880]

siginfo: ExceptionCode=0xc000000d

Registers:
RAX=0x0000000000000001, RBX=0x00000000009d0740, RCX=0x0000000019498480, RDX=0x0000000000000000
RSP=0x000000001a62ecd0, RBP=0x0000000000000000, RSI=0x000000001ba553a0, RDI=0x000000001ba62250
R8 =0x0000000000000000, R9 =0x0000000000000000, R10=0x0000000000000000, R11=0x0000000000000000
R12=0x0000000000000000, R13=0x00000000ffffffff, R14=0x000000001ba424f0, R15=0x000000001ba553a0
RIP=0x00007ffe28bbe5bc, EFLAGS=0x0000000000000206

Top of Stack: (sp=0x000000001a62ecd0)
0x000000001a62ecd0:   0000000000000057 00000000009d0740
0x000000001a62ece0:   000000001ba553a0 000000001ba62250
0x000000001a62ecf0:   00000000c000000d 0000000000000000
0x000000001a62ed00:   00007ffe28bbe5bc 0000000000000000
0x000000001a62ed10:   0000000000000000 0000000000000000
0x000000001a62ed20:   0000000000000000 0000000000000000
0x000000001a62ed30:   0000000000000000 0000000000000000
0x000000001a62ed40:   0000000000000000 0000000000000000
0x000000001a62ed50:   0000000000000000 0000000000000000
0x000000001a62ed60:   0000000000000000 0000000000000000
0x000000001a62ed70:   0000000000000000 0000000000000000
0x000000001a62ed80:   0000000000000000 00007ffe28afc468
0x000000001a62ed90:   0000e0414048fdea 0000000000000000
0x000000001a62eda0:   000000010000000a 00007ffe28b809fb
0x000000001a62edb0:   0000000000000001 00007ffe08b3e8db
0x000000001a62edc0:   0000000000000008 0000000000000000 

Instructions: (pc=0x00007ffe28bbe5bc)
0x00007ffe28bbe59c:   d1 fa ff c7 44 24 20 0d 00 00 c0 b9 57 00 00 00
0x00007ffe28bbe5ac:   e8 cf 0f f6 ff 90 48 8d 4c 24 20 e8 54 bb f4 ff
0x00007ffe28bbe5bc:   eb 00 48 8b 8c 24 c0 00 00 00 48 33 cc e8 82 70
0x00007ffe28bbe5cc:   f9 ff 48 81 c4 d8 00 00 00 c3 40 55 48 83 ec 20 


Register to memory mapping:

RAX=0x0000000000000001 is an unknown value
RBX=0x00000000009d0740 is an unknown value
RCX=0x0000000019498480 is an unknown value
RDX=0x0000000000000000 is an unknown value
RSP=0x000000001a62ecd0 is an unknown value
RBP=0x0000000000000000 is an unknown value
RSI=0x000000001ba553a0 is an unknown value
RDI=0x000000001ba62250 is an unknown value
R8 =0x0000000000000000 is an unknown value
R9 =0x0000000000000000 is an unknown value
R10=0x0000000000000000 is an unknown value
R11=0x0000000000000000 is an unknown value
R12=0x0000000000000000 is an unknown value
R13=0x00000000ffffffff is an unknown value
R14=0x000000001ba424f0 is an unknown value
R15=0x000000001ba553a0 is an unknown value


Stack: [0x000000001a530000,0x000000001a630000],  sp=0x000000001a62ecd0,  free space=1019k
Native frames: (J=compiled Java code, j=interpreted, Vv=VM code, C=native code)

VM_Operation (0x00000000217ad4c0): Exit, mode: safepoint, requested by thread 0x000000001b21d800


---------------  P R O C E S S  ---------------

Java Threads: ( => current thread )
  0x0000000020885800 JavaThread "TimerQueue" daemon [_thread_blocked, id=4772, stack(0x0000000021fb0000,0x00000000220b0000)]
  0x000000001b21d800 JavaThread "AWT-EventQueue-0" [_thread_blocked, id=7992, stack(0x00000000216b0000,0x00000000217b0000)]
  0x000000001b206000 JavaThread "AWT-Shutdown" [_thread_blocked, id=3780, stack(0x000000001fdc0000,0x000000001fec0000)]
  0x000000001b205000 JavaThread "Java2D Disposer" daemon [_thread_blocked, id=2648, stack(0x000000001fcc0000,0x000000001fdc0000)]
  0x000000001ae48800 JavaThread "Service Thread" daemon [_thread_blocked, id=7872, stack(0x000000001b220000,0x000000001b320000)]
  0x00000000194d8000 JavaThread "C1 CompilerThread2" daemon [_thread_blocked, id=5324, stack(0x000000001ad20000,0x000000001ae20000)]
  0x00000000194d1800 JavaThread "C2 CompilerThread1" daemon [_thread_blocked, id=6720, stack(0x000000001ac20000,0x000000001ad20000)]
  0x00000000194cb800 JavaThread "C2 CompilerThread0" daemon [_thread_blocked, id=6588, stack(0x000000001ab20000,0x000000001ac20000)]
  0x00000000194ca000 JavaThread "Attach Listener" daemon [_thread_blocked, id=7496, stack(0x000000001aa20000,0x000000001ab20000)]
  0x00000000194c9000 JavaThread "Signal Dispatcher" daemon [_thread_blocked, id=5728, stack(0x000000001a920000,0x000000001aa20000)]
  0x00000000194b9800 JavaThread "Finalizer" daemon [_thread_blocked, id=6240, stack(0x000000001a730000,0x000000001a830000)]
  0x0000000002860000 JavaThread "Reference Handler" daemon [_thread_blocked, id=4388, stack(0x000000001a630000,0x000000001a730000)]
  0x0000000002770800 JavaThread "main" [_thread_in_native, id=1044, stack(0x0000000002670000,0x0000000002770000)]

Other Threads:
=>0x0000000019497000 VMThread [stack: 0x000000001a530000,0x000000001a630000] [id=880]

VM state:at safepoint (shutting down)

VM Mutex/Monitor currently owned by a thread:  ([mutex/lock_event])
[0x000000000263b240] Threads_lock - owner thread: 0x0000000019497000

Heap:
 PSYoungGen      total 41472K, used 18752K [0x0000000782f00000, 0x0000000785b80000, 0x00000007c0000000)
  eden space 38400K, 48% used [0x0000000782f00000,0x000000078411ba30,0x0000000785480000)
  from space 3072K, 6% used [0x0000000785880000,0x00000007858b4798,0x0000000785b80000)
  to   space 3584K, 0% used [0x0000000785480000,0x0000000785480000,0x0000000785800000)
 ParOldGen       total 125952K, used 7539K [0x0000000708c00000, 0x0000000710700000, 0x0000000782f00000)
  object space 125952K, 5% used [0x0000000708c00000,0x000000070935cda0,0x0000000710700000)
 Metaspace       used 11540K, capacity 11726K, committed 11904K, reserved 1060864K
  class space    used 1298K, capacity 1390K, committed 1408K, reserved 1048576K

Card table byte_map: [0x0000000011c30000,0x00000000121f0000] byte_map_base: 0x000000000e3ea000

Marking Bits: (ParMarkBitMap*) 0x000000006d55a6d0
 Begin Bits: [0x00000000129d0000, 0x00000000157a0000)
 End Bits:   [0x00000000157a0000, 0x0000000018570000)

Polling page: 0x0000000002540000

CodeCache: size=245760Kb used=6776Kb max_used=6814Kb free=238983Kb
 bounds [0x0000000002870000, 0x0000000002f20000, 0x0000000011870000]
 total_blobs=2502 nmethods=1914 adapters=501
 compilation: enabled

Compilation events (10 events):
Event: 124.950 Thread 0x00000000194d1800 nmethod 1974 0x0000000002a80f90 code [0x0000000002a810e0, 0x0000000002a81288]
Event: 124.953 Thread 0x00000000194cb800 nmethod 1975 0x0000000002b24b90 code [0x0000000002b24ce0, 0x0000000002b24f38]
Event: 125.016 Thread 0x00000000194d1800 1976       4       java.util.RegularEnumSet$EnumSetIterator::hasNext (15 bytes)
Event: 125.017 Thread 0x00000000194d1800 nmethod 1976 0x0000000002eec7d0 code [0x0000000002eec900, 0x0000000002eec978]
Event: 125.039 Thread 0x00000000194cb800 1977   !   4       java.awt.Container::preferredSize (88 bytes)
Event: 125.045 Thread 0x00000000194cb800 nmethod 1977 0x0000000002a40490 code [0x0000000002a40600, 0x0000000002a40a38]
Event: 126.847 Thread 0x00000000194d1800 1978       4       javax.swing.JComponent::setFlag (34 bytes)
Event: 126.849 Thread 0x00000000194d1800 nmethod 1978 0x0000000002a887d0 code [0x0000000002a88900, 0x0000000002a88998]
Event: 128.241 Thread 0x00000000194cb800 1979       4       javax.swing.JComponent::getPreferredSize (43 bytes)
Event: 128.250 Thread 0x00000000194cb800 nmethod 1979 0x0000000002a452d0 code [0x0000000002a45440, 0x0000000002a458d8]

GC Heap History (10 events):
Event: 96.918 GC heap before
{Heap before GC invocations=12 (full 0):
 PSYoungGen      total 41984K, used 41464K [0x0000000782f00000, 0x0000000785f00000, 0x00000007c0000000)
  eden space 40960K, 99% used [0x0000000782f00000,0x00000007856b6c30,0x0000000785700000)
  from space 1024K, 77% used [0x0000000785a00000,0x0000000785ac75e8,0x0000000785b00000)
  to   space 3072K, 0% used [0x0000000785c00000,0x0000000785c00000,0x0000000785f00000)
 ParOldGen       total 125952K, used 1716K [0x0000000708c00000, 0x0000000710700000, 0x0000000782f00000)
  object space 125952K, 1% used [0x0000000708c00000,0x0000000708dad060,0x0000000710700000)
 Metaspace       used 11527K, capacity 11726K, committed 11904K, reserved 1060864K
  class space    used 1295K, capacity 1390K, committed 1408K, reserved 1048576K
Event: 96.920 GC heap after
Heap after GC invocations=12 (full 0):
 PSYoungGen      total 40960K, used 499K [0x0000000782f00000, 0x0000000785c80000, 0x00000007c0000000)
  eden space 40448K, 0% used [0x0000000782f00000,0x0000000782f00000,0x0000000785680000)
  from space 512K, 97% used [0x0000000785c00000,0x0000000785c7cd68,0x0000000785c80000)
  to   space 3072K, 0% used [0x0000000785680000,0x0000000785680000,0x0000000785980000)
 ParOldGen       total 125952K, used 1740K [0x0000000708c00000, 0x0000000710700000, 0x0000000782f00000)
  object space 125952K, 1% used [0x0000000708c00000,0x0000000708db3060,0x0000000710700000)
 Metaspace       used 11527K, capacity 11726K, committed 11904K, reserved 1060864K
  class space    used 1295K, capacity 1390K, committed 1408K, reserved 1048576K
}
Event: 104.404 GC heap before
{Heap before GC invocations=13 (full 0):
 PSYoungGen      total 40960K, used 40947K [0x0000000782f00000, 0x0000000785c80000, 0x00000007c0000000)
  eden space 40448K, 100% used [0x0000000782f00000,0x0000000785680000,0x0000000785680000)
  from space 512K, 97% used [0x0000000785c00000,0x0000000785c7cd68,0x0000000785c80000)
  to   space 3072K, 0% used [0x0000000785680000,0x0000000785680000,0x0000000785980000)
 ParOldGen       total 125952K, used 1740K [0x0000000708c00000, 0x0000000710700000, 0x0000000782f00000)
  object space 125952K, 1% used [0x0000000708c00000,0x0000000708db3060,0x0000000710700000)
 Metaspace       used 11527K, capacity 11726K, committed 11904K, reserved 1060864K
  class space    used 1295K, capacity 1390K, committed 1408K, reserved 1048576K
Event: 104.406 GC heap after
Heap after GC invocations=13 (full 0):
 PSYoungGen      total 43008K, used 501K [0x0000000782f00000, 0x0000000785c80000, 0x00000007c0000000)
  eden space 39936K, 0% used [0x0000000782f00000,0x0000000782f00000,0x0000000785600000)
  from space 3072K, 16% used [0x0000000785680000,0x00000007856fd728,0x0000000785980000)
  to   space 3072K, 0% used [0x0000000785980000,0x0000000785980000,0x0000000785c80000)
 ParOldGen       total 125952K, used 1764K [0x0000000708c00000, 0x0000000710700000, 0x0000000782f00000)
  object space 125952K, 1% used [0x0000000708c00000,0x0000000708db9060,0x0000000710700000)
 Metaspace       used 11527K, capacity 11726K, committed 11904K, reserved 1060864K
  class space    used 1295K, capacity 1390K, committed 1408K, reserved 1048576K
}
Event: 111.756 GC heap before
{Heap before GC invocations=14 (full 0):
 PSYoungGen      total 43008K, used 40437K [0x0000000782f00000, 0x0000000785c80000, 0x00000007c0000000)
  eden space 39936K, 100% used [0x0000000782f00000,0x0000000785600000,0x0000000785600000)
  from space 3072K, 16% used [0x0000000785680000,0x00000007856fd728,0x0000000785980000)
  to   space 3072K, 0% used [0x0000000785980000,0x0000000785980000,0x0000000785c80000)
 ParOldGen       total 125952K, used 1764K [0x0000000708c00000, 0x0000000710700000, 0x0000000782f00000)
  object space 125952K, 1% used [0x0000000708c00000,0x0000000708db9060,0x0000000710700000)
 Metaspace       used 11528K, capacity 11726K, committed 11904K, reserved 1060864K
  class space    used 1295K, capacity 1390K, committed 1408K, reserved 1048576K
Event: 111.758 GC heap after
Heap after GC invocations=14 (full 0):
 PSYoungGen      total 41472K, used 1096K [0x0000000782f00000, 0x0000000785b80000, 0x00000007c0000000)
  eden space 39424K, 0% used [0x0000000782f00000,0x0000000782f00000,0x0000000785580000)
  from space 2048K, 53% used [0x0000000785980000,0x0000000785a92240,0x0000000785b80000)
  to   space 3072K, 0% used [0x0000000785580000,0x0000000785580000,0x0000000785880000)
 ParOldGen       total 125952K, used 1788K [0x0000000708c00000, 0x0000000710700000, 0x0000000782f00000)
  object space 125952K, 1% used [0x0000000708c00000,0x0000000708dbf060,0x0000000710700000)
 Metaspace       used 11528K, capacity 11726K, committed 11904K, reserved 1060864K
  class space    used 1295K, capacity 1390K, committed 1408K, reserved 1048576K
}
Event: 118.947 GC heap before
{Heap before GC invocations=15 (full 0):
 PSYoungGen      total 41472K, used 40520K [0x0000000782f00000, 0x0000000785b80000, 0x00000007c0000000)
  eden space 39424K, 100% used [0x0000000782f00000,0x0000000785580000,0x0000000785580000)
  from space 2048K, 53% used [0x0000000785980000,0x0000000785a92240,0x0000000785b80000)
  to   space 3072K, 0% used [0x0000000785580000,0x0000000785580000,0x0000000785880000)
 ParOldGen       total 125952K, used 1788K [0x0000000708c00000, 0x0000000710700000, 0x0000000782f00000)
  object space 125952K, 1% used [0x0000000708c00000,0x0000000708dbf0e0,0x0000000710700000)
 Metaspace       used 11528K, capacity 11726K, committed 11904K, reserved 1060864K
  class space    used 1295K, capacity 1390K, committed 1408K, reserved 1048576K
Event: 118.951 GC heap after
Heap after GC invocations=15 (full 0):
 PSYoungGen      total 41984K, used 2897K [0x0000000782f00000, 0x0000000785c00000, 0x00000007c0000000)
  eden space 38912K, 0% used [0x0000000782f00000,0x0000000782f00000,0x0000000785500000)
  from space 3072K, 94% used [0x0000000785580000,0x00000007858544f0,0x0000000785880000)
  to   space 3584K, 0% used [0x0000000785880000,0x0000000785880000,0x0000000785c00000)
 ParOldGen       total 125952K, used 3012K [0x0000000708c00000, 0x0000000710700000, 0x0000000782f00000)
  object space 125952K, 2% used [0x0000000708c00000,0x0000000708ef10f0,0x0000000710700000)
 Metaspace       used 11528K, capacity 11726K, committed 11904K, reserved 1060864K
  class space    used 1295K, capacity 1390K, committed 1408K, reserved 1048576K
}
Event: 126.561 GC heap before
{Heap before GC invocations=16 (full 0):
 PSYoungGen      total 41984K, used 41809K [0x0000000782f00000, 0x0000000785c00000, 0x00000007c0000000)
  eden space 38912K, 100% used [0x0000000782f00000,0x0000000785500000,0x0000000785500000)
  from space 3072K, 94% used [0x0000000785580000,0x00000007858544f0,0x0000000785880000)
  to   space 3584K, 0% used [0x0000000785880000,0x0000000785880000,0x0000000785c00000)
 ParOldGen       total 125952K, used 3915K [0x0000000708c00000, 0x0000000710700000, 0x0000000782f00000)
  object space 125952K, 3% used [0x0000000708c00000,0x0000000708fd2d70,0x0000000710700000)
 Metaspace       used 11528K, capacity 11726K, committed 11904K, reserved 1060864K
  class space    used 1295K, capacity 1390K, committed 1408K, reserved 1048576K
Event: 126.565 GC heap after
Heap after GC invocations=16 (full 0):
 PSYoungGen      total 41472K, used 209K [0x0000000782f00000, 0x0000000785b80000, 0x00000007c0000000)
  eden space 38400K, 0% used [0x0000000782f00000,0x0000000782f00000,0x0000000785480000)
  from space 3072K, 6% used [0x0000000785880000,0x00000007858b4798,0x0000000785b80000)
  to   space 3584K, 0% used [0x0000000785480000,0x0000000785480000,0x0000000785800000)
 ParOldGen       total 125952K, used 7539K [0x0000000708c00000, 0x0000000710700000, 0x0000000782f00000)
  object space 125952K, 5% used [0x0000000708c00000,0x000000070935cda0,0x0000000710700000)
 Metaspace       used 11528K, capacity 11726K, committed 11904K, reserved 1060864K
  class space    used 1295K, capacity 1390K, committed 1408K, reserved 1048576K
}

Deoptimization events (0 events):
No events

Internal exceptions (10 events):
Event: 0.078 Thread 0x0000000002770800 Exception <a 'java/lang/NoSuchMethodError': Method sun.misc.Unsafe.defineClass(Ljava/lang/String;[BII)Ljava/lang/Class; name or signature does not match> (0x0000000782f07cc0) thrown at [C:\re\workspace\8-2-build-windows-amd64-cygwin\jdk8u101\7261\hotspot\sµìf$ëþ³?
Event: 0.078 Thread 0x0000000002770800 Exception <a 'java/lang/NoSuchMethodError': Method sun.misc.Unsafe.prefetchRead(Ljava/lang/Object;J)V name or signature does not match> (0x0000000782f07fa8) thrown at [C:\re\workspace\8-2-build-windows-amd64-cygwin\jdk8u101\7261\hotspot\src\share\vm\prims\ÉÄÙu#ñ?
Event: 1.071 Thread 0x0000000002770800 Exception <a 'java/security/PrivilegedActionException'> (0x0000000782fdaa58) thrown at [C:\re\workspace\8-2-build-windows-amd64-cygwin\jdk8u101\7261\hotspot\src\share\vm\prims\jvm.cpp, line 1386]
Event: 1.071 Thread 0x0000000002770800 Exception <a 'java/security/PrivilegedActionException'> (0x0000000782fdac68) thrown at [C:\re\workspace\8-2-build-windows-amd64-cygwin\jdk8u101\7261\hotspot\src\share\vm\prims\jvm.cpp, line 1386]
Event: 1.074 Thread 0x0000000002770800 Exception <a 'java/security/PrivilegedActionException'> (0x0000000782fde8b0) thrown at [C:\re\workspace\8-2-build-windows-amd64-cygwin\jdk8u101\7261\hotspot\src\share\vm\prims\jvm.cpp, line 1386]
Event: 1.074 Thread 0x0000000002770800 Exception <a 'java/security/PrivilegedActionException'> (0x0000000782fdeac0) thrown at [C:\re\workspace\8-2-build-windows-amd64-cygwin\jdk8u101\7261\hotspot\src\share\vm\prims\jvm.cpp, line 1386]
Event: 1.085 Thread 0x0000000002770800 Exception <a 'java/io/FileNotFoundException'> (0x0000000782fe0ee0) thrown at [C:\re\workspace\8-2-build-windows-amd64-cygwin\jdk8u101\7261\hotspot\src\share\vm\prims\jni.cpp, line 709]
Event: 1.190 Thread 0x0000000002770800 Exception <a 'java/lang/NoSuchFieldError': method resolution failed> (0x0000000783199c60) thrown at [C:\re\workspace\8-2-build-windows-amd64-cygwin\jdk8u101\7261\hotspot\src\share\vm\prims\methodHandles.cpp, line 1146]
Event: 1.196 Thread 0x0000000002770800 Exception <a 'java/lang/NoSuchFieldError': method resolution failed> (0x00000007831a7030) thrown at [C:\re\workspace\8-2-build-windows-amd64-cygwin\jdk8u101\7261\hotspot\src\share\vm\prims\methodHandles.cpp, line 1146]
Event: 1.302 Thread 0x0000000002770800 Exception <a 'java/io/FileNotFoundException'> (0x000000078323af40) thrown at [C:\re\workspace\8-2-build-windows-amd64-cygwin\jdk8u101\7261\hotspot\src\share\vm\prims\jni.cpp, line 709]

Events (10 events):
Event: 130.056 Thread 0x000000002072f800 Thread exited: 0x000000002072f800
Event: 130.056 loading class java/util/WeakHashMap$HashIterator
Event: 130.057 loading class java/util/WeakHashMap$HashIterator done
Event: 130.057 loading class java/util/WeakHashMap$KeyIterator done
Event: 130.058 Thread 0x0000000020c2b800 Thread exited: 0x0000000020c2b800
Event: 130.059 loading class sun/java2d/pipe/hw/AccelDeviceEventNotifier
Event: 130.059 loading class sun/java2d/pipe/hw/AccelDeviceEventNotifier done
Event: 130.138 Thread 0x000000001b20a800 Thread exited: 0x000000001b20a800
Event: 130.160 Thread 0x0000000020c2a800 Thread exited: 0x0000000020c2a800
Event: 130.161 Executing VM operation: Exit


Dynamic libraries:
0x00007ff7a9280000 - 0x00007ff7a92b7000 	C:\Program Files\Java\jre1.8.0_101\bin\javaw.exe
0x00007ffe28ac0000 - 0x00007ffe28c91000 	C:\WINDOWS\SYSTEM32\ntdll.dll
0x00007ffe28800000 - 0x00007ffe288ab000 	C:\WINDOWS\System32\KERNEL32.DLL
0x00007ffe252f0000 - 0x00007ffe2550d000 	C:\WINDOWS\System32\KERNELBASE.dll
0x00007ffe26620000 - 0x00007ffe266c2000 	C:\WINDOWS\System32\ADVAPI32.dll
0x00007ffe267b0000 - 0x00007ffe2684e000 	C:\WINDOWS\System32\msvcrt.dll
0x00007ffe28630000 - 0x00007ffe28689000 	C:\WINDOWS\System32\sechost.dll
0x00007ffe26850000 - 0x00007ffe26971000 	C:\WINDOWS\System32\RPCRT4.dll
0x00007ffe28950000 - 0x00007ffe28ab5000 	C:\WINDOWS\System32\USER32.dll
0x00007ffe25ed0000 - 0x00007ffe25eee000 	C:\WINDOWS\System32\win32u.dll
0x00007ffe270c0000 - 0x00007ffe270f4000 	C:\WINDOWS\System32\GDI32.dll
0x00007ffe250b0000 - 0x00007ffe25232000 	C:\WINDOWS\System32\gdi32full.dll
0x00007ffe1ca70000 - 0x00007ffe1cce9000 	C:\WINDOWS\WinSxS\amd64_microsoft.windows.common-controls_6595b64144ccf1df_6.0.14393.0_none_2d0f50fcbdb171b8\COMCTL32.dll
0x00007ffe26170000 - 0x00007ffe26437000 	C:\WINDOWS\System32\combase.dll
0x00007ffe24fb0000 - 0x00007ffe250a5000 	C:\WINDOWS\System32\ucrtbase.dll
0x00007ffe255b0000 - 0x00007ffe2561a000 	C:\WINDOWS\System32\bcryptPrimitives.dll
0x00007ffe26f50000 - 0x00007ffe26f7e000 	C:\WINDOWS\System32\IMM32.DLL
0x000000006c210000 - 0x000000006c2e2000 	C:\Program Files\Java\jre1.8.0_101\bin\msvcr100.dll
0x000000006cd40000 - 0x000000006d5da000 	C:\Program Files\Java\jre1.8.0_101\bin\server\jvm.dll
0x00007ffe26150000 - 0x00007ffe26158000 	C:\WINDOWS\System32\PSAPI.DLL
0x00007ffe20300000 - 0x00007ffe2030a000 	C:\WINDOWS\SYSTEM32\VERSION.dll
0x00007ffe22470000 - 0x00007ffe22493000 	C:\WINDOWS\SYSTEM32\WINMM.dll
0x00007ffe18cb0000 - 0x00007ffe18cb9000 	C:\WINDOWS\SYSTEM32\WSOCK32.dll
0x00007ffe266d0000 - 0x00007ffe2673a000 	C:\WINDOWS\System32\WS2_32.dll
0x00007ffe22350000 - 0x00007ffe2237b000 	C:\WINDOWS\SYSTEM32\WINMMBASE.dll
0x00007ffe252a0000 - 0x00007ffe252e2000 	C:\WINDOWS\System32\cfgmgr32.dll
0x000000006cd30000 - 0x000000006cd3f000 	C:\Program Files\Java\jre1.8.0_101\bin\verify.dll
0x000000006cd00000 - 0x000000006cd29000 	C:\Program Files\Java\jre1.8.0_101\bin\java.dll
0x000000006cce0000 - 0x000000006ccf6000 	C:\Program Files\Java\jre1.8.0_101\bin\zip.dll
0x00007ffe27120000 - 0x00007ffe28628000 	C:\WINDOWS\System32\SHELL32.dll
0x00007ffe25620000 - 0x00007ffe25cfa000 	C:\WINDOWS\System32\windows.storage.dll
0x00007ffe24f20000 - 0x00007ffe24f6c000 	C:\WINDOWS\System32\powrprof.dll
0x00007ffe265c0000 - 0x00007ffe26612000 	C:\WINDOWS\System32\shlwapi.dll
0x00007ffe24f70000 - 0x00007ffe24f7f000 	C:\WINDOWS\System32\kernel.appcore.dll
0x00007ffe25fa0000 - 0x00007ffe26049000 	C:\WINDOWS\System32\shcore.dll
0x00007ffe24f80000 - 0x00007ffe24f94000 	C:\WINDOWS\System32\profapi.dll
0x00007ffe0a500000 - 0x00007ffe0aed5000 	C:\Program Files\Java\jre1.8.0_101\bin\opencv_java2413.dll
0x00007ffe26f80000 - 0x00007ffe270b7000 	C:\WINDOWS\System32\ole32.dll
0x00007ffe10160000 - 0x00007ffe10180000 	C:\WINDOWS\SYSTEM32\AVIFIL32.dll
0x00007ffe10000000 - 0x00007ffe10029000 	C:\WINDOWS\SYSTEM32\MSVFW32.dll
0x00007ffe10030000 - 0x00007ffe10048000 	C:\WINDOWS\SYSTEM32\AVICAP32.dll
0x00007ffe264a0000 - 0x00007ffe2655f000 	C:\WINDOWS\System32\OLEAUT32.dll
0x00007ffe25510000 - 0x00007ffe255ac000 	C:\WINDOWS\System32\msvcp_win.dll
0x00007ffe0f2a0000 - 0x00007ffe0f2bc000 	C:\WINDOWS\SYSTEM32\MSACM32.dll
0x00007ffe236b0000 - 0x00007ffe23745000 	C:\WINDOWS\system32\uxtheme.dll
0x00007ffe115d0000 - 0x00007ffe11668000 	C:\Program Files\Common Files\microsoft shared\ink\tiptsf.dll
0x00007ffe288b0000 - 0x00007ffe2894f000 	C:\WINDOWS\System32\clbcatq.dll
0x00007ffe21a20000 - 0x00007ffe21a38000 	C:\Windows\System32\devenum.dll
0x00007ffe26b20000 - 0x00007ffe26f49000 	C:\WINDOWS\System32\setupapi.dll
0x00007ffe242d0000 - 0x00007ffe24302000 	C:\WINDOWS\SYSTEM32\ntmarta.dll
0x00007ffe23b40000 - 0x00007ffe23b68000 	C:\WINDOWS\SYSTEM32\DEVOBJ.dll
0x00007ffe25240000 - 0x00007ffe25295000 	C:\WINDOWS\System32\WINTRUST.dll
0x00007ffe24fa0000 - 0x00007ffe24fb0000 	C:\WINDOWS\System32\MSASN1.dll
0x00007ffe25d00000 - 0x00007ffe25ec8000 	C:\WINDOWS\System32\CRYPT32.dll
0x00007ffe1d5d0000 - 0x00007ffe1d5da000 	C:\WINDOWS\SYSTEM32\msdmo.dll
0x00007ffe0fc70000 - 0x00007ffe0fca3000 	C:\Windows\System32\qcap.dll
0x00007ffe0c180000 - 0x00007ffe0c343000 	C:\Windows\System32\quartz.dll
0x00007ffe24dc0000 - 0x00007ffe24deb000 	C:\Windows\System32\bcrypt.dll
0x00007ffe286a0000 - 0x00007ffe287fb000 	C:\WINDOWS\System32\MSCTF.dll
0x00007ffe226a0000 - 0x00007ffe226c6000 	C:\WINDOWS\system32\dwmapi.dll
0x00007ffe0fe20000 - 0x00007ffe0fe68000 	C:\Windows\System32\mfksproxy.dll
0x00007ffe14da0000 - 0x00007ffe14dbc000 	C:\Windows\System32\ATL.DLL
0x00007ffe22130000 - 0x00007ffe22298000 	C:\Windows\System32\MFPlat.DLL
0x00007ffe21fe0000 - 0x00007ffe2200e000 	C:\Windows\System32\RTWorkQ.DLL
0x00007ffe0b050000 - 0x00007ffe0b43b000 	C:\Windows\System32\MFCORE.dll
0x00007ffe10140000 - 0x00007ffe10149000 	C:\Windows\System32\ksuser.dll
0x00007ffe24990000 - 0x00007ffe2499b000 	C:\Windows\System32\CRYPTBASE.DLL
0x00007ffe0c9b0000 - 0x00007ffe0ca03000 	C:\Windows\System32\FSClient.dll
0x00007ffe0f250000 - 0x00007ffe0f29d000 	C:\Windows\System32\MFSENSORGROUP.dll
0x00007ffe21b50000 - 0x00007ffe21b5b000 	C:\Windows\System32\AVRT.dll
0x00007ffe1d5c0000 - 0x00007ffe1d5cd000 	C:\Windows\System32\vidcap.ax
0x00007ffe103a0000 - 0x00007ffe103c5000 	C:\Windows\System32\kswdmcap.ax
0x00007ffe0aee0000 - 0x00007ffe0b043000 	C:\Windows\System32\MFC42.dll
0x00007ffe0c7b0000 - 0x00007ffe0c85f000 	C:\Windows\System32\ODBC32.dll
0x00007ffe24810000 - 0x00007ffe2481a000 	C:\Windows\System32\DPAPI.dll
0x00007ffe1b300000 - 0x00007ffe1b343000 	C:\WINDOWS\SYSTEM32\policymanager.dll
0x00007ffe238e0000 - 0x00007ffe23971000 	C:\Windows\System32\msvcp110_win.dll
0x00007ffe08b20000 - 0x00007ffe08bf4000 	C:\Windows\System32\MFReadWrite.dll
0x00007ffe0c0d0000 - 0x00007ffe0c173000 	C:\Windows\System32\qedit.dll
0x00007ffe26050000 - 0x00007ffe2614a000 	C:\WINDOWS\System32\COMDLG32.dll
0x00007ffe1c8d0000 - 0x00007ffe1ca69000 	C:\WINDOWS\WinSxS\amd64_microsoft.windows.gdiplus_6595b64144ccf1df_1.1.14393.187_none_730402f52114ff50\gdiplus.dll
0x00007ffe0a190000 - 0x00007ffe0a287000 	C:\Windows\System32\DDRAW.dll
0x00007ffe1d5b0000 - 0x00007ffe1d5b8000 	C:\Windows\System32\DCIMAN32.dll
0x00007ffe1c040000 - 0x00007ffe1c04c000 	C:\WINDOWS\SYSTEM32\msyuv.dll
0x000000006d5f0000 - 0x000000006d788000 	C:\Program Files\Java\jre1.8.0_101\bin\awt.dll
0x00007ffe233c0000 - 0x00007ffe2343a000 	C:\WINDOWS\SYSTEM32\apphelp.dll
0x000000006c340000 - 0x000000006c387000 	C:\Program Files\Java\jre1.8.0_101\bin\fontmanager.dll
0x00007ffe1ec00000 - 0x00007ffe1edab000 	C:\Windows\System32\uiautomationcore.dll
0x00007ffe24870000 - 0x00007ffe2488f000 	C:\Windows\System32\USERENV.dll
0x00007ffe24df0000 - 0x00007ffe24e88000 	C:\WINDOWS\SYSTEM32\sxs.dll
0x00007ffe1b710000 - 0x00007ffe1b775000 	C:\Windows\System32\OLEACC.dll
0x000000006ccc0000 - 0x000000006ccda000 	C:\Program Files\Java\jre1.8.0_101\bin\net.dll
0x00007ffe24590000 - 0x00007ffe245ec000 	C:\WINDOWS\system32\mswsock.dll
0x00007ffe118c0000 - 0x00007ffe1193d000 	C:\WINDOWS\SYSTEM32\twinapi.dll
0x00007ffe23980000 - 0x00007ffe23a9c000 	C:\WINDOWS\SYSTEM32\twinapi.appcore.dll
0x000000006cca0000 - 0x000000006ccb1000 	C:\Program Files\Java\jre1.8.0_101\bin\nio.dll
0x000000006c2f0000 - 0x000000006c332000 	C:\Program Files\Java\jre1.8.0_101\bin\t2k.dll
0x00007ffe249a0000 - 0x00007ffe249b7000 	C:\WINDOWS\SYSTEM32\CRYPTSP.dll
0x00007ffe247d0000 - 0x00007ffe24803000 	C:\WINDOWS\system32\rsaenh.dll
0x00007ffe24340000 - 0x00007ffe24378000 	C:\WINDOWS\SYSTEM32\IPHLPAPI.DLL
0x00007ffe28690000 - 0x00007ffe28698000 	C:\WINDOWS\System32\NSI.dll
0x00007ffe21410000 - 0x00007ffe21426000 	C:\WINDOWS\SYSTEM32\dhcpcsvc6.DLL
0x00007ffe21ab0000 - 0x00007ffe21aca000 	C:\WINDOWS\SYSTEM32\dhcpcsvc.DLL
0x000000006c1d0000 - 0x000000006c201000 	C:\Program Files\Java\jre1.8.0_101\bin\jpeg.dll
0x00007ffe15970000 - 0x00007ffe15b02000 	C:\WINDOWS\SYSTEM32\dbghelp.dll

VM Arguments:
jvm_args: -Dfile.encoding=Cp1252 
java_command: Test
java_class_path (initial): C:\Users\Ryan McGee\workspace\OpenCV_Test\bin;C:\OpenCV\opencv\build\java\opencv-2413.jar
Launcher Type: SUN_STANDARD

Environment Variables:
PATH=C:/Program Files/Java/jre1.8.0_101/bin/server;C:/Program Files/Java/jre1.8.0_101/bin;C:/Program Files/Java/jre1.8.0_101/lib/amd64;C:\ProgramData\Oracle\Java\javapath;C:\WINDOWS\system32;C:\WINDOWS;C:\WINDOWS\System32\Wbem;C:\WINDOWS\System32\WindowsPowerShell\v1.0\;C:\OpenCV\opencv\build\x64\vc12\bin;C:\Users\Ryan McGee\AppData\Local\Microsoft\WindowsApps;;C:\Users\Ryan McGee\Desktop\backup\eclipse-java-mars-2-win32-x86_64\eclipse;
USERNAME=Ryan McGee
OS=Windows_NT
PROCESSOR_IDENTIFIER=AMD64 Family 21 Model 96 Stepping 1, AuthenticAMD



---------------  S Y S T E M  ---------------

OS: Windows 10.0 , 64 bit Build 14393 (10.0.14393.0)

CPU:total 4 (4 cores per cpu, 1 threads per core) family 21 model 96 stepping 1, cmov, cx8, fxsr, mmx, sse, sse2, sse3, ssse3, sse4.1, sse4.2, popcnt, avx, avx2, aes, clmul, mmxext, 3dnowpref, lzcnt, sse4a, tsc, tscinvbit, tscinv, bmi1

Memory: 4k page, physical 12005976k(8022672k free), swap 13840984k(9062780k free)

vm_info: Java HotSpot(TM) 64-Bit Server VM (25.101-b13) for windows-amd64 JRE (1.8.0_101-b13), built on Jun 22 2016 01:21:29 by "java_re" with MS VC++ 10.0 (VS2010)

time: Fri Sep 30 17:03:48 2016
elapsed time: 131 seconds (0d 0h 2m 11s)

