#
# A fatal error has been detected by the Java Runtime Environment:
#
#  Internal Error (0xc000000d), pid=7744, tid=0x0000000000001a64
#
# JRE version: Java(TM) SE Runtime Environment (8.0_101-b13) (build 1.8.0_101-b13)
# Java VM: Java HotSpot(TM) 64-Bit Server VM (25.101-b13 mixed mode windows-amd64 compressed oops)
# Problematic frame:
# C  [ntdll.dll+0xfe5bc]
#
# Failed to write core dump. Minidumps are not enabled by default on client versions of Windows
#
# If you would like to submit a bug report, please visit:
#   http://bugreport.java.com/bugreport/crash.jsp
#

---------------  T H R E A D  ---------------

Current thread (0x0000000019bc7000):  VMThread [stack: 0x000000001ac60000,0x000000001ad60000] [id=6756]

siginfo: ExceptionCode=0xc000000d

Registers:
RAX=0x0000000000000000, RBX=0x00000000010ca660, RCX=0x0000000000000000, RDX=0x0000000000000000
RSP=0x000000001ad5eb00, RBP=0x0000000000000000, RSI=0x000000001c2153a0, RDI=0x000000001c2221e0
R8 =0x0000000000000000, R9 =0x0000000000000000, R10=0x0000000000000000, R11=0x0000000000000000
R12=0x0000000000000000, R13=0x00000000ffffffff, R14=0x000000001c2024f0, R15=0x000000001c2153a0
RIP=0x00007ffe28bbe5bc, EFLAGS=0x0000000000000206

Top of Stack: (sp=0x000000001ad5eb00)
0x000000001ad5eb00:   0000000000000057 00000000010ca660
0x000000001ad5eb10:   000000001c2153a0 000000001c2221e0
0x000000001ad5eb20:   00000000c000000d 0000000000000000
0x000000001ad5eb30:   00007ffe28bbe5bc 0000000000000000
0x000000001ad5eb40:   0000000000000000 0000000000000000
0x000000001ad5eb50:   0000000000000000 0000000000000000
0x000000001ad5eb60:   0000000000000000 0000000000000000
0x000000001ad5eb70:   0000000000000000 0000000000000000
0x000000001ad5eb80:   0000000000000000 0000000000000000
0x000000001ad5eb90:   0000000000000000 0000000000000000
0x000000001ad5eba0:   0000000000000000 0000000000000000
0x000000001ad5ebb0:   0000000000000000 00007ffe28afc468
0x000000001ad5ebc0:   00003e34905433f1 0000000000000000
0x000000001ad5ebd0:   00003e34905433a1 00007ffe28b809fb
0x000000001ad5ebe0:   0000000000000001 00007ffe08b3e8db
0x000000001ad5ebf0:   0000000001082fb0 000000001ad5ed00 

Instructions: (pc=0x00007ffe28bbe5bc)
0x00007ffe28bbe59c:   d1 fa ff c7 44 24 20 0d 00 00 c0 b9 57 00 00 00
0x00007ffe28bbe5ac:   e8 cf 0f f6 ff 90 48 8d 4c 24 20 e8 54 bb f4 ff
0x00007ffe28bbe5bc:   eb 00 48 8b 8c 24 c0 00 00 00 48 33 cc e8 82 70
0x00007ffe28bbe5cc:   f9 ff 48 81 c4 d8 00 00 00 c3 40 55 48 83 ec 20 


Register to memory mapping:

RAX=0x0000000000000000 is an unknown value
RBX=0x00000000010ca660 is an unknown value
RCX=0x0000000000000000 is an unknown value
RDX=0x0000000000000000 is an unknown value
RSP=0x000000001ad5eb00 is an unknown value
RBP=0x0000000000000000 is an unknown value
RSI=0x000000001c2153a0 is an unknown value
RDI=0x000000001c2221e0 is an unknown value
R8 =0x0000000000000000 is an unknown value
R9 =0x0000000000000000 is an unknown value
R10=0x0000000000000000 is an unknown value
R11=0x0000000000000000 is an unknown value
R12=0x0000000000000000 is an unknown value
R13=0x00000000ffffffff is an unknown value
R14=0x000000001c2024f0 is an unknown value
R15=0x000000001c2153a0 is an unknown value


Stack: [0x000000001ac60000,0x000000001ad60000],  sp=0x000000001ad5eb00,  free space=1018k
Native frames: (J=compiled Java code, j=interpreted, Vv=VM code, C=native code)

VM_Operation (0x0000000021f4d3a0): Exit, mode: safepoint, requested by thread 0x000000001b932000


---------------  P R O C E S S  ---------------

Java Threads: ( => current thread )
  0x00000000207ce800 JavaThread "TimerQueue" daemon [_thread_blocked, id=7724, stack(0x0000000024a80000,0x0000000024b80000)]
  0x000000001b932000 JavaThread "AWT-EventQueue-0" [_thread_blocked, id=1692, stack(0x0000000021e50000,0x0000000021f50000)]
  0x00000000206a3000 JavaThread "AWT-Shutdown" [_thread_blocked, id=3532, stack(0x0000000020f60000,0x0000000021060000)]
  0x00000000206a2800 JavaThread "Java2D Disposer" daemon [_thread_blocked, id=6732, stack(0x0000000020e60000,0x0000000020f60000)]
  0x000000001b578800 JavaThread "Service Thread" daemon [_thread_blocked, id=3808, stack(0x000000001b950000,0x000000001ba50000)]
  0x0000000019c0a800 JavaThread "C1 CompilerThread2" daemon [_thread_blocked, id=6104, stack(0x000000001b450000,0x000000001b550000)]
  0x0000000019c01800 JavaThread "C2 CompilerThread1" daemon [_thread_blocked, id=6804, stack(0x000000001b350000,0x000000001b450000)]
  0x0000000019bfb800 JavaThread "C2 CompilerThread0" daemon [_thread_blocked, id=3268, stack(0x000000001b250000,0x000000001b350000)]
  0x0000000019bfa000 JavaThread "Attach Listener" daemon [_thread_blocked, id=6700, stack(0x000000001b150000,0x000000001b250000)]
  0x0000000019be9800 JavaThread "Finalizer" daemon [_thread_blocked, id=112, stack(0x000000001ae60000,0x000000001af60000)]
  0x0000000002f90000 JavaThread "Reference Handler" daemon [_thread_blocked, id=536, stack(0x000000001ad60000,0x000000001ae60000)]
  0x0000000002ea0800 JavaThread "main" [_thread_in_native, id=4152, stack(0x0000000002da0000,0x0000000002ea0000)]

Other Threads:
=>0x0000000019bc7000 VMThread [stack: 0x000000001ac60000,0x000000001ad60000] [id=6756]

VM state:at safepoint (shutting down)

VM Mutex/Monitor currently owned by a thread:  ([mutex/lock_event])
[0x0000000002d9b3c0] Threads_lock - owner thread: 0x0000000019bc7000

Heap:
 PSYoungGen      total 54784K, used 32685K [0x0000000782f00000, 0x0000000786c00000, 0x00000007c0000000)
  eden space 47104K, 65% used [0x0000000782f00000,0x0000000784ced088,0x0000000785d00000)
  from space 7680K, 26% used [0x0000000785d00000,0x0000000785efe6d8,0x0000000786480000)
  to   space 7680K, 0% used [0x0000000786480000,0x0000000786480000,0x0000000786c00000)
 ParOldGen       total 125952K, used 24K [0x0000000708c00000, 0x0000000710700000, 0x0000000782f00000)
  object space 125952K, 0% used [0x0000000708c00000,0x0000000708c06000,0x0000000710700000)
 Metaspace       used 10958K, capacity 11182K, committed 11392K, reserved 1058816K
  class space    used 1267K, capacity 1358K, committed 1408K, reserved 1048576K

Card table byte_map: [0x0000000012360000,0x0000000012920000] byte_map_base: 0x000000000eb1a000

Marking Bits: (ParMarkBitMap*) 0x000000006d55a6d0
 Begin Bits: [0x0000000013100000, 0x0000000015ed0000)
 End Bits:   [0x0000000015ed0000, 0x0000000018ca0000)

Polling page: 0x0000000002b80000

CodeCache: size=245760Kb used=4193Kb max_used=4202Kb free=241566Kb
 bounds [0x0000000002fa0000, 0x00000000033c0000, 0x0000000011fa0000]
 total_blobs=1859 nmethods=1271 adapters=501
 compilation: enabled

Compilation events (10 events):
Event: 13.507 Thread 0x0000000019c0a800 1268       3       javax.swing.SwingUtilities::getPaintingOrigin (33 bytes)
Event: 13.508 Thread 0x0000000019c0a800 nmethod 1268 0x00000000033b8710 code [0x00000000033b88a0, 0x00000000033b8e08]
Event: 13.508 Thread 0x0000000019c0a800 1267       3       javax.swing.JComponent::paintImmediately (155 bytes)
Event: 13.510 Thread 0x0000000019c0a800 nmethod 1267 0x00000000033b6d90 code [0x00000000033b6fe0, 0x00000000033b8178]
Event: 13.569 Thread 0x0000000019c01800 1269       4       java.util.concurrent.locks.ReentrantLock$NonfairSync::lock (25 bytes)
Event: 13.573 Thread 0x0000000019c01800 nmethod 1269 0x00000000033b68d0 code [0x00000000033b6a40, 0x00000000033b6bc8]
Event: 13.668 Thread 0x0000000019c0a800 1270       3       java.io.File::<init> (47 bytes)
Event: 13.669 Thread 0x0000000019c0a800 nmethod 1270 0x00000000033bbf50 code [0x00000000033bc0e0, 0x00000000033bc468]
Event: 14.023 Thread 0x0000000019c0a800 1271       1       java.util.WeakHashMap::indexFor (6 bytes)
Event: 14.023 Thread 0x0000000019c0a800 nmethod 1271 0x00000000033b6650 code [0x00000000033b67a0, 0x00000000033b6890]

GC Heap History (2 events):
Event: 9.485 GC heap before
{Heap before GC invocations=1 (full 0):
 PSYoungGen      total 54784K, used 47049K [0x0000000782f00000, 0x0000000786c00000, 0x00000007c0000000)
  eden space 47104K, 99% used [0x0000000782f00000,0x0000000785cf25a8,0x0000000785d00000)
  from space 7680K, 0% used [0x0000000786480000,0x0000000786480000,0x0000000786c00000)
  to   space 7680K, 0% used [0x0000000785d00000,0x0000000785d00000,0x0000000786480000)
 ParOldGen       total 125952K, used 0K [0x0000000708c00000, 0x0000000710700000, 0x0000000782f00000)
  object space 125952K, 0% used [0x0000000708c00000,0x0000000708c00000,0x0000000710700000)
 Metaspace       used 10778K, capacity 10990K, committed 11136K, reserved 1058816K
  class space    used 1263K, capacity 1358K, committed 1408K, reserved 1048576K
Event: 9.495 GC heap after
Heap after GC invocations=1 (full 0):
 PSYoungGen      total 54784K, used 2041K [0x0000000782f00000, 0x0000000786c00000, 0x00000007c0000000)
  eden space 47104K, 0% used [0x0000000782f00000,0x0000000782f00000,0x0000000785d00000)
  from space 7680K, 26% used [0x0000000785d00000,0x0000000785efe6d8,0x0000000786480000)
  to   space 7680K, 0% used [0x0000000786480000,0x0000000786480000,0x0000000786c00000)
 ParOldGen       total 125952K, used 24K [0x0000000708c00000, 0x0000000710700000, 0x0000000782f00000)
  object space 125952K, 0% used [0x0000000708c00000,0x0000000708c06000,0x0000000710700000)
 Metaspace       used 10778K, capacity 10990K, committed 11136K, reserved 1058816K
  class space    used 1263K, capacity 1358K, committed 1408K, reserved 1048576K
}

Deoptimization events (0 events):
No events

Internal exceptions (10 events):
Event: 0.097 Thread 0x0000000002ea0800 Exception <a 'java/lang/NoSuchMethodError': Method sun.misc.Unsafe.defineClass(Ljava/lang/String;[BII)Ljava/lang/Class; name or signature does not match> (0x0000000782f07cc0) thrown at [C:\re\workspace\8-2-build-windows-amd64-cygwin\jdk8u101\7261\hotspot\sT‹Ößð¸?
Event: 0.097 Thread 0x0000000002ea0800 Exception <a 'java/lang/NoSuchMethodError': Method sun.misc.Unsafe.prefetchRead(Ljava/lang/Object;J)V name or signature does not match> (0x0000000782f07fa8) thrown at [C:\re\workspace\8-2-build-windows-amd64-cygwin\jdk8u101\7261\hotspot\src\share\vm\prims\5ÀOÌ«íú?
Event: 1.683 Thread 0x0000000002ea0800 Exception <a 'java/security/PrivilegedActionException'> (0x0000000782fda738) thrown at [C:\re\workspace\8-2-build-windows-amd64-cygwin\jdk8u101\7261\hotspot\src\share\vm\prims\jvm.cpp, line 1386]
Event: 1.683 Thread 0x0000000002ea0800 Exception <a 'java/security/PrivilegedActionException'> (0x0000000782fda948) thrown at [C:\re\workspace\8-2-build-windows-amd64-cygwin\jdk8u101\7261\hotspot\src\share\vm\prims\jvm.cpp, line 1386]
Event: 1.685 Thread 0x0000000002ea0800 Exception <a 'java/security/PrivilegedActionException'> (0x0000000782fde590) thrown at [C:\re\workspace\8-2-build-windows-amd64-cygwin\jdk8u101\7261\hotspot\src\share\vm\prims\jvm.cpp, line 1386]
Event: 1.685 Thread 0x0000000002ea0800 Exception <a 'java/security/PrivilegedActionException'> (0x0000000782fde7a0) thrown at [C:\re\workspace\8-2-build-windows-amd64-cygwin\jdk8u101\7261\hotspot\src\share\vm\prims\jvm.cpp, line 1386]
Event: 1.696 Thread 0x0000000002ea0800 Exception <a 'java/io/FileNotFoundException'> (0x0000000782fe0bc0) thrown at [C:\re\workspace\8-2-build-windows-amd64-cygwin\jdk8u101\7261\hotspot\src\share\vm\prims\jni.cpp, line 709]
Event: 1.803 Thread 0x0000000002ea0800 Exception <a 'java/lang/NoSuchFieldError': method resolution failed> (0x0000000783199938) thrown at [C:\re\workspace\8-2-build-windows-amd64-cygwin\jdk8u101\7261\hotspot\src\share\vm\prims\methodHandles.cpp, line 1146]
Event: 1.807 Thread 0x0000000002ea0800 Exception <a 'java/lang/NoSuchFieldError': method resolution failed> (0x00000007831a6d08) thrown at [C:\re\workspace\8-2-build-windows-amd64-cygwin\jdk8u101\7261\hotspot\src\share\vm\prims\methodHandles.cpp, line 1146]
Event: 1.909 Thread 0x0000000002ea0800 Exception <a 'java/io/FileNotFoundException'> (0x000000078323ab60) thrown at [C:\re\workspace\8-2-build-windows-amd64-cygwin\jdk8u101\7261\hotspot\src\share\vm\prims\jni.cpp, line 709]

Events (10 events):
Event: 13.977 loading class java/util/WeakHashMap$HashIterator done
Event: 13.977 loading class java/util/WeakHashMap$KeyIterator done
Event: 13.977 loading class sun/java2d/pipe/hw/AccelDeviceEventNotifier
Event: 13.977 Thread 0x000000001b94e000 Thread exited: 0x000000001b94e000
Event: 13.978 Thread 0x0000000020c02800 Thread exited: 0x0000000020c02800
Event: 13.978 loading class sun/java2d/pipe/hw/AccelDeviceEventNotifier done
Event: 14.051 Thread 0x000000001b8ea800 Thread exited: 0x000000001b8ea800
Event: 14.078 Thread 0x0000000020c02000 Thread exited: 0x0000000020c02000
Event: 14.079 Thread 0x0000000019c04800 Thread exited: 0x0000000019c04800
Event: 14.080 Executing VM operation: Exit


Dynamic libraries:
0x00007ff7a9280000 - 0x00007ff7a92b7000 	C:\Program Files\Java\jre1.8.0_101\bin\javaw.exe
0x00007ffe28ac0000 - 0x00007ffe28c91000 	C:\WINDOWS\SYSTEM32\ntdll.dll
0x00007ffe28800000 - 0x00007ffe288ab000 	C:\WINDOWS\System32\KERNEL32.DLL
0x00007ffe252f0000 - 0x00007ffe2550d000 	C:\WINDOWS\System32\KERNELBASE.dll
0x00007ffe26620000 - 0x00007ffe266c2000 	C:\WINDOWS\System32\ADVAPI32.dll
0x00007ffe267b0000 - 0x00007ffe2684e000 	C:\WINDOWS\System32\msvcrt.dll
0x00007ffe28630000 - 0x00007ffe28689000 	C:\WINDOWS\System32\sechost.dll
0x00007ffe26850000 - 0x00007ffe26971000 	C:\WINDOWS\System32\RPCRT4.dll
0x00007ffe28950000 - 0x00007ffe28ab5000 	C:\WINDOWS\System32\USER32.dll
0x00007ffe25ed0000 - 0x00007ffe25eee000 	C:\WINDOWS\System32\win32u.dll
0x00007ffe270c0000 - 0x00007ffe270f4000 	C:\WINDOWS\System32\GDI32.dll
0x00007ffe250b0000 - 0x00007ffe25232000 	C:\WINDOWS\System32\gdi32full.dll
0x00007ffe1ca70000 - 0x00007ffe1cce9000 	C:\WINDOWS\WinSxS\amd64_microsoft.windows.common-controls_6595b64144ccf1df_6.0.14393.0_none_2d0f50fcbdb171b8\COMCTL32.dll
0x00007ffe26170000 - 0x00007ffe26437000 	C:\WINDOWS\System32\combase.dll
0x00007ffe24fb0000 - 0x00007ffe250a5000 	C:\WINDOWS\System32\ucrtbase.dll
0x00007ffe255b0000 - 0x00007ffe2561a000 	C:\WINDOWS\System32\bcryptPrimitives.dll
0x00007ffe26f50000 - 0x00007ffe26f7e000 	C:\WINDOWS\System32\IMM32.DLL
0x000000006c210000 - 0x000000006c2e2000 	C:\Program Files\Java\jre1.8.0_101\bin\msvcr100.dll
0x000000006cd40000 - 0x000000006d5da000 	C:\Program Files\Java\jre1.8.0_101\bin\server\jvm.dll
0x00007ffe26150000 - 0x00007ffe26158000 	C:\WINDOWS\System32\PSAPI.DLL
0x00007ffe18cb0000 - 0x00007ffe18cb9000 	C:\WINDOWS\SYSTEM32\WSOCK32.dll
0x00007ffe22470000 - 0x00007ffe22493000 	C:\WINDOWS\SYSTEM32\WINMM.dll
0x00007ffe20300000 - 0x00007ffe2030a000 	C:\WINDOWS\SYSTEM32\VERSION.dll
0x0000000002b50000 - 0x0000000002b7b000 	C:\WINDOWS\SYSTEM32\WINMMBASE.dll
0x00007ffe252a0000 - 0x00007ffe252e2000 	C:\WINDOWS\System32\cfgmgr32.dll
0x00007ffe266d0000 - 0x00007ffe2673a000 	C:\WINDOWS\System32\WS2_32.dll
0x000000006cd30000 - 0x000000006cd3f000 	C:\Program Files\Java\jre1.8.0_101\bin\verify.dll
0x000000006cd00000 - 0x000000006cd29000 	C:\Program Files\Java\jre1.8.0_101\bin\java.dll
0x000000006cce0000 - 0x000000006ccf6000 	C:\Program Files\Java\jre1.8.0_101\bin\zip.dll
0x00007ffe27120000 - 0x00007ffe28628000 	C:\WINDOWS\System32\SHELL32.dll
0x00007ffe25620000 - 0x00007ffe25cfa000 	C:\WINDOWS\System32\windows.storage.dll
0x00007ffe24f20000 - 0x00007ffe24f6c000 	C:\WINDOWS\System32\powrprof.dll
0x00007ffe265c0000 - 0x00007ffe26612000 	C:\WINDOWS\System32\shlwapi.dll
0x00007ffe24f70000 - 0x00007ffe24f7f000 	C:\WINDOWS\System32\kernel.appcore.dll
0x00007ffe25fa0000 - 0x00007ffe26049000 	C:\WINDOWS\System32\shcore.dll
0x00007ffe24f80000 - 0x00007ffe24f94000 	C:\WINDOWS\System32\profapi.dll
0x00007ffe0c0b0000 - 0x00007ffe0ca85000 	C:\Program Files\Java\jre1.8.0_101\bin\opencv_java2413.dll
0x00007ffe26f80000 - 0x00007ffe270b7000 	C:\WINDOWS\System32\ole32.dll
0x00007ffe11e40000 - 0x00007ffe11e58000 	C:\WINDOWS\SYSTEM32\AVICAP32.dll
0x00007ffe10020000 - 0x00007ffe10049000 	C:\WINDOWS\SYSTEM32\MSVFW32.dll
0x00007ffe17de0000 - 0x00007ffe17e00000 	C:\WINDOWS\SYSTEM32\AVIFIL32.dll
0x00007ffe264a0000 - 0x00007ffe2655f000 	C:\WINDOWS\System32\OLEAUT32.dll
0x00007ffe25510000 - 0x00007ffe255ac000 	C:\WINDOWS\System32\msvcp_win.dll
0x00007ffe0f2a0000 - 0x00007ffe0f2bc000 	C:\WINDOWS\SYSTEM32\MSACM32.dll
0x00007ffe236b0000 - 0x00007ffe23745000 	C:\WINDOWS\system32\uxtheme.dll
0x00007ffe115d0000 - 0x00007ffe11668000 	C:\Program Files\Common Files\microsoft shared\ink\tiptsf.dll
0x00007ffe288b0000 - 0x00007ffe2894f000 	C:\WINDOWS\System32\clbcatq.dll
0x00007ffe10000000 - 0x00007ffe10018000 	C:\Windows\System32\devenum.dll
0x00007ffe26b20000 - 0x00007ffe26f49000 	C:\WINDOWS\System32\setupapi.dll
0x00007ffe242d0000 - 0x00007ffe24302000 	C:\WINDOWS\SYSTEM32\ntmarta.dll
0x00007ffe23b40000 - 0x00007ffe23b68000 	C:\WINDOWS\SYSTEM32\DEVOBJ.dll
0x00007ffe25240000 - 0x00007ffe25295000 	C:\WINDOWS\System32\WINTRUST.dll
0x00007ffe24fa0000 - 0x00007ffe24fb0000 	C:\WINDOWS\System32\MSASN1.dll
0x00007ffe25d00000 - 0x00007ffe25ec8000 	C:\WINDOWS\System32\CRYPT32.dll
0x00007ffe23250000 - 0x00007ffe2325a000 	C:\WINDOWS\SYSTEM32\msdmo.dll
0x00007ffe0fe30000 - 0x00007ffe0fe63000 	C:\Windows\System32\qcap.dll
0x00007ffe04d80000 - 0x00007ffe04f43000 	C:\Windows\System32\quartz.dll
0x00007ffe24dc0000 - 0x00007ffe24deb000 	C:\Windows\System32\bcrypt.dll
0x00007ffe286a0000 - 0x00007ffe287fb000 	C:\WINDOWS\System32\MSCTF.dll
0x00007ffe226a0000 - 0x00007ffe226c6000 	C:\WINDOWS\system32\dwmapi.dll
0x00007ffe0fc90000 - 0x00007ffe0fcd8000 	C:\Windows\System32\mfksproxy.dll
0x00007ffe14da0000 - 0x00007ffe14dbc000 	C:\Windows\System32\ATL.DLL
0x00007ffe22130000 - 0x00007ffe22298000 	C:\Windows\System32\MFPlat.DLL
0x00007ffe21fe0000 - 0x00007ffe2200e000 	C:\Windows\System32\RTWorkQ.DLL
0x00007ffdf8440000 - 0x00007ffdf882b000 	C:\Windows\System32\MFCORE.dll
0x00007ffe10140000 - 0x00007ffe10149000 	C:\Windows\System32\ksuser.dll
0x00007ffe24990000 - 0x00007ffe2499b000 	C:\Windows\System32\CRYPTBASE.DLL
0x00007ffe0d220000 - 0x00007ffe0d273000 	C:\Windows\System32\FSClient.dll
0x00007ffe0f250000 - 0x00007ffe0f29d000 	C:\Windows\System32\MFSENSORGROUP.dll
0x00007ffe21b50000 - 0x00007ffe21b5b000 	C:\Windows\System32\AVRT.dll
0x00007ffe17dd0000 - 0x00007ffe17ddd000 	C:\Windows\System32\vidcap.ax
0x00007ffe0fe00000 - 0x00007ffe0fe25000 	C:\Windows\System32\kswdmcap.ax
0x00007ffe04b90000 - 0x00007ffe04cf3000 	C:\Windows\System32\MFC42.dll
0x00007ffe04590000 - 0x00007ffe0463f000 	C:\Windows\System32\ODBC32.dll
0x00007ffe24810000 - 0x00007ffe2481a000 	C:\Windows\System32\DPAPI.dll
0x00007ffe1b300000 - 0x00007ffe1b343000 	C:\WINDOWS\SYSTEM32\policymanager.dll
0x00007ffe238e0000 - 0x00007ffe23971000 	C:\Windows\System32\msvcp110_win.dll
0x00007ffe08b20000 - 0x00007ffe08bf4000 	C:\Windows\System32\MFReadWrite.dll
0x00007ffe00700000 - 0x00007ffe007a3000 	C:\Windows\System32\qedit.dll
0x00007ffe26050000 - 0x00007ffe2614a000 	C:\WINDOWS\System32\COMDLG32.dll
0x00007ffe1c8d0000 - 0x00007ffe1ca69000 	C:\WINDOWS\WinSxS\amd64_microsoft.windows.gdiplus_6595b64144ccf1df_1.1.14393.187_none_730402f52114ff50\gdiplus.dll
0x00007ffe003e0000 - 0x00007ffe004d7000 	C:\Windows\System32\DDRAW.dll
0x00007ffe17d40000 - 0x00007ffe17d48000 	C:\Windows\System32\DCIMAN32.dll
0x00007ffe11e00000 - 0x00007ffe11e0c000 	C:\WINDOWS\SYSTEM32\msyuv.dll
0x000000006d5f0000 - 0x000000006d788000 	C:\Program Files\Java\jre1.8.0_101\bin\awt.dll
0x00007ffe233c0000 - 0x00007ffe2343a000 	C:\WINDOWS\SYSTEM32\apphelp.dll
0x000000006c340000 - 0x000000006c387000 	C:\Program Files\Java\jre1.8.0_101\bin\fontmanager.dll
0x00007ffe1ec00000 - 0x00007ffe1edab000 	C:\Windows\System32\uiautomationcore.dll
0x00007ffe24870000 - 0x00007ffe2488f000 	C:\Windows\System32\USERENV.dll
0x00007ffe24df0000 - 0x00007ffe24e88000 	C:\WINDOWS\SYSTEM32\sxs.dll
0x00007ffe1b710000 - 0x00007ffe1b775000 	C:\Windows\System32\OLEACC.dll
0x00007ffe118c0000 - 0x00007ffe1193d000 	C:\WINDOWS\SYSTEM32\twinapi.dll
0x00007ffe23980000 - 0x00007ffe23a9c000 	C:\WINDOWS\SYSTEM32\twinapi.appcore.dll
0x000000006ccc0000 - 0x000000006ccda000 	C:\Program Files\Java\jre1.8.0_101\bin\net.dll
0x00007ffe24590000 - 0x00007ffe245ec000 	C:\WINDOWS\system32\mswsock.dll
0x000000006cca0000 - 0x000000006ccb1000 	C:\Program Files\Java\jre1.8.0_101\bin\nio.dll
0x000000006c2f0000 - 0x000000006c332000 	C:\Program Files\Java\jre1.8.0_101\bin\t2k.dll
0x00007ffe249a0000 - 0x00007ffe249b7000 	C:\WINDOWS\SYSTEM32\CRYPTSP.dll
0x00007ffe247d0000 - 0x00007ffe24803000 	C:\WINDOWS\system32\rsaenh.dll
0x00007ffe24340000 - 0x00007ffe24378000 	C:\WINDOWS\SYSTEM32\IPHLPAPI.DLL
0x00007ffe28690000 - 0x00007ffe28698000 	C:\WINDOWS\System32\NSI.dll
0x00007ffe21410000 - 0x00007ffe21426000 	C:\WINDOWS\SYSTEM32\dhcpcsvc6.DLL
0x00007ffe21ab0000 - 0x00007ffe21aca000 	C:\WINDOWS\SYSTEM32\dhcpcsvc.DLL
0x000000006c1d0000 - 0x000000006c201000 	C:\Program Files\Java\jre1.8.0_101\bin\jpeg.dll
0x00007ffe15970000 - 0x00007ffe15b02000 	C:\WINDOWS\SYSTEM32\dbghelp.dll

VM Arguments:
jvm_args: -Dfile.encoding=Cp1252 
java_command: Test
java_class_path (initial): C:\Users\Ryan McGee\workspace\OpenCV_Test\bin;C:\OpenCV\opencv\build\java\opencv-2413.jar
Launcher Type: SUN_STANDARD

Environment Variables:
PATH=C:/Program Files/Java/jre1.8.0_101/bin/server;C:/Program Files/Java/jre1.8.0_101/bin;C:/Program Files/Java/jre1.8.0_101/lib/amd64;C:\ProgramData\Oracle\Java\javapath;C:\WINDOWS\system32;C:\WINDOWS;C:\WINDOWS\System32\Wbem;C:\WINDOWS\System32\WindowsPowerShell\v1.0\;C:\OpenCV\opencv\build\x64\vc12\bin;C:\Users\Ryan McGee\AppData\Local\Microsoft\WindowsApps;;C:\Users\Ryan McGee\Desktop\backup\eclipse-java-mars-2-win32-x86_64\eclipse;
USERNAME=Ryan McGee
OS=Windows_NT
PROCESSOR_IDENTIFIER=AMD64 Family 21 Model 96 Stepping 1, AuthenticAMD



---------------  S Y S T E M  ---------------

OS: Windows 10.0 , 64 bit Build 14393 (10.0.14393.0)

CPU:total 4 (4 cores per cpu, 1 threads per core) family 21 model 96 stepping 1, cmov, cx8, fxsr, mmx, sse, sse2, sse3, ssse3, sse4.1, sse4.2, popcnt, avx, avx2, aes, clmul, mmxext, 3dnowpref, lzcnt, sse4a, tsc, tscinvbit, tscinv, bmi1

Memory: 4k page, physical 12005976k(8454584k free), swap 13840984k(9486008k free)

vm_info: Java HotSpot(TM) 64-Bit Server VM (25.101-b13) for windows-amd64 JRE (1.8.0_101-b13), built on Jun 22 2016 01:21:29 by "java_re" with MS VC++ 10.0 (VS2010)

time: Fri Sep 30 16:30:02 2016
elapsed time: 15 seconds (0d 0h 0m 15s)

