#
# A fatal error has been detected by the Java Runtime Environment:
#
#  Internal Error (0xc000000d), pid=2552, tid=0x00000000000020ec
#
# JRE version: Java(TM) SE Runtime Environment (8.0_101-b13) (build 1.8.0_101-b13)
# Java VM: Java HotSpot(TM) 64-Bit Server VM (25.101-b13 mixed mode windows-amd64 compressed oops)
# Problematic frame:
# C  [ntdll.dll+0xfe5bc]
#
# Failed to write core dump. Minidumps are not enabled by default on client versions of Windows
#
# If you would like to submit a bug report, please visit:
#   http://bugreport.java.com/bugreport/crash.jsp
#

---------------  T H R E A D  ---------------

Current thread (0x0000000019697000):  VMThread [stack: 0x000000001a730000,0x000000001a830000] [id=8428]

siginfo: ExceptionCode=0xc000000d

Registers:
RAX=0x0000000000000000, RBX=0x0000000000c59010, RCX=0x0000000000000000, RDX=0x0000000000000000
RSP=0x000000001a82ec80, RBP=0x0000000000000000, RSI=0x000000001bf6a850, RDI=0x000000001bf7ba80
R8 =0x0000000000000000, R9 =0x0000000000000000, R10=0x0000000000000000, R11=0x0000000000000000
R12=0x0000000000000000, R13=0x00000000ffffffff, R14=0x000000001bf646d0, R15=0x000000001bf6a850
RIP=0x00007ffe0e2de5bc, EFLAGS=0x0000000000000206

Top of Stack: (sp=0x000000001a82ec80)
0x000000001a82ec80:   0000000000000057 0000000000c59010
0x000000001a82ec90:   000000001bf6a850 000000001bf7ba80
0x000000001a82eca0:   00000000c000000d 0000000000000000
0x000000001a82ecb0:   00007ffe0e2de5bc 0000000000000000
0x000000001a82ecc0:   0000000000000000 0000000000000000
0x000000001a82ecd0:   0000000000000000 0000000000000000
0x000000001a82ece0:   0000000000000000 0000000000000000
0x000000001a82ecf0:   0000000000000000 0000000000000000
0x000000001a82ed00:   0000000000000000 0000000000000000
0x000000001a82ed10:   0000000000000000 0000000000000000
0x000000001a82ed20:   0000000000000000 0000000000000000
0x000000001a82ed30:   0000000000000000 0000000000000010
0x000000001a82ed40:   00004ae17f7fdf52 0000000000000000
0x000000001a82ed50:   000000010000000a 00007ffe0e2a09fb
0x000000001a82ed60:   0000000000000001 00007ffde8bce8db
0x000000001a82ed70:   000000000000000a 0000000000000000 

Instructions: (pc=0x00007ffe0e2de5bc)
0x00007ffe0e2de59c:   d1 fa ff c7 44 24 20 0d 00 00 c0 b9 57 00 00 00
0x00007ffe0e2de5ac:   e8 cf 0f f6 ff 90 48 8d 4c 24 20 e8 54 bb f4 ff
0x00007ffe0e2de5bc:   eb 00 48 8b 8c 24 c0 00 00 00 48 33 cc e8 82 70
0x00007ffe0e2de5cc:   f9 ff 48 81 c4 d8 00 00 00 c3 40 55 48 83 ec 20 


Register to memory mapping:

RAX=0x0000000000000000 is an unknown value
RBX=0x0000000000c59010 is an unknown value
RCX=0x0000000000000000 is an unknown value
RDX=0x0000000000000000 is an unknown value
RSP=0x000000001a82ec80 is an unknown value
RBP=0x0000000000000000 is an unknown value
RSI=0x000000001bf6a850 is an unknown value
RDI=0x000000001bf7ba80 is an unknown value
R8 =0x0000000000000000 is an unknown value
R9 =0x0000000000000000 is an unknown value
R10=0x0000000000000000 is an unknown value
R11=0x0000000000000000 is an unknown value
R12=0x0000000000000000 is an unknown value
R13=0x00000000ffffffff is an unknown value
R14=0x000000001bf646d0 is an unknown value
R15=0x000000001bf6a850 is an unknown value


Stack: [0x000000001a730000,0x000000001a830000],  sp=0x000000001a82ec80,  free space=1019k
Native frames: (J=compiled Java code, j=interpreted, Vv=VM code, C=native code)

VM_Operation (0x0000000021dfcda0): Exit, mode: safepoint, requested by thread 0x0000000020395800


---------------  P R O C E S S  ---------------

Java Threads: ( => current thread )
  0x000000000282e000 JavaThread "DestroyJavaVM" [_thread_blocked, id=5268, stack(0x0000000002830000,0x0000000002930000)]
  0x0000000020395800 JavaThread "AWT-EventQueue-0" [_thread_blocked, id=5004, stack(0x0000000021d00000,0x0000000021e00000)]
  0x000000001b8df000 JavaThread "AWT-Shutdown" [_thread_blocked, id=1908, stack(0x0000000020c10000,0x0000000020d10000)]
  0x000000001b8de800 JavaThread "Java2D Disposer" daemon [_thread_blocked, id=6088, stack(0x0000000020b10000,0x0000000020c10000)]
  0x000000001b569000 JavaThread "Service Thread" daemon [_thread_blocked, id=3148, stack(0x000000001bb40000,0x000000001bc40000)]
  0x000000001972e000 JavaThread "C1 CompilerThread2" daemon [_thread_blocked, id=724, stack(0x000000001ba40000,0x000000001bb40000)]
  0x000000001972d000 JavaThread "C2 CompilerThread1" daemon [_thread_blocked, id=9220, stack(0x000000001b940000,0x000000001ba40000)]
  0x00000000196f4800 JavaThread "C2 CompilerThread0" daemon [_thread_blocked, id=5660, stack(0x000000001b440000,0x000000001b540000)]
  0x00000000196e6000 JavaThread "JDWP Event Helper Thread" daemon [_thread_blocked, id=5792, stack(0x000000001b240000,0x000000001b340000)]
  0x00000000196d6800 JavaThread "JDWP Transport Listener: dt_socket" daemon [_thread_blocked, id=3840, stack(0x000000001b140000,0x000000001b240000)]
  0x00000000196cc800 JavaThread "Attach Listener" daemon [_thread_blocked, id=8180, stack(0x000000001ac20000,0x000000001ad20000)]
  0x00000000196b8800 JavaThread "Finalizer" daemon [_thread_blocked, id=2096, stack(0x000000001a930000,0x000000001aa30000)]
  0x0000000002a21000 JavaThread "Reference Handler" daemon [_thread_blocked, id=7276, stack(0x000000001a830000,0x000000001a930000)]

Other Threads:
=>0x0000000019697000 VMThread [stack: 0x000000001a730000,0x000000001a830000] [id=8428]

VM state:at safepoint (shutting down)

VM Mutex/Monitor currently owned by a thread:  ([mutex/lock_event])
[0x000000000282c8f0] Threads_lock - owner thread: 0x0000000019697000

Heap:
 PSYoungGen      total 54784K, used 12250K [0x0000000782f00000, 0x0000000786c00000, 0x00000007c0000000)
  eden space 47104K, 26% used [0x0000000782f00000,0x0000000783af6b10,0x0000000785d00000)
  from space 7680K, 0% used [0x0000000786480000,0x0000000786480000,0x0000000786c00000)
  to   space 7680K, 0% used [0x0000000785d00000,0x0000000785d00000,0x0000000786480000)
 ParOldGen       total 125952K, used 0K [0x0000000708c00000, 0x0000000710700000, 0x0000000782f00000)
  object space 125952K, 0% used [0x0000000708c00000,0x0000000708c00000,0x0000000710700000)
 Metaspace       used 10095K, capacity 10264K, committed 10624K, reserved 1058816K
  class space    used 1203K, capacity 1291K, committed 1408K, reserved 1048576K

Card table byte_map: [0x0000000011df0000,0x00000000123b0000] byte_map_base: 0x000000000e5aa000

Marking Bits: (ParMarkBitMap*) 0x0000000075eda6d0
 Begin Bits: [0x0000000012b90000, 0x0000000015960000)
 End Bits:   [0x0000000015960000, 0x0000000018730000)

Polling page: 0x00000000027e0000

CodeCache: size=245760Kb used=2045Kb max_used=2050Kb free=243714Kb
 bounds [0x0000000002a30000, 0x0000000002ca0000, 0x0000000011a30000]
 total_blobs=1062 nmethods=410 adapters=574
 compilation: enabled

Compilation events (10 events):
Event: 2.637 Thread 0x000000001972e000  405       1       java.util.concurrent.locks.AbstractOwnableSynchronizer::getExclusiveOwnerThread (5 bytes)
Event: 2.637 Thread 0x000000001972e000 nmethod 405 0x0000000002c30850 code [0x0000000002c309a0, 0x0000000002c30ab0]
Event: 2.637 Thread 0x000000001972e000  406       1       java.awt.Component::getPeer (5 bytes)
Event: 2.637 Thread 0x000000001972e000 nmethod 406 0x0000000002c30590 code [0x0000000002c306e0, 0x0000000002c307f0]
Event: 2.639 Thread 0x000000001972e000  407       1       java.util.concurrent.locks.AbstractQueuedSynchronizer::getState (5 bytes)
Event: 2.639 Thread 0x000000001972e000 nmethod 407 0x0000000002c302d0 code [0x0000000002c30420, 0x0000000002c30530]
Event: 2.641 Thread 0x000000001972e000  408       1       java.util.EventObject::getSource (5 bytes)
Event: 2.642 Thread 0x000000001972e000 nmethod 408 0x0000000002c30010 code [0x0000000002c30160, 0x0000000002c30270]
Event: 2.942 Thread 0x000000001972e000  409       3       java.util.Arrays::copyOf (46 bytes)
Event: 2.943 Thread 0x000000001972e000 nmethod 409 0x0000000002c2f590 code [0x0000000002c2f740, 0x0000000002c2fde8]

GC Heap History (0 events):
No events

Deoptimization events (0 events):
No events

Internal exceptions (10 events):
Event: 0.080 Thread 0x000000000282e000 Exception <a 'java/lang/NoSuchMethodError': Method sun.misc.Unsafe.defineClass(Ljava/lang/String;[BII)Ljava/lang/Class; name or signature does not match> (0x0000000782f07cc0) thrown at [C:\re\workspace\8-2-build-windows-amd64-cygwin\jdk8u101\7261\hotspot\sÏ:;xÈ˜´?
Event: 0.080 Thread 0x000000000282e000 Exception <a 'java/lang/NoSuchMethodError': Method sun.misc.Unsafe.prefetchRead(Ljava/lang/Object;J)V name or signature does not match> (0x0000000782f07fa8) thrown at [C:\re\workspace\8-2-build-windows-amd64-cygwin\jdk8u101\7261\hotspot\src\share\vm\prims\Kæ*@M
ö?
Event: 1.378 Thread 0x000000000282e000 Exception <a 'java/security/PrivilegedActionException'> (0x0000000782fdcf68) thrown at [C:\re\workspace\8-2-build-windows-amd64-cygwin\jdk8u101\7261\hotspot\src\share\vm\prims\jvm.cpp, line 1386]
Event: 1.378 Thread 0x000000000282e000 Exception <a 'java/security/PrivilegedActionException'> (0x0000000782fdd178) thrown at [C:\re\workspace\8-2-build-windows-amd64-cygwin\jdk8u101\7261\hotspot\src\share\vm\prims\jvm.cpp, line 1386]
Event: 1.380 Thread 0x000000000282e000 Exception <a 'java/security/PrivilegedActionException'> (0x0000000782fe0dc0) thrown at [C:\re\workspace\8-2-build-windows-amd64-cygwin\jdk8u101\7261\hotspot\src\share\vm\prims\jvm.cpp, line 1386]
Event: 1.380 Thread 0x000000000282e000 Exception <a 'java/security/PrivilegedActionException'> (0x0000000782fe0fd0) thrown at [C:\re\workspace\8-2-build-windows-amd64-cygwin\jdk8u101\7261\hotspot\src\share\vm\prims\jvm.cpp, line 1386]
Event: 1.390 Thread 0x000000000282e000 Exception <a 'java/io/FileNotFoundException'> (0x0000000782fe33f0) thrown at [C:\re\workspace\8-2-build-windows-amd64-cygwin\jdk8u101\7261\hotspot\src\share\vm\prims\jni.cpp, line 709]
Event: 1.499 Thread 0x000000000282e000 Exception <a 'java/lang/NoSuchFieldError': method resolution failed> (0x0000000783287bb8) thrown at [C:\re\workspace\8-2-build-windows-amd64-cygwin\jdk8u101\7261\hotspot\src\share\vm\prims\methodHandles.cpp, line 1146]
Event: 1.513 Thread 0x000000000282e000 Exception <a 'java/lang/NoSuchFieldError': method resolution failed> (0x0000000783294f88) thrown at [C:\re\workspace\8-2-build-windows-amd64-cygwin\jdk8u101\7261\hotspot\src\share\vm\prims\methodHandles.cpp, line 1146]
Event: 1.618 Thread 0x000000000282e000 Exception <a 'java/io/FileNotFoundException'> (0x0000000783328c00) thrown at [C:\re\workspace\8-2-build-windows-amd64-cygwin\jdk8u101\7261\hotspot\src\share\vm\prims\jni.cpp, line 709]

Events (10 events):
Event: 5.690 loading class sun/java2d/pipe/hw/AccelDeviceEventNotifier done
Event: 5.692 loading class java/util/WeakHashMap$HashIterator
Event: 5.692 loading class java/util/WeakHashMap$HashIterator done
Event: 5.692 loading class java/util/WeakHashMap$KeyIterator done
Event: 5.693 Thread 0x00000000203f1000 Thread exited: 0x00000000203f1000
Event: 5.736 Thread 0x000000001b914800 Thread exited: 0x000000001b914800
Event: 5.789 Thread 0x000000001b60a000 Thread exited: 0x000000001b60a000
Event: 5.792 Thread 0x00000000196e7800 Thread exited: 0x00000000196e7800
Event: 5.792 Thread 0x00000000196cb000 Thread exited: 0x00000000196cb000
Event: 5.792 Executing VM operation: Exit


Dynamic libraries:
0x00007ff6a25a0000 - 0x00007ff6a25d7000 	C:\Program Files\Java\jre1.8.0_101\bin\javaw.exe
0x00007ffe0e1e0000 - 0x00007ffe0e3b1000 	C:\WINDOWS\SYSTEM32\ntdll.dll
0x00007ffe0e030000 - 0x00007ffe0e0db000 	C:\WINDOWS\System32\KERNEL32.DLL
0x00007ffe0b370000 - 0x00007ffe0b58d000 	C:\WINDOWS\System32\KERNELBASE.dll
0x00007ffe0b7d0000 - 0x00007ffe0b872000 	C:\WINDOWS\System32\ADVAPI32.dll
0x00007ffe0bc10000 - 0x00007ffe0bcae000 	C:\WINDOWS\System32\msvcrt.dll
0x00007ffe0e170000 - 0x00007ffe0e1c9000 	C:\WINDOWS\System32\sechost.dll
0x00007ffe0bd20000 - 0x00007ffe0be41000 	C:\WINDOWS\System32\RPCRT4.dll
0x00007ffe0c030000 - 0x00007ffe0c195000 	C:\WINDOWS\System32\USER32.dll
0x00007ffe0a8f0000 - 0x00007ffe0a90e000 	C:\WINDOWS\System32\win32u.dll
0x00007ffe0bff0000 - 0x00007ffe0c024000 	C:\WINDOWS\System32\GDI32.dll
0x00007ffe0b5e0000 - 0x00007ffe0b762000 	C:\WINDOWS\System32\gdi32full.dll
0x00007ffe01dc0000 - 0x00007ffe02039000 	C:\WINDOWS\WinSxS\amd64_microsoft.windows.common-controls_6595b64144ccf1df_6.0.14393.0_none_2d0f50fcbdb171b8\COMCTL32.dll
0x00007ffe0b940000 - 0x00007ffe0bc07000 	C:\WINDOWS\System32\combase.dll
0x00007ffe0a7f0000 - 0x00007ffe0a8e5000 	C:\WINDOWS\System32\ucrtbase.dll
0x00007ffe0a6d0000 - 0x00007ffe0a73a000 	C:\WINDOWS\System32\bcryptPrimitives.dll
0x00007ffe0e140000 - 0x00007ffe0e16e000 	C:\WINDOWS\System32\IMM32.DLL
0x00000000766c0000 - 0x0000000076792000 	C:\Program Files\Java\jre1.8.0_101\bin\msvcr100.dll
0x00000000756c0000 - 0x0000000075f5a000 	C:\Program Files\Java\jre1.8.0_101\bin\server\jvm.dll
0x00007ffe0c1a0000 - 0x00007ffe0c1a8000 	C:\WINDOWS\System32\PSAPI.DLL
0x00007ffdfd520000 - 0x00007ffdfd529000 	C:\WINDOWS\SYSTEM32\WSOCK32.dll
0x00007ffe088b0000 - 0x00007ffe088d3000 	C:\WINDOWS\SYSTEM32\WINMM.dll
0x00007ffe0bcb0000 - 0x00007ffe0bd1a000 	C:\WINDOWS\System32\WS2_32.dll
0x00007ffe05500000 - 0x00007ffe0550a000 	C:\WINDOWS\SYSTEM32\VERSION.dll
0x00007ffe08850000 - 0x00007ffe0887b000 	C:\WINDOWS\SYSTEM32\WINMMBASE.dll
0x00007ffe0b590000 - 0x00007ffe0b5d2000 	C:\WINDOWS\System32\cfgmgr32.dll
0x00000000765f0000 - 0x00000000765ff000 	C:\Program Files\Java\jre1.8.0_101\bin\verify.dll
0x00000000765c0000 - 0x00000000765e9000 	C:\Program Files\Java\jre1.8.0_101\bin\java.dll
0x0000000076680000 - 0x00000000766b5000 	C:\Program Files\Java\jre1.8.0_101\bin\jdwp.dll
0x0000000076670000 - 0x0000000076678000 	C:\Program Files\Java\jre1.8.0_101\bin\npt.dll
0x00000000765a0000 - 0x00000000765b6000 	C:\Program Files\Java\jre1.8.0_101\bin\zip.dll
0x00007ffe0c430000 - 0x00007ffe0d938000 	C:\WINDOWS\System32\SHELL32.dll
0x00007ffe0a910000 - 0x00007ffe0afea000 	C:\WINDOWS\System32\windows.storage.dll
0x00007ffe0a650000 - 0x00007ffe0a69c000 	C:\WINDOWS\System32\powrprof.dll
0x00007ffe0e0e0000 - 0x00007ffe0e132000 	C:\WINDOWS\System32\shlwapi.dll
0x00007ffe0a6c0000 - 0x00007ffe0a6cf000 	C:\WINDOWS\System32\kernel.appcore.dll
0x00007ffe0a740000 - 0x00007ffe0a7e9000 	C:\WINDOWS\System32\shcore.dll
0x00007ffe0a6a0000 - 0x00007ffe0a6b4000 	C:\WINDOWS\System32\profapi.dll
0x0000000076660000 - 0x0000000076669000 	C:\Program Files\Java\jre1.8.0_101\bin\dt_socket.dll
0x00007ffdf8aa0000 - 0x00007ffdf8ab6000 	C:\WINDOWS\system32\napinsp.dll
0x00007ffdf8ec0000 - 0x00007ffdf8eda000 	C:\WINDOWS\system32\pnrpnsp.dll
0x00007ffe088e0000 - 0x00007ffe088f8000 	C:\WINDOWS\system32\NLAapi.dll
0x00007ffe09cb0000 - 0x00007ffe09d0c000 	C:\WINDOWS\System32\mswsock.dll
0x00007ffe09aa0000 - 0x00007ffe09b40000 	C:\WINDOWS\SYSTEM32\DNSAPI.dll
0x00007ffe0e1d0000 - 0x00007ffe0e1d8000 	C:\WINDOWS\System32\NSI.dll
0x00007ffe09a60000 - 0x00007ffe09a98000 	C:\WINDOWS\SYSTEM32\IPHLPAPI.DLL
0x00007ffdf8ee0000 - 0x00007ffdf8eee000 	C:\WINDOWS\System32\winrnr.dll
0x00007ffdfb1b0000 - 0x00007ffdfb1c5000 	C:\WINDOWS\System32\wshbth.dll
0x0000000076840000 - 0x0000000076866000 	C:\Program Files\Bonjour\mdnsNSP.dll
0x00007ffe04500000 - 0x00007ffe0456a000 	C:\WINDOWS\System32\fwpuclnt.dll
0x00007ffe0a590000 - 0x00007ffe0a5bb000 	C:\WINDOWS\SYSTEM32\bcrypt.dll
0x00007ffe04600000 - 0x00007ffe0460a000 	C:\Windows\System32\rasadhlp.dll
0x00007ffde3d90000 - 0x00007ffde4765000 	C:\Program Files\Java\jre1.8.0_101\bin\opencv_java2413.dll
0x00007ffe0da60000 - 0x00007ffe0db97000 	C:\WINDOWS\System32\ole32.dll
0x00007ffe0b880000 - 0x00007ffe0b93f000 	C:\WINDOWS\System32\OLEAUT32.dll
0x00007ffe0aff0000 - 0x00007ffe0b08c000 	C:\WINDOWS\System32\msvcp_win.dll
0x00007ffe083a0000 - 0x00007ffe083c0000 	C:\WINDOWS\SYSTEM32\AVIFIL32.dll
0x00007ffe02c40000 - 0x00007ffe02c69000 	C:\WINDOWS\SYSTEM32\MSVFW32.dll
0x00007ffe05860000 - 0x00007ffe05878000 	C:\WINDOWS\SYSTEM32\AVICAP32.dll
0x00007ffe03670000 - 0x00007ffe0368c000 	C:\WINDOWS\SYSTEM32\MSACM32.dll
0x00007ffe08dd0000 - 0x00007ffe08e65000 	C:\WINDOWS\system32\uxtheme.dll
0x00007ffdff740000 - 0x00007ffdff7d8000 	C:\Program Files\Common Files\microsoft shared\ink\tiptsf.dll
0x00007ffe0d950000 - 0x00007ffe0d9ef000 	C:\WINDOWS\System32\clbcatq.dll
0x00007ffe047c0000 - 0x00007ffe047d8000 	C:\Windows\System32\devenum.dll
0x00007ffe0dba0000 - 0x00007ffe0dfc9000 	C:\WINDOWS\System32\setupapi.dll
0x00007ffe099f0000 - 0x00007ffe09a22000 	C:\WINDOWS\SYSTEM32\ntmarta.dll
0x00007ffe09280000 - 0x00007ffe092a8000 	C:\WINDOWS\SYSTEM32\DEVOBJ.dll
0x00007ffe0b090000 - 0x00007ffe0b0e5000 	C:\WINDOWS\System32\WINTRUST.dll
0x00007ffe0a640000 - 0x00007ffe0a650000 	C:\WINDOWS\System32\MSASN1.dll
0x00007ffe0b1a0000 - 0x00007ffe0b368000 	C:\WINDOWS\System32\CRYPT32.dll
0x00007ffe03bc0000 - 0x00007ffe03bca000 	C:\WINDOWS\SYSTEM32\msdmo.dll
0x00007ffe01410000 - 0x00007ffe01443000 	C:\Windows\System32\qcap.dll
0x00007ffdeb200000 - 0x00007ffdeb3c3000 	C:\Windows\System32\quartz.dll
0x00007ffe0c2d0000 - 0x00007ffe0c42b000 	C:\WINDOWS\System32\MSCTF.dll
0x00007ffe07c60000 - 0x00007ffe07c86000 	C:\WINDOWS\system32\dwmapi.dll
0x00007ffe013c0000 - 0x00007ffe01408000 	C:\Windows\System32\mfksproxy.dll
0x00007ffdfb4e0000 - 0x00007ffdfb4fc000 	C:\Windows\System32\ATL.DLL
0x00007ffe00ec0000 - 0x00007ffe01028000 	C:\Windows\System32\MFPlat.DLL
0x00007ffe02100000 - 0x00007ffe0212e000 	C:\Windows\System32\RTWorkQ.DLL
0x00007ffde5040000 - 0x00007ffde542b000 	C:\Windows\System32\MFCORE.dll
0x00007ffe071e0000 - 0x00007ffe071e9000 	C:\Windows\System32\ksuser.dll
0x00007ffe0a0d0000 - 0x00007ffe0a0db000 	C:\Windows\System32\CRYPTBASE.DLL
0x00007ffe01360000 - 0x00007ffe013b3000 	C:\Windows\System32\FSClient.dll
0x00007ffe00d10000 - 0x00007ffe00d5d000 	C:\Windows\System32\MFSENSORGROUP.dll
0x00007ffe06f70000 - 0x00007ffe06f7b000 	C:\Windows\System32\AVRT.dll
0x00007ffe03930000 - 0x00007ffe0393d000 	C:\Windows\System32\vidcap.ax
0x00007ffdff300000 - 0x00007ffdff325000 	C:\Windows\System32\kswdmcap.ax
0x00007ffde8c90000 - 0x00007ffde8df3000 	C:\Windows\System32\MFC42.dll
0x00007ffde9bd0000 - 0x00007ffde9c7f000 	C:\Windows\System32\ODBC32.dll
0x00007ffe09f30000 - 0x00007ffe09f3a000 	C:\Windows\System32\DPAPI.dll
0x00007ffe08800000 - 0x00007ffe08843000 	C:\WINDOWS\SYSTEM32\policymanager.dll
0x00007ffe09150000 - 0x00007ffe091e1000 	C:\Windows\System32\msvcp110_win.dll
0x00007ffde8bb0000 - 0x00007ffde8c84000 	C:\Windows\System32\MFReadWrite.dll
0x00007ffde4f90000 - 0x00007ffde5033000 	C:\Windows\System32\qedit.dll
0x00007ffe0c1b0000 - 0x00007ffe0c2aa000 	C:\WINDOWS\System32\COMDLG32.dll
0x00007ffe01b80000 - 0x00007ffe01d19000 	C:\WINDOWS\WinSxS\amd64_microsoft.windows.gdiplus_6595b64144ccf1df_1.1.14393.187_none_730402f52114ff50\gdiplus.dll
0x00007ffde4e90000 - 0x00007ffde4f87000 	C:\Windows\System32\DDRAW.dll
0x00007ffe03920000 - 0x00007ffe03928000 	C:\Windows\System32\DCIMAN32.dll
0x00007ffe03400000 - 0x00007ffe0340c000 	C:\WINDOWS\SYSTEM32\msyuv.dll
0x0000000075520000 - 0x00000000756b8000 	C:\Program Files\Java\jre1.8.0_101\bin\awt.dll
0x00007ffe08b90000 - 0x00007ffe08c0a000 	C:\WINDOWS\SYSTEM32\apphelp.dll
0x0000000076610000 - 0x0000000076657000 	C:\Program Files\Java\jre1.8.0_101\bin\fontmanager.dll
0x00007ffdfae50000 - 0x00007ffdfaffb000 	C:\Windows\System32\uiautomationcore.dll
0x00007ffe09f90000 - 0x00007ffe09faf000 	C:\Windows\System32\USERENV.dll
0x00007ffe0a480000 - 0x00007ffe0a518000 	C:\WINDOWS\SYSTEM32\sxs.dll
0x00007ffe002d0000 - 0x00007ffe00335000 	C:\Windows\System32\OLEACC.dll
0x00007ffe00c00000 - 0x00007ffe00c7d000 	C:\WINDOWS\SYSTEM32\twinapi.dll
0x00007ffe08fd0000 - 0x00007ffe090ec000 	C:\WINDOWS\SYSTEM32\twinapi.appcore.dll
0x00007ffe0a0b0000 - 0x00007ffe0a0c7000 	C:\WINDOWS\SYSTEM32\CRYPTSP.dll
0x00007ffe09ef0000 - 0x00007ffe09f23000 	C:\WINDOWS\system32\rsaenh.dll
0x0000000076580000 - 0x000000007659a000 	C:\Program Files\Java\jre1.8.0_101\bin\net.dll
0x00007ffe06360000 - 0x00007ffe06376000 	C:\WINDOWS\SYSTEM32\dhcpcsvc6.DLL
0x00007ffe06340000 - 0x00007ffe0635a000 	C:\WINDOWS\SYSTEM32\dhcpcsvc.DLL
0x0000000076560000 - 0x0000000076571000 	C:\Program Files\Java\jre1.8.0_101\bin\nio.dll
0x00000000764f0000 - 0x0000000076521000 	C:\Program Files\Java\jre1.8.0_101\bin\jpeg.dll
0x0000000074c40000 - 0x0000000074c82000 	C:\Program Files\Java\jre1.8.0_101\bin\t2k.dll
0x00007ffdfa150000 - 0x00007ffdfa2e2000 	C:\WINDOWS\SYSTEM32\dbghelp.dll

VM Arguments:
jvm_args: -agentlib:jdwp=transport=dt_socket,suspend=y,address=localhost:63828 -Dfile.encoding=Cp1252 
java_command: Test
java_class_path (initial): C:\Users\Ryan McGee\workspace\OpenCV_Test\bin;C:\OpenCV\opencv\build\java\opencv-2413.jar
Launcher Type: SUN_STANDARD

Environment Variables:
PATH=C:/Program Files/Java/jre1.8.0_101/bin/server;C:/Program Files/Java/jre1.8.0_101/bin;C:/Program Files/Java/jre1.8.0_101/lib/amd64;C:\ProgramData\Oracle\Java\javapath;C:\WINDOWS\system32;C:\WINDOWS;C:\WINDOWS\System32\Wbem;C:\WINDOWS\System32\WindowsPowerShell\v1.0\;C:\OpenCV\opencv\build\x64\vc12\bin;C:\Users\Ryan McGee\AppData\Local\Microsoft\WindowsApps;;C:\Users\Ryan McGee\Desktop\backup\eclipse-java-mars-2-win32-x86_64\eclipse;
USERNAME=Ryan McGee
OS=Windows_NT
PROCESSOR_IDENTIFIER=AMD64 Family 21 Model 96 Stepping 1, AuthenticAMD



---------------  S Y S T E M  ---------------

OS: Windows 10.0 , 64 bit Build 14393 (10.0.14393.0)

CPU:total 4 (4 cores per cpu, 1 threads per core) family 21 model 96 stepping 1, cmov, cx8, fxsr, mmx, sse, sse2, sse3, ssse3, sse4.1, sse4.2, popcnt, avx, avx2, aes, clmul, mmxext, 3dnowpref, lzcnt, sse4a, tsc, tscinvbit, tscinv, bmi1

Memory: 4k page, physical 12005976k(9218904k free), swap 13840984k(10244912k free)

vm_info: Java HotSpot(TM) 64-Bit Server VM (25.101-b13) for windows-amd64 JRE (1.8.0_101-b13), built on Jun 22 2016 01:21:29 by "java_re" with MS VC++ 10.0 (VS2010)

time: Sat Sep 24 17:06:25 2016
elapsed time: 6 seconds (0d 0h 0m 6s)

