#
# A fatal error has been detected by the Java Runtime Environment:
#
#  Internal Error (0xc000000d), pid=3344, tid=0x0000000000001e3c
#
# JRE version: Java(TM) SE Runtime Environment (8.0_101-b13) (build 1.8.0_101-b13)
# Java VM: Java HotSpot(TM) 64-Bit Server VM (25.101-b13 mixed mode windows-amd64 compressed oops)
# Problematic frame:
# C  [ntdll.dll+0xfe5bc]
#
# Failed to write core dump. Minidumps are not enabled by default on client versions of Windows
#
# If you would like to submit a bug report, please visit:
#   http://bugreport.java.com/bugreport/crash.jsp
#

---------------  T H R E A D  ---------------

Current thread (0x0000000019147000):  VMThread [stack: 0x000000001a1d0000,0x000000001a2d0000] [id=7740]

siginfo: ExceptionCode=0xc000000d

Registers:
RAX=0x0000000000000000, RBX=0x0000000000779070, RCX=0x0000000000000000, RDX=0x0000000000000000
RSP=0x000000001a2ce7d0, RBP=0x0000000000000000, RSI=0x000000001b7353a0, RDI=0x0000000000a5eb10
R8 =0x0000000000000000, R9 =0x0000000000000000, R10=0x0000000000000000, R11=0x0000000000000000
R12=0x0000000000000000, R13=0x00000000ffffffff, R14=0x000000001b7224f0, R15=0x000000001b7353a0
RIP=0x00007ffe28bbe5bc, EFLAGS=0x0000000000000206

Top of Stack: (sp=0x000000001a2ce7d0)
0x000000001a2ce7d0:   0000000000000057 0000000000779070
0x000000001a2ce7e0:   000000001b7353a0 0000000000a5eb10
0x000000001a2ce7f0:   00000000c000000d 0000000000000000
0x000000001a2ce800:   00007ffe28bbe5bc 0000000000000000
0x000000001a2ce810:   0000000000000000 0000000000000000
0x000000001a2ce820:   0000000000000000 0000000000000000
0x000000001a2ce830:   0000000000000000 0000000000000000
0x000000001a2ce840:   0000000000000000 0000000000000000
0x000000001a2ce850:   0000000000000000 0000000000000000
0x000000001a2ce860:   0000000000000000 0000000000000000
0x000000001a2ce870:   0000000000000000 0000000000000000
0x000000001a2ce880:   0000000000000000 00007ffe28afc468
0x000000001a2ce890:   000070274ce373d0 0000000000000000
0x000000001a2ce8a0:   0000000100000008 00007ffe28b809fb
0x000000001a2ce8b0:   000000001a2ce911 00007ffe08b3e8db
0x000000001a2ce8c0:   0000000000000008 0000000000000000 

Instructions: (pc=0x00007ffe28bbe5bc)
0x00007ffe28bbe59c:   d1 fa ff c7 44 24 20 0d 00 00 c0 b9 57 00 00 00
0x00007ffe28bbe5ac:   e8 cf 0f f6 ff 90 48 8d 4c 24 20 e8 54 bb f4 ff
0x00007ffe28bbe5bc:   eb 00 48 8b 8c 24 c0 00 00 00 48 33 cc e8 82 70
0x00007ffe28bbe5cc:   f9 ff 48 81 c4 d8 00 00 00 c3 40 55 48 83 ec 20 


Register to memory mapping:

RAX=0x0000000000000000 is an unknown value
RBX=0x0000000000779070 is an unknown value
RCX=0x0000000000000000 is an unknown value
RDX=0x0000000000000000 is an unknown value
RSP=0x000000001a2ce7d0 is an unknown value
RBP=0x0000000000000000 is an unknown value
RSI=0x000000001b7353a0 is an unknown value
RDI=0x0000000000a5eb10 is an unknown value
R8 =0x0000000000000000 is an unknown value
R9 =0x0000000000000000 is an unknown value
R10=0x0000000000000000 is an unknown value
R11=0x0000000000000000 is an unknown value
R12=0x0000000000000000 is an unknown value
R13=0x00000000ffffffff is an unknown value
R14=0x000000001b7224f0 is an unknown value
R15=0x000000001b7353a0 is an unknown value


Stack: [0x000000001a1d0000,0x000000001a2d0000],  sp=0x000000001a2ce7d0,  free space=1017k
Native frames: (J=compiled Java code, j=interpreted, Vv=VM code, C=native code)

VM_Operation (0x000000002266d0a0): Exit, mode: safepoint, requested by thread 0x000000001aeb0800


---------------  P R O C E S S  ---------------

Java Threads: ( => current thread )
  0x000000001ad62800 JavaThread "TimerQueue" daemon [_thread_blocked, id=3836, stack(0x0000000025bc0000,0x0000000025cc0000)]
  0x000000001aeb0800 JavaThread "AWT-EventQueue-0" [_thread_blocked, id=3980, stack(0x0000000022570000,0x0000000022670000)]
  0x000000001ae86000 JavaThread "AWT-Shutdown" [_thread_blocked, id=116, stack(0x0000000021b70000,0x0000000021c70000)]
  0x00000000212b3800 JavaThread "Java2D Disposer" daemon [_thread_blocked, id=7216, stack(0x0000000021a70000,0x0000000021b70000)]
  0x000000001aae5000 JavaThread "Service Thread" daemon [_thread_blocked, id=5160, stack(0x000000001aec0000,0x000000001afc0000)]
  0x0000000019188800 JavaThread "C1 CompilerThread2" daemon [_thread_blocked, id=4780, stack(0x000000001a9c0000,0x000000001aac0000)]
  0x0000000019182000 JavaThread "C2 CompilerThread1" daemon [_thread_blocked, id=7636, stack(0x000000001a8c0000,0x000000001a9c0000)]
  0x000000001917c800 JavaThread "C2 CompilerThread0" daemon [_thread_blocked, id=7252, stack(0x000000001a7c0000,0x000000001a8c0000)]
  0x000000001917b000 JavaThread "Attach Listener" daemon [_thread_blocked, id=4092, stack(0x000000001a6c0000,0x000000001a7c0000)]
  0x000000001917a000 JavaThread "Signal Dispatcher" daemon [_thread_blocked, id=6012, stack(0x000000001a5c0000,0x000000001a6c0000)]
  0x000000000244d000 JavaThread "Finalizer" daemon [_thread_blocked, id=2928, stack(0x000000001a3d0000,0x000000001a4d0000)]
  0x0000000002442000 JavaThread "Reference Handler" daemon [_thread_blocked, id=7288, stack(0x000000001a2d0000,0x000000001a3d0000)]
  0x0000000002350800 JavaThread "main" [_thread_in_native, id=4348, stack(0x0000000002180000,0x0000000002280000)]

Other Threads:
=>0x0000000019147000 VMThread [stack: 0x000000001a1d0000,0x000000001a2d0000] [id=7740]

VM state:at safepoint (shutting down)

VM Mutex/Monitor currently owned by a thread:  ([mutex/lock_event])
[0x000000000251b3c0] Threads_lock - owner thread: 0x0000000019147000

Heap:
 PSYoungGen      total 54784K, used 40320K [0x0000000782f00000, 0x0000000786c00000, 0x00000007c0000000)
  eden space 47104K, 80% used [0x0000000782f00000,0x0000000785430250,0x0000000785d00000)
  from space 7680K, 29% used [0x0000000786480000,0x00000007866b0018,0x0000000786c00000)
  to   space 7680K, 0% used [0x0000000785d00000,0x0000000785d00000,0x0000000786480000)
 ParOldGen       total 125952K, used 32K [0x0000000708c00000, 0x0000000710700000, 0x0000000782f00000)
  object space 125952K, 0% used [0x0000000708c00000,0x0000000708c08000,0x0000000710700000)
 Metaspace       used 12966K, capacity 13216K, committed 13440K, reserved 1060864K
  class space    used 1561K, capacity 1647K, committed 1664K, reserved 1048576K

Card table byte_map: [0x00000000118e0000,0x0000000011ea0000] byte_map_base: 0x000000000e09a000

Marking Bits: (ParMarkBitMap*) 0x000000006d55a6d0
 Begin Bits: [0x0000000012680000, 0x0000000015450000)
 End Bits:   [0x0000000015450000, 0x0000000018220000)

Polling page: 0x00000000009e0000

CodeCache: size=245760Kb used=5442Kb max_used=5455Kb free=240317Kb
 bounds [0x0000000002520000, 0x0000000002a80000, 0x0000000011520000]
 total_blobs=2250 nmethods=1647 adapters=516
 compilation: enabled

Compilation events (10 events):
Event: 19.038 Thread 0x0000000019188800 1643       1       javax.swing.text.DefaultCaret::getMark (5 bytes)
Event: 19.039 Thread 0x0000000019188800 nmethod 1643 0x0000000002a70c10 code [0x0000000002a70d60, 0x0000000002a70e70]
Event: 19.105 Thread 0x0000000019188800 1644       1       java.awt.Image$1::getSurfaceManager (5 bytes)
Event: 19.106 Thread 0x0000000019188800 nmethod 1644 0x0000000002a70910 code [0x0000000002a70a60, 0x0000000002a70b70]
Event: 19.213 Thread 0x0000000019182000 1645       4       javax.imageio.stream.FileCacheImageInputStream::read (128 bytes)
Event: 19.213 Thread 0x000000001917c800 1646       4       java.io.RandomAccessFile::readFully (45 bytes)
Event: 19.214 Thread 0x000000001917c800 nmethod 1646 0x0000000002a72090 code [0x0000000002a721e0, 0x0000000002a722a8]
Event: 19.228 Thread 0x0000000019182000 nmethod 1645 0x0000000002a72650 code [0x0000000002a72800, 0x0000000002a731d0]
Event: 19.548 Thread 0x0000000019188800 1647       1       java.util.Collections$EmptyList::isEmpty (2 bytes)
Event: 19.549 Thread 0x0000000019188800 nmethod 1647 0x0000000002a72390 code [0x0000000002a724e0, 0x0000000002a725f0]

GC Heap History (4 events):
Event: 7.728 GC heap before
{Heap before GC invocations=1 (full 0):
 PSYoungGen      total 54784K, used 47104K [0x0000000782f00000, 0x0000000786c00000, 0x00000007c0000000)
  eden space 47104K, 100% used [0x0000000782f00000,0x0000000785d00000,0x0000000785d00000)
  from space 7680K, 0% used [0x0000000786480000,0x0000000786480000,0x0000000786c00000)
  to   space 7680K, 0% used [0x0000000785d00000,0x0000000785d00000,0x0000000786480000)
 ParOldGen       total 125952K, used 0K [0x0000000708c00000, 0x0000000710700000, 0x0000000782f00000)
  object space 125952K, 0% used [0x0000000708c00000,0x0000000708c00000,0x0000000710700000)
 Metaspace       used 12415K, capacity 12608K, committed 12928K, reserved 1060864K
  class space    used 1524K, capacity 1615K, committed 1664K, reserved 1048576K
Event: 7.737 GC heap after
Heap after GC invocations=1 (full 0):
 PSYoungGen      total 54784K, used 2344K [0x0000000782f00000, 0x0000000786c00000, 0x00000007c0000000)
  eden space 47104K, 0% used [0x0000000782f00000,0x0000000782f00000,0x0000000785d00000)
  from space 7680K, 30% used [0x0000000785d00000,0x0000000785f4a2b8,0x0000000786480000)
  to   space 7680K, 0% used [0x0000000786480000,0x0000000786480000,0x0000000786c00000)
 ParOldGen       total 125952K, used 24K [0x0000000708c00000, 0x0000000710700000, 0x0000000782f00000)
  object space 125952K, 0% used [0x0000000708c00000,0x0000000708c06000,0x0000000710700000)
 Metaspace       used 12415K, capacity 12608K, committed 12928K, reserved 1060864K
  class space    used 1524K, capacity 1615K, committed 1664K, reserved 1048576K
}
Event: 14.263 GC heap before
{Heap before GC invocations=2 (full 0):
 PSYoungGen      total 54784K, used 49448K [0x0000000782f00000, 0x0000000786c00000, 0x00000007c0000000)
  eden space 47104K, 100% used [0x0000000782f00000,0x0000000785d00000,0x0000000785d00000)
  from space 7680K, 30% used [0x0000000785d00000,0x0000000785f4a2b8,0x0000000786480000)
  to   space 7680K, 0% used [0x0000000786480000,0x0000000786480000,0x0000000786c00000)
 ParOldGen       total 125952K, used 24K [0x0000000708c00000, 0x0000000710700000, 0x0000000782f00000)
  object space 125952K, 0% used [0x0000000708c00000,0x0000000708c06000,0x0000000710700000)
 Metaspace       used 12771K, capacity 12960K, committed 13184K, reserved 1060864K
  class space    used 1559K, capacity 1647K, committed 1664K, reserved 1048576K
Event: 14.271 GC heap after
Heap after GC invocations=2 (full 0):
 PSYoungGen      total 54784K, used 2240K [0x0000000782f00000, 0x0000000786c00000, 0x00000007c0000000)
  eden space 47104K, 0% used [0x0000000782f00000,0x0000000782f00000,0x0000000785d00000)
  from space 7680K, 29% used [0x0000000786480000,0x00000007866b0018,0x0000000786c00000)
  to   space 7680K, 0% used [0x0000000785d00000,0x0000000785d00000,0x0000000786480000)
 ParOldGen       total 125952K, used 32K [0x0000000708c00000, 0x0000000710700000, 0x0000000782f00000)
  object space 125952K, 0% used [0x0000000708c00000,0x0000000708c08000,0x0000000710700000)
 Metaspace       used 12771K, capacity 12960K, committed 13184K, reserved 1060864K
  class space    used 1559K, capacity 1647K, committed 1664K, reserved 1048576K
}

Deoptimization events (4 events):
Event: 12.269 Thread 0x000000001aeb0800 Uncommon trap: reason=class_check action=maybe_recompile pc=0x00000000026a798c method=java.lang.String.equals(Ljava/lang/Object;)Z @ 8
Event: 12.269 Thread 0x000000001aeb0800 Uncommon trap: reason=class_check action=maybe_recompile pc=0x00000000026a798c method=java.lang.String.equals(Ljava/lang/Object;)Z @ 8
Event: 12.269 Thread 0x000000001aeb0800 Uncommon trap: reason=class_check action=maybe_recompile pc=0x00000000026a798c method=java.lang.String.equals(Ljava/lang/Object;)Z @ 8
Event: 12.269 Thread 0x000000001aeb0800 Uncommon trap: reason=class_check action=maybe_recompile pc=0x00000000026a798c method=java.lang.String.equals(Ljava/lang/Object;)Z @ 8

Internal exceptions (10 events):
Event: 0.050 Thread 0x0000000002350800 Exception <a 'java/lang/NoSuchMethodError': Method sun.misc.Unsafe.prefetchRead(Ljava/lang/Object;J)V name or signature does not match> (0x0000000782f07fa8) thrown at [C:\re\workspace\8-2-build-windows-amd64-cygwin\jdk8u101\7261\hotspot\src\share\vm\prims\>Þ«®äð?
Event: 1.056 Thread 0x0000000002350800 Exception <a 'java/security/PrivilegedActionException'> (0x0000000782fdb188) thrown at [C:\re\workspace\8-2-build-windows-amd64-cygwin\jdk8u101\7261\hotspot\src\share\vm\prims\jvm.cpp, line 1386]
Event: 1.056 Thread 0x0000000002350800 Exception <a 'java/security/PrivilegedActionException'> (0x0000000782fdb398) thrown at [C:\re\workspace\8-2-build-windows-amd64-cygwin\jdk8u101\7261\hotspot\src\share\vm\prims\jvm.cpp, line 1386]
Event: 1.058 Thread 0x0000000002350800 Exception <a 'java/security/PrivilegedActionException'> (0x0000000782fdefe0) thrown at [C:\re\workspace\8-2-build-windows-amd64-cygwin\jdk8u101\7261\hotspot\src\share\vm\prims\jvm.cpp, line 1386]
Event: 1.058 Thread 0x0000000002350800 Exception <a 'java/security/PrivilegedActionException'> (0x0000000782fdf1f0) thrown at [C:\re\workspace\8-2-build-windows-amd64-cygwin\jdk8u101\7261\hotspot\src\share\vm\prims\jvm.cpp, line 1386]
Event: 1.069 Thread 0x0000000002350800 Exception <a 'java/io/FileNotFoundException'> (0x0000000782fe1610) thrown at [C:\re\workspace\8-2-build-windows-amd64-cygwin\jdk8u101\7261\hotspot\src\share\vm\prims\jni.cpp, line 709]
Event: 1.178 Thread 0x0000000002350800 Exception <a 'java/lang/NoSuchFieldError': method resolution failed> (0x000000078319a388) thrown at [C:\re\workspace\8-2-build-windows-amd64-cygwin\jdk8u101\7261\hotspot\src\share\vm\prims\methodHandles.cpp, line 1146]
Event: 1.181 Thread 0x0000000002350800 Exception <a 'java/lang/NoSuchFieldError': method resolution failed> (0x00000007831a7758) thrown at [C:\re\workspace\8-2-build-windows-amd64-cygwin\jdk8u101\7261\hotspot\src\share\vm\prims\methodHandles.cpp, line 1146]
Event: 1.262 Thread 0x0000000002350800 Exception <a 'java/io/FileNotFoundException'> (0x000000078323b5f0) thrown at [C:\re\workspace\8-2-build-windows-amd64-cygwin\jdk8u101\7261\hotspot\src\share\vm\prims\jni.cpp, line 709]
Event: 5.889 Thread 0x0000000021455000 Exception <a 'java/lang/ClassCastException': java.lang.Double cannot be cast to java.lang.Integer> (0x0000000783a027c8) thrown at [C:\re\workspace\8-2-build-windows-amd64-cygwin\jdk8u101\7261\hotspot\src\share\vm\interpreter\interpreterRuntime.cpp, line 38;QL“¾©?

Events (10 events):
Event: 19.676 loading class java/util/WeakHashMap$HashIterator
Event: 19.677 loading class java/util/WeakHashMap$HashIterator done
Event: 19.677 loading class java/util/WeakHashMap$KeyIterator done
Event: 19.677 Thread 0x0000000021341000 Thread exited: 0x0000000021341000
Event: 19.677 loading class sun/java2d/pipe/hw/AccelDeviceEventNotifier
Event: 19.678 Thread 0x0000000021818800 Thread exited: 0x0000000021818800
Event: 19.678 loading class sun/java2d/pipe/hw/AccelDeviceEventNotifier done
Event: 19.766 Thread 0x000000001ae8b000 Thread exited: 0x000000001ae8b000
Event: 19.777 Thread 0x0000000021819800 Thread exited: 0x0000000021819800
Event: 19.777 Executing VM operation: Exit


Dynamic libraries:
0x00007ff7a9280000 - 0x00007ff7a92b7000 	C:\Program Files\Java\jre1.8.0_101\bin\javaw.exe
0x00007ffe28ac0000 - 0x00007ffe28c91000 	C:\WINDOWS\SYSTEM32\ntdll.dll
0x00007ffe28800000 - 0x00007ffe288ab000 	C:\WINDOWS\System32\KERNEL32.DLL
0x00007ffe252f0000 - 0x00007ffe2550d000 	C:\WINDOWS\System32\KERNELBASE.dll
0x00007ffe26620000 - 0x00007ffe266c2000 	C:\WINDOWS\System32\ADVAPI32.dll
0x00007ffe267b0000 - 0x00007ffe2684e000 	C:\WINDOWS\System32\msvcrt.dll
0x00007ffe28630000 - 0x00007ffe28689000 	C:\WINDOWS\System32\sechost.dll
0x00007ffe26850000 - 0x00007ffe26971000 	C:\WINDOWS\System32\RPCRT4.dll
0x00007ffe28950000 - 0x00007ffe28ab5000 	C:\WINDOWS\System32\USER32.dll
0x00007ffe25ed0000 - 0x00007ffe25eee000 	C:\WINDOWS\System32\win32u.dll
0x00007ffe270c0000 - 0x00007ffe270f4000 	C:\WINDOWS\System32\GDI32.dll
0x00007ffe250b0000 - 0x00007ffe25232000 	C:\WINDOWS\System32\gdi32full.dll
0x00007ffe1ca70000 - 0x00007ffe1cce9000 	C:\WINDOWS\WinSxS\amd64_microsoft.windows.common-controls_6595b64144ccf1df_6.0.14393.0_none_2d0f50fcbdb171b8\COMCTL32.dll
0x00007ffe26170000 - 0x00007ffe26437000 	C:\WINDOWS\System32\combase.dll
0x00007ffe24fb0000 - 0x00007ffe250a5000 	C:\WINDOWS\System32\ucrtbase.dll
0x00007ffe255b0000 - 0x00007ffe2561a000 	C:\WINDOWS\System32\bcryptPrimitives.dll
0x00007ffe26f50000 - 0x00007ffe26f7e000 	C:\WINDOWS\System32\IMM32.DLL
0x000000006c210000 - 0x000000006c2e2000 	C:\Program Files\Java\jre1.8.0_101\bin\msvcr100.dll
0x000000006cd40000 - 0x000000006d5da000 	C:\Program Files\Java\jre1.8.0_101\bin\server\jvm.dll
0x00007ffe26150000 - 0x00007ffe26158000 	C:\WINDOWS\System32\PSAPI.DLL
0x00007ffe18cb0000 - 0x00007ffe18cb9000 	C:\WINDOWS\SYSTEM32\WSOCK32.dll
0x00007ffe266d0000 - 0x00007ffe2673a000 	C:\WINDOWS\System32\WS2_32.dll
0x00007ffe22470000 - 0x00007ffe22493000 	C:\WINDOWS\SYSTEM32\WINMM.dll
0x00007ffe20300000 - 0x00007ffe2030a000 	C:\WINDOWS\SYSTEM32\VERSION.dll
0x00007ffe22350000 - 0x00007ffe2237b000 	C:\WINDOWS\SYSTEM32\WINMMBASE.dll
0x00007ffe252a0000 - 0x00007ffe252e2000 	C:\WINDOWS\System32\cfgmgr32.dll
0x000000006cd30000 - 0x000000006cd3f000 	C:\Program Files\Java\jre1.8.0_101\bin\verify.dll
0x000000006cd00000 - 0x000000006cd29000 	C:\Program Files\Java\jre1.8.0_101\bin\java.dll
0x000000006cce0000 - 0x000000006ccf6000 	C:\Program Files\Java\jre1.8.0_101\bin\zip.dll
0x00007ffe27120000 - 0x00007ffe28628000 	C:\WINDOWS\System32\SHELL32.dll
0x00007ffe25620000 - 0x00007ffe25cfa000 	C:\WINDOWS\System32\windows.storage.dll
0x00007ffe24f20000 - 0x00007ffe24f6c000 	C:\WINDOWS\System32\powrprof.dll
0x00007ffe265c0000 - 0x00007ffe26612000 	C:\WINDOWS\System32\shlwapi.dll
0x00007ffe24f70000 - 0x00007ffe24f7f000 	C:\WINDOWS\System32\kernel.appcore.dll
0x00007ffe25fa0000 - 0x00007ffe26049000 	C:\WINDOWS\System32\shcore.dll
0x00007ffe24f80000 - 0x00007ffe24f94000 	C:\WINDOWS\System32\profapi.dll
0x00007ffe0a3c0000 - 0x00007ffe0ad95000 	C:\Program Files\Java\jre1.8.0_101\bin\opencv_java2413.dll
0x00007ffe26f80000 - 0x00007ffe270b7000 	C:\WINDOWS\System32\ole32.dll
0x00007ffe17dd0000 - 0x00007ffe17df0000 	C:\WINDOWS\SYSTEM32\AVIFIL32.dll
0x00007ffe0f390000 - 0x00007ffe0f3b9000 	C:\WINDOWS\SYSTEM32\MSVFW32.dll
0x00007ffe264a0000 - 0x00007ffe2655f000 	C:\WINDOWS\System32\OLEAUT32.dll
0x00007ffe0f370000 - 0x00007ffe0f388000 	C:\WINDOWS\SYSTEM32\AVICAP32.dll
0x00007ffe25510000 - 0x00007ffe255ac000 	C:\WINDOWS\System32\msvcp_win.dll
0x00007ffe0f2a0000 - 0x00007ffe0f2bc000 	C:\WINDOWS\SYSTEM32\MSACM32.dll
0x00007ffe236b0000 - 0x00007ffe23745000 	C:\WINDOWS\system32\uxtheme.dll
0x00007ffe115d0000 - 0x00007ffe11668000 	C:\Program Files\Common Files\microsoft shared\ink\tiptsf.dll
0x00007ffe288b0000 - 0x00007ffe2894f000 	C:\WINDOWS\System32\clbcatq.dll
0x00007ffe0f2e0000 - 0x00007ffe0f2f8000 	C:\Windows\System32\devenum.dll
0x00007ffe26b20000 - 0x00007ffe26f49000 	C:\WINDOWS\System32\setupapi.dll
0x00007ffe242d0000 - 0x00007ffe24302000 	C:\WINDOWS\SYSTEM32\ntmarta.dll
0x00007ffe23b40000 - 0x00007ffe23b68000 	C:\WINDOWS\SYSTEM32\DEVOBJ.dll
0x00007ffe25240000 - 0x00007ffe25295000 	C:\WINDOWS\System32\WINTRUST.dll
0x00007ffe24fa0000 - 0x00007ffe24fb0000 	C:\WINDOWS\System32\MSASN1.dll
0x00007ffe25d00000 - 0x00007ffe25ec8000 	C:\WINDOWS\System32\CRYPT32.dll
0x00007ffe1d5d0000 - 0x00007ffe1d5da000 	C:\WINDOWS\SYSTEM32\msdmo.dll
0x00007ffe0ee30000 - 0x00007ffe0ee63000 	C:\Windows\System32\qcap.dll
0x00007ffe0c100000 - 0x00007ffe0c2c3000 	C:\Windows\System32\quartz.dll
0x00007ffe24dc0000 - 0x00007ffe24deb000 	C:\Windows\System32\bcrypt.dll
0x00007ffe286a0000 - 0x00007ffe287fb000 	C:\WINDOWS\System32\MSCTF.dll
0x00007ffe226a0000 - 0x00007ffe226c6000 	C:\WINDOWS\system32\dwmapi.dll
0x00007ffe0dfe0000 - 0x00007ffe0e028000 	C:\Windows\System32\mfksproxy.dll
0x00007ffe14da0000 - 0x00007ffe14dbc000 	C:\Windows\System32\ATL.DLL
0x00007ffe22130000 - 0x00007ffe22298000 	C:\Windows\System32\MFPlat.DLL
0x00007ffe21fe0000 - 0x00007ffe2200e000 	C:\Windows\System32\RTWorkQ.DLL
0x00007ffe0b050000 - 0x00007ffe0b43b000 	C:\Windows\System32\MFCORE.dll
0x00007ffe10140000 - 0x00007ffe10149000 	C:\Windows\System32\ksuser.dll
0x00007ffe24990000 - 0x00007ffe2499b000 	C:\Windows\System32\CRYPTBASE.DLL
0x00007ffe0df80000 - 0x00007ffe0dfd3000 	C:\Windows\System32\FSClient.dll
0x00007ffe0f250000 - 0x00007ffe0f29d000 	C:\Windows\System32\MFSENSORGROUP.dll
0x00007ffe21b50000 - 0x00007ffe21b5b000 	C:\Windows\System32\AVRT.dll
0x00007ffe1c040000 - 0x00007ffe1c04d000 	C:\Windows\System32\vidcap.ax
0x00007ffe0e180000 - 0x00007ffe0e1a5000 	C:\Windows\System32\kswdmcap.ax
0x00007ffe09fe0000 - 0x00007ffe0a143000 	C:\Windows\System32\MFC42.dll
0x00007ffe0ae50000 - 0x00007ffe0aeff000 	C:\Windows\System32\ODBC32.dll
0x00007ffe24810000 - 0x00007ffe2481a000 	C:\Windows\System32\DPAPI.dll
0x00007ffe1b300000 - 0x00007ffe1b343000 	C:\WINDOWS\SYSTEM32\policymanager.dll
0x00007ffe238e0000 - 0x00007ffe23971000 	C:\Windows\System32\msvcp110_win.dll
0x00007ffe08b20000 - 0x00007ffe08bf4000 	C:\Windows\System32\MFReadWrite.dll
0x00007ffe09f30000 - 0x00007ffe09fd3000 	C:\Windows\System32\qedit.dll
0x00007ffe26050000 - 0x00007ffe2614a000 	C:\WINDOWS\System32\COMDLG32.dll
0x00007ffe1c8d0000 - 0x00007ffe1ca69000 	C:\WINDOWS\WinSxS\amd64_microsoft.windows.gdiplus_6595b64144ccf1df_1.1.14393.187_none_730402f52114ff50\gdiplus.dll
0x00007ffe09db0000 - 0x00007ffe09ea7000 	C:\Windows\System32\DDRAW.dll
0x00007ffe15b70000 - 0x00007ffe15b78000 	C:\Windows\System32\DCIMAN32.dll
0x00007ffe12700000 - 0x00007ffe1270c000 	C:\WINDOWS\SYSTEM32\msyuv.dll
0x000000006d5f0000 - 0x000000006d788000 	C:\Program Files\Java\jre1.8.0_101\bin\awt.dll
0x00007ffe233c0000 - 0x00007ffe2343a000 	C:\WINDOWS\SYSTEM32\apphelp.dll
0x00007ffe1ec00000 - 0x00007ffe1edab000 	C:\Windows\System32\uiautomationcore.dll
0x00007ffe24870000 - 0x00007ffe2488f000 	C:\Windows\System32\USERENV.dll
0x00007ffe24df0000 - 0x00007ffe24e88000 	C:\WINDOWS\SYSTEM32\sxs.dll
0x000000006c340000 - 0x000000006c387000 	C:\Program Files\Java\jre1.8.0_101\bin\fontmanager.dll
0x000000006ccc0000 - 0x000000006ccda000 	C:\Program Files\Java\jre1.8.0_101\bin\net.dll
0x00007ffe24590000 - 0x00007ffe245ec000 	C:\WINDOWS\system32\mswsock.dll
0x000000006cca0000 - 0x000000006ccb1000 	C:\Program Files\Java\jre1.8.0_101\bin\nio.dll
0x000000006c2f0000 - 0x000000006c332000 	C:\Program Files\Java\jre1.8.0_101\bin\t2k.dll
0x00007ffe21510000 - 0x00007ffe216b8000 	C:\WINDOWS\SYSTEM32\WindowsCodecs.dll
0x00007ffe0f4d0000 - 0x00007ffe0f519000 	C:\WINDOWS\system32\dataexchange.dll
0x00007ffe22ae0000 - 0x00007ffe22d96000 	C:\WINDOWS\system32\d3d11.dll
0x00007ffe22da0000 - 0x00007ffe22ef1000 	C:\WINDOWS\system32\dcomp.dll
0x00007ffe23f60000 - 0x00007ffe23fff000 	C:\WINDOWS\system32\dxgi.dll
0x00007ffe23980000 - 0x00007ffe23a9c000 	C:\WINDOWS\system32\twinapi.appcore.dll
0x00007ffe249a0000 - 0x00007ffe249b7000 	C:\WINDOWS\SYSTEM32\CRYPTSP.dll
0x00007ffe247d0000 - 0x00007ffe24803000 	C:\WINDOWS\system32\rsaenh.dll
0x00007ffe24340000 - 0x00007ffe24378000 	C:\WINDOWS\SYSTEM32\IPHLPAPI.DLL
0x00007ffe28690000 - 0x00007ffe28698000 	C:\WINDOWS\System32\NSI.dll
0x00007ffe21410000 - 0x00007ffe21426000 	C:\WINDOWS\SYSTEM32\dhcpcsvc6.DLL
0x00007ffe21ab0000 - 0x00007ffe21aca000 	C:\WINDOWS\SYSTEM32\dhcpcsvc.DLL
0x000000006c1d0000 - 0x000000006c201000 	C:\Program Files\Java\jre1.8.0_101\bin\jpeg.dll
0x00007ffe1b710000 - 0x00007ffe1b775000 	C:\Windows\System32\OLEACC.dll
0x00007ffe118c0000 - 0x00007ffe1193d000 	C:\WINDOWS\SYSTEM32\twinapi.dll
0x00007ffe15970000 - 0x00007ffe15b02000 	C:\WINDOWS\SYSTEM32\dbghelp.dll

VM Arguments:
jvm_args: -Dfile.encoding=Cp1252 
java_command: Test
java_class_path (initial): C:\Users\Ryan McGee\workspace\OpenCV_Test\bin;C:\OpenCV\opencv\build\java\opencv-2413.jar
Launcher Type: SUN_STANDARD

Environment Variables:
PATH=C:/Program Files/Java/jre1.8.0_101/bin/server;C:/Program Files/Java/jre1.8.0_101/bin;C:/Program Files/Java/jre1.8.0_101/lib/amd64;C:\ProgramData\Oracle\Java\javapath;C:\WINDOWS\system32;C:\WINDOWS;C:\WINDOWS\System32\Wbem;C:\WINDOWS\System32\WindowsPowerShell\v1.0\;C:\OpenCV\opencv\build\x64\vc12\bin;C:\Users\Ryan McGee\AppData\Local\Microsoft\WindowsApps;;C:\Users\Ryan McGee\Desktop\backup\eclipse-java-mars-2-win32-x86_64\eclipse;
USERNAME=Ryan McGee
OS=Windows_NT
PROCESSOR_IDENTIFIER=AMD64 Family 21 Model 96 Stepping 1, AuthenticAMD



---------------  S Y S T E M  ---------------

OS: Windows 10.0 , 64 bit Build 14393 (10.0.14393.0)

CPU:total 4 (4 cores per cpu, 1 threads per core) family 21 model 96 stepping 1, cmov, cx8, fxsr, mmx, sse, sse2, sse3, ssse3, sse4.1, sse4.2, popcnt, avx, avx2, aes, clmul, mmxext, 3dnowpref, lzcnt, sse4a, tsc, tscinvbit, tscinv, bmi1

Memory: 4k page, physical 12005976k(8259860k free), swap 13840984k(9409080k free)

vm_info: Java HotSpot(TM) 64-Bit Server VM (25.101-b13) for windows-amd64 JRE (1.8.0_101-b13), built on Jun 22 2016 01:21:29 by "java_re" with MS VC++ 10.0 (VS2010)

time: Fri Sep 30 18:44:05 2016
elapsed time: 20 seconds (0d 0h 0m 20s)

