#
# A fatal error has been detected by the Java Runtime Environment:
#
#  Internal Error (0xc000000d), pid=6016, tid=0x000000000000197c
#
# JRE version: Java(TM) SE Runtime Environment (8.0_101-b13) (build 1.8.0_101-b13)
# Java VM: Java HotSpot(TM) 64-Bit Server VM (25.101-b13 mixed mode windows-amd64 compressed oops)
# Problematic frame:
# C  [ntdll.dll+0xfe5bc]
#
# Failed to write core dump. Minidumps are not enabled by default on client versions of Windows
#
# If you would like to submit a bug report, please visit:
#   http://bugreport.java.com/bugreport/crash.jsp
#

---------------  T H R E A D  ---------------

Current thread (0x0000000019d77000):  VMThread [stack: 0x000000001ae10000,0x000000001af10000] [id=6524]

siginfo: ExceptionCode=0xc000000d

Registers:
RAX=0x0000000000000000, RBX=0x00000000013a0090, RCX=0x0000000000000000, RDX=0x0000000000000000
RSP=0x000000001af0ec40, RBP=0x0000000000000000, RSI=0x00000000017deb10, RDI=0x000000001c4ac2a0
R8 =0x0000000000000000, R9 =0x0000000000000000, R10=0x0000000000000000, R11=0x0000000000000000
R12=0x0000000000000000, R13=0x00000000ffffffff, R14=0x000000001c4924f0, R15=0x00000000017deb10
RIP=0x00007ffe28bbe5bc, EFLAGS=0x0000000000000202

Top of Stack: (sp=0x000000001af0ec40)
0x000000001af0ec40:   0000000000000057 00000000013a0090
0x000000001af0ec50:   00000000017deb10 000000001c4ac2a0
0x000000001af0ec60:   00000000c000000d 0000000000000000
0x000000001af0ec70:   00007ffe28bbe5bc 0000000000000000
0x000000001af0ec80:   0000000000000000 0000000000000000
0x000000001af0ec90:   0000000000000000 0000000000000000
0x000000001af0eca0:   0000000000000000 0000000000000000
0x000000001af0ecb0:   0000000000000000 0000000000000000
0x000000001af0ecc0:   0000000000000000 0000000000000000
0x000000001af0ecd0:   0000000000000000 0000000000000000
0x000000001af0ece0:   0000000000000000 0000000000000000
0x000000001af0ecf0:   0000000000000000 00007ffe28afc468
0x000000001af0ed00:   00001cb6c4276f9d 0000000000000000
0x000000001af0ed10:   0000000100000008 00007ffe28b809fb
0x000000001af0ed20:   0000000000000001 00007ffe08b3e8db
0x000000001af0ed30:   0000000000000008 0000000000000000 

Instructions: (pc=0x00007ffe28bbe5bc)
0x00007ffe28bbe59c:   d1 fa ff c7 44 24 20 0d 00 00 c0 b9 57 00 00 00
0x00007ffe28bbe5ac:   e8 cf 0f f6 ff 90 48 8d 4c 24 20 e8 54 bb f4 ff
0x00007ffe28bbe5bc:   eb 00 48 8b 8c 24 c0 00 00 00 48 33 cc e8 82 70
0x00007ffe28bbe5cc:   f9 ff 48 81 c4 d8 00 00 00 c3 40 55 48 83 ec 20 


Register to memory mapping:

RAX=0x0000000000000000 is an unknown value
RBX=0x00000000013a0090 is an unknown value
RCX=0x0000000000000000 is an unknown value
RDX=0x0000000000000000 is an unknown value
RSP=0x000000001af0ec40 is an unknown value
RBP=0x0000000000000000 is an unknown value
RSI=0x00000000017deb10 is an unknown value
RDI=0x000000001c4ac2a0 is an unknown value
R8 =0x0000000000000000 is an unknown value
R9 =0x0000000000000000 is an unknown value
R10=0x0000000000000000 is an unknown value
R11=0x0000000000000000 is an unknown value
R12=0x0000000000000000 is an unknown value
R13=0x00000000ffffffff is an unknown value
R14=0x000000001c4924f0 is an unknown value
R15=0x00000000017deb10 is an unknown value


Stack: [0x000000001ae10000,0x000000001af10000],  sp=0x000000001af0ec40,  free space=1019k
Native frames: (J=compiled Java code, j=interpreted, Vv=VM code, C=native code)

VM_Operation (0x00000000220bd2a0): Exit, mode: safepoint, requested by thread 0x00000000208f6800


---------------  P R O C E S S  ---------------

Java Threads: ( => current thread )
  0x00000000208f6800 JavaThread "AWT-EventQueue-0" [_thread_blocked, id=3432, stack(0x0000000021fc0000,0x00000000220c0000)]
  0x000000001bbf1800 JavaThread "AWT-Shutdown" [_thread_blocked, id=6876, stack(0x00000000210d0000,0x00000000211d0000)]
  0x000000001bbed800 JavaThread "Java2D Disposer" daemon [_thread_blocked, id=6536, stack(0x00000000207d0000,0x00000000208d0000)]
  0x0000000019e0e800 JavaThread "Service Thread" daemon [_thread_blocked, id=6284, stack(0x000000001bc00000,0x000000001bd00000)]
  0x0000000019dc3800 JavaThread "C1 CompilerThread2" daemon [_thread_blocked, id=3892, stack(0x000000001b700000,0x000000001b800000)]
  0x0000000019db6800 JavaThread "C2 CompilerThread1" daemon [_thread_blocked, id=6300, stack(0x000000001b600000,0x000000001b700000)]
  0x0000000019dad800 JavaThread "C2 CompilerThread0" daemon [_thread_blocked, id=4884, stack(0x000000001b500000,0x000000001b600000)]
  0x0000000019dac800 JavaThread "Attach Listener" daemon [_thread_blocked, id=6044, stack(0x000000001b400000,0x000000001b500000)]
  0x0000000019dab000 JavaThread "Signal Dispatcher" daemon [_thread_blocked, id=2368, stack(0x000000001b300000,0x000000001b400000)]
  0x000000000310d800 JavaThread "Finalizer" daemon [_thread_blocked, id=3840, stack(0x000000001b010000,0x000000001b110000)]
  0x0000000003102800 JavaThread "Reference Handler" daemon [_thread_blocked, id=3276, stack(0x000000001af10000,0x000000001b010000)]
  0x0000000003010800 JavaThread "main" [_thread_in_native, id=6376, stack(0x0000000002f00000,0x0000000003000000)]

Other Threads:
=>0x0000000019d77000 VMThread [stack: 0x000000001ae10000,0x000000001af10000] [id=6524]

VM state:at safepoint (shutting down)

VM Mutex/Monitor currently owned by a thread:  ([mutex/lock_event])
[0x000000000300b7c0] Threads_lock - owner thread: 0x0000000019d77000

Heap:
 PSYoungGen      total 54784K, used 15277K [0x0000000782f00000, 0x0000000786c00000, 0x00000007c0000000)
  eden space 47104K, 24% used [0x0000000782f00000,0x0000000783a7a2c8,0x0000000785d00000)
  from space 7680K, 45% used [0x0000000785d00000,0x0000000786071510,0x0000000786480000)
  to   space 7680K, 0% used [0x0000000786480000,0x0000000786480000,0x0000000786c00000)
 ParOldGen       total 125952K, used 16K [0x0000000708c00000, 0x0000000710700000, 0x0000000782f00000)
  object space 125952K, 0% used [0x0000000708c00000,0x0000000708c04000,0x0000000710700000)
 Metaspace       used 10044K, capacity 10204K, committed 10368K, reserved 1058816K
  class space    used 1212K, capacity 1293K, committed 1408K, reserved 1048576K

Card table byte_map: [0x00000000124d0000,0x0000000012a90000] byte_map_base: 0x000000000ec8a000

Marking Bits: (ParMarkBitMap*) 0x000000006d55a6d0
 Begin Bits: [0x0000000013270000, 0x0000000016040000)
 End Bits:   [0x0000000016040000, 0x0000000018e10000)

Polling page: 0x0000000001790000

CodeCache: size=245760Kb used=2307Kb max_used=2307Kb free=243452Kb
 bounds [0x0000000003110000, 0x0000000003380000, 0x0000000012110000]
 total_blobs=1155 nmethods=575 adapters=494
 compilation: enabled

Compilation events (10 events):
Event: 4.385 Thread 0x0000000019dc3800  571       3       javax.imageio.stream.ImageInputStreamImpl::getStreamPosition (9 bytes)
Event: 4.386 Thread 0x0000000019dc3800 nmethod 571 0x000000000334fd10 code [0x000000000334fe80, 0x00000000033501a8]
Event: 4.386 Thread 0x0000000019dc3800  572       3       java.lang.Long::longValue (5 bytes)
Event: 4.386 Thread 0x0000000019dc3800 nmethod 572 0x00000000033502d0 code [0x0000000003350420, 0x0000000003350570]
Event: 4.418 Thread 0x0000000019dc3800  573       3       java.util.IdentityHashMap::get (60 bytes)
Event: 4.419 Thread 0x0000000019dc3800 nmethod 573 0x00000000033505d0 code [0x0000000003350780, 0x0000000003350c28]
Event: 4.419 Thread 0x0000000019dc3800  574       3       javax.swing.JComponent::getHeight (5 bytes)
Event: 4.419 Thread 0x0000000019dc3800 nmethod 574 0x0000000003350e50 code [0x0000000003350fa0, 0x0000000003351110]
Event: 4.574 Thread 0x0000000019dc3800  575       3       javax.imageio.stream.ImageInputStreamImpl::seek (34 bytes)
Event: 4.575 Thread 0x0000000019dc3800 nmethod 575 0x0000000003351190 code [0x0000000003351320, 0x0000000003351718]

GC Heap History (2 events):
Event: 4.285 GC heap before
{Heap before GC invocations=1 (full 0):
 PSYoungGen      total 54784K, used 47104K [0x0000000782f00000, 0x0000000786c00000, 0x00000007c0000000)
  eden space 47104K, 100% used [0x0000000782f00000,0x0000000785d00000,0x0000000785d00000)
  from space 7680K, 0% used [0x0000000786480000,0x0000000786480000,0x0000000786c00000)
  to   space 7680K, 0% used [0x0000000785d00000,0x0000000785d00000,0x0000000786480000)
 ParOldGen       total 125952K, used 0K [0x0000000708c00000, 0x0000000710700000, 0x0000000782f00000)
  object space 125952K, 0% used [0x0000000708c00000,0x0000000708c00000,0x0000000710700000)
 Metaspace       used 10029K, capacity 10204K, committed 10368K, reserved 1058816K
  class space    used 1210K, capacity 1293K, committed 1408K, reserved 1048576K
Event: 4.295 GC heap after
Heap after GC invocations=1 (full 0):
 PSYoungGen      total 54784K, used 3525K [0x0000000782f00000, 0x0000000786c00000, 0x00000007c0000000)
  eden space 47104K, 0% used [0x0000000782f00000,0x0000000782f00000,0x0000000785d00000)
  from space 7680K, 45% used [0x0000000785d00000,0x0000000786071510,0x0000000786480000)
  to   space 7680K, 0% used [0x0000000786480000,0x0000000786480000,0x0000000786c00000)
 ParOldGen       total 125952K, used 16K [0x0000000708c00000, 0x0000000710700000, 0x0000000782f00000)
  object space 125952K, 0% used [0x0000000708c00000,0x0000000708c04000,0x0000000710700000)
 Metaspace       used 10029K, capacity 10204K, committed 10368K, reserved 1058816K
  class space    used 1210K, capacity 1293K, committed 1408K, reserved 1048576K
}

Deoptimization events (0 events):
No events

Internal exceptions (10 events):
Event: 0.088 Thread 0x0000000003010800 Exception <a 'java/lang/NoSuchMethodError': Method sun.misc.Unsafe.defineClass(Ljava/lang/String;[BII)Ljava/lang/Class; name or signature does not match> (0x0000000782f07cc0) thrown at [C:\re\workspace\8-2-build-windows-amd64-cygwin\jdk8u101\7261\hotspot\s9Üøl¥—¶?
Event: 0.088 Thread 0x0000000003010800 Exception <a 'java/lang/NoSuchMethodError': Method sun.misc.Unsafe.prefetchRead(Ljava/lang/Object;J)V name or signature does not match> (0x0000000782f07fa8) thrown at [C:\re\workspace\8-2-build-windows-amd64-cygwin\jdk8u101\7261\hotspot\src\share\vm\prims\¼|–µ¾ô?
Event: 1.255 Thread 0x0000000003010800 Exception <a 'java/security/PrivilegedActionException'> (0x00000007830e8510) thrown at [C:\re\workspace\8-2-build-windows-amd64-cygwin\jdk8u101\7261\hotspot\src\share\vm\prims\jvm.cpp, line 1386]
Event: 1.255 Thread 0x0000000003010800 Exception <a 'java/security/PrivilegedActionException'> (0x00000007830e8908) thrown at [C:\re\workspace\8-2-build-windows-amd64-cygwin\jdk8u101\7261\hotspot\src\share\vm\prims\jvm.cpp, line 1386]
Event: 1.257 Thread 0x0000000003010800 Exception <a 'java/security/PrivilegedActionException'> (0x00000007830ec738) thrown at [C:\re\workspace\8-2-build-windows-amd64-cygwin\jdk8u101\7261\hotspot\src\share\vm\prims\jvm.cpp, line 1386]
Event: 1.257 Thread 0x0000000003010800 Exception <a 'java/security/PrivilegedActionException'> (0x00000007830ecb30) thrown at [C:\re\workspace\8-2-build-windows-amd64-cygwin\jdk8u101\7261\hotspot\src\share\vm\prims\jvm.cpp, line 1386]
Event: 1.266 Thread 0x0000000003010800 Exception <a 'java/io/FileNotFoundException'> (0x00000007830eef50) thrown at [C:\re\workspace\8-2-build-windows-amd64-cygwin\jdk8u101\7261\hotspot\src\share\vm\prims\jni.cpp, line 709]
Event: 1.360 Thread 0x0000000003010800 Exception <a 'java/lang/NoSuchFieldError': method resolution failed> (0x00000007831bc2d0) thrown at [C:\re\workspace\8-2-build-windows-amd64-cygwin\jdk8u101\7261\hotspot\src\share\vm\prims\methodHandles.cpp, line 1146]
Event: 1.364 Thread 0x0000000003010800 Exception <a 'java/lang/NoSuchFieldError': method resolution failed> (0x00000007831c9c90) thrown at [C:\re\workspace\8-2-build-windows-amd64-cygwin\jdk8u101\7261\hotspot\src\share\vm\prims\methodHandles.cpp, line 1146]
Event: 1.907 Thread 0x0000000003010800 Exception <a 'java/io/FileNotFoundException'> (0x0000000783506d88) thrown at [C:\re\workspace\8-2-build-windows-amd64-cygwin\jdk8u101\7261\hotspot\src\share\vm\prims\jni.cpp, line 709]

Events (10 events):
Event: 4.542 Thread 0x00000000208fa000 Thread exited: 0x00000000208fa000
Event: 4.542 loading class java/util/WeakHashMap$HashIterator
Event: 4.542 loading class java/util/WeakHashMap$HashIterator done
Event: 4.543 loading class java/util/WeakHashMap$KeyIterator done
Event: 4.543 loading class sun/java2d/pipe/hw/AccelDeviceEventNotifier
Event: 4.543 Thread 0x0000000020990000 Thread exited: 0x0000000020990000
Event: 4.543 loading class sun/java2d/pipe/hw/AccelDeviceEventNotifier done
Event: 4.611 Thread 0x00000000208d8800 Thread exited: 0x00000000208d8800
Event: 4.644 Thread 0x000000002098c000 Thread exited: 0x000000002098c000
Event: 4.645 Executing VM operation: Exit


Dynamic libraries:
0x00007ff7a9280000 - 0x00007ff7a92b7000 	C:\Program Files\Java\jre1.8.0_101\bin\javaw.exe
0x00007ffe28ac0000 - 0x00007ffe28c91000 	C:\WINDOWS\SYSTEM32\ntdll.dll
0x00007ffe28800000 - 0x00007ffe288ab000 	C:\WINDOWS\System32\KERNEL32.DLL
0x00007ffe252f0000 - 0x00007ffe2550d000 	C:\WINDOWS\System32\KERNELBASE.dll
0x00007ffe26620000 - 0x00007ffe266c2000 	C:\WINDOWS\System32\ADVAPI32.dll
0x00007ffe267b0000 - 0x00007ffe2684e000 	C:\WINDOWS\System32\msvcrt.dll
0x00007ffe28630000 - 0x00007ffe28689000 	C:\WINDOWS\System32\sechost.dll
0x00007ffe26850000 - 0x00007ffe26971000 	C:\WINDOWS\System32\RPCRT4.dll
0x00007ffe28950000 - 0x00007ffe28ab5000 	C:\WINDOWS\System32\USER32.dll
0x00007ffe25ed0000 - 0x00007ffe25eee000 	C:\WINDOWS\System32\win32u.dll
0x00007ffe270c0000 - 0x00007ffe270f4000 	C:\WINDOWS\System32\GDI32.dll
0x00007ffe250b0000 - 0x00007ffe25232000 	C:\WINDOWS\System32\gdi32full.dll
0x00007ffe1ca70000 - 0x00007ffe1cce9000 	C:\WINDOWS\WinSxS\amd64_microsoft.windows.common-controls_6595b64144ccf1df_6.0.14393.0_none_2d0f50fcbdb171b8\COMCTL32.dll
0x00007ffe26170000 - 0x00007ffe26437000 	C:\WINDOWS\System32\combase.dll
0x00007ffe24fb0000 - 0x00007ffe250a5000 	C:\WINDOWS\System32\ucrtbase.dll
0x00007ffe255b0000 - 0x00007ffe2561a000 	C:\WINDOWS\System32\bcryptPrimitives.dll
0x00007ffe26f50000 - 0x00007ffe26f7e000 	C:\WINDOWS\System32\IMM32.DLL
0x000000006c210000 - 0x000000006c2e2000 	C:\Program Files\Java\jre1.8.0_101\bin\msvcr100.dll
0x000000006cd40000 - 0x000000006d5da000 	C:\Program Files\Java\jre1.8.0_101\bin\server\jvm.dll
0x00007ffe26150000 - 0x00007ffe26158000 	C:\WINDOWS\System32\PSAPI.DLL
0x00007ffe18cb0000 - 0x00007ffe18cb9000 	C:\WINDOWS\SYSTEM32\WSOCK32.dll
0x00007ffe266d0000 - 0x00007ffe2673a000 	C:\WINDOWS\System32\WS2_32.dll
0x00007ffe22470000 - 0x00007ffe22493000 	C:\WINDOWS\SYSTEM32\WINMM.dll
0x00007ffe20300000 - 0x00007ffe2030a000 	C:\WINDOWS\SYSTEM32\VERSION.dll
0x00007ffe22350000 - 0x00007ffe2237b000 	C:\WINDOWS\SYSTEM32\WINMMBASE.dll
0x00007ffe252a0000 - 0x00007ffe252e2000 	C:\WINDOWS\System32\cfgmgr32.dll
0x000000006cd30000 - 0x000000006cd3f000 	C:\Program Files\Java\jre1.8.0_101\bin\verify.dll
0x000000006cd00000 - 0x000000006cd29000 	C:\Program Files\Java\jre1.8.0_101\bin\java.dll
0x000000006cce0000 - 0x000000006ccf6000 	C:\Program Files\Java\jre1.8.0_101\bin\zip.dll
0x00007ffe27120000 - 0x00007ffe28628000 	C:\WINDOWS\System32\SHELL32.dll
0x00007ffe25620000 - 0x00007ffe25cfa000 	C:\WINDOWS\System32\windows.storage.dll
0x00007ffe24f20000 - 0x00007ffe24f6c000 	C:\WINDOWS\System32\powrprof.dll
0x00007ffe265c0000 - 0x00007ffe26612000 	C:\WINDOWS\System32\shlwapi.dll
0x00007ffe24f70000 - 0x00007ffe24f7f000 	C:\WINDOWS\System32\kernel.appcore.dll
0x00007ffe25fa0000 - 0x00007ffe26049000 	C:\WINDOWS\System32\shcore.dll
0x00007ffe24f80000 - 0x00007ffe24f94000 	C:\WINDOWS\System32\profapi.dll
0x00007ffdf5e80000 - 0x00007ffdf6855000 	C:\Program Files\Java\jre1.8.0_101\bin\opencv_java2413.dll
0x00007ffe26f80000 - 0x00007ffe270b7000 	C:\WINDOWS\System32\ole32.dll
0x00007ffe1c1e0000 - 0x00007ffe1c200000 	C:\WINDOWS\SYSTEM32\AVIFIL32.dll
0x00007ffe264a0000 - 0x00007ffe2655f000 	C:\WINDOWS\System32\OLEAUT32.dll
0x00007ffe25510000 - 0x00007ffe255ac000 	C:\WINDOWS\System32\msvcp_win.dll
0x00007ffe11e40000 - 0x00007ffe11e58000 	C:\WINDOWS\SYSTEM32\AVICAP32.dll
0x00007ffe0fe40000 - 0x00007ffe0fe69000 	C:\WINDOWS\SYSTEM32\MSVFW32.dll
0x00007ffe0f2a0000 - 0x00007ffe0f2bc000 	C:\WINDOWS\SYSTEM32\MSACM32.dll
0x00007ffe236b0000 - 0x00007ffe23745000 	C:\WINDOWS\system32\uxtheme.dll
0x00007ffe115d0000 - 0x00007ffe11668000 	C:\Program Files\Common Files\microsoft shared\ink\tiptsf.dll
0x00007ffe288b0000 - 0x00007ffe2894f000 	C:\WINDOWS\System32\clbcatq.dll
0x00007ffe0fe20000 - 0x00007ffe0fe38000 	C:\Windows\System32\devenum.dll
0x00007ffe26b20000 - 0x00007ffe26f49000 	C:\WINDOWS\System32\setupapi.dll
0x00007ffe242d0000 - 0x00007ffe24302000 	C:\WINDOWS\SYSTEM32\ntmarta.dll
0x00007ffe23b40000 - 0x00007ffe23b68000 	C:\WINDOWS\SYSTEM32\DEVOBJ.dll
0x00007ffe25240000 - 0x00007ffe25295000 	C:\WINDOWS\System32\WINTRUST.dll
0x00007ffe24fa0000 - 0x00007ffe24fb0000 	C:\WINDOWS\System32\MSASN1.dll
0x00007ffe25d00000 - 0x00007ffe25ec8000 	C:\WINDOWS\System32\CRYPT32.dll
0x00007ffe11e00000 - 0x00007ffe11e0a000 	C:\WINDOWS\SYSTEM32\msdmo.dll
0x00007ffe0f2c0000 - 0x00007ffe0f2f3000 	C:\Windows\System32\qcap.dll
0x00007ffdf8b70000 - 0x00007ffdf8d33000 	C:\Windows\System32\quartz.dll
0x00007ffe24dc0000 - 0x00007ffe24deb000 	C:\Windows\System32\bcrypt.dll
0x00007ffe286a0000 - 0x00007ffe287fb000 	C:\WINDOWS\System32\MSCTF.dll
0x00007ffe226a0000 - 0x00007ffe226c6000 	C:\WINDOWS\system32\dwmapi.dll
0x00007ffe0e1d0000 - 0x00007ffe0e218000 	C:\Windows\System32\mfksproxy.dll
0x00007ffe14da0000 - 0x00007ffe14dbc000 	C:\Windows\System32\ATL.DLL
0x00007ffe22130000 - 0x00007ffe22298000 	C:\Windows\System32\MFPlat.DLL
0x00007ffe21fe0000 - 0x00007ffe2200e000 	C:\Windows\System32\RTWorkQ.DLL
0x00007ffdf8050000 - 0x00007ffdf843b000 	C:\Windows\System32\MFCORE.dll
0x00007ffe10140000 - 0x00007ffe10149000 	C:\Windows\System32\ksuser.dll
0x00007ffe24990000 - 0x00007ffe2499b000 	C:\Windows\System32\CRYPTBASE.DLL
0x00007ffe08d30000 - 0x00007ffe08d83000 	C:\Windows\System32\FSClient.dll
0x00007ffdff680000 - 0x00007ffdff6cd000 	C:\Windows\System32\MFSENSORGROUP.dll
0x00007ffe21b50000 - 0x00007ffe21b5b000 	C:\Windows\System32\AVRT.dll
0x00007ffe10530000 - 0x00007ffe1053d000 	C:\Windows\System32\vidcap.ax
0x00007ffe0e000000 - 0x00007ffe0e025000 	C:\Windows\System32\kswdmcap.ax
0x00007ffdf7a00000 - 0x00007ffdf7b63000 	C:\Windows\System32\MFC42.dll
0x00007ffdffd70000 - 0x00007ffdffe1f000 	C:\Windows\System32\ODBC32.dll
0x00007ffe24810000 - 0x00007ffe2481a000 	C:\Windows\System32\DPAPI.dll
0x00007ffe1b300000 - 0x00007ffe1b343000 	C:\WINDOWS\SYSTEM32\policymanager.dll
0x00007ffe238e0000 - 0x00007ffe23971000 	C:\Windows\System32\msvcp110_win.dll
0x00007ffe08b20000 - 0x00007ffe08bf4000 	C:\Windows\System32\MFReadWrite.dll
0x00007ffdfd900000 - 0x00007ffdfd9a3000 	C:\Windows\System32\qedit.dll
0x00007ffe26050000 - 0x00007ffe2614a000 	C:\WINDOWS\System32\COMDLG32.dll
0x00007ffe1c8d0000 - 0x00007ffe1ca69000 	C:\WINDOWS\WinSxS\amd64_microsoft.windows.gdiplus_6595b64144ccf1df_1.1.14393.187_none_730402f52114ff50\gdiplus.dll
0x00007ffdf8e60000 - 0x00007ffdf8f57000 	C:\Windows\System32\DDRAW.dll
0x00007ffe0ffc0000 - 0x00007ffe0ffc8000 	C:\Windows\System32\DCIMAN32.dll
0x00007ffe0ff50000 - 0x00007ffe0ff5c000 	C:\WINDOWS\SYSTEM32\msyuv.dll
0x000000006d5f0000 - 0x000000006d788000 	C:\Program Files\Java\jre1.8.0_101\bin\awt.dll
0x00007ffe233c0000 - 0x00007ffe2343a000 	C:\WINDOWS\SYSTEM32\apphelp.dll
0x00007ffe249a0000 - 0x00007ffe249b7000 	C:\WINDOWS\SYSTEM32\CRYPTSP.dll
0x00007ffe247d0000 - 0x00007ffe24803000 	C:\WINDOWS\system32\rsaenh.dll
0x00007ffe24870000 - 0x00007ffe2488f000 	C:\WINDOWS\SYSTEM32\USERENV.dll
0x000000006ccc0000 - 0x000000006ccda000 	C:\Program Files\Java\jre1.8.0_101\bin\net.dll
0x00007ffe24590000 - 0x00007ffe245ec000 	C:\WINDOWS\system32\mswsock.dll
0x00007ffe24340000 - 0x00007ffe24378000 	C:\WINDOWS\SYSTEM32\IPHLPAPI.DLL
0x00007ffe28690000 - 0x00007ffe28698000 	C:\WINDOWS\System32\NSI.dll
0x00007ffe21410000 - 0x00007ffe21426000 	C:\WINDOWS\SYSTEM32\dhcpcsvc6.DLL
0x00007ffe21ab0000 - 0x00007ffe21aca000 	C:\WINDOWS\SYSTEM32\dhcpcsvc.DLL
0x000000006cca0000 - 0x000000006ccb1000 	C:\Program Files\Java\jre1.8.0_101\bin\nio.dll
0x000000006c1d0000 - 0x000000006c201000 	C:\Program Files\Java\jre1.8.0_101\bin\jpeg.dll
0x000000006c340000 - 0x000000006c387000 	C:\Program Files\Java\jre1.8.0_101\bin\fontmanager.dll
0x00007ffe1ec00000 - 0x00007ffe1edab000 	C:\Windows\System32\uiautomationcore.dll
0x00007ffe24df0000 - 0x00007ffe24e88000 	C:\WINDOWS\SYSTEM32\sxs.dll
0x00007ffe1b710000 - 0x00007ffe1b775000 	C:\Windows\System32\OLEACC.dll
0x00007ffe118c0000 - 0x00007ffe1193d000 	C:\WINDOWS\SYSTEM32\twinapi.dll
0x00007ffe23980000 - 0x00007ffe23a9c000 	C:\WINDOWS\SYSTEM32\twinapi.appcore.dll
0x000000006c2f0000 - 0x000000006c332000 	C:\Program Files\Java\jre1.8.0_101\bin\t2k.dll
0x00007ffe15970000 - 0x00007ffe15b02000 	C:\WINDOWS\SYSTEM32\dbghelp.dll

VM Arguments:
jvm_args: -Dfile.encoding=Cp1252 
java_command: Test
java_class_path (initial): C:\Users\Ryan McGee\workspace\OpenCV_Test\bin;C:\OpenCV\opencv\build\java\opencv-2413.jar
Launcher Type: SUN_STANDARD

Environment Variables:
PATH=C:/Program Files/Java/jre1.8.0_101/bin/server;C:/Program Files/Java/jre1.8.0_101/bin;C:/Program Files/Java/jre1.8.0_101/lib/amd64;C:\ProgramData\Oracle\Java\javapath;C:\WINDOWS\system32;C:\WINDOWS;C:\WINDOWS\System32\Wbem;C:\WINDOWS\System32\WindowsPowerShell\v1.0\;C:\OpenCV\opencv\build\x64\vc12\bin;C:\Users\Ryan McGee\AppData\Local\Microsoft\WindowsApps;;C:\Users\Ryan McGee\Desktop\backup\eclipse-java-mars-2-win32-x86_64\eclipse;
USERNAME=Ryan McGee
OS=Windows_NT
PROCESSOR_IDENTIFIER=AMD64 Family 21 Model 96 Stepping 1, AuthenticAMD



---------------  S Y S T E M  ---------------

OS: Windows 10.0 , 64 bit Build 14393 (10.0.14393.0)

CPU:total 4 (4 cores per cpu, 1 threads per core) family 21 model 96 stepping 1, cmov, cx8, fxsr, mmx, sse, sse2, sse3, ssse3, sse4.1, sse4.2, popcnt, avx, avx2, aes, clmul, mmxext, 3dnowpref, lzcnt, sse4a, tsc, tscinvbit, tscinv, bmi1

Memory: 4k page, physical 12005976k(8995616k free), swap 13840984k(10178912k free)

vm_info: Java HotSpot(TM) 64-Bit Server VM (25.101-b13) for windows-amd64 JRE (1.8.0_101-b13), built on Jun 22 2016 01:21:29 by "java_re" with MS VC++ 10.0 (VS2010)

time: Fri Sep 30 08:17:58 2016
elapsed time: 5 seconds (0d 0h 0m 5s)

