#
# A fatal error has been detected by the Java Runtime Environment:
#
#  Internal Error (0xc000000d), pid=6168, tid=0x0000000000000d68
#
# JRE version: Java(TM) SE Runtime Environment (8.0_101-b13) (build 1.8.0_101-b13)
# Java VM: Java HotSpot(TM) 64-Bit Server VM (25.101-b13 mixed mode windows-amd64 compressed oops)
# Problematic frame:
# C  [ntdll.dll+0xfe5bc]
#
# Failed to write core dump. Minidumps are not enabled by default on client versions of Windows
#
# If you would like to submit a bug report, please visit:
#   http://bugreport.java.com/bugreport/crash.jsp
#

---------------  T H R E A D  ---------------

Current thread (0x0000000019c87800):  VMThread [stack: 0x000000001ad20000,0x000000001ae20000] [id=3432]

siginfo: ExceptionCode=0xc000000d

Registers:
RAX=0x0000000000007fe8, RBX=0x000000001eef3650, RCX=0x0000000000000010, RDX=0x0000000000007fd8
RSP=0x000000001ae1ecd0, RBP=0x0000000000000000, RSI=0x000000001c2153a0, RDI=0x000000001c2226b0
R8 =0x0000000000000000, R9 =0x0000000000010388, R10=0x00000000225b0ec0, R11=0x00000000225b0ec0
R12=0x0000000000000000, R13=0x00000000ffffffff, R14=0x000000001c2024f0, R15=0x000000001c2153a0
RIP=0x00007ffe28bbe5bc, EFLAGS=0x0000000000000206

Top of Stack: (sp=0x000000001ae1ecd0)
0x000000001ae1ecd0:   0000000000000057 000000001eef3650
0x000000001ae1ece0:   000000001c2153a0 000000001c2226b0
0x000000001ae1ecf0:   00000000c000000d 0000000000000000
0x000000001ae1ed00:   00007ffe28bbe5bc 0000000000000000
0x000000001ae1ed10:   0000000000000000 0000000000000000
0x000000001ae1ed20:   0000000000000000 0000000000000000
0x000000001ae1ed30:   0000000000000000 0000000000000000
0x000000001ae1ed40:   0000000000000000 0000000000000000
0x000000001ae1ed50:   0000000000000000 0000000000000000
0x000000001ae1ed60:   0000000000000000 0000000000000000
0x000000001ae1ed70:   0000000000000000 0000000000000000
0x000000001ae1ed80:   0000000000000000 00007ffe28afc468
0x000000001ae1ed90:   00009c674557e834 0000000000000000
0x000000001ae1eda0:   00009c674557e9c4 00007ffe28b809fb
0x000000001ae1edb0:   0000000000000001 00007ffe08b3e8db
0x000000001ae1edc0:   000000001edcf0d0 000000001ae1eed0 

Instructions: (pc=0x00007ffe28bbe5bc)
0x00007ffe28bbe59c:   d1 fa ff c7 44 24 20 0d 00 00 c0 b9 57 00 00 00
0x00007ffe28bbe5ac:   e8 cf 0f f6 ff 90 48 8d 4c 24 20 e8 54 bb f4 ff
0x00007ffe28bbe5bc:   eb 00 48 8b 8c 24 c0 00 00 00 48 33 cc e8 82 70
0x00007ffe28bbe5cc:   f9 ff 48 81 c4 d8 00 00 00 c3 40 55 48 83 ec 20 


Register to memory mapping:

RAX=0x0000000000007fe8 is an unknown value
RBX=0x000000001eef3650 is an unknown value
RCX=0x0000000000000010 is an unknown value
RDX=0x0000000000007fd8 is an unknown value
RSP=0x000000001ae1ecd0 is an unknown value
RBP=0x0000000000000000 is an unknown value
RSI=0x000000001c2153a0 is an unknown value
RDI=0x000000001c2226b0 is an unknown value
R8 =0x0000000000000000 is an unknown value
R9 =0x0000000000010388 is an unknown value
R10=0x00000000225b0ec0 is an unknown value
R11=0x00000000225b0ec0 is an unknown value
R12=0x0000000000000000 is an unknown value
R13=0x00000000ffffffff is an unknown value
R14=0x000000001c2024f0 is an unknown value
R15=0x000000001c2153a0 is an unknown value


Stack: [0x000000001ad20000,0x000000001ae20000],  sp=0x000000001ae1ecd0,  free space=1019k
Native frames: (J=compiled Java code, j=interpreted, Vv=VM code, C=native code)

VM_Operation (0x000000002320d1d0): Exit, mode: safepoint, requested by thread 0x0000000021f5e000


---------------  P R O C E S S  ---------------

Java Threads: ( => current thread )
  0x00000000222e5000 JavaThread "TimerQueue" daemon [_thread_blocked, id=6236, stack(0x0000000025f20000,0x0000000026020000)]
  0x000000002208d800 JavaThread "Thread-3" [_thread_blocked, id=5748, stack(0x0000000025d20000,0x0000000025e20000)]
  0x0000000021f5e000 JavaThread "AWT-EventQueue-0" [_thread_blocked, id=4956, stack(0x0000000023110000,0x0000000023210000)]
  0x000000001b9db800 JavaThread "AWT-Shutdown" [_thread_blocked, id=7548, stack(0x0000000022810000,0x0000000022910000)]
  0x000000001b9db000 JavaThread "Java2D Disposer" daemon [_thread_blocked, id=3728, stack(0x0000000022710000,0x0000000022810000)]
  0x000000001b63d000 JavaThread "Service Thread" daemon [_thread_blocked, id=1336, stack(0x000000001ba10000,0x000000001bb10000)]
  0x0000000019cc8000 JavaThread "C1 CompilerThread2" daemon [_thread_blocked, id=6532, stack(0x000000001b510000,0x000000001b610000)]
  0x0000000019cc1000 JavaThread "C2 CompilerThread1" daemon [_thread_blocked, id=2596, stack(0x000000001b410000,0x000000001b510000)]
  0x0000000019cbc800 JavaThread "C2 CompilerThread0" daemon [_thread_blocked, id=4804, stack(0x000000001b310000,0x000000001b410000)]
  0x0000000019cbb800 JavaThread "Attach Listener" daemon [_thread_blocked, id=7324, stack(0x000000001b210000,0x000000001b310000)]
  0x0000000019cba800 JavaThread "Signal Dispatcher" daemon [_thread_blocked, id=6564, stack(0x000000001b110000,0x000000001b210000)]
  0x0000000019ca9800 JavaThread "Finalizer" daemon [_thread_blocked, id=1372, stack(0x000000001af20000,0x000000001b020000)]
  0x0000000003052800 JavaThread "Reference Handler" daemon [_thread_blocked, id=6972, stack(0x000000001ae20000,0x000000001af20000)]
  0x0000000002f60800 JavaThread "main" [_thread_in_native, id=3944, stack(0x0000000002de0000,0x0000000002ee0000)]

Other Threads:
=>0x0000000019c87800 VMThread [stack: 0x000000001ad20000,0x000000001ae20000] [id=3432]

VM state:at safepoint (shutting down)

VM Mutex/Monitor currently owned by a thread:  ([mutex/lock_event])
[0x0000000002f5bdc0] Threads_lock - owner thread: 0x0000000019c87800

Heap:
 PSYoungGen      total 28672K, used 18527K [0x0000000782f00000, 0x0000000784d00000, 0x00000007c0000000)
  eden space 26624K, 67% used [0x0000000782f00000,0x00000007840a4e28,0x0000000784900000)
  from space 2048K, 22% used [0x0000000784b00000,0x0000000784b73010,0x0000000784d00000)
  to   space 2048K, 0% used [0x0000000784900000,0x0000000784900000,0x0000000784b00000)
 ParOldGen       total 125952K, used 8635K [0x0000000708c00000, 0x0000000710700000, 0x0000000782f00000)
  object space 125952K, 6% used [0x0000000708c00000,0x000000070946ecf8,0x0000000710700000)
 Metaspace       used 13541K, capacity 13792K, committed 13952K, reserved 1060864K
  class space    used 1565K, capacity 1647K, committed 1664K, reserved 1048576K

Card table byte_map: [0x0000000012420000,0x00000000129e0000] byte_map_base: 0x000000000ebda000

Marking Bits: (ParMarkBitMap*) 0x000000006d55a6d0
 Begin Bits: [0x00000000131c0000, 0x0000000015f90000)
 End Bits:   [0x0000000015f90000, 0x0000000018d60000)

Polling page: 0x0000000001150000

CodeCache: size=245760Kb used=8666Kb max_used=8795Kb free=237093Kb
 bounds [0x0000000003060000, 0x0000000003930000, 0x0000000012060000]
 total_blobs=2981 nmethods=2378 adapters=516
 compilation: enabled

Compilation events (10 events):
Event: 346.539 Thread 0x0000000019cc8000 2783       1       java.util.Collections::emptyList (4 bytes)
Event: 346.539 Thread 0x0000000019cc8000 nmethod 2783 0x0000000003408ad0 code [0x0000000003408c20, 0x0000000003408d10]
Event: 346.543 Thread 0x0000000019cbc800 nmethod 2780 0x00000000033ac890 code [0x00000000033aca20, 0x00000000033ad1d0]
Event: 346.543 Thread 0x0000000019cbc800 2781       4       java.awt.EventQueue::setCurrentEventAndMostRecentTime (8 bytes)
Event: 346.549 Thread 0x0000000019cbc800 nmethod 2781 0x0000000003438450 code [0x00000000034385e0, 0x0000000003438918]
Event: 346.552 Thread 0x0000000019cc1000 nmethod 2779 0x00000000034adb50 code [0x00000000034adda0, 0x00000000034af400]
Event: 346.984 Thread 0x0000000019cc8000 2785       3       javax.swing.JComponent::repaint (19 bytes)
Event: 346.986 Thread 0x0000000019cc8000 nmethod 2785 0x00000000033fad50 code [0x00000000033faf20, 0x00000000033fb5f8]
Event: 347.652 Thread 0x0000000019cbc800 2786       4       sun.awt.AWTAccessor::getAWTEventAccessor (18 bytes)
Event: 347.653 Thread 0x0000000019cbc800 nmethod 2786 0x000000000342d610 code [0x000000000342d740, 0x000000000342d7b8]

GC Heap History (10 events):
Event: 323.273 GC heap before
{Heap before GC invocations=62 (full 0):
 PSYoungGen      total 28672K, used 27605K [0x0000000782f00000, 0x0000000784d00000, 0x00000007c0000000)
  eden space 26624K, 99% used [0x0000000782f00000,0x00000007848ec6c8,0x0000000784900000)
  from space 2048K, 51% used [0x0000000784900000,0x0000000784a09030,0x0000000784b00000)
  to   space 2048K, 0% used [0x0000000784b00000,0x0000000784b00000,0x0000000784d00000)
 ParOldGen       total 125952K, used 8523K [0x0000000708c00000, 0x0000000710700000, 0x0000000782f00000)
  object space 125952K, 6% used [0x0000000708c00000,0x0000000709452cf8,0x0000000710700000)
 Metaspace       used 13515K, capacity 13792K, committed 13952K, reserved 1060864K
  class space    used 1561K, capacity 1647K, committed 1664K, reserved 1048576K
Event: 323.276 GC heap after
Heap after GC invocations=62 (full 0):
 PSYoungGen      total 28672K, used 1060K [0x0000000782f00000, 0x0000000784d00000, 0x00000007c0000000)
  eden space 26624K, 0% used [0x0000000782f00000,0x0000000782f00000,0x0000000784900000)
  from space 2048K, 51% used [0x0000000784b00000,0x0000000784c09030,0x0000000784d00000)
  to   space 2048K, 0% used [0x0000000784900000,0x0000000784900000,0x0000000784b00000)
 ParOldGen       total 125952K, used 8539K [0x0000000708c00000, 0x0000000710700000, 0x0000000782f00000)
  object space 125952K, 6% used [0x0000000708c00000,0x0000000709456cf8,0x0000000710700000)
 Metaspace       used 13515K, capacity 13792K, committed 13952K, reserved 1060864K
  class space    used 1561K, capacity 1647K, committed 1664K, reserved 1048576K
}
Event: 332.693 GC heap before
{Heap before GC invocations=63 (full 0):
 PSYoungGen      total 28672K, used 27388K [0x0000000782f00000, 0x0000000784d00000, 0x00000007c0000000)
  eden space 26624K, 98% used [0x0000000782f00000,0x00000007848b6200,0x0000000784900000)
  from space 2048K, 51% used [0x0000000784b00000,0x0000000784c09030,0x0000000784d00000)
  to   space 2048K, 0% used [0x0000000784900000,0x0000000784900000,0x0000000784b00000)
 ParOldGen       total 125952K, used 8539K [0x0000000708c00000, 0x0000000710700000, 0x0000000782f00000)
  object space 125952K, 6% used [0x0000000708c00000,0x0000000709456cf8,0x0000000710700000)
 Metaspace       used 13515K, capacity 13792K, committed 13952K, reserved 1060864K
  class space    used 1561K, capacity 1647K, committed 1664K, reserved 1048576K
Event: 332.694 GC heap after
Heap after GC invocations=63 (full 0):
 PSYoungGen      total 28672K, used 1060K [0x0000000782f00000, 0x0000000784d00000, 0x00000007c0000000)
  eden space 26624K, 0% used [0x0000000782f00000,0x0000000782f00000,0x0000000784900000)
  from space 2048K, 51% used [0x0000000784900000,0x0000000784a09030,0x0000000784b00000)
  to   space 2048K, 0% used [0x0000000784b00000,0x0000000784b00000,0x0000000784d00000)
 ParOldGen       total 125952K, used 8571K [0x0000000708c00000, 0x0000000710700000, 0x0000000782f00000)
  object space 125952K, 6% used [0x0000000708c00000,0x000000070945ecf8,0x0000000710700000)
 Metaspace       used 13515K, capacity 13792K, committed 13952K, reserved 1060864K
  class space    used 1561K, capacity 1647K, committed 1664K, reserved 1048576K
}
Event: 337.534 GC heap before
{Heap before GC invocations=64 (full 0):
 PSYoungGen      total 28672K, used 27393K [0x0000000782f00000, 0x0000000784d00000, 0x00000007c0000000)
  eden space 26624K, 98% used [0x0000000782f00000,0x00000007848b75b0,0x0000000784900000)
  from space 2048K, 51% used [0x0000000784900000,0x0000000784a09030,0x0000000784b00000)
  to   space 2048K, 0% used [0x0000000784b00000,0x0000000784b00000,0x0000000784d00000)
 ParOldGen       total 125952K, used 8571K [0x0000000708c00000, 0x0000000710700000, 0x0000000782f00000)
  object space 125952K, 6% used [0x0000000708c00000,0x000000070945ecf8,0x0000000710700000)
 Metaspace       used 13515K, capacity 13792K, committed 13952K, reserved 1060864K
  class space    used 1561K, capacity 1647K, committed 1664K, reserved 1048576K
Event: 337.536 GC heap after
Heap after GC invocations=64 (full 0):
 PSYoungGen      total 28672K, used 1060K [0x0000000782f00000, 0x0000000784d00000, 0x00000007c0000000)
  eden space 26624K, 0% used [0x0000000782f00000,0x0000000782f00000,0x0000000784900000)
  from space 2048K, 51% used [0x0000000784b00000,0x0000000784c09030,0x0000000784d00000)
  to   space 2048K, 0% used [0x0000000784900000,0x0000000784900000,0x0000000784b00000)
 ParOldGen       total 125952K, used 8587K [0x0000000708c00000, 0x0000000710700000, 0x0000000782f00000)
  object space 125952K, 6% used [0x0000000708c00000,0x0000000709462cf8,0x0000000710700000)
 Metaspace       used 13515K, capacity 13792K, committed 13952K, reserved 1060864K
  class space    used 1561K, capacity 1647K, committed 1664K, reserved 1048576K
}
Event: 341.351 GC heap before
{Heap before GC invocations=65 (full 0):
 PSYoungGen      total 28672K, used 27392K [0x0000000782f00000, 0x0000000784d00000, 0x00000007c0000000)
  eden space 26624K, 98% used [0x0000000782f00000,0x00000007848b7140,0x0000000784900000)
  from space 2048K, 51% used [0x0000000784b00000,0x0000000784c09030,0x0000000784d00000)
  to   space 2048K, 0% used [0x0000000784900000,0x0000000784900000,0x0000000784b00000)
 ParOldGen       total 125952K, used 8587K [0x0000000708c00000, 0x0000000710700000, 0x0000000782f00000)
  object space 125952K, 6% used [0x0000000708c00000,0x0000000709462cf8,0x0000000710700000)
 Metaspace       used 13515K, capacity 13792K, committed 13952K, reserved 1060864K
  class space    used 1561K, capacity 1647K, committed 1664K, reserved 1048576K
Event: 341.354 GC heap after
Heap after GC invocations=65 (full 0):
 PSYoungGen      total 28672K, used 1060K [0x0000000782f00000, 0x0000000784d00000, 0x00000007c0000000)
  eden space 26624K, 0% used [0x0000000782f00000,0x0000000782f00000,0x0000000784900000)
  from space 2048K, 51% used [0x0000000784900000,0x0000000784a09030,0x0000000784b00000)
  to   space 2048K, 0% used [0x0000000784b00000,0x0000000784b00000,0x0000000784d00000)
 ParOldGen       total 125952K, used 8611K [0x0000000708c00000, 0x0000000710700000, 0x0000000782f00000)
  object space 125952K, 6% used [0x0000000708c00000,0x0000000709468cf8,0x0000000710700000)
 Metaspace       used 13515K, capacity 13792K, committed 13952K, reserved 1060864K
  class space    used 1561K, capacity 1647K, committed 1664K, reserved 1048576K
}
Event: 345.237 GC heap before
{Heap before GC invocations=66 (full 0):
 PSYoungGen      total 28672K, used 27396K [0x0000000782f00000, 0x0000000784d00000, 0x00000007c0000000)
  eden space 26624K, 98% used [0x0000000782f00000,0x00000007848b80a0,0x0000000784900000)
  from space 2048K, 51% used [0x0000000784900000,0x0000000784a09030,0x0000000784b00000)
  to   space 2048K, 0% used [0x0000000784b00000,0x0000000784b00000,0x0000000784d00000)
 ParOldGen       total 125952K, used 8611K [0x0000000708c00000, 0x0000000710700000, 0x0000000782f00000)
  object space 125952K, 6% used [0x0000000708c00000,0x0000000709468cf8,0x0000000710700000)
 Metaspace       used 13515K, capacity 13792K, committed 13952K, reserved 1060864K
  class space    used 1561K, capacity 1647K, committed 1664K, reserved 1048576K
Event: 345.238 GC heap after
Heap after GC invocations=66 (full 0):
 PSYoungGen      total 28672K, used 460K [0x0000000782f00000, 0x0000000784d00000, 0x00000007c0000000)
  eden space 26624K, 0% used [0x0000000782f00000,0x0000000782f00000,0x0000000784900000)
  from space 2048K, 22% used [0x0000000784b00000,0x0000000784b73010,0x0000000784d00000)
  to   space 2048K, 0% used [0x0000000784900000,0x0000000784900000,0x0000000784b00000)
 ParOldGen       total 125952K, used 8635K [0x0000000708c00000, 0x0000000710700000, 0x0000000782f00000)
  object space 125952K, 6% used [0x0000000708c00000,0x000000070946ecf8,0x0000000710700000)
 Metaspace       used 13515K, capacity 13792K, committed 13952K, reserved 1060864K
  class space    used 1561K, capacity 1647K, committed 1664K, reserved 1048576K
}

Deoptimization events (10 events):
Event: 346.513 Thread 0x0000000021f5e000 Uncommon trap: reason=speculate_class_check action=maybe_recompile pc=0x0000000003316f64 method=java.awt.KeyboardFocusManager.clearMostRecentFocusOwner(Ljava/awt/Component;)V @ 13
Event: 346.513 Thread 0x0000000021f5e000 Uncommon trap: reason=speculate_class_check action=maybe_recompile pc=0x0000000003906014 method=java.awt.Component.removeNotify()V @ 49
Event: 346.513 Thread 0x0000000021f5e000 Uncommon trap: reason=speculate_class_check action=maybe_recompile pc=0x00000000032e7654 method=java.awt.Container.decreaseComponentCount(Ljava/awt/Component;)V @ 31
Event: 346.533 Thread 0x0000000021f5e000 Uncommon trap: reason=unstable_if action=reinterpret pc=0x0000000003359ae8 method=java.awt.EventQueue.removeSourceEvents(Ljava/lang/Object;Z)V @ 51
Event: 346.534 Thread 0x0000000021f5e000 Uncommon trap: reason=unstable_if action=reinterpret pc=0x00000000033a3474 method=java.awt.Component.dispatchEventImpl(Ljava/awt/AWTEvent;)V @ 759
Event: 346.534 Thread 0x0000000021f5e000 Uncommon trap: reason=unstable_if action=reinterpret pc=0x00000000037e5ebc method=java.awt.EventQueue.uncacheEQItem(Lsun/awt/EventQueueItem;)V @ 23
Event: 346.535 Thread 0x0000000021f5e000 Uncommon trap: reason=unstable_if action=reinterpret pc=0x0000000003687ae4 method=javax.swing.RepaintManager.addDirtyRegion0(Ljava/awt/Container;IIII)V @ 69
Event: 347.656 Thread 0x0000000021f5e000 Uncommon trap: reason=speculate_class_check action=maybe_recompile pc=0x00000000038e0000 method=java.awt.DefaultKeyboardFocusManager.dispatchEvent(Ljava/awt/AWTEvent;)Z @ 817
Event: 347.657 Thread 0x0000000021f5e000 Uncommon trap: reason=unstable_if action=reinterpret pc=0x000000000340ff20 method=java.awt.Component.eventTypeEnabled(I)Z @ 257
Event: 347.789 Thread 0x0000000021f5e000 Uncommon trap: reason=unstable_if action=reinterpret pc=0x0000000003170498 method=java.util.IdentityHashMap.keySet()Ljava/util/Set; @ 6

Internal exceptions (10 events):
Event: 0.049 Thread 0x0000000002f60800 Exception <a 'java/lang/NoSuchMethodError': Method sun.misc.Unsafe.defineClass(Ljava/lang/String;[BII)Ljava/lang/Class; name or signature does not match> (0x0000000782f07cc0) thrown at [C:\re\workspace\8-2-build-windows-amd64-cygwin\jdk8u101\7261\hotspot\s-	t)øî¨?
Event: 0.049 Thread 0x0000000002f60800 Exception <a 'java/lang/NoSuchMethodError': Method sun.misc.Unsafe.prefetchRead(Ljava/lang/Object;J)V name or signature does not match> (0x0000000782f07fa8) thrown at [C:\re\workspace\8-2-build-windows-amd64-cygwin\jdk8u101\7261\hotspot\src\share\vm\prims\¨9Š”'eï?
Event: 0.981 Thread 0x0000000002f60800 Exception <a 'java/security/PrivilegedActionException'> (0x0000000782fdb188) thrown at [C:\re\workspace\8-2-build-windows-amd64-cygwin\jdk8u101\7261\hotspot\src\share\vm\prims\jvm.cpp, line 1386]
Event: 0.981 Thread 0x0000000002f60800 Exception <a 'java/security/PrivilegedActionException'> (0x0000000782fdb398) thrown at [C:\re\workspace\8-2-build-windows-amd64-cygwin\jdk8u101\7261\hotspot\src\share\vm\prims\jvm.cpp, line 1386]
Event: 0.983 Thread 0x0000000002f60800 Exception <a 'java/security/PrivilegedActionException'> (0x0000000782fdefe0) thrown at [C:\re\workspace\8-2-build-windows-amd64-cygwin\jdk8u101\7261\hotspot\src\share\vm\prims\jvm.cpp, line 1386]
Event: 0.983 Thread 0x0000000002f60800 Exception <a 'java/security/PrivilegedActionException'> (0x0000000782fdf1f0) thrown at [C:\re\workspace\8-2-build-windows-amd64-cygwin\jdk8u101\7261\hotspot\src\share\vm\prims\jvm.cpp, line 1386]
Event: 0.995 Thread 0x0000000002f60800 Exception <a 'java/io/FileNotFoundException'> (0x0000000782fe1610) thrown at [C:\re\workspace\8-2-build-windows-amd64-cygwin\jdk8u101\7261\hotspot\src\share\vm\prims\jni.cpp, line 709]
Event: 1.100 Thread 0x0000000002f60800 Exception <a 'java/lang/NoSuchFieldError': method resolution failed> (0x000000078319a388) thrown at [C:\re\workspace\8-2-build-windows-amd64-cygwin\jdk8u101\7261\hotspot\src\share\vm\prims\methodHandles.cpp, line 1146]
Event: 1.103 Thread 0x0000000002f60800 Exception <a 'java/lang/NoSuchFieldError': method resolution failed> (0x00000007831a7758) thrown at [C:\re\workspace\8-2-build-windows-amd64-cygwin\jdk8u101\7261\hotspot\src\share\vm\prims\methodHandles.cpp, line 1146]
Event: 1.172 Thread 0x0000000002f60800 Exception <a 'java/io/FileNotFoundException'> (0x000000078323b5f0) thrown at [C:\re\workspace\8-2-build-windows-amd64-cygwin\jdk8u101\7261\hotspot\src\share\vm\prims\jni.cpp, line 709]

Events (10 events):
Event: 347.790 loading class java/util/WeakHashMap$HashIterator
Event: 347.790 loading class java/util/WeakHashMap$HashIterator done
Event: 347.791 Thread 0x0000000021fea800 Thread exited: 0x0000000021fea800
Event: 347.791 loading class java/util/WeakHashMap$KeyIterator done
Event: 347.791 Thread 0x0000000024e92000 Thread exited: 0x0000000024e92000
Event: 347.791 loading class sun/java2d/pipe/hw/AccelDeviceEventNotifier
Event: 347.791 loading class sun/java2d/pipe/hw/AccelDeviceEventNotifier done
Event: 347.868 Thread 0x000000001b9de800 Thread exited: 0x000000001b9de800
Event: 347.892 Thread 0x000000001b71f800 Thread exited: 0x000000001b71f800
Event: 347.892 Executing VM operation: Exit


Dynamic libraries:
0x00007ff7a9280000 - 0x00007ff7a92b7000 	C:\Program Files\Java\jre1.8.0_101\bin\javaw.exe
0x00007ffe28ac0000 - 0x00007ffe28c91000 	C:\WINDOWS\SYSTEM32\ntdll.dll
0x00007ffe28800000 - 0x00007ffe288ab000 	C:\WINDOWS\System32\KERNEL32.DLL
0x00007ffe252f0000 - 0x00007ffe2550d000 	C:\WINDOWS\System32\KERNELBASE.dll
0x00007ffe26620000 - 0x00007ffe266c2000 	C:\WINDOWS\System32\ADVAPI32.dll
0x00007ffe267b0000 - 0x00007ffe2684e000 	C:\WINDOWS\System32\msvcrt.dll
0x00007ffe28630000 - 0x00007ffe28689000 	C:\WINDOWS\System32\sechost.dll
0x00007ffe26850000 - 0x00007ffe26971000 	C:\WINDOWS\System32\RPCRT4.dll
0x00007ffe28950000 - 0x00007ffe28ab5000 	C:\WINDOWS\System32\USER32.dll
0x00007ffe25ed0000 - 0x00007ffe25eee000 	C:\WINDOWS\System32\win32u.dll
0x00007ffe270c0000 - 0x00007ffe270f4000 	C:\WINDOWS\System32\GDI32.dll
0x00007ffe250b0000 - 0x00007ffe25232000 	C:\WINDOWS\System32\gdi32full.dll
0x00007ffe1ca70000 - 0x00007ffe1cce9000 	C:\WINDOWS\WinSxS\amd64_microsoft.windows.common-controls_6595b64144ccf1df_6.0.14393.0_none_2d0f50fcbdb171b8\COMCTL32.dll
0x00007ffe26170000 - 0x00007ffe26437000 	C:\WINDOWS\System32\combase.dll
0x00007ffe24fb0000 - 0x00007ffe250a5000 	C:\WINDOWS\System32\ucrtbase.dll
0x00007ffe255b0000 - 0x00007ffe2561a000 	C:\WINDOWS\System32\bcryptPrimitives.dll
0x00007ffe26f50000 - 0x00007ffe26f7e000 	C:\WINDOWS\System32\IMM32.DLL
0x000000006c210000 - 0x000000006c2e2000 	C:\Program Files\Java\jre1.8.0_101\bin\msvcr100.dll
0x000000006cd40000 - 0x000000006d5da000 	C:\Program Files\Java\jre1.8.0_101\bin\server\jvm.dll
0x00007ffe26150000 - 0x00007ffe26158000 	C:\WINDOWS\System32\PSAPI.DLL
0x00007ffe20300000 - 0x00007ffe2030a000 	C:\WINDOWS\SYSTEM32\VERSION.dll
0x00007ffe18cb0000 - 0x00007ffe18cb9000 	C:\WINDOWS\SYSTEM32\WSOCK32.dll
0x00007ffe22470000 - 0x00007ffe22493000 	C:\WINDOWS\SYSTEM32\WINMM.dll
0x00007ffe266d0000 - 0x00007ffe2673a000 	C:\WINDOWS\System32\WS2_32.dll
0x0000000001100000 - 0x000000000112b000 	C:\WINDOWS\SYSTEM32\WINMMBASE.dll
0x00007ffe252a0000 - 0x00007ffe252e2000 	C:\WINDOWS\System32\cfgmgr32.dll
0x000000006cd30000 - 0x000000006cd3f000 	C:\Program Files\Java\jre1.8.0_101\bin\verify.dll
0x000000006cd00000 - 0x000000006cd29000 	C:\Program Files\Java\jre1.8.0_101\bin\java.dll
0x000000006cce0000 - 0x000000006ccf6000 	C:\Program Files\Java\jre1.8.0_101\bin\zip.dll
0x00007ffe27120000 - 0x00007ffe28628000 	C:\WINDOWS\System32\SHELL32.dll
0x00007ffe25620000 - 0x00007ffe25cfa000 	C:\WINDOWS\System32\windows.storage.dll
0x00007ffe24f20000 - 0x00007ffe24f6c000 	C:\WINDOWS\System32\powrprof.dll
0x00007ffe265c0000 - 0x00007ffe26612000 	C:\WINDOWS\System32\shlwapi.dll
0x00007ffe24f70000 - 0x00007ffe24f7f000 	C:\WINDOWS\System32\kernel.appcore.dll
0x00007ffe25fa0000 - 0x00007ffe26049000 	C:\WINDOWS\System32\shcore.dll
0x00007ffe24f80000 - 0x00007ffe24f94000 	C:\WINDOWS\System32\profapi.dll
0x00007ffe0a3c0000 - 0x00007ffe0ad95000 	C:\Program Files\Java\jre1.8.0_101\bin\opencv_java2413.dll
0x00007ffe26f80000 - 0x00007ffe270b7000 	C:\WINDOWS\System32\ole32.dll
0x00007ffe21a20000 - 0x00007ffe21a40000 	C:\WINDOWS\SYSTEM32\AVIFIL32.dll
0x00007ffe1c1e0000 - 0x00007ffe1c1f8000 	C:\WINDOWS\SYSTEM32\AVICAP32.dll
0x00007ffe17df0000 - 0x00007ffe17e19000 	C:\WINDOWS\SYSTEM32\MSVFW32.dll
0x00007ffe264a0000 - 0x00007ffe2655f000 	C:\WINDOWS\System32\OLEAUT32.dll
0x00007ffe25510000 - 0x00007ffe255ac000 	C:\WINDOWS\System32\msvcp_win.dll
0x00007ffe0f2a0000 - 0x00007ffe0f2bc000 	C:\WINDOWS\SYSTEM32\MSACM32.dll
0x00007ffe236b0000 - 0x00007ffe23745000 	C:\WINDOWS\system32\uxtheme.dll
0x00007ffe115d0000 - 0x00007ffe11668000 	C:\Program Files\Common Files\microsoft shared\ink\tiptsf.dll
0x00007ffe288b0000 - 0x00007ffe2894f000 	C:\WINDOWS\System32\clbcatq.dll
0x00007ffe17dd0000 - 0x00007ffe17de8000 	C:\Windows\System32\devenum.dll
0x00007ffe26b20000 - 0x00007ffe26f49000 	C:\WINDOWS\System32\setupapi.dll
0x00007ffe242d0000 - 0x00007ffe24302000 	C:\WINDOWS\SYSTEM32\ntmarta.dll
0x00007ffe23b40000 - 0x00007ffe23b68000 	C:\WINDOWS\SYSTEM32\DEVOBJ.dll
0x00007ffe25240000 - 0x00007ffe25295000 	C:\WINDOWS\System32\WINTRUST.dll
0x00007ffe24fa0000 - 0x00007ffe24fb0000 	C:\WINDOWS\System32\MSASN1.dll
0x00007ffe25d00000 - 0x00007ffe25ec8000 	C:\WINDOWS\System32\CRYPT32.dll
0x00007ffe1d5d0000 - 0x00007ffe1d5da000 	C:\WINDOWS\SYSTEM32\msdmo.dll
0x00007ffe0f420000 - 0x00007ffe0f453000 	C:\Windows\System32\qcap.dll
0x00007ffe0c100000 - 0x00007ffe0c2c3000 	C:\Windows\System32\quartz.dll
0x00007ffe24dc0000 - 0x00007ffe24deb000 	C:\Windows\System32\bcrypt.dll
0x00007ffe286a0000 - 0x00007ffe287fb000 	C:\WINDOWS\System32\MSCTF.dll
0x00007ffe226a0000 - 0x00007ffe226c6000 	C:\WINDOWS\system32\dwmapi.dll
0x00007ffe0f3d0000 - 0x00007ffe0f418000 	C:\Windows\System32\mfksproxy.dll
0x00007ffe14da0000 - 0x00007ffe14dbc000 	C:\Windows\System32\ATL.DLL
0x00007ffe22130000 - 0x00007ffe22298000 	C:\Windows\System32\MFPlat.DLL
0x00007ffe21fe0000 - 0x00007ffe2200e000 	C:\Windows\System32\RTWorkQ.DLL
0x00007ffe0b050000 - 0x00007ffe0b43b000 	C:\Windows\System32\MFCORE.dll
0x00007ffe10140000 - 0x00007ffe10149000 	C:\Windows\System32\ksuser.dll
0x00007ffe24990000 - 0x00007ffe2499b000 	C:\Windows\System32\CRYPTBASE.DLL
0x00007ffe0f370000 - 0x00007ffe0f3c3000 	C:\Windows\System32\FSClient.dll
0x00007ffe0f250000 - 0x00007ffe0f29d000 	C:\Windows\System32\MFSENSORGROUP.dll
0x00007ffe21b50000 - 0x00007ffe21b5b000 	C:\Windows\System32\AVRT.dll
0x00007ffe1c040000 - 0x00007ffe1c04d000 	C:\Windows\System32\vidcap.ax
0x00007ffe0f2d0000 - 0x00007ffe0f2f5000 	C:\Windows\System32\kswdmcap.ax
0x00007ffe09fe0000 - 0x00007ffe0a143000 	C:\Windows\System32\MFC42.dll
0x00007ffe0ae50000 - 0x00007ffe0aeff000 	C:\Windows\System32\ODBC32.dll
0x00007ffe24810000 - 0x00007ffe2481a000 	C:\Windows\System32\DPAPI.dll
0x00007ffe1b300000 - 0x00007ffe1b343000 	C:\WINDOWS\SYSTEM32\policymanager.dll
0x00007ffe238e0000 - 0x00007ffe23971000 	C:\Windows\System32\msvcp110_win.dll
0x00007ffe08b20000 - 0x00007ffe08bf4000 	C:\Windows\System32\MFReadWrite.dll
0x00007ffe09f30000 - 0x00007ffe09fd3000 	C:\Windows\System32\qedit.dll
0x00007ffe26050000 - 0x00007ffe2614a000 	C:\WINDOWS\System32\COMDLG32.dll
0x00007ffe1c8d0000 - 0x00007ffe1ca69000 	C:\WINDOWS\WinSxS\amd64_microsoft.windows.gdiplus_6595b64144ccf1df_1.1.14393.187_none_730402f52114ff50\gdiplus.dll
0x00007ffe09db0000 - 0x00007ffe09ea7000 	C:\Windows\System32\DDRAW.dll
0x00007ffe15b70000 - 0x00007ffe15b78000 	C:\Windows\System32\DCIMAN32.dll
0x00007ffe12700000 - 0x00007ffe1270c000 	C:\WINDOWS\SYSTEM32\msyuv.dll
0x000000006d5f0000 - 0x000000006d788000 	C:\Program Files\Java\jre1.8.0_101\bin\awt.dll
0x00007ffe233c0000 - 0x00007ffe2343a000 	C:\WINDOWS\SYSTEM32\apphelp.dll
0x00007ffe1ec00000 - 0x00007ffe1edab000 	C:\Windows\System32\uiautomationcore.dll
0x00007ffe24870000 - 0x00007ffe2488f000 	C:\Windows\System32\USERENV.dll
0x00007ffe24df0000 - 0x00007ffe24e88000 	C:\WINDOWS\SYSTEM32\sxs.dll
0x000000006c340000 - 0x000000006c387000 	C:\Program Files\Java\jre1.8.0_101\bin\fontmanager.dll
0x000000006ccc0000 - 0x000000006ccda000 	C:\Program Files\Java\jre1.8.0_101\bin\net.dll
0x00007ffe24590000 - 0x00007ffe245ec000 	C:\WINDOWS\system32\mswsock.dll
0x000000006cca0000 - 0x000000006ccb1000 	C:\Program Files\Java\jre1.8.0_101\bin\nio.dll
0x000000006c2f0000 - 0x000000006c332000 	C:\Program Files\Java\jre1.8.0_101\bin\t2k.dll
0x00007ffe21510000 - 0x00007ffe216b8000 	C:\WINDOWS\SYSTEM32\WindowsCodecs.dll
0x00007ffe0f4d0000 - 0x00007ffe0f519000 	C:\WINDOWS\system32\dataexchange.dll
0x00007ffe22da0000 - 0x00007ffe22ef1000 	C:\WINDOWS\system32\dcomp.dll
0x00007ffe22ae0000 - 0x00007ffe22d96000 	C:\WINDOWS\system32\d3d11.dll
0x00007ffe23f60000 - 0x00007ffe23fff000 	C:\WINDOWS\system32\dxgi.dll
0x00007ffe23980000 - 0x00007ffe23a9c000 	C:\WINDOWS\system32\twinapi.appcore.dll
0x00007ffe249a0000 - 0x00007ffe249b7000 	C:\WINDOWS\SYSTEM32\CRYPTSP.dll
0x00007ffe247d0000 - 0x00007ffe24803000 	C:\WINDOWS\system32\rsaenh.dll
0x00007ffe24340000 - 0x00007ffe24378000 	C:\WINDOWS\SYSTEM32\IPHLPAPI.DLL
0x00007ffe28690000 - 0x00007ffe28698000 	C:\WINDOWS\System32\NSI.dll
0x00007ffe21410000 - 0x00007ffe21426000 	C:\WINDOWS\SYSTEM32\dhcpcsvc6.DLL
0x00007ffe21ab0000 - 0x00007ffe21aca000 	C:\WINDOWS\SYSTEM32\dhcpcsvc.DLL
0x000000006c1d0000 - 0x000000006c201000 	C:\Program Files\Java\jre1.8.0_101\bin\jpeg.dll
0x00007ffe1b710000 - 0x00007ffe1b775000 	C:\Windows\System32\OLEACC.dll
0x00007ffe118c0000 - 0x00007ffe1193d000 	C:\WINDOWS\SYSTEM32\twinapi.dll
0x00007ffe15970000 - 0x00007ffe15b02000 	C:\WINDOWS\SYSTEM32\dbghelp.dll

VM Arguments:
jvm_args: -Dfile.encoding=Cp1252 
java_command: Test
java_class_path (initial): C:\Users\Ryan McGee\workspace\OpenCV_Test\bin;C:\OpenCV\opencv\build\java\opencv-2413.jar
Launcher Type: SUN_STANDARD

Environment Variables:
PATH=C:/Program Files/Java/jre1.8.0_101/bin/server;C:/Program Files/Java/jre1.8.0_101/bin;C:/Program Files/Java/jre1.8.0_101/lib/amd64;C:\ProgramData\Oracle\Java\javapath;C:\WINDOWS\system32;C:\WINDOWS;C:\WINDOWS\System32\Wbem;C:\WINDOWS\System32\WindowsPowerShell\v1.0\;C:\OpenCV\opencv\build\x64\vc12\bin;C:\Users\Ryan McGee\AppData\Local\Microsoft\WindowsApps;;C:\Users\Ryan McGee\Desktop\backup\eclipse-java-mars-2-win32-x86_64\eclipse;
USERNAME=Ryan McGee
OS=Windows_NT
PROCESSOR_IDENTIFIER=AMD64 Family 21 Model 96 Stepping 1, AuthenticAMD



---------------  S Y S T E M  ---------------

OS: Windows 10.0 , 64 bit Build 14393 (10.0.14393.0)

CPU:total 4 (4 cores per cpu, 1 threads per core) family 21 model 96 stepping 1, cmov, cx8, fxsr, mmx, sse, sse2, sse3, ssse3, sse4.1, sse4.2, popcnt, avx, avx2, aes, clmul, mmxext, 3dnowpref, lzcnt, sse4a, tsc, tscinvbit, tscinv, bmi1

Memory: 4k page, physical 12005976k(8280832k free), swap 13840984k(9508160k free)

vm_info: Java HotSpot(TM) 64-Bit Server VM (25.101-b13) for windows-amd64 JRE (1.8.0_101-b13), built on Jun 22 2016 01:21:29 by "java_re" with MS VC++ 10.0 (VS2010)

time: Fri Sep 30 18:56:37 2016
elapsed time: 348 seconds (0d 0h 5m 48s)

