#
# A fatal error has been detected by the Java Runtime Environment:
#
#  Internal Error (0xc000000d), pid=6604, tid=0x00000000000017b0
#
# JRE version: Java(TM) SE Runtime Environment (8.0_101-b13) (build 1.8.0_101-b13)
# Java VM: Java HotSpot(TM) 64-Bit Server VM (25.101-b13 mixed mode windows-amd64 compressed oops)
# Problematic frame:
# C  [ntdll.dll+0xfe5bc]
#
# Failed to write core dump. Minidumps are not enabled by default on client versions of Windows
#
# If you would like to submit a bug report, please visit:
#   http://bugreport.java.com/bugreport/crash.jsp
#

---------------  T H R E A D  ---------------

Current thread (0x0000000019a58000):  VMThread [stack: 0x000000001ab10000,0x000000001ac10000] [id=6064]

siginfo: ExceptionCode=0xc000000d

Registers:
RAX=0x0000000000000000, RBX=0x000000001cde45c0, RCX=0x0000000000000000, RDX=0x0000000000000000
RSP=0x000000001ac0ec20, RBP=0x0000000000000000, RSI=0x000000001c2babc0, RDI=0x000000001c2cd9c0
R8 =0x0000000000000000, R9 =0x0000000000000000, R10=0x0000000000000000, R11=0x0000000000000000
R12=0x0000000000000000, R13=0x00000000ffffffff, R14=0x000000001c2b46d0, R15=0x000000001c2babc0
RIP=0x00007ffe28bbe5bc, EFLAGS=0x0000000000000202

Top of Stack: (sp=0x000000001ac0ec20)
0x000000001ac0ec20:   0000000000000057 000000001cde45c0
0x000000001ac0ec30:   000000001c2babc0 000000001c2cd9c0
0x000000001ac0ec40:   00000000c000000d 0000000000000000
0x000000001ac0ec50:   00007ffe28bbe5bc 0000000000000000
0x000000001ac0ec60:   0000000000000000 0000000000000000
0x000000001ac0ec70:   0000000000000000 0000000000000000
0x000000001ac0ec80:   0000000000000000 0000000000000000
0x000000001ac0ec90:   0000000000000000 0000000000000000
0x000000001ac0eca0:   0000000000000000 0000000000000000
0x000000001ac0ecb0:   0000000000000000 0000000000000000
0x000000001ac0ecc0:   0000000000000000 0000000000000000
0x000000001ac0ecd0:   0000000000000000 00007ffe28afc468
0x000000001ac0ece0:   0000398ce8478cfa 0000000000000000
0x000000001ac0ecf0:   0000000100000008 00007ffe28b809fb
0x000000001ac0ed00:   0000000000000001 00007ffe08b3e8db
0x000000001ac0ed10:   0000000000000008 0000000000000000 

Instructions: (pc=0x00007ffe28bbe5bc)
0x00007ffe28bbe59c:   d1 fa ff c7 44 24 20 0d 00 00 c0 b9 57 00 00 00
0x00007ffe28bbe5ac:   e8 cf 0f f6 ff 90 48 8d 4c 24 20 e8 54 bb f4 ff
0x00007ffe28bbe5bc:   eb 00 48 8b 8c 24 c0 00 00 00 48 33 cc e8 82 70
0x00007ffe28bbe5cc:   f9 ff 48 81 c4 d8 00 00 00 c3 40 55 48 83 ec 20 


Register to memory mapping:

RAX=0x0000000000000000 is an unknown value
RBX=0x000000001cde45c0 is an unknown value
RCX=0x0000000000000000 is an unknown value
RDX=0x0000000000000000 is an unknown value
RSP=0x000000001ac0ec20 is an unknown value
RBP=0x0000000000000000 is an unknown value
RSI=0x000000001c2babc0 is an unknown value
RDI=0x000000001c2cd9c0 is an unknown value
R8 =0x0000000000000000 is an unknown value
R9 =0x0000000000000000 is an unknown value
R10=0x0000000000000000 is an unknown value
R11=0x0000000000000000 is an unknown value
R12=0x0000000000000000 is an unknown value
R13=0x00000000ffffffff is an unknown value
R14=0x000000001c2b46d0 is an unknown value
R15=0x000000001c2babc0 is an unknown value


Stack: [0x000000001ab10000,0x000000001ac10000],  sp=0x000000001ac0ec20,  free space=1019k
Native frames: (J=compiled Java code, j=interpreted, Vv=VM code, C=native code)

VM_Operation (0x0000000021efcde0): Exit, mode: safepoint, requested by thread 0x0000000020897800


---------------  P R O C E S S  ---------------

Java Threads: ( => current thread )
  0x0000000020ad8000 JavaThread "TimerQueue" daemon [_thread_blocked, id=4876, stack(0x0000000024d10000,0x0000000024e10000)]
  0x0000000020897800 JavaThread "AWT-EventQueue-0" [_thread_blocked, id=4240, stack(0x0000000021e00000,0x0000000021f00000)]
  0x0000000020826000 JavaThread "AWT-Shutdown" [_thread_blocked, id=4976, stack(0x0000000021110000,0x0000000021210000)]
  0x0000000020825800 JavaThread "Java2D Disposer" daemon [_thread_blocked, id=7624, stack(0x0000000021010000,0x0000000021110000)]
  0x000000001bb6e000 JavaThread "Service Thread" daemon [_thread_blocked, id=1644, stack(0x000000001bf30000,0x000000001c030000)]
  0x0000000019abd000 JavaThread "C1 CompilerThread2" daemon [_thread_blocked, id=1120, stack(0x000000001ba30000,0x000000001bb30000)]
  0x0000000019ab7800 JavaThread "C2 CompilerThread1" daemon [_thread_blocked, id=3480, stack(0x000000001b930000,0x000000001ba30000)]
  0x0000000019ab4000 JavaThread "C2 CompilerThread0" daemon [_thread_blocked, id=6260, stack(0x000000001b830000,0x000000001b930000)]
  0x0000000019aa7000 JavaThread "JDWP Event Helper Thread" daemon [_thread_blocked, id=6912, stack(0x000000001b630000,0x000000001b730000)]
  0x0000000019aa2800 JavaThread "JDWP Transport Listener: dt_socket" daemon [_thread_blocked, id=1392, stack(0x000000001b530000,0x000000001b630000)]
  0x0000000019a8d800 JavaThread "Attach Listener" daemon [_thread_blocked, id=5596, stack(0x000000001b000000,0x000000001b100000)]
  0x0000000019a8c800 JavaThread "Signal Dispatcher" daemon [_thread_blocked, id=7408, stack(0x000000001af00000,0x000000001b000000)]
  0x0000000019a7a000 JavaThread "Finalizer" daemon [_thread_blocked, id=2480, stack(0x000000001ad10000,0x000000001ae10000)]
  0x0000000019a59000 JavaThread "Reference Handler" daemon [_thread_blocked, id=7660, stack(0x000000001ac10000,0x000000001ad10000)]
  0x000000000144e000 JavaThread "main" [_thread_in_native, id=6812, stack(0x0000000002bd0000,0x0000000002cd0000)]

Other Threads:
=>0x0000000019a58000 VMThread [stack: 0x000000001ab10000,0x000000001ac10000] [id=6064]

VM state:at safepoint (shutting down)

VM Mutex/Monitor currently owned by a thread:  ([mutex/lock_event])
[0x000000000144c670] Threads_lock - owner thread: 0x0000000019a58000

Heap:
 PSYoungGen      total 54784K, used 19161K [0x0000000782f00000, 0x0000000786c00000, 0x00000007c0000000)
  eden space 47104K, 36% used [0x0000000782f00000,0x0000000783f935f0,0x0000000785d00000)
  from space 7680K, 28% used [0x0000000786480000,0x00000007866a3030,0x0000000786c00000)
  to   space 7680K, 0% used [0x0000000785d00000,0x0000000785d00000,0x0000000786480000)
 ParOldGen       total 125952K, used 24K [0x0000000708c00000, 0x0000000710700000, 0x0000000782f00000)
  object space 125952K, 0% used [0x0000000708c00000,0x0000000708c06000,0x0000000710700000)
 Metaspace       used 13050K, capacity 13320K, committed 13696K, reserved 1060864K
  class space    used 1533K, capacity 1615K, committed 1664K, reserved 1048576K

Card table byte_map: [0x00000000121f0000,0x00000000127b0000] byte_map_base: 0x000000000e9aa000

Marking Bits: (ParMarkBitMap*) 0x000000006d55a6d0
 Begin Bits: [0x0000000012f90000, 0x0000000015d60000)
 End Bits:   [0x0000000015d60000, 0x0000000018b30000)

Polling page: 0x0000000000e50000

CodeCache: size=245760Kb used=5833Kb max_used=5844Kb free=239927Kb
 bounds [0x0000000002e30000, 0x00000000033f0000, 0x0000000011e30000]
 total_blobs=2294 nmethods=1700 adapters=515
 compilation: enabled

Compilation events (10 events):
Event: 17.751 Thread 0x0000000019abd000 1689   !   3       java.io.PrintStream::write (83 bytes)
Event: 17.752 Thread 0x0000000019abd000 nmethod 1689 0x00000000033e1990 code [0x00000000033e1bc0, 0x00000000033e27a8]
Event: 18.182 Thread 0x0000000019ab7800 1697  s    4       java.util.Vector::addElement (38 bytes)
Event: 18.187 Thread 0x0000000019ab7800 nmethod 1697 0x00000000033e5e50 code [0x00000000033e5fa0, 0x00000000033e62b8]
Event: 18.246 Thread 0x0000000019abd000 1698   !   3       sun.reflect.GeneratedMethodAccessor2::invoke (49 bytes)
Event: 18.247 Thread 0x0000000019abd000 nmethod 1698 0x00000000033e5310 code [0x00000000033e54e0, 0x00000000033e5a68]
Event: 18.303 Thread 0x0000000019ab4000 1699       4       java.awt.BorderLayout::getChild (152 bytes)
Event: 18.307 Thread 0x0000000019ab4000 nmethod 1699 0x00000000033e3950 code [0x00000000033e3aa0, 0x00000000033e3c78]
Event: 18.359 Thread 0x0000000019ab7800 1700       4       javax.swing.SwingUtilities::computeIntersection (189 bytes)
Event: 18.363 Thread 0x0000000019ab7800 nmethod 1700 0x00000000033e3410 code [0x00000000033e3560, 0x00000000033e3778]

GC Heap History (4 events):
Event: 8.757 GC heap before
{Heap before GC invocations=1 (full 0):
 PSYoungGen      total 54784K, used 47088K [0x0000000782f00000, 0x0000000786c00000, 0x00000007c0000000)
  eden space 47104K, 99% used [0x0000000782f00000,0x0000000785cfc3b8,0x0000000785d00000)
  from space 7680K, 0% used [0x0000000786480000,0x0000000786480000,0x0000000786c00000)
  to   space 7680K, 0% used [0x0000000785d00000,0x0000000785d00000,0x0000000786480000)
 ParOldGen       total 125952K, used 0K [0x0000000708c00000, 0x0000000710700000, 0x0000000782f00000)
  object space 125952K, 0% used [0x0000000708c00000,0x0000000708c00000,0x0000000710700000)
 Metaspace       used 12446K, capacity 12616K, committed 12928K, reserved 1060864K
  class space    used 1526K, capacity 1615K, committed 1664K, reserved 1048576K
Event: 8.768 GC heap after
Heap after GC invocations=1 (full 0):
 PSYoungGen      total 54784K, used 2313K [0x0000000782f00000, 0x0000000786c00000, 0x00000007c0000000)
  eden space 47104K, 0% used [0x0000000782f00000,0x0000000782f00000,0x0000000785d00000)
  from space 7680K, 30% used [0x0000000785d00000,0x0000000785f426c8,0x0000000786480000)
  to   space 7680K, 0% used [0x0000000786480000,0x0000000786480000,0x0000000786c00000)
 ParOldGen       total 125952K, used 16K [0x0000000708c00000, 0x0000000710700000, 0x0000000782f00000)
  object space 125952K, 0% used [0x0000000708c00000,0x0000000708c04000,0x0000000710700000)
 Metaspace       used 12446K, capacity 12616K, committed 12928K, reserved 1060864K
  class space    used 1526K, capacity 1615K, committed 1664K, reserved 1048576K
}
Event: 16.080 GC heap before
{Heap before GC invocations=2 (full 0):
 PSYoungGen      total 54784K, used 49412K [0x0000000782f00000, 0x0000000786c00000, 0x00000007c0000000)
  eden space 47104K, 99% used [0x0000000782f00000,0x0000000785cfeab0,0x0000000785d00000)
  from space 7680K, 30% used [0x0000000785d00000,0x0000000785f426c8,0x0000000786480000)
  to   space 7680K, 0% used [0x0000000786480000,0x0000000786480000,0x0000000786c00000)
 ParOldGen       total 125952K, used 16K [0x0000000708c00000, 0x0000000710700000, 0x0000000782f00000)
  object space 125952K, 0% used [0x0000000708c00000,0x0000000708c04000,0x0000000710700000)
 Metaspace       used 12908K, capacity 13128K, committed 13440K, reserved 1060864K
  class space    used 1531K, capacity 1615K, committed 1664K, reserved 1048576K
Event: 16.090 GC heap after
Heap after GC invocations=2 (full 0):
 PSYoungGen      total 54784K, used 2188K [0x0000000782f00000, 0x0000000786c00000, 0x00000007c0000000)
  eden space 47104K, 0% used [0x0000000782f00000,0x0000000782f00000,0x0000000785d00000)
  from space 7680K, 28% used [0x0000000786480000,0x00000007866a3030,0x0000000786c00000)
  to   space 7680K, 0% used [0x0000000785d00000,0x0000000785d00000,0x0000000786480000)
 ParOldGen       total 125952K, used 24K [0x0000000708c00000, 0x0000000710700000, 0x0000000782f00000)
  object space 125952K, 0% used [0x0000000708c00000,0x0000000708c06000,0x0000000710700000)
 Metaspace       used 12908K, capacity 13128K, committed 13440K, reserved 1060864K
  class space    used 1531K, capacity 1615K, committed 1664K, reserved 1048576K
}

Deoptimization events (0 events):
No events

Internal exceptions (10 events):
Event: 0.078 Thread 0x000000000144e000 Exception <a 'java/lang/NoSuchMethodError': Method sun.misc.Unsafe.defineClass(Ljava/lang/String;[BII)Ljava/lang/Class; name or signature does not match> (0x0000000782f07cc0) thrown at [C:\re\workspace\8-2-build-windows-amd64-cygwin\jdk8u101\7261\hotspot\s2|/L´?
Event: 0.078 Thread 0x000000000144e000 Exception <a 'java/lang/NoSuchMethodError': Method sun.misc.Unsafe.prefetchRead(Ljava/lang/Object;J)V name or signature does not match> (0x0000000782f07fa8) thrown at [C:\re\workspace\8-2-build-windows-amd64-cygwin\jdk8u101\7261\hotspot\src\share\vm\prims\þsdò?
Event: 1.127 Thread 0x000000000144e000 Exception <a 'java/security/PrivilegedActionException'> (0x0000000782fdc290) thrown at [C:\re\workspace\8-2-build-windows-amd64-cygwin\jdk8u101\7261\hotspot\src\share\vm\prims\jvm.cpp, line 1386]
Event: 1.127 Thread 0x000000000144e000 Exception <a 'java/security/PrivilegedActionException'> (0x0000000782fdc4a0) thrown at [C:\re\workspace\8-2-build-windows-amd64-cygwin\jdk8u101\7261\hotspot\src\share\vm\prims\jvm.cpp, line 1386]
Event: 1.129 Thread 0x000000000144e000 Exception <a 'java/security/PrivilegedActionException'> (0x0000000782fe00e8) thrown at [C:\re\workspace\8-2-build-windows-amd64-cygwin\jdk8u101\7261\hotspot\src\share\vm\prims\jvm.cpp, line 1386]
Event: 1.129 Thread 0x000000000144e000 Exception <a 'java/security/PrivilegedActionException'> (0x0000000782fe02f8) thrown at [C:\re\workspace\8-2-build-windows-amd64-cygwin\jdk8u101\7261\hotspot\src\share\vm\prims\jvm.cpp, line 1386]
Event: 1.138 Thread 0x000000000144e000 Exception <a 'java/io/FileNotFoundException'> (0x0000000782fe2718) thrown at [C:\re\workspace\8-2-build-windows-amd64-cygwin\jdk8u101\7261\hotspot\src\share\vm\prims\jni.cpp, line 709]
Event: 1.242 Thread 0x000000000144e000 Exception <a 'java/lang/NoSuchFieldError': method resolution failed> (0x0000000783286bd0) thrown at [C:\re\workspace\8-2-build-windows-amd64-cygwin\jdk8u101\7261\hotspot\src\share\vm\prims\methodHandles.cpp, line 1146]
Event: 1.254 Thread 0x000000000144e000 Exception <a 'java/lang/NoSuchFieldError': method resolution failed> (0x0000000783293fa0) thrown at [C:\re\workspace\8-2-build-windows-amd64-cygwin\jdk8u101\7261\hotspot\src\share\vm\prims\methodHandles.cpp, line 1146]
Event: 1.371 Thread 0x000000000144e000 Exception <a 'java/io/FileNotFoundException'> (0x0000000783327e48) thrown at [C:\re\workspace\8-2-build-windows-amd64-cygwin\jdk8u101\7261\hotspot\src\share\vm\prims\jni.cpp, line 709]

Events (10 events):
Event: 18.513 Thread 0x0000000020960000 Thread exited: 0x0000000020960000
Event: 18.513 loading class java/util/WeakHashMap$HashIterator done
Event: 18.513 loading class java/util/WeakHashMap$KeyIterator done
Event: 18.513 Thread 0x0000000020a83800 Thread exited: 0x0000000020a83800
Event: 18.514 loading class sun/java2d/pipe/hw/AccelDeviceEventNotifier
Event: 18.514 loading class sun/java2d/pipe/hw/AccelDeviceEventNotifier done
Event: 18.606 Thread 0x0000000020829000 Thread exited: 0x0000000020829000
Event: 18.614 Thread 0x0000000020a86000 Thread exited: 0x0000000020a86000
Event: 18.618 Thread 0x0000000019aa8000 Thread exited: 0x0000000019aa8000
Event: 18.618 Executing VM operation: Exit


Dynamic libraries:
0x00007ff7a9280000 - 0x00007ff7a92b7000 	C:\Program Files\Java\jre1.8.0_101\bin\javaw.exe
0x00007ffe28ac0000 - 0x00007ffe28c91000 	C:\WINDOWS\SYSTEM32\ntdll.dll
0x00007ffe28800000 - 0x00007ffe288ab000 	C:\WINDOWS\System32\KERNEL32.DLL
0x00007ffe252f0000 - 0x00007ffe2550d000 	C:\WINDOWS\System32\KERNELBASE.dll
0x00007ffe26620000 - 0x00007ffe266c2000 	C:\WINDOWS\System32\ADVAPI32.dll
0x00007ffe267b0000 - 0x00007ffe2684e000 	C:\WINDOWS\System32\msvcrt.dll
0x00007ffe28630000 - 0x00007ffe28689000 	C:\WINDOWS\System32\sechost.dll
0x00007ffe26850000 - 0x00007ffe26971000 	C:\WINDOWS\System32\RPCRT4.dll
0x00007ffe28950000 - 0x00007ffe28ab5000 	C:\WINDOWS\System32\USER32.dll
0x00007ffe25ed0000 - 0x00007ffe25eee000 	C:\WINDOWS\System32\win32u.dll
0x00007ffe270c0000 - 0x00007ffe270f4000 	C:\WINDOWS\System32\GDI32.dll
0x00007ffe250b0000 - 0x00007ffe25232000 	C:\WINDOWS\System32\gdi32full.dll
0x00007ffe1ca70000 - 0x00007ffe1cce9000 	C:\WINDOWS\WinSxS\amd64_microsoft.windows.common-controls_6595b64144ccf1df_6.0.14393.0_none_2d0f50fcbdb171b8\COMCTL32.dll
0x00007ffe26170000 - 0x00007ffe26437000 	C:\WINDOWS\System32\combase.dll
0x00007ffe24fb0000 - 0x00007ffe250a5000 	C:\WINDOWS\System32\ucrtbase.dll
0x00007ffe255b0000 - 0x00007ffe2561a000 	C:\WINDOWS\System32\bcryptPrimitives.dll
0x00007ffe26f50000 - 0x00007ffe26f7e000 	C:\WINDOWS\System32\IMM32.DLL
0x000000006c210000 - 0x000000006c2e2000 	C:\Program Files\Java\jre1.8.0_101\bin\msvcr100.dll
0x000000006cd40000 - 0x000000006d5da000 	C:\Program Files\Java\jre1.8.0_101\bin\server\jvm.dll
0x00007ffe26150000 - 0x00007ffe26158000 	C:\WINDOWS\System32\PSAPI.DLL
0x00007ffe18cb0000 - 0x00007ffe18cb9000 	C:\WINDOWS\SYSTEM32\WSOCK32.dll
0x00007ffe22470000 - 0x00007ffe22493000 	C:\WINDOWS\SYSTEM32\WINMM.dll
0x00007ffe266d0000 - 0x00007ffe2673a000 	C:\WINDOWS\System32\WS2_32.dll
0x00007ffe20300000 - 0x00007ffe2030a000 	C:\WINDOWS\SYSTEM32\VERSION.dll
0x00007ffe22350000 - 0x00007ffe2237b000 	C:\WINDOWS\SYSTEM32\WINMMBASE.dll
0x00007ffe252a0000 - 0x00007ffe252e2000 	C:\WINDOWS\System32\cfgmgr32.dll
0x000000006cd30000 - 0x000000006cd3f000 	C:\Program Files\Java\jre1.8.0_101\bin\verify.dll
0x000000006cd00000 - 0x000000006cd29000 	C:\Program Files\Java\jre1.8.0_101\bin\java.dll
0x000000006c1d0000 - 0x000000006c205000 	C:\Program Files\Java\jre1.8.0_101\bin\jdwp.dll
0x000000006d5e0000 - 0x000000006d5e8000 	C:\Program Files\Java\jre1.8.0_101\bin\npt.dll
0x000000006cce0000 - 0x000000006ccf6000 	C:\Program Files\Java\jre1.8.0_101\bin\zip.dll
0x00007ffe27120000 - 0x00007ffe28628000 	C:\WINDOWS\System32\SHELL32.dll
0x00007ffe25620000 - 0x00007ffe25cfa000 	C:\WINDOWS\System32\windows.storage.dll
0x00007ffe24f20000 - 0x00007ffe24f6c000 	C:\WINDOWS\System32\powrprof.dll
0x00007ffe265c0000 - 0x00007ffe26612000 	C:\WINDOWS\System32\shlwapi.dll
0x00007ffe24f70000 - 0x00007ffe24f7f000 	C:\WINDOWS\System32\kernel.appcore.dll
0x00007ffe25fa0000 - 0x00007ffe26049000 	C:\WINDOWS\System32\shcore.dll
0x00007ffe24f80000 - 0x00007ffe24f94000 	C:\WINDOWS\System32\profapi.dll
0x000000006c1c0000 - 0x000000006c1c9000 	C:\Program Files\Java\jre1.8.0_101\bin\dt_socket.dll
0x00007ffe12740000 - 0x00007ffe12756000 	C:\WINDOWS\system32\napinsp.dll
0x00007ffe12760000 - 0x00007ffe1277a000 	C:\WINDOWS\system32\pnrpnsp.dll
0x00007ffe22420000 - 0x00007ffe22438000 	C:\WINDOWS\system32\NLAapi.dll
0x00007ffe24590000 - 0x00007ffe245ec000 	C:\WINDOWS\System32\mswsock.dll
0x00007ffe24380000 - 0x00007ffe24420000 	C:\WINDOWS\SYSTEM32\DNSAPI.dll
0x00007ffe28690000 - 0x00007ffe28698000 	C:\WINDOWS\System32\NSI.dll
0x00007ffe24340000 - 0x00007ffe24378000 	C:\WINDOWS\SYSTEM32\IPHLPAPI.DLL
0x00007ffe12780000 - 0x00007ffe1278e000 	C:\WINDOWS\System32\winrnr.dll
0x00007ffe12790000 - 0x00007ffe127a5000 	C:\WINDOWS\System32\wshbth.dll
0x000000006d7e0000 - 0x000000006d806000 	C:\Program Files\Bonjour\mdnsNSP.dll
0x00007ffe1cdc0000 - 0x00007ffe1ce2a000 	C:\WINDOWS\System32\fwpuclnt.dll
0x00007ffe24dc0000 - 0x00007ffe24deb000 	C:\WINDOWS\SYSTEM32\bcrypt.dll
0x00007ffe15ce0000 - 0x00007ffe15cea000 	C:\Windows\System32\rasadhlp.dll
0x00007ffe0a500000 - 0x00007ffe0aed5000 	C:\Program Files\Java\jre1.8.0_101\bin\opencv_java2413.dll
0x00007ffe26f80000 - 0x00007ffe270b7000 	C:\WINDOWS\System32\ole32.dll
0x00007ffe11e40000 - 0x00007ffe11e60000 	C:\WINDOWS\SYSTEM32\AVIFIL32.dll
0x00007ffe10160000 - 0x00007ffe10178000 	C:\WINDOWS\SYSTEM32\AVICAP32.dll
0x00007ffe10020000 - 0x00007ffe10049000 	C:\WINDOWS\SYSTEM32\MSVFW32.dll
0x00007ffe264a0000 - 0x00007ffe2655f000 	C:\WINDOWS\System32\OLEAUT32.dll
0x00007ffe25510000 - 0x00007ffe255ac000 	C:\WINDOWS\System32\msvcp_win.dll
0x00007ffe0f2a0000 - 0x00007ffe0f2bc000 	C:\WINDOWS\SYSTEM32\MSACM32.dll
0x00007ffe236b0000 - 0x00007ffe23745000 	C:\WINDOWS\system32\uxtheme.dll
0x00007ffe115d0000 - 0x00007ffe11668000 	C:\Program Files\Common Files\microsoft shared\ink\tiptsf.dll
0x00007ffe288b0000 - 0x00007ffe2894f000 	C:\WINDOWS\System32\clbcatq.dll
0x00007ffe21a20000 - 0x00007ffe21a38000 	C:\Windows\System32\devenum.dll
0x00007ffe26b20000 - 0x00007ffe26f49000 	C:\WINDOWS\System32\setupapi.dll
0x00007ffe242d0000 - 0x00007ffe24302000 	C:\WINDOWS\SYSTEM32\ntmarta.dll
0x00007ffe23b40000 - 0x00007ffe23b68000 	C:\WINDOWS\SYSTEM32\DEVOBJ.dll
0x00007ffe25240000 - 0x00007ffe25295000 	C:\WINDOWS\System32\WINTRUST.dll
0x00007ffe24fa0000 - 0x00007ffe24fb0000 	C:\WINDOWS\System32\MSASN1.dll
0x00007ffe25d00000 - 0x00007ffe25ec8000 	C:\WINDOWS\System32\CRYPT32.dll
0x00007ffe1d5d0000 - 0x00007ffe1d5da000 	C:\WINDOWS\SYSTEM32\msdmo.dll
0x00007ffe0f2c0000 - 0x00007ffe0f2f3000 	C:\Windows\System32\qcap.dll
0x00007ffe0c5e0000 - 0x00007ffe0c7a3000 	C:\Windows\System32\quartz.dll
0x00007ffe286a0000 - 0x00007ffe287fb000 	C:\WINDOWS\System32\MSCTF.dll
0x00007ffe226a0000 - 0x00007ffe226c6000 	C:\WINDOWS\system32\dwmapi.dll
0x00007ffe0fe20000 - 0x00007ffe0fe68000 	C:\Windows\System32\mfksproxy.dll
0x00007ffe14da0000 - 0x00007ffe14dbc000 	C:\Windows\System32\ATL.DLL
0x00007ffe22130000 - 0x00007ffe22298000 	C:\Windows\System32\MFPlat.DLL
0x00007ffe21fe0000 - 0x00007ffe2200e000 	C:\Windows\System32\RTWorkQ.DLL
0x00007ffe0b050000 - 0x00007ffe0b43b000 	C:\Windows\System32\MFCORE.dll
0x00007ffe10140000 - 0x00007ffe10149000 	C:\Windows\System32\ksuser.dll
0x00007ffe24990000 - 0x00007ffe2499b000 	C:\Windows\System32\CRYPTBASE.DLL
0x00007ffe0c9b0000 - 0x00007ffe0ca03000 	C:\Windows\System32\FSClient.dll
0x00007ffe0f250000 - 0x00007ffe0f29d000 	C:\Windows\System32\MFSENSORGROUP.dll
0x00007ffe21b50000 - 0x00007ffe21b5b000 	C:\Windows\System32\AVRT.dll
0x00007ffe1d5c0000 - 0x00007ffe1d5cd000 	C:\Windows\System32\vidcap.ax
0x00007ffe103a0000 - 0x00007ffe103c5000 	C:\Windows\System32\kswdmcap.ax
0x00007ffe0aee0000 - 0x00007ffe0b043000 	C:\Windows\System32\MFC42.dll
0x00007ffe0c7b0000 - 0x00007ffe0c85f000 	C:\Windows\System32\ODBC32.dll
0x00007ffe24810000 - 0x00007ffe2481a000 	C:\Windows\System32\DPAPI.dll
0x00007ffe1b300000 - 0x00007ffe1b343000 	C:\WINDOWS\SYSTEM32\policymanager.dll
0x00007ffe238e0000 - 0x00007ffe23971000 	C:\Windows\System32\msvcp110_win.dll
0x00007ffe08b20000 - 0x00007ffe08bf4000 	C:\Windows\System32\MFReadWrite.dll
0x00007ffe0c2c0000 - 0x00007ffe0c363000 	C:\Windows\System32\qedit.dll
0x00007ffe26050000 - 0x00007ffe2614a000 	C:\WINDOWS\System32\COMDLG32.dll
0x00007ffe1c8d0000 - 0x00007ffe1ca69000 	C:\WINDOWS\WinSxS\amd64_microsoft.windows.gdiplus_6595b64144ccf1df_1.1.14393.187_none_730402f52114ff50\gdiplus.dll
0x00007ffe0c1c0000 - 0x00007ffe0c2b7000 	C:\Windows\System32\DDRAW.dll
0x00007ffe1d5b0000 - 0x00007ffe1d5b8000 	C:\Windows\System32\DCIMAN32.dll
0x00007ffe1c040000 - 0x00007ffe1c04c000 	C:\WINDOWS\SYSTEM32\msyuv.dll
0x000000006d5f0000 - 0x000000006d788000 	C:\Program Files\Java\jre1.8.0_101\bin\awt.dll
0x00007ffe233c0000 - 0x00007ffe2343a000 	C:\WINDOWS\SYSTEM32\apphelp.dll
0x000000006c340000 - 0x000000006c387000 	C:\Program Files\Java\jre1.8.0_101\bin\fontmanager.dll
0x000000006ccc0000 - 0x000000006ccda000 	C:\Program Files\Java\jre1.8.0_101\bin\net.dll
0x000000006cca0000 - 0x000000006ccb1000 	C:\Program Files\Java\jre1.8.0_101\bin\nio.dll
0x000000006c2f0000 - 0x000000006c332000 	C:\Program Files\Java\jre1.8.0_101\bin\t2k.dll
0x00007ffe21510000 - 0x00007ffe216b8000 	C:\WINDOWS\SYSTEM32\WindowsCodecs.dll
0x00007ffe0f4d0000 - 0x00007ffe0f519000 	C:\WINDOWS\system32\dataexchange.dll
0x00007ffe22da0000 - 0x00007ffe22ef1000 	C:\WINDOWS\system32\dcomp.dll
0x00007ffe22ae0000 - 0x00007ffe22d96000 	C:\WINDOWS\system32\d3d11.dll
0x00007ffe23f60000 - 0x00007ffe23fff000 	C:\WINDOWS\system32\dxgi.dll
0x00007ffe23980000 - 0x00007ffe23a9c000 	C:\WINDOWS\system32\twinapi.appcore.dll
0x00007ffe1ec00000 - 0x00007ffe1edab000 	C:\Windows\System32\uiautomationcore.dll
0x00007ffe24870000 - 0x00007ffe2488f000 	C:\Windows\System32\USERENV.dll
0x00007ffe24df0000 - 0x00007ffe24e88000 	C:\WINDOWS\SYSTEM32\sxs.dll
0x00007ffe1b710000 - 0x00007ffe1b775000 	C:\Windows\System32\OLEACC.dll
0x00007ffe118c0000 - 0x00007ffe1193d000 	C:\WINDOWS\SYSTEM32\twinapi.dll
0x00007ffe249a0000 - 0x00007ffe249b7000 	C:\WINDOWS\SYSTEM32\CRYPTSP.dll
0x00007ffe247d0000 - 0x00007ffe24803000 	C:\WINDOWS\system32\rsaenh.dll
0x00007ffe21410000 - 0x00007ffe21426000 	C:\WINDOWS\SYSTEM32\dhcpcsvc6.DLL
0x00007ffe21ab0000 - 0x00007ffe21aca000 	C:\WINDOWS\SYSTEM32\dhcpcsvc.DLL
0x000000006c180000 - 0x000000006c1b1000 	C:\Program Files\Java\jre1.8.0_101\bin\jpeg.dll
0x00007ffe15970000 - 0x00007ffe15b02000 	C:\WINDOWS\SYSTEM32\dbghelp.dll

VM Arguments:
jvm_args: -agentlib:jdwp=transport=dt_socket,suspend=y,address=localhost:51057 -Dfile.encoding=Cp1252 
java_command: Test
java_class_path (initial): C:\Users\Ryan McGee\workspace\OpenCV_Test\bin;C:\OpenCV\opencv\build\java\opencv-2413.jar
Launcher Type: SUN_STANDARD

Environment Variables:
PATH=C:/Program Files/Java/jre1.8.0_101/bin/server;C:/Program Files/Java/jre1.8.0_101/bin;C:/Program Files/Java/jre1.8.0_101/lib/amd64;C:\ProgramData\Oracle\Java\javapath;C:\WINDOWS\system32;C:\WINDOWS;C:\WINDOWS\System32\Wbem;C:\WINDOWS\System32\WindowsPowerShell\v1.0\;C:\OpenCV\opencv\build\x64\vc12\bin;C:\Users\Ryan McGee\AppData\Local\Microsoft\WindowsApps;;C:\Users\Ryan McGee\Desktop\backup\eclipse-java-mars-2-win32-x86_64\eclipse;
USERNAME=Ryan McGee
OS=Windows_NT
PROCESSOR_IDENTIFIER=AMD64 Family 21 Model 96 Stepping 1, AuthenticAMD



---------------  S Y S T E M  ---------------

OS: Windows 10.0 , 64 bit Build 14393 (10.0.14393.0)

CPU:total 4 (4 cores per cpu, 1 threads per core) family 21 model 96 stepping 1, cmov, cx8, fxsr, mmx, sse, sse2, sse3, ssse3, sse4.1, sse4.2, popcnt, avx, avx2, aes, clmul, mmxext, 3dnowpref, lzcnt, sse4a, tsc, tscinvbit, tscinv, bmi1

Memory: 4k page, physical 12005976k(7840456k free), swap 13840984k(8759604k free)

vm_info: Java HotSpot(TM) 64-Bit Server VM (25.101-b13) for windows-amd64 JRE (1.8.0_101-b13), built on Jun 22 2016 01:21:29 by "java_re" with MS VC++ 10.0 (VS2010)

time: Fri Sep 30 17:39:56 2016
elapsed time: 19 seconds (0d 0h 0m 19s)

