#
# A fatal error has been detected by the Java Runtime Environment:
#
#  Internal Error (0xc000000d), pid=5756, tid=0x0000000000000ef8
#
# JRE version: Java(TM) SE Runtime Environment (8.0_101-b13) (build 1.8.0_101-b13)
# Java VM: Java HotSpot(TM) 64-Bit Server VM (25.101-b13 mixed mode windows-amd64 compressed oops)
# Problematic frame:
# C  [ntdll.dll+0xfe5bc]
#
# Failed to write core dump. Minidumps are not enabled by default on client versions of Windows
#
# If you would like to submit a bug report, please visit:
#   http://bugreport.java.com/bugreport/crash.jsp
#

---------------  T H R E A D  ---------------

Current thread (0x0000000019677000):  VMThread [stack: 0x000000001a700000,0x000000001a800000] [id=3832]

siginfo: ExceptionCode=0xc000000d

Registers:
RAX=0x0000000000000000, RBX=0x0000000000d6d0a0, RCX=0x0000000000000000, RDX=0x0000000000000000
RSP=0x000000001a7fef90, RBP=0x0000000000000000, RSI=0x000000001bccad60, RDI=0x000000001bce0520
R8 =0x0000000000000000, R9 =0x0000000000000000, R10=0x0000000000000000, R11=0x0000000000000000
R12=0x0000000000000000, R13=0x00000000ffffffff, R14=0x000000001bcc24f0, R15=0x000000001bccad60
RIP=0x00007ffe28bbe5bc, EFLAGS=0x0000000000000206

Top of Stack: (sp=0x000000001a7fef90)
0x000000001a7fef90:   0000000000000057 0000000000d6d0a0
0x000000001a7fefa0:   000000001bccad60 000000001bce0520
0x000000001a7fefb0:   00000000c000000d 0000000000000000
0x000000001a7fefc0:   00007ffe28bbe5bc 0000000000000000
0x000000001a7fefd0:   0000000000000000 0000000000000000
0x000000001a7fefe0:   0000000000000000 0000000000000000
0x000000001a7feff0:   0000000000000000 0000000000000000
0x000000001a7ff000:   0000000000000000 0000000000000000
0x000000001a7ff010:   0000000000000000 0000000000000000
0x000000001a7ff020:   0000000000000000 0000000000000000
0x000000001a7ff030:   0000000000000000 0000000000000000
0x000000001a7ff040:   0000000000000000 00007ffe28afc468
0x000000001a7ff050:   000060c7db4f091b 0000000000000000
0x000000001a7ff060:   0000000100000008 00007ffe28b809fb
0x000000001a7ff070:   0000000000000001 00007ffe08b3e8db
0x000000001a7ff080:   0000000000000008 0000000000000000 

Instructions: (pc=0x00007ffe28bbe5bc)
0x00007ffe28bbe59c:   d1 fa ff c7 44 24 20 0d 00 00 c0 b9 57 00 00 00
0x00007ffe28bbe5ac:   e8 cf 0f f6 ff 90 48 8d 4c 24 20 e8 54 bb f4 ff
0x00007ffe28bbe5bc:   eb 00 48 8b 8c 24 c0 00 00 00 48 33 cc e8 82 70
0x00007ffe28bbe5cc:   f9 ff 48 81 c4 d8 00 00 00 c3 40 55 48 83 ec 20 


Register to memory mapping:

RAX=0x0000000000000000 is an unknown value
RBX=0x0000000000d6d0a0 is an unknown value
RCX=0x0000000000000000 is an unknown value
RDX=0x0000000000000000 is an unknown value
RSP=0x000000001a7fef90 is an unknown value
RBP=0x0000000000000000 is an unknown value
RSI=0x000000001bccad60 is an unknown value
RDI=0x000000001bce0520 is an unknown value
R8 =0x0000000000000000 is an unknown value
R9 =0x0000000000000000 is an unknown value
R10=0x0000000000000000 is an unknown value
R11=0x0000000000000000 is an unknown value
R12=0x0000000000000000 is an unknown value
R13=0x00000000ffffffff is an unknown value
R14=0x000000001bcc24f0 is an unknown value
R15=0x000000001bccad60 is an unknown value


Stack: [0x000000001a700000,0x000000001a800000],  sp=0x000000001a7fef90,  free space=1019k
Native frames: (J=compiled Java code, j=interpreted, Vv=VM code, C=native code)

VM_Operation (0x0000000021a6cd20): Exit, mode: safepoint, requested by thread 0x000000001ffc6000


---------------  P R O C E S S  ---------------

Java Threads: ( => current thread )
  0x0000000020050000 JavaThread "Thread-1" daemon [_thread_blocked, id=5604, stack(0x0000000022470000,0x0000000022570000)]
  0x000000001ffc6000 JavaThread "AWT-EventQueue-0" [_thread_blocked, id=6852, stack(0x0000000021970000,0x0000000021a70000)]
  0x000000001ff84000 JavaThread "AWT-Shutdown" [_thread_blocked, id=6440, stack(0x0000000020880000,0x0000000020980000)]
  0x000000001ff80800 JavaThread "Java2D Disposer" daemon [_thread_blocked, id=5952, stack(0x0000000020780000,0x0000000020880000)]
  0x000000001b117000 JavaThread "Service Thread" daemon [_thread_blocked, id=3480, stack(0x000000001b4f0000,0x000000001b5f0000)]
  0x00000000196ba000 JavaThread "C1 CompilerThread2" daemon [_thread_blocked, id=5540, stack(0x000000001aff0000,0x000000001b0f0000)]
  0x00000000196b1800 JavaThread "C2 CompilerThread1" daemon [_thread_blocked, id=6424, stack(0x000000001aef0000,0x000000001aff0000)]
  0x00000000196ab800 JavaThread "C2 CompilerThread0" daemon [_thread_blocked, id=940, stack(0x000000001adf0000,0x000000001aef0000)]
  0x00000000196aa000 JavaThread "Attach Listener" daemon [_thread_blocked, id=6088, stack(0x000000001acf0000,0x000000001adf0000)]
  0x0000000019699800 JavaThread "Finalizer" daemon [_thread_blocked, id=328, stack(0x000000001a900000,0x000000001aa00000)]
  0x0000000002980000 JavaThread "Reference Handler" daemon [_thread_blocked, id=6560, stack(0x000000001a800000,0x000000001a900000)]
  0x0000000002890800 JavaThread "main" [_thread_in_native, id=4764, stack(0x0000000002760000,0x0000000002860000)]

Other Threads:
=>0x0000000019677000 VMThread [stack: 0x000000001a700000,0x000000001a800000] [id=3832]

VM state:at safepoint (shutting down)

VM Mutex/Monitor currently owned by a thread:  ([mutex/lock_event])
[0x0000000002a4b240] Threads_lock - owner thread: 0x0000000019677000

Heap:
 PSYoungGen      total 54784K, used 22431K [0x0000000782f00000, 0x0000000786c00000, 0x00000007c0000000)
  eden space 47104K, 40% used [0x0000000782f00000,0x0000000784177718,0x0000000785d00000)
  from space 7680K, 45% used [0x0000000785d00000,0x00000007860705b8,0x0000000786480000)
  to   space 7680K, 0% used [0x0000000786480000,0x0000000786480000,0x0000000786c00000)
 ParOldGen       total 125952K, used 16K [0x0000000708c00000, 0x0000000710700000, 0x0000000782f00000)
  object space 125952K, 0% used [0x0000000708c00000,0x0000000708c04000,0x0000000710700000)
 Metaspace       used 10032K, capacity 10204K, committed 10368K, reserved 1058816K
  class space    used 1212K, capacity 1293K, committed 1408K, reserved 1048576K

Card table byte_map: [0x0000000011e10000,0x00000000123d0000] byte_map_base: 0x000000000e5ca000

Marking Bits: (ParMarkBitMap*) 0x000000006d55a6d0
 Begin Bits: [0x0000000012bb0000, 0x0000000015980000)
 End Bits:   [0x0000000015980000, 0x0000000018750000)

Polling page: 0x0000000000cb0000

CodeCache: size=245760Kb used=2371Kb max_used=2371Kb free=243388Kb
 bounds [0x0000000002a50000, 0x0000000002cc0000, 0x0000000011a50000]
 total_blobs=1185 nmethods=605 adapters=494
 compilation: enabled

Compilation events (10 events):
Event: 4.824 Thread 0x00000000196ba000  601       3       java.awt.Rectangle::setBounds (10 bytes)
Event: 4.825 Thread 0x00000000196ba000 nmethod 601 0x0000000002c9f910 code [0x0000000002c9fa80, 0x0000000002c9fc50]
Event: 4.825 Thread 0x00000000196ba000  602       3       java.awt.Rectangle::reshape (22 bytes)
Event: 4.825 Thread 0x00000000196ba000 nmethod 602 0x0000000002c9fd10 code [0x0000000002c9fe60, 0x0000000002c9ffd0]
Event: 4.868 Thread 0x00000000196ba000  603       3       java.util.WeakHashMap::indexFor (6 bytes)
Event: 4.868 Thread 0x00000000196ba000 nmethod 603 0x0000000002ca0050 code [0x0000000002ca01a0, 0x0000000002ca02d0]
Event: 4.869 Thread 0x00000000196ba000  604       3       javax.swing.JComponent::repaint (19 bytes)
Event: 4.870 Thread 0x00000000196ba000 nmethod 604 0x0000000002ca0350 code [0x0000000002ca0520, 0x0000000002ca0c18]
Event: 4.871 Thread 0x00000000196ba000  605       3       javax.swing.RepaintManager::addDirtyRegion (37 bytes)
Event: 4.871 Thread 0x00000000196ba000 nmethod 605 0x0000000002ca1010 code [0x0000000002ca11a0, 0x0000000002ca14e8]

GC Heap History (2 events):
Event: 4.123 GC heap before
{Heap before GC invocations=1 (full 0):
 PSYoungGen      total 54784K, used 47104K [0x0000000782f00000, 0x0000000786c00000, 0x00000007c0000000)
  eden space 47104K, 100% used [0x0000000782f00000,0x0000000785d00000,0x0000000785d00000)
  from space 7680K, 0% used [0x0000000786480000,0x0000000786480000,0x0000000786c00000)
  to   space 7680K, 0% used [0x0000000785d00000,0x0000000785d00000,0x0000000786480000)
 ParOldGen       total 125952K, used 0K [0x0000000708c00000, 0x0000000710700000, 0x0000000782f00000)
  object space 125952K, 0% used [0x0000000708c00000,0x0000000708c00000,0x0000000710700000)
 Metaspace       used 10004K, capacity 10204K, committed 10368K, reserved 1058816K
  class space    used 1210K, capacity 1293K, committed 1408K, reserved 1048576K
Event: 4.133 GC heap after
Heap after GC invocations=1 (full 0):
 PSYoungGen      total 54784K, used 3521K [0x0000000782f00000, 0x0000000786c00000, 0x00000007c0000000)
  eden space 47104K, 0% used [0x0000000782f00000,0x0000000782f00000,0x0000000785d00000)
  from space 7680K, 45% used [0x0000000785d00000,0x00000007860705b8,0x0000000786480000)
  to   space 7680K, 0% used [0x0000000786480000,0x0000000786480000,0x0000000786c00000)
 ParOldGen       total 125952K, used 16K [0x0000000708c00000, 0x0000000710700000, 0x0000000782f00000)
  object space 125952K, 0% used [0x0000000708c00000,0x0000000708c04000,0x0000000710700000)
 Metaspace       used 10004K, capacity 10204K, committed 10368K, reserved 1058816K
  class space    used 1210K, capacity 1293K, committed 1408K, reserved 1048576K
}

Deoptimization events (0 events):
No events

Internal exceptions (10 events):
Event: 0.141 Thread 0x0000000002890800 Exception <a 'java/lang/NoSuchMethodError': Method sun.misc.Unsafe.defineClass(Ljava/lang/String;[BII)Ljava/lang/Class; name or signature does not match> (0x0000000782f07cc0) thrown at [C:\re\workspace\8-2-build-windows-amd64-cygwin\jdk8u101\7261\hotspot\sEÙ’ûÂ?
Event: 0.141 Thread 0x0000000002890800 Exception <a 'java/lang/NoSuchMethodError': Method sun.misc.Unsafe.prefetchRead(Ljava/lang/Object;J)V name or signature does not match> (0x0000000782f07fa8) thrown at [C:\re\workspace\8-2-build-windows-amd64-cygwin\jdk8u101\7261\hotspot\src\share\vm\prims\4ñ§„ó?
Event: 1.193 Thread 0x0000000002890800 Exception <a 'java/security/PrivilegedActionException'> (0x00000007830e8510) thrown at [C:\re\workspace\8-2-build-windows-amd64-cygwin\jdk8u101\7261\hotspot\src\share\vm\prims\jvm.cpp, line 1386]
Event: 1.193 Thread 0x0000000002890800 Exception <a 'java/security/PrivilegedActionException'> (0x00000007830e8908) thrown at [C:\re\workspace\8-2-build-windows-amd64-cygwin\jdk8u101\7261\hotspot\src\share\vm\prims\jvm.cpp, line 1386]
Event: 1.195 Thread 0x0000000002890800 Exception <a 'java/security/PrivilegedActionException'> (0x00000007830ec738) thrown at [C:\re\workspace\8-2-build-windows-amd64-cygwin\jdk8u101\7261\hotspot\src\share\vm\prims\jvm.cpp, line 1386]
Event: 1.195 Thread 0x0000000002890800 Exception <a 'java/security/PrivilegedActionException'> (0x00000007830ecb30) thrown at [C:\re\workspace\8-2-build-windows-amd64-cygwin\jdk8u101\7261\hotspot\src\share\vm\prims\jvm.cpp, line 1386]
Event: 1.204 Thread 0x0000000002890800 Exception <a 'java/io/FileNotFoundException'> (0x00000007830eef50) thrown at [C:\re\workspace\8-2-build-windows-amd64-cygwin\jdk8u101\7261\hotspot\src\share\vm\prims\jni.cpp, line 709]
Event: 1.306 Thread 0x0000000002890800 Exception <a 'java/lang/NoSuchFieldError': method resolution failed> (0x00000007831bc2d0) thrown at [C:\re\workspace\8-2-build-windows-amd64-cygwin\jdk8u101\7261\hotspot\src\share\vm\prims\methodHandles.cpp, line 1146]
Event: 1.310 Thread 0x0000000002890800 Exception <a 'java/lang/NoSuchFieldError': method resolution failed> (0x00000007831c9c90) thrown at [C:\re\workspace\8-2-build-windows-amd64-cygwin\jdk8u101\7261\hotspot\src\share\vm\prims\methodHandles.cpp, line 1146]
Event: 1.843 Thread 0x0000000002890800 Exception <a 'java/io/FileNotFoundException'> (0x00000007835066a8) thrown at [C:\re\workspace\8-2-build-windows-amd64-cygwin\jdk8u101\7261\hotspot\src\share\vm\prims\jni.cpp, line 709]

Events (10 events):
Event: 4.800 Thread 0x0000000020019800 Thread exited: 0x0000000020019800
Event: 4.800 loading class sun/java2d/pipe/hw/AccelDeviceEventNotifier
Event: 4.800 loading class java/util/WeakHashMap$HashIterator
Event: 4.800 loading class sun/java2d/pipe/hw/AccelDeviceEventNotifier done
Event: 4.800 loading class java/util/WeakHashMap$HashIterator done
Event: 4.800 loading class java/util/WeakHashMap$KeyIterator done
Event: 4.800 Thread 0x0000000020060000 Thread exited: 0x0000000020060000
Event: 4.868 Thread 0x000000001ff84800 Thread exited: 0x000000001ff84800
Event: 4.900 Thread 0x00000000196a9000 Thread exited: 0x00000000196a9000
Event: 4.900 Executing VM operation: Exit


Dynamic libraries:
0x00007ff7a9280000 - 0x00007ff7a92b7000 	C:\Program Files\Java\jre1.8.0_101\bin\javaw.exe
0x00007ffe28ac0000 - 0x00007ffe28c91000 	C:\WINDOWS\SYSTEM32\ntdll.dll
0x00007ffe28800000 - 0x00007ffe288ab000 	C:\WINDOWS\System32\KERNEL32.DLL
0x00007ffe252f0000 - 0x00007ffe2550d000 	C:\WINDOWS\System32\KERNELBASE.dll
0x00007ffe26620000 - 0x00007ffe266c2000 	C:\WINDOWS\System32\ADVAPI32.dll
0x00007ffe267b0000 - 0x00007ffe2684e000 	C:\WINDOWS\System32\msvcrt.dll
0x00007ffe28630000 - 0x00007ffe28689000 	C:\WINDOWS\System32\sechost.dll
0x00007ffe26850000 - 0x00007ffe26971000 	C:\WINDOWS\System32\RPCRT4.dll
0x00007ffe28950000 - 0x00007ffe28ab5000 	C:\WINDOWS\System32\USER32.dll
0x00007ffe25ed0000 - 0x00007ffe25eee000 	C:\WINDOWS\System32\win32u.dll
0x00007ffe270c0000 - 0x00007ffe270f4000 	C:\WINDOWS\System32\GDI32.dll
0x00007ffe250b0000 - 0x00007ffe25232000 	C:\WINDOWS\System32\gdi32full.dll
0x00007ffe1ca70000 - 0x00007ffe1cce9000 	C:\WINDOWS\WinSxS\amd64_microsoft.windows.common-controls_6595b64144ccf1df_6.0.14393.0_none_2d0f50fcbdb171b8\COMCTL32.dll
0x00007ffe26170000 - 0x00007ffe26437000 	C:\WINDOWS\System32\combase.dll
0x00007ffe24fb0000 - 0x00007ffe250a5000 	C:\WINDOWS\System32\ucrtbase.dll
0x00007ffe255b0000 - 0x00007ffe2561a000 	C:\WINDOWS\System32\bcryptPrimitives.dll
0x00007ffe26f50000 - 0x00007ffe26f7e000 	C:\WINDOWS\System32\IMM32.DLL
0x000000006d6b0000 - 0x000000006d782000 	C:\Program Files\Java\jre1.8.0_101\bin\msvcr100.dll
0x000000006cd40000 - 0x000000006d5da000 	C:\Program Files\Java\jre1.8.0_101\bin\server\jvm.dll
0x00007ffe26150000 - 0x00007ffe26158000 	C:\WINDOWS\System32\PSAPI.DLL
0x00007ffe18cb0000 - 0x00007ffe18cb9000 	C:\WINDOWS\SYSTEM32\WSOCK32.dll
0x00007ffe266d0000 - 0x00007ffe2673a000 	C:\WINDOWS\System32\WS2_32.dll
0x00007ffe22470000 - 0x00007ffe22493000 	C:\WINDOWS\SYSTEM32\WINMM.dll
0x00007ffe20300000 - 0x00007ffe2030a000 	C:\WINDOWS\SYSTEM32\VERSION.dll
0x00007ffe22350000 - 0x00007ffe2237b000 	C:\WINDOWS\SYSTEM32\WINMMBASE.dll
0x00007ffe252a0000 - 0x00007ffe252e2000 	C:\WINDOWS\System32\cfgmgr32.dll
0x000000006cd30000 - 0x000000006cd3f000 	C:\Program Files\Java\jre1.8.0_101\bin\verify.dll
0x000000006cd00000 - 0x000000006cd29000 	C:\Program Files\Java\jre1.8.0_101\bin\java.dll
0x000000006cce0000 - 0x000000006ccf6000 	C:\Program Files\Java\jre1.8.0_101\bin\zip.dll
0x00007ffe27120000 - 0x00007ffe28628000 	C:\WINDOWS\System32\SHELL32.dll
0x00007ffe25620000 - 0x00007ffe25cfa000 	C:\WINDOWS\System32\windows.storage.dll
0x00007ffe24f20000 - 0x00007ffe24f6c000 	C:\WINDOWS\System32\powrprof.dll
0x00007ffe265c0000 - 0x00007ffe26612000 	C:\WINDOWS\System32\shlwapi.dll
0x00007ffe24f70000 - 0x00007ffe24f7f000 	C:\WINDOWS\System32\kernel.appcore.dll
0x00007ffe25fa0000 - 0x00007ffe26049000 	C:\WINDOWS\System32\shcore.dll
0x00007ffe24f80000 - 0x00007ffe24f94000 	C:\WINDOWS\System32\profapi.dll
0x00007ffdf66e0000 - 0x00007ffdf70b5000 	C:\Program Files\Java\jre1.8.0_101\bin\opencv_java2413.dll
0x00007ffe26f80000 - 0x00007ffe270b7000 	C:\WINDOWS\System32\ole32.dll
0x00007ffe0fe40000 - 0x00007ffe0fe69000 	C:\WINDOWS\SYSTEM32\MSVFW32.dll
0x00007ffe1c1e0000 - 0x00007ffe1c200000 	C:\WINDOWS\SYSTEM32\AVIFIL32.dll
0x00007ffe264a0000 - 0x00007ffe2655f000 	C:\WINDOWS\System32\OLEAUT32.dll
0x00007ffe25510000 - 0x00007ffe255ac000 	C:\WINDOWS\System32\msvcp_win.dll
0x00007ffe0f2a0000 - 0x00007ffe0f2bc000 	C:\WINDOWS\SYSTEM32\MSACM32.dll
0x00007ffe11e40000 - 0x00007ffe11e58000 	C:\WINDOWS\SYSTEM32\AVICAP32.dll
0x00007ffe236b0000 - 0x00007ffe23745000 	C:\WINDOWS\system32\uxtheme.dll
0x00007ffe115d0000 - 0x00007ffe11668000 	C:\Program Files\Common Files\microsoft shared\ink\tiptsf.dll
0x00007ffe288b0000 - 0x00007ffe2894f000 	C:\WINDOWS\System32\clbcatq.dll
0x00007ffe0fe20000 - 0x00007ffe0fe38000 	C:\Windows\System32\devenum.dll
0x00007ffe26b20000 - 0x00007ffe26f49000 	C:\WINDOWS\System32\setupapi.dll
0x00007ffe242d0000 - 0x00007ffe24302000 	C:\WINDOWS\SYSTEM32\ntmarta.dll
0x00007ffe23b40000 - 0x00007ffe23b68000 	C:\WINDOWS\SYSTEM32\DEVOBJ.dll
0x00007ffe25240000 - 0x00007ffe25295000 	C:\WINDOWS\System32\WINTRUST.dll
0x00007ffe24fa0000 - 0x00007ffe24fb0000 	C:\WINDOWS\System32\MSASN1.dll
0x00007ffe25d00000 - 0x00007ffe25ec8000 	C:\WINDOWS\System32\CRYPT32.dll
0x00007ffe11e00000 - 0x00007ffe11e0a000 	C:\WINDOWS\SYSTEM32\msdmo.dll
0x00007ffe0f2f0000 - 0x00007ffe0f323000 	C:\Windows\System32\qcap.dll
0x00007ffdf7e80000 - 0x00007ffdf8043000 	C:\Windows\System32\quartz.dll
0x00007ffe24dc0000 - 0x00007ffe24deb000 	C:\Windows\System32\bcrypt.dll
0x00007ffe286a0000 - 0x00007ffe287fb000 	C:\WINDOWS\System32\MSCTF.dll
0x00007ffe226a0000 - 0x00007ffe226c6000 	C:\WINDOWS\system32\dwmapi.dll
0x00007ffe0f250000 - 0x00007ffe0f298000 	C:\Windows\System32\mfksproxy.dll
0x00007ffe14da0000 - 0x00007ffe14dbc000 	C:\Windows\System32\ATL.DLL
0x00007ffe22130000 - 0x00007ffe22298000 	C:\Windows\System32\MFPlat.DLL
0x00007ffe21fe0000 - 0x00007ffe2200e000 	C:\Windows\System32\RTWorkQ.DLL
0x00007ffdf8050000 - 0x00007ffdf843b000 	C:\Windows\System32\MFCORE.dll
0x00007ffe10140000 - 0x00007ffe10149000 	C:\Windows\System32\ksuser.dll
0x00007ffe24990000 - 0x00007ffe2499b000 	C:\Windows\System32\CRYPTBASE.DLL
0x00007ffe0e220000 - 0x00007ffe0e273000 	C:\Windows\System32\FSClient.dll
0x00007ffdff680000 - 0x00007ffdff6cd000 	C:\Windows\System32\MFSENSORGROUP.dll
0x00007ffe21b50000 - 0x00007ffe21b5b000 	C:\Windows\System32\AVRT.dll
0x00007ffe1d580000 - 0x00007ffe1d58d000 	C:\Windows\System32\vidcap.ax
0x00007ffe0f2c0000 - 0x00007ffe0f2e5000 	C:\Windows\System32\kswdmcap.ax
0x00007ffdff700000 - 0x00007ffdff863000 	C:\Windows\System32\MFC42.dll
0x00007ffdffd70000 - 0x00007ffdffe1f000 	C:\Windows\System32\ODBC32.dll
0x00007ffe24810000 - 0x00007ffe2481a000 	C:\Windows\System32\DPAPI.dll
0x00007ffe1b300000 - 0x00007ffe1b343000 	C:\WINDOWS\SYSTEM32\policymanager.dll
0x00007ffe238e0000 - 0x00007ffe23971000 	C:\Windows\System32\msvcp110_win.dll
0x00007ffe08b20000 - 0x00007ffe08bf4000 	C:\Windows\System32\MFReadWrite.dll
0x00007ffdfd900000 - 0x00007ffdfd9a3000 	C:\Windows\System32\qedit.dll
0x00007ffe26050000 - 0x00007ffe2614a000 	C:\WINDOWS\System32\COMDLG32.dll
0x00007ffe1c8d0000 - 0x00007ffe1ca69000 	C:\WINDOWS\WinSxS\amd64_microsoft.windows.gdiplus_6595b64144ccf1df_1.1.14393.187_none_730402f52114ff50\gdiplus.dll
0x00007ffdf8e60000 - 0x00007ffdf8f57000 	C:\Windows\System32\DDRAW.dll
0x00007ffe10b10000 - 0x00007ffe10b18000 	C:\Windows\System32\DCIMAN32.dll
0x00007ffe10530000 - 0x00007ffe1053c000 	C:\WINDOWS\SYSTEM32\msyuv.dll
0x000000006ca80000 - 0x000000006cc18000 	C:\Program Files\Java\jre1.8.0_101\bin\awt.dll
0x00007ffe233c0000 - 0x00007ffe2343a000 	C:\WINDOWS\SYSTEM32\apphelp.dll
0x00007ffe249a0000 - 0x00007ffe249b7000 	C:\WINDOWS\SYSTEM32\CRYPTSP.dll
0x00007ffe247d0000 - 0x00007ffe24803000 	C:\WINDOWS\system32\rsaenh.dll
0x00007ffe24870000 - 0x00007ffe2488f000 	C:\WINDOWS\SYSTEM32\USERENV.dll
0x000000006ccc0000 - 0x000000006ccda000 	C:\Program Files\Java\jre1.8.0_101\bin\net.dll
0x00007ffe24590000 - 0x00007ffe245ec000 	C:\WINDOWS\system32\mswsock.dll
0x00007ffe24340000 - 0x00007ffe24378000 	C:\WINDOWS\SYSTEM32\IPHLPAPI.DLL
0x00007ffe28690000 - 0x00007ffe28698000 	C:\WINDOWS\System32\NSI.dll
0x00007ffe21410000 - 0x00007ffe21426000 	C:\WINDOWS\SYSTEM32\dhcpcsvc6.DLL
0x00007ffe21ab0000 - 0x00007ffe21aca000 	C:\WINDOWS\SYSTEM32\dhcpcsvc.DLL
0x000000006cca0000 - 0x000000006ccb1000 	C:\Program Files\Java\jre1.8.0_101\bin\nio.dll
0x000000006d670000 - 0x000000006d6a1000 	C:\Program Files\Java\jre1.8.0_101\bin\jpeg.dll
0x000000006d620000 - 0x000000006d667000 	C:\Program Files\Java\jre1.8.0_101\bin\fontmanager.dll
0x00007ffe1ec00000 - 0x00007ffe1edab000 	C:\Windows\System32\uiautomationcore.dll
0x00007ffe24df0000 - 0x00007ffe24e88000 	C:\WINDOWS\SYSTEM32\sxs.dll
0x00007ffe1b710000 - 0x00007ffe1b775000 	C:\Windows\System32\OLEACC.dll
0x00007ffe118c0000 - 0x00007ffe1193d000 	C:\WINDOWS\SYSTEM32\twinapi.dll
0x00007ffe23980000 - 0x00007ffe23a9c000 	C:\WINDOWS\SYSTEM32\twinapi.appcore.dll
0x000000006c1a0000 - 0x000000006c1e2000 	C:\Program Files\Java\jre1.8.0_101\bin\t2k.dll
0x00007ffe15970000 - 0x00007ffe15b02000 	C:\WINDOWS\SYSTEM32\dbghelp.dll

VM Arguments:
jvm_args: -Dfile.encoding=Cp1252 
java_command: Test
java_class_path (initial): C:\Users\Ryan McGee\workspace\OpenCV_Test\bin;C:\OpenCV\opencv\build\java\opencv-2413.jar
Launcher Type: SUN_STANDARD

Environment Variables:
PATH=C:/Program Files/Java/jre1.8.0_101/bin/server;C:/Program Files/Java/jre1.8.0_101/bin;C:/Program Files/Java/jre1.8.0_101/lib/amd64;C:\ProgramData\Oracle\Java\javapath;C:\WINDOWS\system32;C:\WINDOWS;C:\WINDOWS\System32\Wbem;C:\WINDOWS\System32\WindowsPowerShell\v1.0\;C:\OpenCV\opencv\build\x64\vc12\bin;C:\Users\Ryan McGee\AppData\Local\Microsoft\WindowsApps;;C:\Users\Ryan McGee\Desktop\backup\eclipse-java-mars-2-win32-x86_64\eclipse;
USERNAME=Ryan McGee
OS=Windows_NT
PROCESSOR_IDENTIFIER=AMD64 Family 21 Model 96 Stepping 1, AuthenticAMD



---------------  S Y S T E M  ---------------

OS: Windows 10.0 , 64 bit Build 14393 (10.0.14393.0)

CPU:total 4 (4 cores per cpu, 1 threads per core) family 21 model 96 stepping 1, cmov, cx8, fxsr, mmx, sse, sse2, sse3, ssse3, sse4.1, sse4.2, popcnt, avx, avx2, aes, clmul, mmxext, 3dnowpref, lzcnt, sse4a, tsc, tscinvbit, tscinv, bmi1

Memory: 4k page, physical 12005976k(9090156k free), swap 13840984k(10285676k free)

vm_info: Java HotSpot(TM) 64-Bit Server VM (25.101-b13) for windows-amd64 JRE (1.8.0_101-b13), built on Jun 22 2016 01:21:29 by "java_re" with MS VC++ 10.0 (VS2010)

time: Fri Sep 30 08:01:44 2016
elapsed time: 6 seconds (0d 0h 0m 6s)

