#
# A fatal error has been detected by the Java Runtime Environment:
#
#  Internal Error (0xc000000d), pid=3960, tid=0x00000000000011a0
#
# JRE version: Java(TM) SE Runtime Environment (8.0_101-b13) (build 1.8.0_101-b13)
# Java VM: Java HotSpot(TM) 64-Bit Server VM (25.101-b13 mixed mode windows-amd64 compressed oops)
# Problematic frame:
# C  [ntdll.dll+0xfe5bc]
#
# Failed to write core dump. Minidumps are not enabled by default on client versions of Windows
#
# If you would like to submit a bug report, please visit:
#   http://bugreport.java.com/bugreport/crash.jsp
#

---------------  T H R E A D  ---------------

Current thread (0x0000000018fa8000):  VMThread [stack: 0x000000001a030000,0x000000001a130000] [id=4512]

siginfo: ExceptionCode=0xc000000d

Registers:
RAX=0x0000000000000000, RBX=0x00000000004a67d0, RCX=0x0000000000000000, RDX=0x0000000000000000
RSP=0x000000001a12eef0, RBP=0x0000000000000000, RSI=0x000000001b70afe0, RDI=0x000000001b71ba80
R8 =0x00007ffe253075ff, R9 =0x0000000000000000, R10=0x0000000000000000, R11=0x0000000000000000
R12=0x0000000000000000, R13=0x00000000ffffffff, R14=0x000000001b7046d0, R15=0x000000001b70afe0
RIP=0x00007ffe28bbe5bc, EFLAGS=0x0000000000000206

Top of Stack: (sp=0x000000001a12eef0)
0x000000001a12eef0:   0000000000000057 00000000004a67d0
0x000000001a12ef00:   000000001b70afe0 000000001b71ba80
0x000000001a12ef10:   00000000c000000d 0000000000000000
0x000000001a12ef20:   00007ffe28bbe5bc 0000000000000000
0x000000001a12ef30:   0000000000000000 0000000000000000
0x000000001a12ef40:   0000000000000000 0000000000000000
0x000000001a12ef50:   0000000000000000 0000000000000000
0x000000001a12ef60:   0000000000000000 0000000000000000
0x000000001a12ef70:   0000000000000000 0000000000000000
0x000000001a12ef80:   0000000000000000 0000000000000000
0x000000001a12ef90:   0000000000000000 0000000000000000
0x000000001a12efa0:   0000000000000000 0000000000000500
0x000000001a12efb0:   0000065f5ea71e74 0000000000000000
0x000000001a12efc0:   0000000000450150 00007ffe28b809fb
0x000000001a12efd0:   0000000000450000 00007ffe08b3e8db
0x000000001a12efe0:   0000000000000522 000000001a12f0f0 

Instructions: (pc=0x00007ffe28bbe5bc)
0x00007ffe28bbe59c:   d1 fa ff c7 44 24 20 0d 00 00 c0 b9 57 00 00 00
0x00007ffe28bbe5ac:   e8 cf 0f f6 ff 90 48 8d 4c 24 20 e8 54 bb f4 ff
0x00007ffe28bbe5bc:   eb 00 48 8b 8c 24 c0 00 00 00 48 33 cc e8 82 70
0x00007ffe28bbe5cc:   f9 ff 48 81 c4 d8 00 00 00 c3 40 55 48 83 ec 20 


Register to memory mapping:

RAX=0x0000000000000000 is an unknown value
RBX=0x00000000004a67d0 is an unknown value
RCX=0x0000000000000000 is an unknown value
RDX=0x0000000000000000 is an unknown value
RSP=0x000000001a12eef0 is an unknown value
RBP=0x0000000000000000 is an unknown value
RSI=0x000000001b70afe0 is an unknown value
RDI=0x000000001b71ba80 is an unknown value
R8 =0x00007ffe253075ff is an unknown value
R9 =0x0000000000000000 is an unknown value
R10=0x0000000000000000 is an unknown value
R11=0x0000000000000000 is an unknown value
R12=0x0000000000000000 is an unknown value
R13=0x00000000ffffffff is an unknown value
R14=0x000000001b7046d0 is an unknown value
R15=0x000000001b70afe0 is an unknown value


Stack: [0x000000001a030000,0x000000001a130000],  sp=0x000000001a12eef0,  free space=1019k
Native frames: (J=compiled Java code, j=interpreted, Vv=VM code, C=native code)

VM_Operation (0x0000000020bfcec0): Exit, mode: safepoint, requested by thread 0x000000001b349800


---------------  P R O C E S S  ---------------

Java Threads: ( => current thread )
  0x000000001b051000 JavaThread "TimerQueue" daemon [_thread_blocked, id=7680, stack(0x0000000024360000,0x0000000024460000)]
  0x0000000020d88000 JavaThread "Thread-3" [_thread_blocked, id=1704, stack(0x0000000024120000,0x0000000024220000)]
  0x000000001b349800 JavaThread "AWT-EventQueue-0" [_thread_blocked, id=4088, stack(0x0000000020b00000,0x0000000020c00000)]
  0x000000001b33c800 JavaThread "AWT-Shutdown" [_thread_blocked, id=8024, stack(0x000000001fc10000,0x000000001fd10000)]
  0x000000001b2c1000 JavaThread "Java2D Disposer" daemon [_thread_blocked, id=7836, stack(0x000000001fb10000,0x000000001fc10000)]
  0x000000001afac800 JavaThread "Service Thread" daemon [_thread_blocked, id=3328, stack(0x000000001b360000,0x000000001b460000)]
  0x000000001900b800 JavaThread "C1 CompilerThread2" daemon [_thread_blocked, id=7952, stack(0x000000001ae60000,0x000000001af60000)]
  0x0000000019006800 JavaThread "C2 CompilerThread1" daemon [_thread_blocked, id=2516, stack(0x000000001ad60000,0x000000001ae60000)]
  0x0000000019002800 JavaThread "C2 CompilerThread0" daemon [_thread_blocked, id=332, stack(0x000000001ac60000,0x000000001ad60000)]
  0x0000000018ff5800 JavaThread "JDWP Event Helper Thread" daemon [_thread_blocked, id=1400, stack(0x000000001aa60000,0x000000001ab60000)]
  0x0000000018fe6000 JavaThread "JDWP Transport Listener: dt_socket" daemon [_thread_blocked, id=6812, stack(0x000000001a960000,0x000000001aa60000)]
  0x0000000018fdc800 JavaThread "Attach Listener" daemon [_thread_blocked, id=7020, stack(0x000000001a520000,0x000000001a620000)]
  0x0000000018fc9000 JavaThread "Finalizer" daemon [_thread_blocked, id=6976, stack(0x000000001a230000,0x000000001a330000)]
  0x0000000002372000 JavaThread "Reference Handler" daemon [_thread_blocked, id=7808, stack(0x000000001a130000,0x000000001a230000)]
  0x000000000097e000 JavaThread "main" [_thread_in_native, id=132, stack(0x00000000020c0000,0x00000000021c0000)]

Other Threads:
=>0x0000000018fa8000 VMThread [stack: 0x000000001a030000,0x000000001a130000] [id=4512]

VM state:at safepoint (shutting down)

VM Mutex/Monitor currently owned by a thread:  ([mutex/lock_event])
[0x000000000097cef0] Threads_lock - owner thread: 0x0000000018fa8000

Heap:
 PSYoungGen      total 54784K, used 15293K [0x0000000782f00000, 0x0000000786c00000, 0x00000007c0000000)
  eden space 47104K, 27% used [0x0000000782f00000,0x0000000783bd03f0,0x0000000785d00000)
  from space 7680K, 28% used [0x0000000786480000,0x000000078669f020,0x0000000786c00000)
  to   space 7680K, 0% used [0x0000000785d00000,0x0000000785d00000,0x0000000786480000)
 ParOldGen       total 125952K, used 24K [0x0000000708c00000, 0x0000000710700000, 0x0000000782f00000)
  object space 125952K, 0% used [0x0000000708c00000,0x0000000708c06000,0x0000000710700000)
 Metaspace       used 12967K, capacity 13192K, committed 13440K, reserved 1060864K
  class space    used 1531K, capacity 1615K, committed 1664K, reserved 1048576K

Card table byte_map: [0x0000000011740000,0x0000000011d00000] byte_map_base: 0x000000000defa000

Marking Bits: (ParMarkBitMap*) 0x000000006d55a6d0
 Begin Bits: [0x00000000124e0000, 0x00000000152b0000)
 End Bits:   [0x00000000152b0000, 0x0000000018080000)

Polling page: 0x0000000000940000

CodeCache: size=245760Kb used=5555Kb max_used=5555Kb free=240204Kb
 bounds [0x0000000002380000, 0x0000000002900000, 0x0000000011380000]
 total_blobs=2250 nmethods=1656 adapters=515
 compilation: enabled

Compilation events (10 events):
Event: 17.746 Thread 0x000000001900b800 1657       3       org.opencv.core.Core::inRange (60 bytes)
Event: 17.746 Thread 0x000000001900b800 nmethod 1657 0x00000000028eb290 code [0x00000000028eb420, 0x00000000028eb6e8]
Event: 17.769 Thread 0x0000000019002800 1659       4       javax.imageio.ImageReader::processImageProgress (56 bytes)
Event: 17.770 Thread 0x0000000019002800 nmethod 1659 0x0000000002887850 code [0x0000000002887980, 0x00000000028879f8]
Event: 17.773 Thread 0x000000001900b800 1660       3       javax.swing.JComponent::removeNotify (55 bytes)
Event: 17.775 Thread 0x000000001900b800 nmethod 1660 0x00000000028ed390 code [0x00000000028ed5a0, 0x00000000028edf78]
Event: 17.775 Thread 0x000000001900b800 1662   !   3       java.awt.Container::decreaseComponentCount (124 bytes)
Event: 17.776 Thread 0x000000001900b800 nmethod 1662 0x00000000028e98d0 code [0x00000000028e9ae0, 0x00000000028ea958]
Event: 17.776 Thread 0x000000001900b800 1661   !   3       java.awt.Container::removeNotify (125 bytes)
Event: 17.780 Thread 0x000000001900b800 nmethod 1661 0x00000000028ee350 code [0x00000000028ee620, 0x00000000028efc58]

GC Heap History (4 events):
Event: 8.899 GC heap before
{Heap before GC invocations=1 (full 0):
 PSYoungGen      total 54784K, used 47092K [0x0000000782f00000, 0x0000000786c00000, 0x00000007c0000000)
  eden space 47104K, 99% used [0x0000000782f00000,0x0000000785cfd3b8,0x0000000785d00000)
  from space 7680K, 0% used [0x0000000786480000,0x0000000786480000,0x0000000786c00000)
  to   space 7680K, 0% used [0x0000000785d00000,0x0000000785d00000,0x0000000786480000)
 ParOldGen       total 125952K, used 0K [0x0000000708c00000, 0x0000000710700000, 0x0000000782f00000)
  object space 125952K, 0% used [0x0000000708c00000,0x0000000708c00000,0x0000000710700000)
 Metaspace       used 12430K, capacity 12616K, committed 12928K, reserved 1060864K
  class space    used 1528K, capacity 1615K, committed 1664K, reserved 1048576K
Event: 8.913 GC heap after
Heap after GC invocations=1 (full 0):
 PSYoungGen      total 54784K, used 2313K [0x0000000782f00000, 0x0000000786c00000, 0x00000007c0000000)
  eden space 47104K, 0% used [0x0000000782f00000,0x0000000782f00000,0x0000000785d00000)
  from space 7680K, 30% used [0x0000000785d00000,0x0000000785f426e8,0x0000000786480000)
  to   space 7680K, 0% used [0x0000000786480000,0x0000000786480000,0x0000000786c00000)
 ParOldGen       total 125952K, used 16K [0x0000000708c00000, 0x0000000710700000, 0x0000000782f00000)
  object space 125952K, 0% used [0x0000000708c00000,0x0000000708c04000,0x0000000710700000)
 Metaspace       used 12430K, capacity 12616K, committed 12928K, reserved 1060864K
  class space    used 1528K, capacity 1615K, committed 1664K, reserved 1048576K
}
Event: 16.076 GC heap before
{Heap before GC invocations=2 (full 0):
 PSYoungGen      total 54784K, used 49317K [0x0000000782f00000, 0x0000000786c00000, 0x00000007c0000000)
  eden space 47104K, 99% used [0x0000000782f00000,0x0000000785ce6d60,0x0000000785d00000)
  from space 7680K, 30% used [0x0000000785d00000,0x0000000785f426e8,0x0000000786480000)
  to   space 7680K, 0% used [0x0000000786480000,0x0000000786480000,0x0000000786c00000)
 ParOldGen       total 125952K, used 16K [0x0000000708c00000, 0x0000000710700000, 0x0000000782f00000)
  object space 125952K, 0% used [0x0000000708c00000,0x0000000708c04000,0x0000000710700000)
 Metaspace       used 12821K, capacity 13000K, committed 13184K, reserved 1060864K
  class space    used 1529K, capacity 1615K, committed 1664K, reserved 1048576K
Event: 16.086 GC heap after
Heap after GC invocations=2 (full 0):
 PSYoungGen      total 54784K, used 2172K [0x0000000782f00000, 0x0000000786c00000, 0x00000007c0000000)
  eden space 47104K, 0% used [0x0000000782f00000,0x0000000782f00000,0x0000000785d00000)
  from space 7680K, 28% used [0x0000000786480000,0x000000078669f020,0x0000000786c00000)
  to   space 7680K, 0% used [0x0000000785d00000,0x0000000785d00000,0x0000000786480000)
 ParOldGen       total 125952K, used 24K [0x0000000708c00000, 0x0000000710700000, 0x0000000782f00000)
  object space 125952K, 0% used [0x0000000708c00000,0x0000000708c06000,0x0000000710700000)
 Metaspace       used 12821K, capacity 13000K, committed 13184K, reserved 1060864K
  class space    used 1529K, capacity 1615K, committed 1664K, reserved 1048576K
}

Deoptimization events (1 events):
Event: 14.617 Thread 0x000000000097e000 Uncommon trap: reason=unstable_if action=reinterpret pc=0x00000000027666e0 method=java.awt.Component.inside(II)Z @ 21

Internal exceptions (10 events):
Event: 0.077 Thread 0x000000000097e000 Exception <a 'java/lang/NoSuchMethodError': Method sun.misc.Unsafe.defineClass(Ljava/lang/String;[BII)Ljava/lang/Class; name or signature does not match> (0x0000000782f07cc0) thrown at [C:\re\workspace\8-2-build-windows-amd64-cygwin\jdk8u101\7261\hotspot\s$rOØ¸³?
Event: 0.077 Thread 0x000000000097e000 Exception <a 'java/lang/NoSuchMethodError': Method sun.misc.Unsafe.prefetchRead(Ljava/lang/Object;J)V name or signature does not match> (0x0000000782f07fa8) thrown at [C:\re\workspace\8-2-build-windows-amd64-cygwin\jdk8u101\7261\hotspot\src\share\vm\prims\ûÉyó?
Event: 1.192 Thread 0x000000000097e000 Exception <a 'java/security/PrivilegedActionException'> (0x0000000782fdc220) thrown at [C:\re\workspace\8-2-build-windows-amd64-cygwin\jdk8u101\7261\hotspot\src\share\vm\prims\jvm.cpp, line 1386]
Event: 1.192 Thread 0x000000000097e000 Exception <a 'java/security/PrivilegedActionException'> (0x0000000782fdc430) thrown at [C:\re\workspace\8-2-build-windows-amd64-cygwin\jdk8u101\7261\hotspot\src\share\vm\prims\jvm.cpp, line 1386]
Event: 1.194 Thread 0x000000000097e000 Exception <a 'java/security/PrivilegedActionException'> (0x0000000782fe0078) thrown at [C:\re\workspace\8-2-build-windows-amd64-cygwin\jdk8u101\7261\hotspot\src\share\vm\prims\jvm.cpp, line 1386]
Event: 1.194 Thread 0x000000000097e000 Exception <a 'java/security/PrivilegedActionException'> (0x0000000782fe0288) thrown at [C:\re\workspace\8-2-build-windows-amd64-cygwin\jdk8u101\7261\hotspot\src\share\vm\prims\jvm.cpp, line 1386]
Event: 1.206 Thread 0x000000000097e000 Exception <a 'java/io/FileNotFoundException'> (0x0000000782fe26a8) thrown at [C:\re\workspace\8-2-build-windows-amd64-cygwin\jdk8u101\7261\hotspot\src\share\vm\prims\jni.cpp, line 709]
Event: 1.325 Thread 0x000000000097e000 Exception <a 'java/lang/NoSuchFieldError': method resolution failed> (0x0000000783286bd0) thrown at [C:\re\workspace\8-2-build-windows-amd64-cygwin\jdk8u101\7261\hotspot\src\share\vm\prims\methodHandles.cpp, line 1146]
Event: 1.339 Thread 0x000000000097e000 Exception <a 'java/lang/NoSuchFieldError': method resolution failed> (0x0000000783293fa0) thrown at [C:\re\workspace\8-2-build-windows-amd64-cygwin\jdk8u101\7261\hotspot\src\share\vm\prims\methodHandles.cpp, line 1146]
Event: 1.454 Thread 0x000000000097e000 Exception <a 'java/io/FileNotFoundException'> (0x0000000783327e48) thrown at [C:\re\workspace\8-2-build-windows-amd64-cygwin\jdk8u101\7261\hotspot\src\share\vm\prims\jni.cpp, line 709]

Events (10 events):
Event: 17.826 loading class sun/java2d/pipe/hw/AccelDeviceEventNotifier
Event: 17.827 loading class sun/java2d/pipe/hw/AccelDeviceEventNotifier done
Event: 17.827 Thread 0x000000001b146800 DEOPT PACKING pc=0x0000000002601e69 sp=0x000000002455efc0
Event: 17.827 Thread 0x000000001b146800 DEOPT UNPACKING pc=0x00000000023c747f sp=0x000000002455ed00 mode 1
Event: 17.827 Thread 0x000000001b146800 Thread exited: 0x000000001b146800
Event: 17.932 Thread 0x000000001b2d1000 Thread exited: 0x000000001b2d1000
Event: 18.028 Thread 0x000000001b149800 Thread exited: 0x000000001b149800
Event: 18.029 Thread 0x0000000018ff7000 Thread exited: 0x0000000018ff7000
Event: 18.030 Thread 0x0000000018fdb800 Thread exited: 0x0000000018fdb800
Event: 18.030 Executing VM operation: Exit


Dynamic libraries:
0x00007ff7a9280000 - 0x00007ff7a92b7000 	C:\Program Files\Java\jre1.8.0_101\bin\javaw.exe
0x00007ffe28ac0000 - 0x00007ffe28c91000 	C:\WINDOWS\SYSTEM32\ntdll.dll
0x00007ffe28800000 - 0x00007ffe288ab000 	C:\WINDOWS\System32\KERNEL32.DLL
0x00007ffe252f0000 - 0x00007ffe2550d000 	C:\WINDOWS\System32\KERNELBASE.dll
0x00007ffe26620000 - 0x00007ffe266c2000 	C:\WINDOWS\System32\ADVAPI32.dll
0x00007ffe267b0000 - 0x00007ffe2684e000 	C:\WINDOWS\System32\msvcrt.dll
0x00007ffe28630000 - 0x00007ffe28689000 	C:\WINDOWS\System32\sechost.dll
0x00007ffe26850000 - 0x00007ffe26971000 	C:\WINDOWS\System32\RPCRT4.dll
0x00007ffe28950000 - 0x00007ffe28ab5000 	C:\WINDOWS\System32\USER32.dll
0x00007ffe25ed0000 - 0x00007ffe25eee000 	C:\WINDOWS\System32\win32u.dll
0x00007ffe270c0000 - 0x00007ffe270f4000 	C:\WINDOWS\System32\GDI32.dll
0x00007ffe250b0000 - 0x00007ffe25232000 	C:\WINDOWS\System32\gdi32full.dll
0x00007ffe1ca70000 - 0x00007ffe1cce9000 	C:\WINDOWS\WinSxS\amd64_microsoft.windows.common-controls_6595b64144ccf1df_6.0.14393.0_none_2d0f50fcbdb171b8\COMCTL32.dll
0x00007ffe26170000 - 0x00007ffe26437000 	C:\WINDOWS\System32\combase.dll
0x00007ffe24fb0000 - 0x00007ffe250a5000 	C:\WINDOWS\System32\ucrtbase.dll
0x00007ffe255b0000 - 0x00007ffe2561a000 	C:\WINDOWS\System32\bcryptPrimitives.dll
0x00007ffe26f50000 - 0x00007ffe26f7e000 	C:\WINDOWS\System32\IMM32.DLL
0x000000006c060000 - 0x000000006c132000 	C:\Program Files\Java\jre1.8.0_101\bin\msvcr100.dll
0x000000006cd40000 - 0x000000006d5da000 	C:\Program Files\Java\jre1.8.0_101\bin\server\jvm.dll
0x00007ffe26150000 - 0x00007ffe26158000 	C:\WINDOWS\System32\PSAPI.DLL
0x00007ffe22470000 - 0x00007ffe22493000 	C:\WINDOWS\SYSTEM32\WINMM.dll
0x00007ffe20300000 - 0x00007ffe2030a000 	C:\WINDOWS\SYSTEM32\VERSION.dll
0x00007ffe18cb0000 - 0x00007ffe18cb9000 	C:\WINDOWS\SYSTEM32\WSOCK32.dll
0x00007ffe266d0000 - 0x00007ffe2673a000 	C:\WINDOWS\System32\WS2_32.dll
0x0000000000420000 - 0x000000000044b000 	C:\WINDOWS\SYSTEM32\WINMMBASE.dll
0x00007ffe252a0000 - 0x00007ffe252e2000 	C:\WINDOWS\System32\cfgmgr32.dll
0x000000006cd30000 - 0x000000006cd3f000 	C:\Program Files\Java\jre1.8.0_101\bin\verify.dll
0x000000006cd00000 - 0x000000006cd29000 	C:\Program Files\Java\jre1.8.0_101\bin\java.dll
0x000000006c020000 - 0x000000006c055000 	C:\Program Files\Java\jre1.8.0_101\bin\jdwp.dll
0x000000006d5e0000 - 0x000000006d5e8000 	C:\Program Files\Java\jre1.8.0_101\bin\npt.dll
0x000000006cce0000 - 0x000000006ccf6000 	C:\Program Files\Java\jre1.8.0_101\bin\zip.dll
0x00007ffe27120000 - 0x00007ffe28628000 	C:\WINDOWS\System32\SHELL32.dll
0x00007ffe25620000 - 0x00007ffe25cfa000 	C:\WINDOWS\System32\windows.storage.dll
0x00007ffe24f20000 - 0x00007ffe24f6c000 	C:\WINDOWS\System32\powrprof.dll
0x00007ffe265c0000 - 0x00007ffe26612000 	C:\WINDOWS\System32\shlwapi.dll
0x00007ffe24f70000 - 0x00007ffe24f7f000 	C:\WINDOWS\System32\kernel.appcore.dll
0x00007ffe25fa0000 - 0x00007ffe26049000 	C:\WINDOWS\System32\shcore.dll
0x00007ffe24f80000 - 0x00007ffe24f94000 	C:\WINDOWS\System32\profapi.dll
0x000000006c010000 - 0x000000006c019000 	C:\Program Files\Java\jre1.8.0_101\bin\dt_socket.dll
0x00007ffe12740000 - 0x00007ffe12756000 	C:\WINDOWS\system32\napinsp.dll
0x00007ffe12760000 - 0x00007ffe1277a000 	C:\WINDOWS\system32\pnrpnsp.dll
0x00007ffe22420000 - 0x00007ffe22438000 	C:\WINDOWS\system32\NLAapi.dll
0x00007ffe24590000 - 0x00007ffe245ec000 	C:\WINDOWS\System32\mswsock.dll
0x00007ffe24380000 - 0x00007ffe24420000 	C:\WINDOWS\SYSTEM32\DNSAPI.dll
0x00007ffe28690000 - 0x00007ffe28698000 	C:\WINDOWS\System32\NSI.dll
0x00007ffe24340000 - 0x00007ffe24378000 	C:\WINDOWS\SYSTEM32\IPHLPAPI.DLL
0x00007ffe12780000 - 0x00007ffe1278e000 	C:\WINDOWS\System32\winrnr.dll
0x00007ffe12790000 - 0x00007ffe127a5000 	C:\WINDOWS\System32\wshbth.dll
0x000000006d7e0000 - 0x000000006d806000 	C:\Program Files\Bonjour\mdnsNSP.dll
0x00007ffe1cdc0000 - 0x00007ffe1ce2a000 	C:\WINDOWS\System32\fwpuclnt.dll
0x00007ffe24dc0000 - 0x00007ffe24deb000 	C:\WINDOWS\SYSTEM32\bcrypt.dll
0x00007ffe15ce0000 - 0x00007ffe15cea000 	C:\Windows\System32\rasadhlp.dll
0x00007ffe0a500000 - 0x00007ffe0aed5000 	C:\Program Files\Java\jre1.8.0_101\bin\opencv_java2413.dll
0x00007ffe26f80000 - 0x00007ffe270b7000 	C:\WINDOWS\System32\ole32.dll
0x00007ffe0f2d0000 - 0x00007ffe0f2f9000 	C:\WINDOWS\SYSTEM32\MSVFW32.dll
0x00007ffe0fff0000 - 0x00007ffe10008000 	C:\WINDOWS\SYSTEM32\AVICAP32.dll
0x00007ffe0fe00000 - 0x00007ffe0fe20000 	C:\WINDOWS\SYSTEM32\AVIFIL32.dll
0x00007ffe264a0000 - 0x00007ffe2655f000 	C:\WINDOWS\System32\OLEAUT32.dll
0x00007ffe25510000 - 0x00007ffe255ac000 	C:\WINDOWS\System32\msvcp_win.dll
0x00007ffe0f2a0000 - 0x00007ffe0f2bc000 	C:\WINDOWS\SYSTEM32\MSACM32.dll
0x00007ffe236b0000 - 0x00007ffe23745000 	C:\WINDOWS\system32\uxtheme.dll
0x00007ffe115d0000 - 0x00007ffe11668000 	C:\Program Files\Common Files\microsoft shared\ink\tiptsf.dll
0x00007ffe288b0000 - 0x00007ffe2894f000 	C:\WINDOWS\System32\clbcatq.dll
0x00007ffe21a20000 - 0x00007ffe21a38000 	C:\Windows\System32\devenum.dll
0x00007ffe26b20000 - 0x00007ffe26f49000 	C:\WINDOWS\System32\setupapi.dll
0x00007ffe242d0000 - 0x00007ffe24302000 	C:\WINDOWS\SYSTEM32\ntmarta.dll
0x00007ffe23b40000 - 0x00007ffe23b68000 	C:\WINDOWS\SYSTEM32\DEVOBJ.dll
0x00007ffe25240000 - 0x00007ffe25295000 	C:\WINDOWS\System32\WINTRUST.dll
0x00007ffe24fa0000 - 0x00007ffe24fb0000 	C:\WINDOWS\System32\MSASN1.dll
0x00007ffe25d00000 - 0x00007ffe25ec8000 	C:\WINDOWS\System32\CRYPT32.dll
0x00007ffe1d5d0000 - 0x00007ffe1d5da000 	C:\WINDOWS\SYSTEM32\msdmo.dll
0x00007ffe0e170000 - 0x00007ffe0e1a3000 	C:\Windows\System32\qcap.dll
0x00007ffe0a330000 - 0x00007ffe0a4f3000 	C:\Windows\System32\quartz.dll
0x00007ffe286a0000 - 0x00007ffe287fb000 	C:\WINDOWS\System32\MSCTF.dll
0x00007ffe226a0000 - 0x00007ffe226c6000 	C:\WINDOWS\system32\dwmapi.dll
0x00007ffe0fe20000 - 0x00007ffe0fe68000 	C:\Windows\System32\mfksproxy.dll
0x00007ffe14da0000 - 0x00007ffe14dbc000 	C:\Windows\System32\ATL.DLL
0x00007ffe22130000 - 0x00007ffe22298000 	C:\Windows\System32\MFPlat.DLL
0x00007ffe21fe0000 - 0x00007ffe2200e000 	C:\Windows\System32\RTWorkQ.DLL
0x00007ffe0b050000 - 0x00007ffe0b43b000 	C:\Windows\System32\MFCORE.dll
0x00007ffe10140000 - 0x00007ffe10149000 	C:\Windows\System32\ksuser.dll
0x00007ffe24990000 - 0x00007ffe2499b000 	C:\Windows\System32\CRYPTBASE.DLL
0x00007ffe0c9b0000 - 0x00007ffe0ca03000 	C:\Windows\System32\FSClient.dll
0x00007ffe0f250000 - 0x00007ffe0f29d000 	C:\Windows\System32\MFSENSORGROUP.dll
0x00007ffe21b50000 - 0x00007ffe21b5b000 	C:\Windows\System32\AVRT.dll
0x00007ffe1d5c0000 - 0x00007ffe1d5cd000 	C:\Windows\System32\vidcap.ax
0x00007ffe103a0000 - 0x00007ffe103c5000 	C:\Windows\System32\kswdmcap.ax
0x00007ffe0aee0000 - 0x00007ffe0b043000 	C:\Windows\System32\MFC42.dll
0x00007ffe0c7b0000 - 0x00007ffe0c85f000 	C:\Windows\System32\ODBC32.dll
0x00007ffe24810000 - 0x00007ffe2481a000 	C:\Windows\System32\DPAPI.dll
0x00007ffe1b300000 - 0x00007ffe1b343000 	C:\WINDOWS\SYSTEM32\policymanager.dll
0x00007ffe238e0000 - 0x00007ffe23971000 	C:\Windows\System32\msvcp110_win.dll
0x00007ffe08b20000 - 0x00007ffe08bf4000 	C:\Windows\System32\MFReadWrite.dll
0x00007ffe0c0d0000 - 0x00007ffe0c173000 	C:\Windows\System32\qedit.dll
0x00007ffe26050000 - 0x00007ffe2614a000 	C:\WINDOWS\System32\COMDLG32.dll
0x00007ffe1c8d0000 - 0x00007ffe1ca69000 	C:\WINDOWS\WinSxS\amd64_microsoft.windows.gdiplus_6595b64144ccf1df_1.1.14393.187_none_730402f52114ff50\gdiplus.dll
0x00007ffe09fc0000 - 0x00007ffe0a0b7000 	C:\Windows\System32\DDRAW.dll
0x00007ffe1d5b0000 - 0x00007ffe1d5b8000 	C:\Windows\System32\DCIMAN32.dll
0x00007ffe1c040000 - 0x00007ffe1c04c000 	C:\WINDOWS\SYSTEM32\msyuv.dll
0x000000006d5f0000 - 0x000000006d788000 	C:\Program Files\Java\jre1.8.0_101\bin\awt.dll
0x00007ffe233c0000 - 0x00007ffe2343a000 	C:\WINDOWS\SYSTEM32\apphelp.dll
0x000000006c340000 - 0x000000006c387000 	C:\Program Files\Java\jre1.8.0_101\bin\fontmanager.dll
0x000000006ccc0000 - 0x000000006ccda000 	C:\Program Files\Java\jre1.8.0_101\bin\net.dll
0x000000006cca0000 - 0x000000006ccb1000 	C:\Program Files\Java\jre1.8.0_101\bin\nio.dll
0x000000006c2f0000 - 0x000000006c332000 	C:\Program Files\Java\jre1.8.0_101\bin\t2k.dll
0x00007ffe21510000 - 0x00007ffe216b8000 	C:\WINDOWS\SYSTEM32\WindowsCodecs.dll
0x00007ffe0f4d0000 - 0x00007ffe0f519000 	C:\WINDOWS\system32\dataexchange.dll
0x00007ffe22ae0000 - 0x00007ffe22d96000 	C:\WINDOWS\system32\d3d11.dll
0x00007ffe22da0000 - 0x00007ffe22ef1000 	C:\WINDOWS\system32\dcomp.dll
0x00007ffe23f60000 - 0x00007ffe23fff000 	C:\WINDOWS\system32\dxgi.dll
0x00007ffe23980000 - 0x00007ffe23a9c000 	C:\WINDOWS\system32\twinapi.appcore.dll
0x00007ffe1ec00000 - 0x00007ffe1edab000 	C:\Windows\System32\uiautomationcore.dll
0x00007ffe24870000 - 0x00007ffe2488f000 	C:\Windows\System32\USERENV.dll
0x00007ffe24df0000 - 0x00007ffe24e88000 	C:\WINDOWS\SYSTEM32\sxs.dll
0x00007ffe1b710000 - 0x00007ffe1b775000 	C:\Windows\System32\OLEACC.dll
0x00007ffe118c0000 - 0x00007ffe1193d000 	C:\WINDOWS\SYSTEM32\twinapi.dll
0x00007ffe249a0000 - 0x00007ffe249b7000 	C:\WINDOWS\SYSTEM32\CRYPTSP.dll
0x00007ffe247d0000 - 0x00007ffe24803000 	C:\WINDOWS\system32\rsaenh.dll
0x00007ffe21410000 - 0x00007ffe21426000 	C:\WINDOWS\SYSTEM32\dhcpcsvc6.DLL
0x00007ffe21ab0000 - 0x00007ffe21aca000 	C:\WINDOWS\SYSTEM32\dhcpcsvc.DLL
0x000000006bfd0000 - 0x000000006c001000 	C:\Program Files\Java\jre1.8.0_101\bin\jpeg.dll
0x00007ffe15970000 - 0x00007ffe15b02000 	C:\WINDOWS\SYSTEM32\dbghelp.dll

VM Arguments:
jvm_args: -agentlib:jdwp=transport=dt_socket,suspend=y,address=localhost:51092 -Dfile.encoding=Cp1252 
java_command: Test
java_class_path (initial): C:\Users\Ryan McGee\workspace\OpenCV_Test\bin;C:\OpenCV\opencv\build\java\opencv-2413.jar
Launcher Type: SUN_STANDARD

Environment Variables:
PATH=C:/Program Files/Java/jre1.8.0_101/bin/server;C:/Program Files/Java/jre1.8.0_101/bin;C:/Program Files/Java/jre1.8.0_101/lib/amd64;C:\ProgramData\Oracle\Java\javapath;C:\WINDOWS\system32;C:\WINDOWS;C:\WINDOWS\System32\Wbem;C:\WINDOWS\System32\WindowsPowerShell\v1.0\;C:\OpenCV\opencv\build\x64\vc12\bin;C:\Users\Ryan McGee\AppData\Local\Microsoft\WindowsApps;;C:\Users\Ryan McGee\Desktop\backup\eclipse-java-mars-2-win32-x86_64\eclipse;
USERNAME=Ryan McGee
OS=Windows_NT
PROCESSOR_IDENTIFIER=AMD64 Family 21 Model 96 Stepping 1, AuthenticAMD



---------------  S Y S T E M  ---------------

OS: Windows 10.0 , 64 bit Build 14393 (10.0.14393.0)

CPU:total 4 (4 cores per cpu, 1 threads per core) family 21 model 96 stepping 1, cmov, cx8, fxsr, mmx, sse, sse2, sse3, ssse3, sse4.1, sse4.2, popcnt, avx, avx2, aes, clmul, mmxext, 3dnowpref, lzcnt, sse4a, tsc, tscinvbit, tscinv, bmi1

Memory: 4k page, physical 12005976k(7815820k free), swap 13840984k(8711156k free)

vm_info: Java HotSpot(TM) 64-Bit Server VM (25.101-b13) for windows-amd64 JRE (1.8.0_101-b13), built on Jun 22 2016 01:21:29 by "java_re" with MS VC++ 10.0 (VS2010)

time: Fri Sep 30 17:51:57 2016
elapsed time: 19 seconds (0d 0h 0m 19s)

