#
# A fatal error has been detected by the Java Runtime Environment:
#
#  Internal Error (0xc000000d), pid=5568, tid=0x00000000000025fc
#
# JRE version: Java(TM) SE Runtime Environment (8.0_101-b13) (build 1.8.0_101-b13)
# Java VM: Java HotSpot(TM) 64-Bit Server VM (25.101-b13 mixed mode windows-amd64 compressed oops)
# Problematic frame:
# C  [ntdll.dll+0xfe5bc]
#
# Failed to write core dump. Minidumps are not enabled by default on client versions of Windows
#
# If you would like to submit a bug report, please visit:
#   http://bugreport.java.com/bugreport/crash.jsp
#

---------------  T H R E A D  ---------------

Current thread (0x0000000019d17000):  VMThread [stack: 0x000000001adc0000,0x000000001aec0000] [id=9724]

siginfo: ExceptionCode=0xc000000d

Registers:
RAX=0x0000000000000000, RBX=0x00000000013a5750, RCX=0x0000000000000000, RDX=0x0000000000000000
RSP=0x000000001aebeb30, RBP=0x0000000000000000, RSI=0x000000001c59ac70, RDI=0x000000001c5ad3a0
R8 =0x0000000000000000, R9 =0x0000000000000000, R10=0x0000000000000000, R11=0x0000000000000000
R12=0x0000000000000000, R13=0x00000000ffffffff, R14=0x000000001c5946d0, R15=0x000000001c59ac70
RIP=0x00007ffe0e2de5bc, EFLAGS=0x0000000000000202

Top of Stack: (sp=0x000000001aebeb30)
0x000000001aebeb30:   0000000000000057 00000000013a5750
0x000000001aebeb40:   000000001c59ac70 000000001c5ad3a0
0x000000001aebeb50:   00000000c000000d 0000000000000000
0x000000001aebeb60:   00007ffe0e2de5bc 0000000000000000
0x000000001aebeb70:   0000000000000000 0000000000000000
0x000000001aebeb80:   0000000000000000 0000000000000000
0x000000001aebeb90:   0000000000000000 0000000000000000
0x000000001aebeba0:   0000000000000000 0000000000000000
0x000000001aebebb0:   0000000000000000 0000000000000000
0x000000001aebebc0:   0000000000000000 0000000000000000
0x000000001aebebd0:   0000000000000000 0000000000000000
0x000000001aebebe0:   0000000000000000 00007ffe0e21c468
0x000000001aebebf0:   0000a49cbc541de3 0000000000000000
0x000000001aebec00:   0000000100000008 00007ffe0e2a09fb
0x000000001aebec10:   000000001aebec71 00007ffde8bce8db
0x000000001aebec20:   0000000000000008 0000000000000000 

Instructions: (pc=0x00007ffe0e2de5bc)
0x00007ffe0e2de59c:   d1 fa ff c7 44 24 20 0d 00 00 c0 b9 57 00 00 00
0x00007ffe0e2de5ac:   e8 cf 0f f6 ff 90 48 8d 4c 24 20 e8 54 bb f4 ff
0x00007ffe0e2de5bc:   eb 00 48 8b 8c 24 c0 00 00 00 48 33 cc e8 82 70
0x00007ffe0e2de5cc:   f9 ff 48 81 c4 d8 00 00 00 c3 40 55 48 83 ec 20 


Register to memory mapping:

RAX=0x0000000000000000 is an unknown value
RBX=0x00000000013a5750 is an unknown value
RCX=0x0000000000000000 is an unknown value
RDX=0x0000000000000000 is an unknown value
RSP=0x000000001aebeb30 is an unknown value
RBP=0x0000000000000000 is an unknown value
RSI=0x000000001c59ac70 is an unknown value
RDI=0x000000001c5ad3a0 is an unknown value
R8 =0x0000000000000000 is an unknown value
R9 =0x0000000000000000 is an unknown value
R10=0x0000000000000000 is an unknown value
R11=0x0000000000000000 is an unknown value
R12=0x0000000000000000 is an unknown value
R13=0x00000000ffffffff is an unknown value
R14=0x000000001c5946d0 is an unknown value
R15=0x000000001c59ac70 is an unknown value


Stack: [0x000000001adc0000,0x000000001aec0000],  sp=0x000000001aebeb30,  free space=1018k
Native frames: (J=compiled Java code, j=interpreted, Vv=VM code, C=native code)

VM_Operation (0x00000000222fd350): Exit, mode: safepoint, requested by thread 0x0000000021a42800


---------------  P R O C E S S  ---------------

Java Threads: ( => current thread )
  0x0000000021a42800 JavaThread "AWT-EventQueue-0" [_thread_blocked, id=3972, stack(0x0000000022200000,0x0000000022300000)]
  0x000000001c0d9000 JavaThread "AWT-Shutdown" [_thread_blocked, id=3656, stack(0x0000000020b10000,0x0000000020c10000)]
  0x000000001c0d8000 JavaThread "Java2D Disposer" daemon [_thread_blocked, id=1932, stack(0x0000000020a10000,0x0000000020b10000)]
  0x0000000019dae800 JavaThread "Service Thread" daemon [_thread_blocked, id=9500, stack(0x000000001c180000,0x000000001c280000)]
  0x0000000019d7a800 JavaThread "C1 CompilerThread2" daemon [_thread_blocked, id=360, stack(0x000000001bc80000,0x000000001bd80000)]
  0x0000000019d79000 JavaThread "C2 CompilerThread1" daemon [_thread_blocked, id=6596, stack(0x000000001bb80000,0x000000001bc80000)]
  0x0000000019d73000 JavaThread "C2 CompilerThread0" daemon [_thread_blocked, id=916, stack(0x000000001ba80000,0x000000001bb80000)]
  0x0000000019d65800 JavaThread "JDWP Event Helper Thread" daemon [_thread_blocked, id=5540, stack(0x000000001b880000,0x000000001b980000)]
  0x0000000019d56800 JavaThread "JDWP Transport Listener: dt_socket" daemon [_thread_blocked, id=7136, stack(0x000000001b780000,0x000000001b880000)]
  0x0000000019d4c800 JavaThread "Attach Listener" daemon [_thread_blocked, id=9884, stack(0x000000001b2b0000,0x000000001b3b0000)]
  0x0000000019d39800 JavaThread "Finalizer" daemon [_thread_blocked, id=1652, stack(0x000000001afc0000,0x000000001b0c0000)]
  0x00000000030e1000 JavaThread "Reference Handler" daemon [_thread_blocked, id=6236, stack(0x000000001aec0000,0x000000001afc0000)]
  0x0000000000fde000 JavaThread "main" [_thread_in_native, id=5064, stack(0x0000000002ef0000,0x0000000002ff0000)]

Other Threads:
=>0x0000000019d17000 VMThread [stack: 0x000000001adc0000,0x000000001aec0000] [id=9724]

VM state:at safepoint (shutting down)

VM Mutex/Monitor currently owned by a thread:  ([mutex/lock_event])
[0x0000000000fdce70] Threads_lock - owner thread: 0x0000000019d17000

Heap:
 PSYoungGen      total 54784K, used 23659K [0x0000000782f00000, 0x0000000786c00000, 0x00000007c0000000)
  eden space 47104K, 50% used [0x0000000782f00000,0x000000078461af30,0x0000000785d00000)
  from space 7680K, 0% used [0x0000000786480000,0x0000000786480000,0x0000000786c00000)
  to   space 7680K, 0% used [0x0000000785d00000,0x0000000785d00000,0x0000000786480000)
 ParOldGen       total 125952K, used 0K [0x0000000708c00000, 0x0000000710700000, 0x0000000782f00000)
  object space 125952K, 0% used [0x0000000708c00000,0x0000000708c00000,0x0000000710700000)
 Metaspace       used 10284K, capacity 10532K, committed 10880K, reserved 1058816K
  class space    used 1216K, capacity 1293K, committed 1408K, reserved 1048576K

Card table byte_map: [0x00000000124b0000,0x0000000012a70000] byte_map_base: 0x000000000ec6a000

Marking Bits: (ParMarkBitMap*) 0x0000000075eda6d0
 Begin Bits: [0x0000000013250000, 0x0000000016020000)
 End Bits:   [0x0000000016020000, 0x0000000018df0000)

Polling page: 0x0000000001710000

CodeCache: size=245760Kb used=2389Kb max_used=2389Kb free=243370Kb
 bounds [0x00000000030f0000, 0x0000000003360000, 0x00000000120f0000]
 total_blobs=1248 nmethods=595 adapters=575
 compilation: enabled

Compilation events (10 events):
Event: 4.691 Thread 0x0000000019d7a800  591       3       java.awt.Rectangle::setBounds (10 bytes)
Event: 4.692 Thread 0x0000000019d7a800 nmethod 591 0x0000000003344c10 code [0x0000000003344d80, 0x0000000003344f50]
Event: 4.692 Thread 0x0000000019d7a800  592       3       java.awt.Rectangle::reshape (22 bytes)
Event: 4.692 Thread 0x0000000019d7a800 nmethod 592 0x0000000003345010 code [0x0000000003345160, 0x00000000033452d0]
Event: 4.692 Thread 0x0000000019d7a800  593       3       javax.swing.SwingUtilities::computeIntersection (189 bytes)
Event: 4.693 Thread 0x0000000019d7a800 nmethod 593 0x0000000003345350 code [0x00000000033454c0, 0x00000000033457f0]
Event: 4.802 Thread 0x0000000019d7a800  594       3       java.util.HashMap$ValueIterator::next (8 bytes)
Event: 4.802 Thread 0x0000000019d7a800 nmethod 594 0x00000000033458d0 code [0x0000000003345a40, 0x0000000003345c68]
Event: 4.825 Thread 0x0000000019d7a800  595       3       javax.swing.MultiUIDefaults::get (67 bytes)
Event: 4.826 Thread 0x0000000019d7a800 nmethod 595 0x0000000003345d10 code [0x0000000003345ec0, 0x0000000003346428]

GC Heap History (0 events):
No events

Deoptimization events (0 events):
No events

Internal exceptions (10 events):
Event: 0.079 Thread 0x0000000000fde000 Exception <a 'java/lang/NoSuchMethodError': Method sun.misc.Unsafe.defineClass(Ljava/lang/String;[BII)Ljava/lang/Class; name or signature does not match> (0x0000000782f07cc0) thrown at [C:\re\workspace\8-2-build-windows-amd64-cygwin\jdk8u101\7261\hotspot\s∫wB/…"¥?
Event: 0.079 Thread 0x0000000000fde000 Exception <a 'java/lang/NoSuchMethodError': Method sun.misc.Unsafe.prefetchRead(Ljava/lang/Object;J)V name or signature does not match> (0x0000000782f07fa8) thrown at [C:\re\workspace\8-2-build-windows-amd64-cygwin\jdk8u101\7261\hotspot\src\share\vm\prims\c’O±ÔùÛ?
Event: 1.226 Thread 0x0000000000fde000 Exception <a 'java/security/PrivilegedActionException'> (0x0000000782fdddc8) thrown at [C:\re\workspace\8-2-build-windows-amd64-cygwin\jdk8u101\7261\hotspot\src\share\vm\prims\jvm.cpp, line 1386]
Event: 1.226 Thread 0x0000000000fde000 Exception <a 'java/security/PrivilegedActionException'> (0x0000000782fddfd8) thrown at [C:\re\workspace\8-2-build-windows-amd64-cygwin\jdk8u101\7261\hotspot\src\share\vm\prims\jvm.cpp, line 1386]
Event: 1.228 Thread 0x0000000000fde000 Exception <a 'java/security/PrivilegedActionException'> (0x0000000782fe1c20) thrown at [C:\re\workspace\8-2-build-windows-amd64-cygwin\jdk8u101\7261\hotspot\src\share\vm\prims\jvm.cpp, line 1386]
Event: 1.228 Thread 0x0000000000fde000 Exception <a 'java/security/PrivilegedActionException'> (0x0000000782fe1e30) thrown at [C:\re\workspace\8-2-build-windows-amd64-cygwin\jdk8u101\7261\hotspot\src\share\vm\prims\jvm.cpp, line 1386]
Event: 1.238 Thread 0x0000000000fde000 Exception <a 'java/io/FileNotFoundException'> (0x0000000782fe4250) thrown at [C:\re\workspace\8-2-build-windows-amd64-cygwin\jdk8u101\7261\hotspot\src\share\vm\prims\jni.cpp, line 709]
Event: 1.345 Thread 0x0000000000fde000 Exception <a 'java/lang/NoSuchFieldError': method resolution failed> (0x0000000783288978) thrown at [C:\re\workspace\8-2-build-windows-amd64-cygwin\jdk8u101\7261\hotspot\src\share\vm\prims\methodHandles.cpp, line 1146]
Event: 1.358 Thread 0x0000000000fde000 Exception <a 'java/lang/NoSuchFieldError': method resolution failed> (0x0000000783295d48) thrown at [C:\re\workspace\8-2-build-windows-amd64-cygwin\jdk8u101\7261\hotspot\src\share\vm\prims\methodHandles.cpp, line 1146]
Event: 1.473 Thread 0x0000000000fde000 Exception <a 'java/io/FileNotFoundException'> (0x0000000783329960) thrown at [C:\re\workspace\8-2-build-windows-amd64-cygwin\jdk8u101\7261\hotspot\src\share\vm\prims\jni.cpp, line 709]

Events (10 events):
Event: 4.726 loading class java/util/WeakHashMap$KeyIterator done
Event: 4.726 Thread 0x000000001c17c800 Thread exited: 0x000000001c17c800
Event: 4.726 Thread 0x0000000021b30000 Thread exited: 0x0000000021b30000
Event: 4.727 loading class sun/java2d/pipe/hw/AccelDeviceEventNotifier
Event: 4.727 loading class sun/java2d/pipe/hw/AccelDeviceEventNotifier done
Event: 4.802 Thread 0x000000001c10e800 Thread exited: 0x000000001c10e800
Event: 4.828 Thread 0x0000000021b2f800 Thread exited: 0x0000000021b2f800
Event: 4.832 Thread 0x0000000019d67000 Thread exited: 0x0000000019d67000
Event: 4.834 Thread 0x0000000019d4b800 Thread exited: 0x0000000019d4b800
Event: 4.834 Executing VM operation: Exit


Dynamic libraries:
0x00007ff6a25a0000 - 0x00007ff6a25d7000 	C:\Program Files\Java\jre1.8.0_101\bin\javaw.exe
0x00007ffe0e1e0000 - 0x00007ffe0e3b1000 	C:\WINDOWS\SYSTEM32\ntdll.dll
0x00007ffe0e030000 - 0x00007ffe0e0db000 	C:\WINDOWS\System32\KERNEL32.DLL
0x00007ffe0b370000 - 0x00007ffe0b58d000 	C:\WINDOWS\System32\KERNELBASE.dll
0x00007ffe0b7d0000 - 0x00007ffe0b872000 	C:\WINDOWS\System32\ADVAPI32.dll
0x00007ffe0bc10000 - 0x00007ffe0bcae000 	C:\WINDOWS\System32\msvcrt.dll
0x00007ffe0e170000 - 0x00007ffe0e1c9000 	C:\WINDOWS\System32\sechost.dll
0x00007ffe0bd20000 - 0x00007ffe0be41000 	C:\WINDOWS\System32\RPCRT4.dll
0x00007ffe0c030000 - 0x00007ffe0c195000 	C:\WINDOWS\System32\USER32.dll
0x00007ffe0a8f0000 - 0x00007ffe0a90e000 	C:\WINDOWS\System32\win32u.dll
0x00007ffe0bff0000 - 0x00007ffe0c024000 	C:\WINDOWS\System32\GDI32.dll
0x00007ffe0b5e0000 - 0x00007ffe0b762000 	C:\WINDOWS\System32\gdi32full.dll
0x00007ffe01dc0000 - 0x00007ffe02039000 	C:\WINDOWS\WinSxS\amd64_microsoft.windows.common-controls_6595b64144ccf1df_6.0.14393.0_none_2d0f50fcbdb171b8\COMCTL32.dll
0x00007ffe0b940000 - 0x00007ffe0bc07000 	C:\WINDOWS\System32\combase.dll
0x00007ffe0a7f0000 - 0x00007ffe0a8e5000 	C:\WINDOWS\System32\ucrtbase.dll
0x00007ffe0a6d0000 - 0x00007ffe0a73a000 	C:\WINDOWS\System32\bcryptPrimitives.dll
0x00007ffe0e140000 - 0x00007ffe0e16e000 	C:\WINDOWS\System32\IMM32.DLL
0x00000000766c0000 - 0x0000000076792000 	C:\Program Files\Java\jre1.8.0_101\bin\msvcr100.dll
0x00000000756c0000 - 0x0000000075f5a000 	C:\Program Files\Java\jre1.8.0_101\bin\server\jvm.dll
0x00007ffe0c1a0000 - 0x00007ffe0c1a8000 	C:\WINDOWS\System32\PSAPI.DLL
0x00007ffe088b0000 - 0x00007ffe088d3000 	C:\WINDOWS\SYSTEM32\WINMM.dll
0x00007ffe05500000 - 0x00007ffe0550a000 	C:\WINDOWS\SYSTEM32\VERSION.dll
0x00007ffdfd520000 - 0x00007ffdfd529000 	C:\WINDOWS\SYSTEM32\WSOCK32.dll
0x00007ffe0bcb0000 - 0x00007ffe0bd1a000 	C:\WINDOWS\System32\WS2_32.dll
0x00007ffe08850000 - 0x00007ffe0887b000 	C:\WINDOWS\SYSTEM32\WINMMBASE.dll
0x00007ffe0b590000 - 0x00007ffe0b5d2000 	C:\WINDOWS\System32\cfgmgr32.dll
0x00000000765f0000 - 0x00000000765ff000 	C:\Program Files\Java\jre1.8.0_101\bin\verify.dll
0x00000000765c0000 - 0x00000000765e9000 	C:\Program Files\Java\jre1.8.0_101\bin\java.dll
0x0000000076680000 - 0x00000000766b5000 	C:\Program Files\Java\jre1.8.0_101\bin\jdwp.dll
0x0000000076670000 - 0x0000000076678000 	C:\Program Files\Java\jre1.8.0_101\bin\npt.dll
0x00000000765a0000 - 0x00000000765b6000 	C:\Program Files\Java\jre1.8.0_101\bin\zip.dll
0x00007ffe0c430000 - 0x00007ffe0d938000 	C:\WINDOWS\System32\SHELL32.dll
0x00007ffe0a910000 - 0x00007ffe0afea000 	C:\WINDOWS\System32\windows.storage.dll
0x00007ffe0a650000 - 0x00007ffe0a69c000 	C:\WINDOWS\System32\powrprof.dll
0x00007ffe0e0e0000 - 0x00007ffe0e132000 	C:\WINDOWS\System32\shlwapi.dll
0x00007ffe0a6c0000 - 0x00007ffe0a6cf000 	C:\WINDOWS\System32\kernel.appcore.dll
0x00007ffe0a740000 - 0x00007ffe0a7e9000 	C:\WINDOWS\System32\shcore.dll
0x00007ffe0a6a0000 - 0x00007ffe0a6b4000 	C:\WINDOWS\System32\profapi.dll
0x0000000076660000 - 0x0000000076669000 	C:\Program Files\Java\jre1.8.0_101\bin\dt_socket.dll
0x00007ffdf8aa0000 - 0x00007ffdf8ab6000 	C:\WINDOWS\system32\napinsp.dll
0x00007ffdf8ec0000 - 0x00007ffdf8eda000 	C:\WINDOWS\system32\pnrpnsp.dll
0x00007ffe088e0000 - 0x00007ffe088f8000 	C:\WINDOWS\system32\NLAapi.dll
0x00007ffe09cb0000 - 0x00007ffe09d0c000 	C:\WINDOWS\System32\mswsock.dll
0x00007ffe09aa0000 - 0x00007ffe09b40000 	C:\WINDOWS\SYSTEM32\DNSAPI.dll
0x00007ffe0e1d0000 - 0x00007ffe0e1d8000 	C:\WINDOWS\System32\NSI.dll
0x00007ffe09a60000 - 0x00007ffe09a98000 	C:\WINDOWS\SYSTEM32\IPHLPAPI.DLL
0x00007ffdf8ee0000 - 0x00007ffdf8eee000 	C:\WINDOWS\System32\winrnr.dll
0x00007ffdfb1b0000 - 0x00007ffdfb1c5000 	C:\WINDOWS\System32\wshbth.dll
0x0000000076840000 - 0x0000000076866000 	C:\Program Files\Bonjour\mdnsNSP.dll
0x00007ffe04500000 - 0x00007ffe0456a000 	C:\WINDOWS\System32\fwpuclnt.dll
0x00007ffe0a590000 - 0x00007ffe0a5bb000 	C:\WINDOWS\SYSTEM32\bcrypt.dll
0x00007ffe04600000 - 0x00007ffe0460a000 	C:\Windows\System32\rasadhlp.dll
0x00007ffde3d90000 - 0x00007ffde4765000 	C:\Program Files\Java\jre1.8.0_101\bin\opencv_java2413.dll
0x00007ffe0da60000 - 0x00007ffe0db97000 	C:\WINDOWS\System32\ole32.dll
0x00007ffe02c40000 - 0x00007ffe02c69000 	C:\WINDOWS\SYSTEM32\MSVFW32.dll
0x00007ffe05860000 - 0x00007ffe05880000 	C:\WINDOWS\SYSTEM32\AVIFIL32.dll
0x00007ffe0b880000 - 0x00007ffe0b93f000 	C:\WINDOWS\System32\OLEAUT32.dll
0x00007ffe0aff0000 - 0x00007ffe0b08c000 	C:\WINDOWS\System32\msvcp_win.dll
0x00007ffe04840000 - 0x00007ffe04858000 	C:\WINDOWS\SYSTEM32\AVICAP32.dll
0x00007ffe03670000 - 0x00007ffe0368c000 	C:\WINDOWS\SYSTEM32\MSACM32.dll
0x00007ffe08dd0000 - 0x00007ffe08e65000 	C:\WINDOWS\system32\uxtheme.dll
0x00007ffdff740000 - 0x00007ffdff7d8000 	C:\Program Files\Common Files\microsoft shared\ink\tiptsf.dll
0x00007ffe0d950000 - 0x00007ffe0d9ef000 	C:\WINDOWS\System32\clbcatq.dll
0x00007ffe03920000 - 0x00007ffe03938000 	C:\Windows\System32\devenum.dll
0x00007ffe0dba0000 - 0x00007ffe0dfc9000 	C:\WINDOWS\System32\setupapi.dll
0x00007ffe099f0000 - 0x00007ffe09a22000 	C:\WINDOWS\SYSTEM32\ntmarta.dll
0x00007ffe09280000 - 0x00007ffe092a8000 	C:\WINDOWS\SYSTEM32\DEVOBJ.dll
0x00007ffe0b090000 - 0x00007ffe0b0e5000 	C:\WINDOWS\System32\WINTRUST.dll
0x00007ffe0a640000 - 0x00007ffe0a650000 	C:\WINDOWS\System32\MSASN1.dll
0x00007ffe0b1a0000 - 0x00007ffe0b368000 	C:\WINDOWS\System32\CRYPT32.dll
0x00007ffe047d0000 - 0x00007ffe047da000 	C:\WINDOWS\SYSTEM32\msdmo.dll
0x00007ffe01410000 - 0x00007ffe01443000 	C:\Windows\System32\qcap.dll
0x00007ffdeccd0000 - 0x00007ffdece93000 	C:\Windows\System32\quartz.dll
0x00007ffe0c2d0000 - 0x00007ffe0c42b000 	C:\WINDOWS\System32\MSCTF.dll
0x00007ffe07c60000 - 0x00007ffe07c86000 	C:\WINDOWS\system32\dwmapi.dll
0x00007ffe013c0000 - 0x00007ffe01408000 	C:\Windows\System32\mfksproxy.dll
0x00007ffdfb4e0000 - 0x00007ffdfb4fc000 	C:\Windows\System32\ATL.DLL
0x00007ffe00ec0000 - 0x00007ffe01028000 	C:\Windows\System32\MFPlat.DLL
0x00007ffe02100000 - 0x00007ffe0212e000 	C:\Windows\System32\RTWorkQ.DLL
0x00007ffdea370000 - 0x00007ffdea75b000 	C:\Windows\System32\MFCORE.dll
0x00007ffe071e0000 - 0x00007ffe071e9000 	C:\Windows\System32\ksuser.dll
0x00007ffe0a0d0000 - 0x00007ffe0a0db000 	C:\Windows\System32\CRYPTBASE.DLL
0x00007ffe01360000 - 0x00007ffe013b3000 	C:\Windows\System32\FSClient.dll
0x00007ffe00d10000 - 0x00007ffe00d5d000 	C:\Windows\System32\MFSENSORGROUP.dll
0x00007ffe06f70000 - 0x00007ffe06f7b000 	C:\Windows\System32\AVRT.dll
0x00007ffe03bc0000 - 0x00007ffe03bcd000 	C:\Windows\System32\vidcap.ax
0x00007ffdff300000 - 0x00007ffdff325000 	C:\Windows\System32\kswdmcap.ax
0x00007ffdea950000 - 0x00007ffdeaab3000 	C:\Windows\System32\MFC42.dll
0x00007ffdea030000 - 0x00007ffdea0df000 	C:\Windows\System32\ODBC32.dll
0x00007ffe09f30000 - 0x00007ffe09f3a000 	C:\Windows\System32\DPAPI.dll
0x00007ffe08800000 - 0x00007ffe08843000 	C:\WINDOWS\SYSTEM32\policymanager.dll
0x00007ffe09150000 - 0x00007ffe091e1000 	C:\Windows\System32\msvcp110_win.dll
0x00007ffde8bb0000 - 0x00007ffde8c84000 	C:\Windows\System32\MFReadWrite.dll
0x00007ffde9e00000 - 0x00007ffde9ea3000 	C:\Windows\System32\qedit.dll
0x00007ffe0c1b0000 - 0x00007ffe0c2aa000 	C:\WINDOWS\System32\COMDLG32.dll
0x00007ffe01b80000 - 0x00007ffe01d19000 	C:\WINDOWS\WinSxS\amd64_microsoft.windows.gdiplus_6595b64144ccf1df_1.1.14393.187_none_730402f52114ff50\gdiplus.dll
0x00007ffde9d00000 - 0x00007ffde9df7000 	C:\Windows\System32\DDRAW.dll
0x00007ffe03ae0000 - 0x00007ffe03ae8000 	C:\Windows\System32\DCIMAN32.dll
0x00007ffe03400000 - 0x00007ffe0340c000 	C:\WINDOWS\SYSTEM32\msyuv.dll
0x0000000075520000 - 0x00000000756b8000 	C:\Program Files\Java\jre1.8.0_101\bin\awt.dll
0x00007ffe08b90000 - 0x00007ffe08c0a000 	C:\WINDOWS\SYSTEM32\apphelp.dll
0x0000000076610000 - 0x0000000076657000 	C:\Program Files\Java\jre1.8.0_101\bin\fontmanager.dll
0x00007ffdfae50000 - 0x00007ffdfaffb000 	C:\Windows\System32\uiautomationcore.dll
0x00007ffe09f90000 - 0x00007ffe09faf000 	C:\Windows\System32\USERENV.dll
0x00007ffe0a480000 - 0x00007ffe0a518000 	C:\WINDOWS\SYSTEM32\sxs.dll
0x00007ffe002d0000 - 0x00007ffe00335000 	C:\Windows\System32\OLEACC.dll
0x00007ffe00c00000 - 0x00007ffe00c7d000 	C:\WINDOWS\SYSTEM32\twinapi.dll
0x00007ffe08fd0000 - 0x00007ffe090ec000 	C:\WINDOWS\SYSTEM32\twinapi.appcore.dll
0x00007ffe0a0b0000 - 0x00007ffe0a0c7000 	C:\WINDOWS\SYSTEM32\CRYPTSP.dll
0x00007ffe09ef0000 - 0x00007ffe09f23000 	C:\WINDOWS\system32\rsaenh.dll
0x0000000076580000 - 0x000000007659a000 	C:\Program Files\Java\jre1.8.0_101\bin\net.dll
0x00007ffe06360000 - 0x00007ffe06376000 	C:\WINDOWS\SYSTEM32\dhcpcsvc6.DLL
0x00007ffe06340000 - 0x00007ffe0635a000 	C:\WINDOWS\SYSTEM32\dhcpcsvc.DLL
0x0000000076560000 - 0x0000000076571000 	C:\Program Files\Java\jre1.8.0_101\bin\nio.dll
0x00000000764f0000 - 0x0000000076521000 	C:\Program Files\Java\jre1.8.0_101\bin\jpeg.dll
0x0000000074c40000 - 0x0000000074c82000 	C:\Program Files\Java\jre1.8.0_101\bin\t2k.dll
0x00007ffdfa150000 - 0x00007ffdfa2e2000 	C:\WINDOWS\SYSTEM32\dbghelp.dll

VM Arguments:
jvm_args: -agentlib:jdwp=transport=dt_socket,suspend=y,address=localhost:63826 -Dfile.encoding=Cp1252 
java_command: Test
java_class_path (initial): C:\Users\Ryan McGee\workspace\OpenCV_Test\bin;C:\OpenCV\opencv\build\java\opencv-2413.jar
Launcher Type: SUN_STANDARD

Environment Variables:
PATH=C:/Program Files/Java/jre1.8.0_101/bin/server;C:/Program Files/Java/jre1.8.0_101/bin;C:/Program Files/Java/jre1.8.0_101/lib/amd64;C:\ProgramData\Oracle\Java\javapath;C:\WINDOWS\system32;C:\WINDOWS;C:\WINDOWS\System32\Wbem;C:\WINDOWS\System32\WindowsPowerShell\v1.0\;C:\OpenCV\opencv\build\x64\vc12\bin;C:\Users\Ryan McGee\AppData\Local\Microsoft\WindowsApps;;C:\Users\Ryan McGee\Desktop\backup\eclipse-java-mars-2-win32-x86_64\eclipse;
USERNAME=Ryan McGee
OS=Windows_NT
PROCESSOR_IDENTIFIER=AMD64 Family 21 Model 96 Stepping 1, AuthenticAMD



---------------  S Y S T E M  ---------------

OS: Windows 10.0 , 64 bit Build 14393 (10.0.14393.0)

CPU:total 4 (4 cores per cpu, 1 threads per core) family 21 model 96 stepping 1, cmov, cx8, fxsr, mmx, sse, sse2, sse3, ssse3, sse4.1, sse4.2, popcnt, avx, avx2, aes, clmul, mmxext, 3dnowpref, lzcnt, sse4a, tsc, tscinvbit, tscinv, bmi1

Memory: 4k page, physical 12005976k(9241172k free), swap 13840984k(10266768k free)

vm_info: Java HotSpot(TM) 64-Bit Server VM (25.101-b13) for windows-amd64 JRE (1.8.0_101-b13), built on Jun 22 2016 01:21:29 by "java_re" with MS VC++ 10.0 (VS2010)

time: Sat Sep 24 14:40:18 2016
elapsed time: 6 seconds (0d 0h 0m 6s)

